<?xml version="1.0" encoding="UTF-8"?>
<!-- Generated by org.testng.reporters.JUnitXMLReporter -->
<testsuite ignored="2" hostname="LAPTOP-LT7RKUIB" failures="1" tests="15" name="Negative Tests" time="72.674" errors="0" timestamp="2026-02-06T13:34:44 EST">
  <testcase classname="com.parabank.ui.tests.neg.NEG_Login_Test" name="NEG_loginWithInvalidUser" time="2.278"/>
  <testcase classname="com.parabank.ui.tests.neg.NEG_Login_Test" name="NEG_registerUserWithAddressBlank" time="7.003"/>
  <testcase classname="com.parabank.ui.tests.neg.NEG_Login_Test" name="NEG_registerUserWithCityBlank" time="11.53"/>
  <testcase classname="com.parabank.ui.tests.neg.NEG_Login_Test" name="NEG_registerUserWithConfirmPasswordBlank" time="12.166"/>
  <testcase classname="com.parabank.ui.tests.neg.NEG_loanProcessingTest" name="NEG_loanProcessing_request" time="15.874">
    <skipped/>
  </testcase> <!-- NEG_loanProcessing_request -->
  <testcase classname="com.parabank.ui.tests.neg.NEG_Login_Test" name="NEG_registerUserWithFirstNameBlank" time="9.382"/>
  <testcase classname="com.parabank.ui.tests.neg.NEG_Login_Test" name="NEG_registerUserWithPasswordMismatch" time="6.52"/>
  <testcase classname="com.parabank.ui.tests.neg.NEG_Login_Test" name="NEG_registerUserWithLastNameBlank" time="7.156"/>
  <testcase classname="com.parabank.ui.tests.neg.NEG_Login_Test" name="NEG_registerUserWithSSNBlank" time="3.183"/>
  <testcase classname="com.parabank.ui.tests.neg.NEG_Login_Test" name="NEG_registerUserWithStateBlank" time="5.609"/>
  <testcase classname="com.parabank.ui.tests.neg.NEG_Login_Test" name="NEG_registerUserWithUserNameBlank" time="7.042"/>
  <testcase classname="com.parabank.ui.tests.neg.NEG_loanProcessingTest" name="NEG_loanProcessing_request" time="10.163">
    <skipped/>
  </testcase> <!-- NEG_loanProcessing_request -->
  <testcase classname="com.parabank.ui.tests.neg.NEG_Login_Test" name="NEG_registerUserWithpasswordBlank" time="4.805"/>
  <testcase classname="com.parabank.ui.tests.neg.NEG_Login_Test" name="NEG_registerUserWithzipCodeBlank" time="5.314"/>
  <testcase classname="com.parabank.ui.tests.neg.NEG_loanProcessingTest" name="NEG_loanProcessing_request" time="4.682">
    <failure type="java.lang.AssertionError" message="expected [02-06-2026] but found [02-6-2026]">
      <![CDATA[java.lang.AssertionError: expected [02-06-2026] but found [02-6-2026]
at com.parabank.ui.tests.neg.NEG_loanProcessingTest.NEG_loanProcessing_request(NEG_loanProcessingTest.java:40)
at java.base/java.util.concurrent.Executors$RunnableAdapter.call(Executors.java:539)
at java.base/java.util.concurrent.FutureTask.run(FutureTask.java:264)
at java.base/java.util.concurrent.ThreadPoolExecutor.runWorker(ThreadPoolExecutor.java:1136)
at java.base/java.util.concurrent.ThreadPoolExecutor$Worker.run(ThreadPoolExecutor.java:635)
at java.base/java.lang.Thread.run(Thread.java:833)
... Removed 17 stack frames]]>
    </failure>
  </testcase> <!-- NEG_loanProcessing_request -->
  <testcase classname="com.parabank.ui.base.BaseTest" name="@BeforeSuite globalSetup" time="0.0">
    <ignored/>
  </testcase> <!-- @BeforeSuite globalSetup -->
  <testcase classname="com.parabank.ui.base.BaseTest" name="@AfterSuite tearDownSetup" time="0.0">
    <ignored/>
  </testcase> <!-- @AfterSuite tearDownSetup -->
</testsuite> <!-- Negative Tests -->
