<html>
<head>
<title>TestNG:  Negative Tests</title>
<link href="../testng.css" rel="stylesheet" type="text/css" />
<link href="../my-testng.css" rel="stylesheet" type="text/css" />

<style type="text/css">
.log { display: none;} 
.stack-trace { display: none;} 
</style>
<script type="text/javascript">
<!--
function flip(e) {
  current = e.style.display;
  if (current == 'block') {
    e.style.display = 'none';
    return 0;
  }
  else {
    e.style.display = 'block';
    return 1;
  }
}

function toggleBox(szDivId, elem, msg1, msg2)
{
  var res = -1;  if (document.getElementById) {
    res = flip(document.getElementById(szDivId));
  }
  else if (document.all) {
    // this is the way old msie versions work
    res = flip(document.all[szDivId]);
  }
  if(elem) {
    if(res == 0) elem.innerHTML = msg1; else elem.innerHTML = msg2;
  }

}

function toggleAllBoxes() {
  if (document.getElementsByTagName) {
    d = document.getElementsByTagName('div');
    for (i = 0; i < d.length; i++) {
      if (d[i].className == 'log') {
        flip(d[i]);
      }
    }
  }
}

// -->
</script>

</head>
<body>
<h2 align='center'>Negative Tests</h2><table border='1' align="center">
<tr>
<td>Tests passed/Failed/Skipped:</td><td>12/1/2</td>
</tr><tr>
<td>Started on:</td><td>Fri Feb 06 13:33:31 EST 2026</td>
</tr>
<tr><td>Total time:</td><td>72 seconds (72674 ms)</td>
</tr><tr>
<td>Included groups:</td><td></td>
</tr><tr>
<td>Excluded groups:</td><td></td>
</tr>
</table><p/>
<small><i>(Hover the method name to see the test class name)</i></small><p/>
<table width='100%' border='1' class='invocation-failed'>
<tr><td colspan='4' align='center'><b>FAILED TESTS</b></td></tr>
<tr><td><b>Test method</b></td>
<td><b>Attribute(s)</b></td>
<td width="30%"><b>Exception</b></td>
<td width="10%"><b>Time (seconds)</b></td>
<td><b>Instance</b></td>
</tr>
<tr>
<td title='com.parabank.ui.tests.neg.NEG_loanProcessingTest.NEG_loanProcessing_request()'><b>NEG_loanProcessing_request</b><br>Test class: com.parabank.ui.tests.neg.NEG_loanProcessingTest</td>
<td><div><pre>java.lang.AssertionError: expected [02-06-2026] but found [02-6-2026]
	at com.parabank.ui.tests.neg.NEG_loanProcessingTest.NEG_loanProcessing_request(NEG_loanProcessingTest.java:40)
	at java.base/java.util.concurrent.Executors$RunnableAdapter.call(Executors.java:539)
	at java.base/java.util.concurrent.FutureTask.run(FutureTask.java:264)
	at java.base/java.util.concurrent.ThreadPoolExecutor.runWorker(ThreadPoolExecutor.java:1136)
	at java.base/java.util.concurrent.ThreadPoolExecutor$Worker.run(ThreadPoolExecutor.java:635)
	at java.base/java.lang.Thread.run(Thread.java:833)
... Removed 17 stack frames</pre></div><a href='#' onClick='toggleBox("stack-trace781367104", this, "Click to show all stack frames", "Click to hide stack frames")'>Click to show all stack frames</a>
<div class='stack-trace' id='stack-trace781367104'><pre>java.lang.AssertionError: expected [02-06-2026] but found [02-6-2026]
	at org.testng.Assert.fail(Assert.java:111)
	at org.testng.Assert.failNotEquals(Assert.java:1590)
	at org.testng.Assert.assertEqualsImpl(Assert.java:150)
	at org.testng.Assert.assertEquals(Assert.java:132)
	at org.testng.Assert.assertEquals(Assert.java:656)
	at org.testng.Assert.assertEquals(Assert.java:666)
	at com.parabank.ui.tests.neg.NEG_loanProcessingTest.NEG_loanProcessing_request(NEG_loanProcessingTest.java:40)
	at java.base/jdk.internal.reflect.DirectMethodHandleAccessor.invoke(DirectMethodHandleAccessor.java:104)
	at java.base/java.lang.reflect.Method.invoke(Method.java:577)
	at org.testng.internal.invokers.MethodInvocationHelper.invokeMethod(MethodInvocationHelper.java:141)
	at org.testng.internal.invokers.TestInvoker.invokeMethod(TestInvoker.java:687)
	at org.testng.internal.invokers.TestInvoker.retryFailed(TestInvoker.java:269)
	at org.testng.internal.invokers.MethodRunner.runInSequence(MethodRunner.java:76)
	at org.testng.internal.invokers.TestInvoker$MethodInvocationAgent.invoke(TestInvoker.java:995)
	at org.testng.internal.invokers.TestInvoker.invokeTestMethods(TestInvoker.java:203)
	at org.testng.internal.invokers.TestMethodWorker.invokeTestMethods(TestMethodWorker.java:154)
	at org.testng.internal.invokers.TestMethodWorker.run(TestMethodWorker.java:134)
	at java.base/java.util.concurrent.Executors$RunnableAdapter.call(Executors.java:539)
	at java.base/java.util.concurrent.FutureTask.run(FutureTask.java:264)
	at org.testng.internal.thread.graph.TestNGFutureTask.run(TestNGFutureTask.java:22)
	at java.base/java.util.concurrent.ThreadPoolExecutor.runWorker(ThreadPoolExecutor.java:1136)
	at java.base/java.util.concurrent.ThreadPoolExecutor$Worker.run(ThreadPoolExecutor.java:635)
	at java.base/java.lang.Thread.run(Thread.java:833)
</pre></div></td>
<td>4</td>
<td>com.parabank.ui.tests.neg.NEG_loanProcessingTest@bc57b40</td></tr>
</table><p>
<table width='100%' border='1' class='invocation-passed'>
<tr><td colspan='4' align='center'><b>PASSED TESTS</b></td></tr>
<tr><td><b>Test method</b></td>
<td><b>Attribute(s)</b></td>
<td width="30%"><b>Exception</b></td>
<td width="10%"><b>Time (seconds)</b></td>
<td><b>Instance</b></td>
</tr>
<tr>
<td title='com.parabank.ui.tests.neg.NEG_Login_Test.NEG_registerUserWithFirstNameBlank()'><b>NEG_registerUserWithFirstNameBlank</b><br>Test class: com.parabank.ui.tests.neg.NEG_Login_Test</td>
<td></td>
<td>9</td>
<td>com.parabank.ui.tests.neg.NEG_Login_Test@1b5bc39d</td></tr>
<tr>
<td title='com.parabank.ui.tests.neg.NEG_Login_Test.NEG_registerUserWithSSNBlank()'><b>NEG_registerUserWithSSNBlank</b><br>Test class: com.parabank.ui.tests.neg.NEG_Login_Test</td>
<td></td>
<td>3</td>
<td>com.parabank.ui.tests.neg.NEG_Login_Test@1b5bc39d</td></tr>
<tr>
<td title='com.parabank.ui.tests.neg.NEG_Login_Test.NEG_registerUserWithStateBlank()'><b>NEG_registerUserWithStateBlank</b><br>Test class: com.parabank.ui.tests.neg.NEG_Login_Test</td>
<td></td>
<td>5</td>
<td>com.parabank.ui.tests.neg.NEG_Login_Test@1b5bc39d</td></tr>
<tr>
<td title='com.parabank.ui.tests.neg.NEG_Login_Test.NEG_registerUserWithPasswordMismatch()'><b>NEG_registerUserWithPasswordMismatch</b><br>Test class: com.parabank.ui.tests.neg.NEG_Login_Test</td>
<td></td>
<td>6</td>
<td>com.parabank.ui.tests.neg.NEG_Login_Test@1b5bc39d</td></tr>
<tr>
<td title='com.parabank.ui.tests.neg.NEG_Login_Test.NEG_registerUserWithAddressBlank()'><b>NEG_registerUserWithAddressBlank</b><br>Test class: com.parabank.ui.tests.neg.NEG_Login_Test</td>
<td></td>
<td>7</td>
<td>com.parabank.ui.tests.neg.NEG_Login_Test@1b5bc39d</td></tr>
<tr>
<td title='com.parabank.ui.tests.neg.NEG_Login_Test.NEG_registerUserWithCityBlank()'><b>NEG_registerUserWithCityBlank</b><br>Test class: com.parabank.ui.tests.neg.NEG_Login_Test</td>
<td></td>
<td>11</td>
<td>com.parabank.ui.tests.neg.NEG_Login_Test@1b5bc39d</td></tr>
<tr>
<td title='com.parabank.ui.tests.neg.NEG_Login_Test.NEG_registerUserWithUserNameBlank()'><b>NEG_registerUserWithUserNameBlank</b><br>Test class: com.parabank.ui.tests.neg.NEG_Login_Test</td>
<td></td>
<td>7</td>
<td>com.parabank.ui.tests.neg.NEG_Login_Test@1b5bc39d</td></tr>
<tr>
<td title='com.parabank.ui.tests.neg.NEG_Login_Test.NEG_registerUserWithzipCodeBlank()'><b>NEG_registerUserWithzipCodeBlank</b><br>Test class: com.parabank.ui.tests.neg.NEG_Login_Test</td>
<td></td>
<td>5</td>
<td>com.parabank.ui.tests.neg.NEG_Login_Test@1b5bc39d</td></tr>
<tr>
<td title='com.parabank.ui.tests.neg.NEG_Login_Test.NEG_registerUserWithConfirmPasswordBlank()'><b>NEG_registerUserWithConfirmPasswordBlank</b><br>Test class: com.parabank.ui.tests.neg.NEG_Login_Test</td>
<td></td>
<td>12</td>
<td>com.parabank.ui.tests.neg.NEG_Login_Test@1b5bc39d</td></tr>
<tr>
<td title='com.parabank.ui.tests.neg.NEG_Login_Test.NEG_loginWithInvalidUser()'><b>NEG_loginWithInvalidUser</b><br>Test class: com.parabank.ui.tests.neg.NEG_Login_Test</td>
<td></td>
<td>2</td>
<td>com.parabank.ui.tests.neg.NEG_Login_Test@1b5bc39d</td></tr>
<tr>
<td title='com.parabank.ui.tests.neg.NEG_Login_Test.NEG_registerUserWithLastNameBlank()'><b>NEG_registerUserWithLastNameBlank</b><br>Test class: com.parabank.ui.tests.neg.NEG_Login_Test</td>
<td></td>
<td>7</td>
<td>com.parabank.ui.tests.neg.NEG_Login_Test@1b5bc39d</td></tr>
<tr>
<td title='com.parabank.ui.tests.neg.NEG_Login_Test.NEG_registerUserWithpasswordBlank()'><b>NEG_registerUserWithpasswordBlank</b><br>Test class: com.parabank.ui.tests.neg.NEG_Login_Test</td>
<td></td>
<td>4</td>
<td>com.parabank.ui.tests.neg.NEG_Login_Test@1b5bc39d</td></tr>
</table><p>
<table width='100%' border='1' class='invocation-skipped'>
<tr><td colspan='4' align='center'><b>SKIPPED TESTS</b></td></tr>
<tr><td><b>Test method</b></td>
<td><b>Attribute(s)</b></td>
<td width="30%"><b>Exception</b></td>
<td width="10%"><b>Time (seconds)</b></td>
<td><b>Instance</b></td>
</tr>
<tr>
<td title='com.parabank.ui.tests.neg.NEG_loanProcessingTest.NEG_loanProcessing_request()'><b>NEG_loanProcessing_request</b><br>Test class: com.parabank.ui.tests.neg.NEG_loanProcessingTest</td>
<td><div><pre>java.lang.AssertionError: expected [02-06-2026] but found [02-6-2026]
	at com.parabank.ui.tests.neg.NEG_loanProcessingTest.NEG_loanProcessing_request(NEG_loanProcessingTest.java:40)
	at java.base/java.util.concurrent.Executors$RunnableAdapter.call(Executors.java:539)
	at java.base/java.util.concurrent.FutureTask.run(FutureTask.java:264)
	at java.base/java.util.concurrent.ThreadPoolExecutor.runWorker(ThreadPoolExecutor.java:1136)
	at java.base/java.util.concurrent.ThreadPoolExecutor$Worker.run(ThreadPoolExecutor.java:635)
	at java.base/java.lang.Thread.run(Thread.java:833)
... Removed 17 stack frames</pre></div><a href='#' onClick='toggleBox("stack-trace148483146", this, "Click to show all stack frames", "Click to hide stack frames")'>Click to show all stack frames</a>
<div class='stack-trace' id='stack-trace148483146'><pre>java.lang.AssertionError: expected [02-06-2026] but found [02-6-2026]
	at org.testng.Assert.fail(Assert.java:111)
	at org.testng.Assert.failNotEquals(Assert.java:1590)
	at org.testng.Assert.assertEqualsImpl(Assert.java:150)
	at org.testng.Assert.assertEquals(Assert.java:132)
	at org.testng.Assert.assertEquals(Assert.java:656)
	at org.testng.Assert.assertEquals(Assert.java:666)
	at com.parabank.ui.tests.neg.NEG_loanProcessingTest.NEG_loanProcessing_request(NEG_loanProcessingTest.java:40)
	at java.base/jdk.internal.reflect.DirectMethodHandleAccessor.invoke(DirectMethodHandleAccessor.java:104)
	at java.base/java.lang.reflect.Method.invoke(Method.java:577)
	at org.testng.internal.invokers.MethodInvocationHelper.invokeMethod(MethodInvocationHelper.java:141)
	at org.testng.internal.invokers.TestInvoker.invokeMethod(TestInvoker.java:687)
	at org.testng.internal.invokers.TestInvoker.invokeTestMethod(TestInvoker.java:230)
	at org.testng.internal.invokers.MethodRunner.runInSequence(MethodRunner.java:63)
	at org.testng.internal.invokers.TestInvoker$MethodInvocationAgent.invoke(TestInvoker.java:995)
	at org.testng.internal.invokers.TestInvoker.invokeTestMethods(TestInvoker.java:203)
	at org.testng.internal.invokers.TestMethodWorker.invokeTestMethods(TestMethodWorker.java:154)
	at org.testng.internal.invokers.TestMethodWorker.run(TestMethodWorker.java:134)
	at java.base/java.util.concurrent.Executors$RunnableAdapter.call(Executors.java:539)
	at java.base/java.util.concurrent.FutureTask.run(FutureTask.java:264)
	at org.testng.internal.thread.graph.TestNGFutureTask.run(TestNGFutureTask.java:22)
	at java.base/java.util.concurrent.ThreadPoolExecutor.runWorker(ThreadPoolExecutor.java:1136)
	at java.base/java.util.concurrent.ThreadPoolExecutor$Worker.run(ThreadPoolExecutor.java:635)
	at java.base/java.lang.Thread.run(Thread.java:833)
</pre></div></td>
<td>15</td>
<td>com.parabank.ui.tests.neg.NEG_loanProcessingTest@bc57b40</td></tr>
<tr>
<td title='com.parabank.ui.tests.neg.NEG_loanProcessingTest.NEG_loanProcessing_request()'><b>NEG_loanProcessing_request</b><br>Test class: com.parabank.ui.tests.neg.NEG_loanProcessingTest</td>
<td><div><pre>java.lang.AssertionError: expected [02-06-2026] but found [02-6-2026]
	at com.parabank.ui.tests.neg.NEG_loanProcessingTest.NEG_loanProcessing_request(NEG_loanProcessingTest.java:40)
	at java.base/java.util.concurrent.Executors$RunnableAdapter.call(Executors.java:539)
	at java.base/java.util.concurrent.FutureTask.run(FutureTask.java:264)
	at java.base/java.util.concurrent.ThreadPoolExecutor.runWorker(ThreadPoolExecutor.java:1136)
	at java.base/java.util.concurrent.ThreadPoolExecutor$Worker.run(ThreadPoolExecutor.java:635)
	at java.base/java.lang.Thread.run(Thread.java:833)
... Removed 17 stack frames</pre></div><a href='#' onClick='toggleBox("stack-trace221838629", this, "Click to show all stack frames", "Click to hide stack frames")'>Click to show all stack frames</a>
<div class='stack-trace' id='stack-trace221838629'><pre>java.lang.AssertionError: expected [02-06-2026] but found [02-6-2026]
	at org.testng.Assert.fail(Assert.java:111)
	at org.testng.Assert.failNotEquals(Assert.java:1590)
	at org.testng.Assert.assertEqualsImpl(Assert.java:150)
	at org.testng.Assert.assertEquals(Assert.java:132)
	at org.testng.Assert.assertEquals(Assert.java:656)
	at org.testng.Assert.assertEquals(Assert.java:666)
	at com.parabank.ui.tests.neg.NEG_loanProcessingTest.NEG_loanProcessing_request(NEG_loanProcessingTest.java:40)
	at java.base/jdk.internal.reflect.DirectMethodHandleAccessor.invoke(DirectMethodHandleAccessor.java:104)
	at java.base/java.lang.reflect.Method.invoke(Method.java:577)
	at org.testng.internal.invokers.MethodInvocationHelper.invokeMethod(MethodInvocationHelper.java:141)
	at org.testng.internal.invokers.TestInvoker.invokeMethod(TestInvoker.java:687)
	at org.testng.internal.invokers.TestInvoker.retryFailed(TestInvoker.java:269)
	at org.testng.internal.invokers.MethodRunner.runInSequence(MethodRunner.java:76)
	at org.testng.internal.invokers.TestInvoker$MethodInvocationAgent.invoke(TestInvoker.java:995)
	at org.testng.internal.invokers.TestInvoker.invokeTestMethods(TestInvoker.java:203)
	at org.testng.internal.invokers.TestMethodWorker.invokeTestMethods(TestMethodWorker.java:154)
	at org.testng.internal.invokers.TestMethodWorker.run(TestMethodWorker.java:134)
	at java.base/java.util.concurrent.Executors$RunnableAdapter.call(Executors.java:539)
	at java.base/java.util.concurrent.FutureTask.run(FutureTask.java:264)
	at org.testng.internal.thread.graph.TestNGFutureTask.run(TestNGFutureTask.java:22)
	at java.base/java.util.concurrent.ThreadPoolExecutor.runWorker(ThreadPoolExecutor.java:1136)
	at java.base/java.util.concurrent.ThreadPoolExecutor$Worker.run(ThreadPoolExecutor.java:635)
	at java.base/java.lang.Thread.run(Thread.java:833)
</pre></div></td>
<td>10</td>
<td>com.parabank.ui.tests.neg.NEG_loanProcessingTest@bc57b40</td></tr>
</table><p>
</body>
</html>