<?xml version="1.0" encoding="UTF-8"?>
<!-- Generated by org.testng.reporters.JUnitXMLReporter -->
<testsuite ignored="11" hostname="LAPTOP-LT7RKUIB" failures="1" tests="5" name="Package Level execution Example" time="27.077" errors="0" timestamp="2026-01-21T14:50:18 EST">
  <testcase classname="com.parabank.ui.tests.neg.NEG_Login_Test" name="NEG_registerUserWithLastNameBlank" time="8.245"/>
  <testcase classname="com.parabank.ui.tests.neg.NEG_Login_Test" name="NEG_registerUserWithFirstNameBlank" time="9.997"/>
  <testcase classname="com.parabank.ui.tests.neg.NEG_loanProcessingTest" name="NEG_loanProcessing_request" time="13.415">
    <skipped/>
  </testcase> <!-- NEG_loanProcessing_request -->
  <testcase classname="com.parabank.ui.tests.neg.NEG_loanProcessingTest" name="NEG_loanProcessing_request" time="6.089">
    <skipped/>
  </testcase> <!-- NEG_loanProcessing_request -->
  <testcase classname="com.parabank.ui.tests.neg.NEG_loanProcessingTest" name="NEG_loanProcessing_request" time="5.773">
    <failure type="java.lang.AssertionError" message="expected [01-19-2026] but found [01-21-2026]">
      <![CDATA[java.lang.AssertionError: expected [01-19-2026] but found [01-21-2026]
at com.parabank.ui.tests.neg.NEG_loanProcessingTest.NEG_loanProcessing_request(NEG_loanProcessingTest.java:40)
at java.base/java.util.concurrent.Executors$RunnableAdapter.call(Executors.java:539)
at java.base/java.util.concurrent.FutureTask.run(FutureTask.java:264)
at java.base/java.util.concurrent.ThreadPoolExecutor.runWorker(ThreadPoolExecutor.java:1136)
at java.base/java.util.concurrent.ThreadPoolExecutor$Worker.run(ThreadPoolExecutor.java:635)
at java.base/java.lang.Thread.run(Thread.java:833)
... Removed 17 stack frames]]>
    </failure>
  </testcase> <!-- NEG_loanProcessing_request -->
  <testcase classname="com.parabank.ui.base.BaseTest" name="@BeforeSuite globalSetup" time="0.0">
    <ignored/>
  </testcase> <!-- @BeforeSuite globalSetup -->
  <testcase classname="com.parabank.ui.tests.neg.NEG_Login_Test" name="NEG_registerUserWithConfirmPasswordBlank" time="0.0">
    <ignored/>
  </testcase> <!-- NEG_registerUserWithConfirmPasswordBlank -->
  <testcase classname="com.parabank.ui.tests.neg.NEG_Login_Test" name="NEG_registerUserWithCityBlank" time="0.0">
    <ignored/>
  </testcase> <!-- NEG_registerUserWithCityBlank -->
  <testcase classname="com.parabank.ui.tests.neg.NEG_Login_Test" name="NEG_registerUserWithPasswordMismatch" time="0.0">
    <ignored/>
  </testcase> <!-- NEG_registerUserWithPasswordMismatch -->
  <testcase classname="com.parabank.ui.tests.neg.NEG_Login_Test" name="NEG_registerUserWithAddressBlank" time="0.0">
    <ignored/>
  </testcase> <!-- NEG_registerUserWithAddressBlank -->
  <testcase classname="com.parabank.ui.tests.neg.NEG_Login_Test" name="NEG_registerUserWithStateBlank" time="0.0">
    <ignored/>
  </testcase> <!-- NEG_registerUserWithStateBlank -->
  <testcase classname="com.parabank.ui.tests.neg.NEG_Login_Test" name="NEG_loginWithInvalidUser" time="0.0">
    <ignored/>
  </testcase> <!-- NEG_loginWithInvalidUser -->
  <testcase classname="com.parabank.ui.tests.neg.NEG_Login_Test" name="NEG_registerUserWithSSNBlank" time="0.0">
    <ignored/>
  </testcase> <!-- NEG_registerUserWithSSNBlank -->
  <testcase classname="com.parabank.ui.tests.neg.NEG_Login_Test" name="NEG_registerUserWithzipCodeBlank" time="0.0">
    <ignored/>
  </testcase> <!-- NEG_registerUserWithzipCodeBlank -->
  <testcase classname="com.parabank.ui.tests.neg.NEG_Login_Test" name="NEG_registerUserWithpasswordBlank" time="0.0">
    <ignored/>
  </testcase> <!-- NEG_registerUserWithpasswordBlank -->
  <testcase classname="com.parabank.ui.tests.neg.NEG_Login_Test" name="NEG_registerUserWithUserNameBlank" time="0.0">
    <ignored/>
  </testcase> <!-- NEG_registerUserWithUserNameBlank -->
</testsuite> <!-- Package Level execution Example -->
