<?xml version="1.0" encoding="UTF-8"?>
<!-- Generated by org.testng.reporters.JUnitXMLReporter -->
<testsuite ignored="2" hostname="LAPTOP-LT7RKUIB" failures="2" tests="2" name="Default test" time="3.919" errors="0" timestamp="2026-02-21T03:06:47 EST">
  <testcase classname="com.parabank.ui.tests.pos.POS_Login_Test" name="checkUserFromDB" time="0.019">
    <failure type="java.lang.RuntimeException" message="Error while initiating class Login">
      <![CDATA[java.lang.RuntimeException: Error while initiating class Login
at com.parabank.ui.base.BaseTest.createPage(BaseTest.java:312)
at com.parabank.ui.tests.pos.POS_Login_Test.checkUserFromDB(POS_Login_Test.java:72)
at java.base/jdk.internal.reflect.DirectMethodHandleAccessor.invoke(DirectMethodHandleAccessor.java:104)
at java.base/java.lang.reflect.Method.invoke(Method.java:577)
at org.testng.internal.invokers.MethodInvocationHelper.invokeMethod(MethodInvocationHelper.java:141)
at org.testng.internal.invokers.InvokeMethodRunnable.runOne(InvokeMethodRunnable.java:47)
at org.testng.internal.invokers.InvokeMethodRunnable.call(InvokeMethodRunnable.java:76)
at org.testng.internal.invokers.InvokeMethodRunnable.call(InvokeMethodRunnable.java:11)
at java.base/java.util.concurrent.FutureTask.run(FutureTask.java:264)
at java.base/java.util.concurrent.ThreadPoolExecutor.runWorker(ThreadPoolExecutor.java:1136)
at java.base/java.util.concurrent.ThreadPoolExecutor$Worker.run(ThreadPoolExecutor.java:635)
at java.base/java.lang.Thread.run(Thread.java:833)
Caused by: java.lang.IllegalStateException: Driver is null. @BeforeMethod didn't run.
at com.parabank.ui.base.BaseTest.createPage(BaseTest.java:301)
... 11 more
]]>
    </failure>
  </testcase> <!-- checkUserFromDB -->
  <testcase classname="com.parabank.ui.tests.pos.POS_Login_Test" name="checkUserFromDB" time="0.014">
    <failure type="java.lang.RuntimeException" message="Error while initiating class Login">
      <![CDATA[java.lang.RuntimeException: Error while initiating class Login
at com.parabank.ui.base.BaseTest.createPage(BaseTest.java:312)
at com.parabank.ui.tests.pos.POS_Login_Test.checkUserFromDB(POS_Login_Test.java:72)
at java.base/jdk.internal.reflect.DirectMethodHandleAccessor.invoke(DirectMethodHandleAccessor.java:104)
at java.base/java.lang.reflect.Method.invoke(Method.java:577)
at org.testng.internal.invokers.MethodInvocationHelper.invokeMethod(MethodInvocationHelper.java:141)
at org.testng.internal.invokers.InvokeMethodRunnable.runOne(InvokeMethodRunnable.java:47)
at org.testng.internal.invokers.InvokeMethodRunnable.call(InvokeMethodRunnable.java:76)
at org.testng.internal.invokers.InvokeMethodRunnable.call(InvokeMethodRunnable.java:11)
at java.base/java.util.concurrent.FutureTask.run(FutureTask.java:264)
at java.base/java.util.concurrent.ThreadPoolExecutor.runWorker(ThreadPoolExecutor.java:1136)
at java.base/java.util.concurrent.ThreadPoolExecutor$Worker.run(ThreadPoolExecutor.java:635)
at java.base/java.lang.Thread.run(Thread.java:833)
Caused by: java.lang.IllegalStateException: Driver is null. @BeforeMethod didn't run.
at com.parabank.ui.base.BaseTest.createPage(BaseTest.java:301)
... 11 more
]]>
    </failure>
  </testcase> <!-- checkUserFromDB -->
  <testcase classname="com.parabank.ui.tests.pos.POS_Login_Test" name="login_registerUser" time="0.0">
    <ignored/>
  </testcase> <!-- login_registerUser -->
  <testcase classname="com.parabank.ui.tests.pos.POS_Login_Test" name="login_user" time="0.0">
    <ignored/>
  </testcase> <!-- login_user -->
</testsuite> <!-- Default test -->
