<?xml version="1.0" encoding="UTF-8"?>
<!-- Generated by org.testng.reporters.JUnitXMLReporter -->
<testsuite ignored="2" hostname="LAPTOP-LT7RKUIB" failures="0" tests="1" name="Default test" time="16.737" errors="0" timestamp="2026-02-09T00:21:33 EST">
  <testcase classname="com.parabank.ui.tests.pos.POS_Login_Test" name="login_registerUser" time="10.962"/>
  <testcase classname="com.parabank.ui.tests.pos.POS_Login_Test" name="checkUserFromDB" time="0.0">
    <ignored/>
  </testcase> <!-- checkUserFromDB -->
  <testcase classname="com.parabank.ui.tests.pos.POS_Login_Test" name="login_user" time="0.0">
    <ignored/>
  </testcase> <!-- login_user -->
</testsuite> <!-- Default test -->
