<?xml version="1.0" encoding="UTF-8"?>
<!-- Generated by org.testng.reporters.JUnitXMLReporter -->
<testsuite ignored="0" hostname="LAPTOP-LT7RKUIB" failures="1" tests="5" name="Account Settings" time="52047.425" errors="0" timestamp="2026-02-09T14:52:47 EST">
  <testcase classname="com.parabank.ui.tests.pos.POS_OpenNewAccount" name="verifyCustomiseInitialBalance" time="9.534"/>
  <testcase classname="com.parabank.ui.tests.pos.POS_OpenNewAccount" name="verifyMinBalanceTest" time="0.0">
    <skipped/>
  </testcase> <!-- verifyMinBalanceTest -->
  <testcase classname="com.parabank.ui.tests.pos.POS_OpenNewAccount" name="verifyOpeningAccountWithOtherThanBaseAcct" time="0.0">
    <skipped/>
  </testcase> <!-- verifyOpeningAccountWithOtherThanBaseAcct -->
  <testcase classname="com.parabank.ui.tests.pos.POS_OpenNewAccount" name="verifyOpeningSavingsAcct" time="0.0">
    <failure type="org.testng.TestNGException" message="
Parameter &amp;apos;BalanceTest&amp;apos; is required by @Test on method verifyOpeningSavingsAcct but has not been marked @Optional or defined
in E:\AUTOMATION\PARABANK\AllTests.xml">
      <![CDATA[org.testng.TestNGException: 
Parameter 'BalanceTest' is required by @Test on method verifyOpeningSavingsAcct but has not been marked @Optional or defined
in E:\AUTOMATION\PARABANK\AllTests.xml
at java.base/java.util.concurrent.Executors$RunnableAdapter.call(Executors.java:539)
at java.base/java.util.concurrent.FutureTask.run(FutureTask.java:264)
at java.base/java.util.concurrent.ThreadPoolExecutor.runWorker(ThreadPoolExecutor.java:1136)
at java.base/java.util.concurrent.ThreadPoolExecutor$Worker.run(ThreadPoolExecutor.java:635)
at java.base/java.lang.Thread.run(Thread.java:833)
... Removed 12 stack frames]]>
    </failure>
  </testcase> <!-- verifyOpeningSavingsAcct -->
  <testcase classname="com.parabank.ui.tests.pos.POS_OpenNewAccount" name="verifyDefaultInitBalanceTest" time="0.0">
    <skipped/>
  </testcase> <!-- verifyDefaultInitBalanceTest -->
</testsuite> <!-- Account Settings -->
