<?xml version="1.0" encoding="UTF-8"?>
<!-- Generated by org.testng.reporters.JUnitXMLReporter -->
<testsuite ignored="8" hostname="LAPTOP-LT7RKUIB" failures="2" tests="16" name="Login" time="99.127" errors="0" timestamp="2026-02-09T00:23:49 EST">
  <testcase classname="com.parabank.ui.base.BaseTest" name="@AfterMethod tearDown" time="7.541">
    <failure type="java.lang.AssertionError" message="The following asserts failed:
	expected [02-06-2026] but found [02-9-2026]">
      <![CDATA[java.lang.AssertionError: The following asserts failed:
expected [02-06-2026] but found [02-9-2026]
at com.parabank.ui.base.BaseTest.tearDown(BaseTest.java:267)
at java.base/java.util.concurrent.Executors$RunnableAdapter.call(Executors.java:539)
at java.base/java.util.concurrent.FutureTask.run(FutureTask.java:264)
at java.base/java.util.concurrent.ThreadPoolExecutor.runWorker(ThreadPoolExecutor.java:1136)
at java.base/java.util.concurrent.ThreadPoolExecutor$Worker.run(ThreadPoolExecutor.java:635)
at java.base/java.lang.Thread.run(Thread.java:833)
... Removed 18 stack frames]]>
    </failure>
  </testcase> <!-- @AfterMethod tearDown -->
  <testcase classname="com.parabank.ui.tests.pos.POS_Login_Test" name="checkUserFromDB" time="4.455">
    <skipped/>
  </testcase> <!-- checkUserFromDB -->
  <testcase classname="com.parabank.ui.tests.pos.POS_Account_Test" name="account_OpenNewAccount" time="11.562"/>
  <testcase classname="com.parabank.ui.tests.pos.POS_Login_Test" name="checkUserFromDB" time="4.037">
    <skipped/>
  </testcase> <!-- checkUserFromDB -->
  <testcase classname="com.parabank.ui.tests.pos.POS_loanProcessingTest" name="loanProcessing_request" time="31.033"/>
  <testcase classname="com.parabank.ui.tests.pos.POS_Account_Test" name="account_checkNewAccountDettails" time="3.459"/>
  <testcase classname="com.parabank.ui.tests.pos.POS_Login_Test" name="checkUserFromDB" time="4.063">
    <failure type="org.testng.internal.thread.ThreadTimeoutException" message="Method com.parabank.ui.tests.pos.POS_Login_Test.checkUserFromDB() didn&amp;apos;t finish within the time-out 4000">
      <![CDATA[org.testng.internal.thread.ThreadTimeoutException: Method com.parabank.ui.tests.pos.POS_Login_Test.checkUserFromDB() didn't finish within the time-out 4000
at java.base/java.util.concurrent.Executors$RunnableAdapter.call(Executors.java:539)
at java.base/java.util.concurrent.FutureTask.run(FutureTask.java:264)
at java.base/java.util.concurrent.ThreadPoolExecutor.runWorker(ThreadPoolExecutor.java:1136)
at java.base/java.util.concurrent.ThreadPoolExecutor$Worker.run(ThreadPoolExecutor.java:635)
at java.base/java.lang.Thread.run(Thread.java:833)
... Removed 10 stack frames]]>
    </failure>
  </testcase> <!-- checkUserFromDB -->
  <testcase classname="com.parabank.ui.tests.pos.POS_TransferFunds" name="verifyTransferFunds" time="49.48">
    <skipped/>
  </testcase> <!-- verifyTransferFunds -->
  <testcase classname="com.parabank.ui.tests.pos.POS_Transaction" name="findTransactionByDate" time="56.035"/>
  <testcase classname="com.parabank.ui.tests.pos.POS_Login_Test" name="checkUserFromDB" time="4.046">
    <skipped/>
  </testcase> <!-- checkUserFromDB -->
  <testcase classname="com.parabank.ui.tests.pos.POS_Login_Test" name="checkUserFromDB" time="4.021">
    <skipped/>
  </testcase> <!-- checkUserFromDB -->
  <testcase classname="com.parabank.ui.tests.pos.POS_Login_Test" name="checkUserFromDB" time="0.946"/>
  <testcase classname="com.parabank.ui.tests.pos.POS_Login_Test" name="login_registerUser" time="0.177">
    <skipped/>
  </testcase> <!-- login_registerUser -->
  <testcase classname="com.parabank.ui.tests.pos.POS_Login_Test" name="login_registerUser" time="0.301">
    <skipped/>
  </testcase> <!-- login_registerUser -->
  <testcase classname="com.parabank.ui.tests.pos.POS_TransferFunds" name="verifyTransferFunds" time="26.317"/>
  <testcase classname="com.parabank.ui.tests.pos.POS_Login_Test" name="login_registerUser" time="0.194">
    <failure type="java.lang.NullPointerException" message="Cannot invoke &amp;quot;com.parabank.ui.PARABANK.helpers.JsonReader.queryJsonData(String, String)&amp;quot; because &amp;quot;this.jsObj&amp;quot; is null">
      <![CDATA[java.lang.NullPointerException: Cannot invoke "com.parabank.ui.PARABANK.helpers.JsonReader.queryJsonData(String, String)" because "this.jsObj" is null
at com.parabank.ui.tests.pos.POS_Login_Test.login_registerUser(POS_Login_Test.java:33)
at java.base/java.util.concurrent.Executors$RunnableAdapter.call(Executors.java:539)
at java.base/java.util.concurrent.FutureTask.run(FutureTask.java:264)
at java.base/java.util.concurrent.ThreadPoolExecutor.runWorker(ThreadPoolExecutor.java:1136)
at java.base/java.util.concurrent.ThreadPoolExecutor$Worker.run(ThreadPoolExecutor.java:635)
at java.base/java.lang.Thread.run(Thread.java:833)
... Removed 11 stack frames]]>
    </failure>
  </testcase> <!-- login_registerUser -->
  <testcase classname="com.parabank.ui.tests.pos.POS_Login_Test" name="login_user" time="0.452"/>
  <testcase classname="com.parabank.ui.base.BaseTest" name="@BeforeSuite globalSetup" time="0.0">
    <ignored/>
  </testcase> <!-- @BeforeSuite globalSetup -->
  <testcase classname="com.parabank.ui.base.BaseTest" name="@AfterSuite tearDownSetup" time="0.0">
    <ignored/>
  </testcase> <!-- @AfterSuite tearDownSetup -->
  <testcase classname="com.parabank.ui.base.BaseTest" name="@AfterSuite tearDownSetup" time="0.0">
    <ignored/>
  </testcase> <!-- @AfterSuite tearDownSetup -->
  <testcase classname="com.parabank.ui.base.BaseTest" name="@AfterSuite tearDownSetup" time="0.0">
    <ignored/>
  </testcase> <!-- @AfterSuite tearDownSetup -->
  <testcase classname="com.parabank.ui.base.BaseTest" name="@BeforeSuite globalSetup" time="0.0">
    <ignored/>
  </testcase> <!-- @BeforeSuite globalSetup -->
  <testcase classname="com.parabank.ui.base.BaseTest" name="@BeforeSuite globalSetup" time="0.0">
    <ignored/>
  </testcase> <!-- @BeforeSuite globalSetup -->
  <testcase classname="com.parabank.ui.base.BaseTest" name="@BeforeSuite globalSetup" time="0.0">
    <ignored/>
  </testcase> <!-- @BeforeSuite globalSetup -->
  <testcase classname="com.parabank.ui.base.BaseTest" name="@AfterSuite tearDownSetup" time="0.0">
    <ignored/>
  </testcase> <!-- @AfterSuite tearDownSetup -->
</testsuite> <!-- Login -->
