<?xml version="1.0" encoding="UTF-8"?>
<!-- Generated by org.testng.reporters.JUnitXMLReporter -->
<testsuite ignored="11" hostname="LAPTOP-LT7RKUIB" failures="0" tests="1" name="Neg Tests" time="5.21" errors="0" timestamp="2026-01-21T19:58:40 EST">
  <testcase classname="com.parabank.ui.tests.neg.NEG_Login_Test" name="NEG_registerUserWithFirstNameBlank" time="2.977"/>
  <testcase classname="com.parabank.ui.tests.neg.NEG_Login_Test" name="NEG_registerUserWithConfirmPasswordBlank" time="0.0">
    <ignored/>
  </testcase> <!-- NEG_registerUserWithConfirmPasswordBlank -->
  <testcase classname="com.parabank.ui.tests.neg.NEG_Login_Test" name="NEG_registerUserWithpasswordBlank" time="0.0">
    <ignored/>
  </testcase> <!-- NEG_registerUserWithpasswordBlank -->
  <testcase classname="com.parabank.ui.tests.neg.NEG_Login_Test" name="NEG_registerUserWithStateBlank" time="0.0">
    <ignored/>
  </testcase> <!-- NEG_registerUserWithStateBlank -->
  <testcase classname="com.parabank.ui.tests.neg.NEG_Login_Test" name="NEG_loginWithInvalidUser" time="0.0">
    <ignored/>
  </testcase> <!-- NEG_loginWithInvalidUser -->
  <testcase classname="com.parabank.ui.tests.neg.NEG_Login_Test" name="NEG_registerUserWithSSNBlank" time="0.0">
    <ignored/>
  </testcase> <!-- NEG_registerUserWithSSNBlank -->
  <testcase classname="com.parabank.ui.tests.neg.NEG_Login_Test" name="NEG_registerUserWithPasswordMismatch" time="0.0">
    <ignored/>
  </testcase> <!-- NEG_registerUserWithPasswordMismatch -->
  <testcase classname="com.parabank.ui.tests.neg.NEG_Login_Test" name="NEG_registerUserWithzipCodeBlank" time="0.0">
    <ignored/>
  </testcase> <!-- NEG_registerUserWithzipCodeBlank -->
  <testcase classname="com.parabank.ui.tests.neg.NEG_Login_Test" name="NEG_registerUserWithCityBlank" time="0.0">
    <ignored/>
  </testcase> <!-- NEG_registerUserWithCityBlank -->
  <testcase classname="com.parabank.ui.tests.neg.NEG_Login_Test" name="NEG_registerUserWithUserNameBlank" time="0.0">
    <ignored/>
  </testcase> <!-- NEG_registerUserWithUserNameBlank -->
  <testcase classname="com.parabank.ui.tests.neg.NEG_Login_Test" name="NEG_registerUserWithLastNameBlank" time="0.0">
    <ignored/>
  </testcase> <!-- NEG_registerUserWithLastNameBlank -->
  <testcase classname="com.parabank.ui.tests.neg.NEG_Login_Test" name="NEG_registerUserWithAddressBlank" time="0.0">
    <ignored/>
  </testcase> <!-- NEG_registerUserWithAddressBlank -->
</testsuite> <!-- Neg Tests -->
