<?xml version="1.0" encoding="UTF-8"?>
<!-- Generated by org.testng.reporters.JUnitXMLReporter -->
<testsuite ignored="2" hostname="LAPTOP-LT7RKUIB" failures="1" tests="15" name="Negative Tests" time="89.959" errors="0" timestamp="2026-02-09T00:25:19 EST">
  <testcase classname="com.parabank.ui.tests.neg.NEG_Login_Test" name="NEG_loginWithInvalidUser" time="3.724"/>
  <testcase classname="com.parabank.ui.tests.neg.NEG_loanProcessingTest" name="NEG_loanProcessing_request" time="15.255">
    <skipped/>
  </testcase> <!-- NEG_loanProcessing_request -->
  <testcase classname="com.parabank.ui.tests.neg.NEG_Login_Test" name="NEG_registerUserWithAddressBlank" time="15.417"/>
  <testcase classname="com.parabank.ui.tests.neg.NEG_Login_Test" name="NEG_registerUserWithConfirmPasswordBlank" time="15.217"/>
  <testcase classname="com.parabank.ui.tests.neg.NEG_Login_Test" name="NEG_registerUserWithCityBlank" time="14.692"/>
  <testcase classname="com.parabank.ui.tests.neg.NEG_Login_Test" name="NEG_registerUserWithLastNameBlank" time="15.686"/>
  <testcase classname="com.parabank.ui.tests.neg.NEG_Login_Test" name="NEG_registerUserWithFirstNameBlank" time="16.997"/>
  <testcase classname="com.parabank.ui.tests.neg.NEG_Login_Test" name="NEG_registerUserWithPasswordMismatch" time="16.165"/>
  <testcase classname="com.parabank.ui.tests.neg.NEG_Login_Test" name="NEG_registerUserWithSSNBlank" time="14.447"/>
  <testcase classname="com.parabank.ui.tests.neg.NEG_loanProcessingTest" name="NEG_loanProcessing_request" time="12.755">
    <skipped/>
  </testcase> <!-- NEG_loanProcessing_request -->
  <testcase classname="com.parabank.ui.tests.neg.NEG_Login_Test" name="NEG_registerUserWithUserNameBlank" time="21.052"/>
  <testcase classname="com.parabank.ui.tests.neg.NEG_Login_Test" name="NEG_registerUserWithStateBlank" time="21.376"/>
  <testcase classname="com.parabank.ui.tests.neg.NEG_Login_Test" name="NEG_registerUserWithzipCodeBlank" time="21.144"/>
  <testcase classname="com.parabank.ui.tests.neg.NEG_loanProcessingTest" name="NEG_loanProcessing_request" time="19.241">
    <failure type="java.lang.AssertionError" message="expected [02-09-2026] but found [02-9-2026]">
      <![CDATA[java.lang.AssertionError: expected [02-09-2026] but found [02-9-2026]
at com.parabank.ui.tests.neg.NEG_loanProcessingTest.NEG_loanProcessing_request(NEG_loanProcessingTest.java:40)
at java.base/java.util.concurrent.Executors$RunnableAdapter.call(Executors.java:539)
at java.base/java.util.concurrent.FutureTask.run(FutureTask.java:264)
at java.base/java.util.concurrent.ThreadPoolExecutor.runWorker(ThreadPoolExecutor.java:1136)
at java.base/java.util.concurrent.ThreadPoolExecutor$Worker.run(ThreadPoolExecutor.java:635)
at java.base/java.lang.Thread.run(Thread.java:833)
... Removed 17 stack frames]]>
    </failure>
  </testcase> <!-- NEG_loanProcessing_request -->
  <testcase classname="com.parabank.ui.tests.neg.NEG_Login_Test" name="NEG_registerUserWithpasswordBlank" time="0.0">
    <skipped/>
  </testcase> <!-- NEG_registerUserWithpasswordBlank -->
  <testcase classname="com.parabank.ui.base.BaseTest" name="@AfterSuite tearDownSetup" time="0.0">
    <ignored/>
  </testcase> <!-- @AfterSuite tearDownSetup -->
  <testcase classname="com.parabank.ui.base.BaseTest" name="@BeforeSuite globalSetup" time="0.0">
    <ignored/>
  </testcase> <!-- @BeforeSuite globalSetup -->
</testsuite> <!-- Negative Tests -->
