<?xml version="1.0" encoding="UTF-8"?>
<!-- Generated by org.testng.reporters.JUnitXMLReporter -->
<testsuite ignored="1" hostname="LAPTOP-LT7RKUIB" failures="0" tests="1" name="Test" time="2.134" errors="0" timestamp="2025-12-20T13:23:25 EST">
  <testcase classname="com.parabank.ui.tests.Login_Test" name="login_user" time="2.041"/>
  <testcase classname="com.parabank.ui.tests.Login_Test" name="login_registerUser" time="0.0">
    <ignored/>
  </testcase> <!-- login_registerUser -->
</testsuite> <!-- Test -->
