<?xml version="1.0" encoding="UTF-8"?>
<!-- Generated by org.testng.reporters.JUnitReportReporter -->
<testsuite hostname="LAPTOP-LT7RKUIB" failures="0" tests="2" name="com.parabank.ui.tests.pos.POS_TransferFunds" time="102.722" errors="0" timestamp="2026-02-06T13:35:45 EST" skipped="1">
  <testcase classname="com.parabank.ui.tests.pos.POS_TransferFunds" name="verifyTransferFunds" time="37.921">
    <skipped/>
  </testcase> <!-- verifyTransferFunds -->
  <testcase classname="com.parabank.ui.tests.pos.POS_TransferFunds" name="verifyTransferFunds" time="64.801"/>
</testsuite> <!-- com.parabank.ui.tests.pos.POS_TransferFunds -->
