<?xml version="1.0" encoding="UTF-8"?>
<!-- Generated by org.testng.reporters.JUnitReportReporter -->
<testsuite hostname="LAPTOP-LT7RKUIB" failures="0" tests="12" name="com.parabank.ui.tests.neg.NEG_Login_Test" time="259.202" errors="0" timestamp="2026-02-06T13:35:45 EST" skipped="0">
  <testcase classname="com.parabank.ui.tests.neg.NEG_Login_Test" name="NEG_registerUserWithAddressBlank" time="11.691"/>
  <testcase classname="com.parabank.ui.tests.neg.NEG_Login_Test" name="NEG_registerUserWithCityBlank" time="37.561"/>
  <testcase classname="com.parabank.ui.tests.neg.NEG_Login_Test" name="NEG_registerUserWithFirstNameBlank" time="21.481"/>
  <testcase classname="com.parabank.ui.tests.neg.NEG_Login_Test" name="NEG_registerUserWithSSNBlank" time="18.039"/>
  <testcase classname="com.parabank.ui.tests.neg.NEG_Login_Test" name="NEG_registerUserWithUserNameBlank" time="27.430"/>
  <testcase classname="com.parabank.ui.tests.neg.NEG_Login_Test" name="NEG_registerUserWithzipCodeBlank" time="20.055"/>
  <testcase classname="com.parabank.ui.tests.neg.NEG_Login_Test" name="NEG_registerUserWithStateBlank" time="16.941"/>
  <testcase classname="com.parabank.ui.tests.neg.NEG_Login_Test" name="NEG_registerUserWithConfirmPasswordBlank" time="20.729"/>
  <testcase classname="com.parabank.ui.tests.neg.NEG_Login_Test" name="NEG_registerUserWithPasswordMismatch" time="16.718"/>
  <testcase classname="com.parabank.ui.tests.neg.NEG_Login_Test" name="NEG_loginWithInvalidUser" time="17.827"/>
  <testcase classname="com.parabank.ui.tests.neg.NEG_Login_Test" name="NEG_registerUserWithLastNameBlank" time="21.958"/>
  <testcase classname="com.parabank.ui.tests.neg.NEG_Login_Test" name="NEG_registerUserWithpasswordBlank" time="28.772"/>
</testsuite> <!-- com.parabank.ui.tests.neg.NEG_Login_Test -->
