<?xml version="1.0" encoding="UTF-8"?>
<!-- Generated by org.testng.reporters.JUnitReportReporter -->
<testsuite hostname="LAPTOP-LT7RKUIB" failures="0" tests="2" name="com.parabank.ui.tests.pos.POS_Transaction" time="110.212" errors="0" timestamp="2026-02-06T13:35:45 EST" skipped="1">
  <testcase classname="com.parabank.ui.tests.pos.POS_Transaction" name="findTransactionByDate" time="63.734"/>
  <testcase classname="com.parabank.ui.tests.pos.POS_Transaction" name="findTransactionByDate" time="46.478">
    <skipped/>
  </testcase> <!-- findTransactionByDate -->
</testsuite> <!-- com.parabank.ui.tests.pos.POS_Transaction -->
