<?xml version="1.0" encoding="UTF-8"?>
<!-- Generated by org.testng.reporters.JUnitReportReporter -->
<testsuite hostname="LAPTOP-LT7RKUIB" failures="0" tests="2" name="com.parabank.ui.tests.pos.POS_Account_Test" time="89.792" errors="0" timestamp="2026-02-06T13:35:45 EST" skipped="0">
  <testcase classname="com.parabank.ui.tests.pos.POS_Account_Test" name="account_OpenNewAccount" time="71.384"/>
  <testcase classname="com.parabank.ui.tests.pos.POS_Account_Test" name="account_checkNewAccountDettails" time="18.408"/>
</testsuite> <!-- com.parabank.ui.tests.pos.POS_Account_Test -->
