<?xml version="1.0" encoding="UTF-8"?>
<!-- Generated by org.testng.reporters.JUnitXMLReporter -->
<testsuite ignored="6" hostname="LAPTOP-LT7RKUIB" failures="0" tests="1" name="Default test" time="27.058" errors="0" timestamp="2026-02-05T09:02:04 EST">
  <testcase classname="com.parabank.ui.tests.pos.POS_ChromeDevToolsTest" name="emulateNetworkCondition" time="22.603"/>
  <testcase classname="com.parabank.ui.tests.pos.POS_ChromeDevToolsTest" name="setGeoLocation" time="0.0">
    <ignored/>
  </testcase> <!-- setGeoLocation -->
  <testcase classname="com.parabank.ui.tests.pos.POS_ChromeDevToolsTest" name="blockSpecificRequestCalls" time="0.0">
    <ignored/>
  </testcase> <!-- blockSpecificRequestCalls -->
  <testcase classname="com.parabank.ui.tests.pos.POS_ChromeDevToolsTest" name="account_checkNewAccountDettails" time="0.0">
    <ignored/>
  </testcase> <!-- account_checkNewAccountDettails -->
  <testcase classname="com.parabank.ui.tests.pos.POS_ChromeDevToolsTest" name="failedRequest" time="0.0">
    <ignored/>
  </testcase> <!-- failedRequest -->
  <testcase classname="com.parabank.ui.tests.pos.POS_ChromeDevToolsTest" name="logJSErrors" time="0.0">
    <ignored/>
  </testcase> <!-- logJSErrors -->
  <testcase classname="com.parabank.ui.tests.pos.POS_ChromeDevToolsTest" name="alterUrl" time="0.0">
    <ignored/>
  </testcase> <!-- alterUrl -->
</testsuite> <!-- Default test -->
