<!DOCTYPE html>

<html>
  <head>
  <meta charset='utf-8'>
  <title>TestNG reports</title>

    <link type="text/css" href="testng-reports1.css" rel="stylesheet" id="ultra" />
    <link type="text/css" href="testng-reports.css" rel="stylesheet" id="retro" disabled="false"/>
    <script type="text/javascript" src="jquery-3.6.0.min.js"></script>
    <script type="text/javascript" src="testng-reports.js"></script>
    <script type="text/javascript" src="https://www.google.com/jsapi"></script>
    <script type='text/javascript'>
      google.load('visualization', '1', {packages:['table']});
      google.setOnLoadCallback(drawTable);
      var suiteTableInitFunctions = new Array();
      var suiteTableData = new Array();
    </script>
    <!--
      <script type="text/javascript" src="jquery-ui/js/jquery-ui-1.8.16.custom.min.js"></script>
     -->
  </head>

  <body>    <div class="top-banner-root">
      <span class="top-banner-title-font">Test results</span>
      <button id="button" class="button">Switch Retro Theme</button> <!-- button -->
      <br/>
      <span class="top-banner-font-1">1 suite, 5 failed tests</span>
    </div> <!-- top-banner-root -->
    <div class="navigator-root">
      <div class="navigator-suite-header">
        <span>All suites</span>
        <a href="#" title="Collapse/expand all the suites" class="collapse-all-link">
          <img src="collapseall.gif" class="collapse-all-icon">
          </img> <!-- collapse-all-icon -->
        </a> <!-- collapse-all-link -->
      </div> <!-- navigator-suite-header -->
      <div class="suite">
        <div class="rounded-window">
          <div class="suite-header light-rounded-window-top">
            <a href="#" panel-name="suite-Suite" class="navigator-link">
              <span class="suite-name border-failed">Suite</span>
            </a> <!-- navigator-link -->
          </div> <!-- suite-header light-rounded-window-top -->
          <div class="navigator-suite-content">
            <div class="suite-section-title">
              <span>Info</span>
            </div> <!-- suite-section-title -->
            <div class="suite-section-content">
              <ul>
                <li>
                  <a href="#" panel-name="test-xml-Suite" class="navigator-link ">
                    <span>C:\Users\Sreelaksmi\git\UIAutomation\PARABANK\AllTests.xml</span>
                  </a> <!-- navigator-link  -->
                </li>
                <li>
                  <a href="#" panel-name="testlist-Suite" class="navigator-link ">
                    <span class="test-stats">3 tests</span>
                  </a> <!-- navigator-link  -->
                </li>
                <li>
                  <a href="#" panel-name="group-Suite" class="navigator-link ">
                    <span>2 groups</span>
                  </a> <!-- navigator-link  -->
                </li>
                <li>
                  <a href="#" panel-name="times-Suite" class="navigator-link ">
                    <span>Times</span>
                  </a> <!-- navigator-link  -->
                </li>
                <li>
                  <a href="#" panel-name="reporter-Suite" class="navigator-link ">
                    <span>Reporter output</span>
                  </a> <!-- navigator-link  -->
                </li>
                <li>
                  <a href="#" panel-name="ignored-methods-Suite" class="navigator-link ">
                    <span>Ignored methods</span>
                  </a> <!-- navigator-link  -->
                </li>
                <li>
                  <a href="#" panel-name="chronological-Suite" class="navigator-link ">
                    <span>Chronological view</span>
                  </a> <!-- navigator-link  -->
                </li>
              </ul>
            </div> <!-- suite-section-content -->
            <div class="result-section">
              <div class="suite-section-title">
                <span>Results</span>
              </div> <!-- suite-section-title -->
              <div class="suite-section-content">
                <ul>
                  <li>
                    <span class="method-stats">39 methods, 5 failed,  12 skipped,  22 passed</span>
                  </li>
                  <li>
                    <span class="method-list-title failed">Failed methods</span>
                    <span class="show-or-hide-methods failed">
                      <a href="#" panel-name="suite-Suite" class="hide-methods failed suite-Suite"> (hide)</a> <!-- hide-methods failed suite-Suite -->
                      <a href="#" panel-name="suite-Suite" class="show-methods failed suite-Suite"> (show)</a> <!-- show-methods failed suite-Suite -->
                    </span>
                    <div class="method-list-content failed suite-Suite">
                      <span>
                        <img src="failed.png" width="3%"/>
                        <a href="#" panel-name="suite-Suite" title="com.parabank.ui.tests.neg.NEG_loanProcessingTest" class="method navigator-link" hash-for-method="NEG_loanProcessing_request">NEG_loanProcessing_request</a> <!-- method navigator-link -->
                      </span>
                      <br/>
                      <span>
                        <img src="failed.png" width="3%"/>
                        <a href="#" panel-name="suite-Suite" title="com.parabank.ui.tests.pos.POS_Login_Test" class="method navigator-link" hash-for-method="checkUserFromDB(User1)">checkUserFromDB(User1)</a> <!-- method navigator-link -->
                      </span>
                      <br/>
                      <span>
                        <img src="failed.png" width="3%"/>
                        <a href="#" panel-name="suite-Suite" title="com.parabank.ui.tests.pos.POS_Login_Test" class="method navigator-link" hash-for-method="checkUserFromDB(User2)">checkUserFromDB(User2)</a> <!-- method navigator-link -->
                      </span>
                      <br/>
                      <span>
                        <img src="failed.png" width="3%"/>
                        <a href="#" panel-name="suite-Suite" title="com.parabank.ui.tests.pos.POS_Login_Test" class="method navigator-link" hash-for-method="login_registerUser">login_registerUser</a> <!-- method navigator-link -->
                      </span>
                      <br/>
                      <span>
                        <img src="failed.png" width="3%"/>
                        <a href="#" panel-name="suite-Suite" title="com.parabank.ui.tests.pos.POS_OpenNewAccount" class="method navigator-link" hash-for-method="verifyOpeningSavingsAcct">verifyOpeningSavingsAcct</a> <!-- method navigator-link -->
                      </span>
                      <br/>
                    </div> <!-- method-list-content failed suite-Suite -->
                  </li>
                  <li>
                    <span class="method-list-title skipped">Retried methods</span>
                    <span class="show-or-hide-methods skipped">
                      <a href="#" panel-name="suite-Suite" class="hide-methods skipped suite-Suite"> (hide)</a> <!-- hide-methods skipped suite-Suite -->
                      <a href="#" panel-name="suite-Suite" class="show-methods skipped suite-Suite"> (show)</a> <!-- show-methods skipped suite-Suite -->
                    </span>
                    <div class="method-list-content skipped suite-Suite">
                      <span>
                        <img src="skipped.png" width="3%"/>
                        <a href="#" panel-name="suite-Suite" title="com.parabank.ui.tests.neg.NEG_loanProcessingTest" class="method navigator-link" hash-for-method="NEG_loanProcessing_request">NEG_loanProcessing_request</a> <!-- method navigator-link -->
                      </span>
                      <br/>
                      <span>
                        <img src="skipped.png" width="3%"/>
                        <a href="#" panel-name="suite-Suite" title="com.parabank.ui.tests.neg.NEG_loanProcessingTest" class="method navigator-link" hash-for-method="NEG_loanProcessing_request">NEG_loanProcessing_request</a> <!-- method navigator-link -->
                      </span>
                      <br/>
                      <span>
                        <img src="skipped.png" width="3%"/>
                        <a href="#" panel-name="suite-Suite" title="com.parabank.ui.tests.pos.POS_Login_Test" class="method navigator-link" hash-for-method="checkUserFromDB(User2)">checkUserFromDB(User2)</a> <!-- method navigator-link -->
                      </span>
                      <br/>
                      <span>
                        <img src="skipped.png" width="3%"/>
                        <a href="#" panel-name="suite-Suite" title="com.parabank.ui.tests.pos.POS_Login_Test" class="method navigator-link" hash-for-method="checkUserFromDB(User1)">checkUserFromDB(User1)</a> <!-- method navigator-link -->
                      </span>
                      <br/>
                      <span>
                        <img src="skipped.png" width="3%"/>
                        <a href="#" panel-name="suite-Suite" title="com.parabank.ui.tests.pos.POS_Login_Test" class="method navigator-link" hash-for-method="checkUserFromDB(User1)">checkUserFromDB(User1)</a> <!-- method navigator-link -->
                      </span>
                      <br/>
                      <span>
                        <img src="skipped.png" width="3%"/>
                        <a href="#" panel-name="suite-Suite" title="com.parabank.ui.tests.pos.POS_Login_Test" class="method navigator-link" hash-for-method="checkUserFromDB(User2)">checkUserFromDB(User2)</a> <!-- method navigator-link -->
                      </span>
                      <br/>
                      <span>
                        <img src="skipped.png" width="3%"/>
                        <a href="#" panel-name="suite-Suite" title="com.parabank.ui.tests.pos.POS_Transaction" class="method navigator-link" hash-for-method="findTransactionByDate(org.testng.TestRunner@281a5517)">findTransactionByDate(org.testng.TestRunner@281a5517)</a> <!-- method navigator-link -->
                      </span>
                      <br/>
                      <span>
                        <img src="skipped.png" width="3%"/>
                        <a href="#" panel-name="suite-Suite" title="com.parabank.ui.tests.pos.POS_loanProcessingTest" class="method navigator-link" hash-for-method="loanProcessing_request">loanProcessing_request</a> <!-- method navigator-link -->
                      </span>
                      <br/>
                      <span>
                        <img src="skipped.png" width="3%"/>
                        <a href="#" panel-name="suite-Suite" title="com.parabank.ui.tests.pos.POS_Login_Test" class="method navigator-link" hash-for-method="login_registerUser">login_registerUser</a> <!-- method navigator-link -->
                      </span>
                      <br/>
                      <span>
                        <img src="skipped.png" width="3%"/>
                        <a href="#" panel-name="suite-Suite" title="com.parabank.ui.tests.pos.POS_Login_Test" class="method navigator-link" hash-for-method="login_registerUser">login_registerUser</a> <!-- method navigator-link -->
                      </span>
                      <br/>
                      <span>
                        <img src="skipped.png" width="3%"/>
                        <a href="#" panel-name="suite-Suite" title="com.parabank.ui.tests.pos.POS_OpenNewAccount" class="method navigator-link" hash-for-method="verifyCustomiseInitialBalance">verifyCustomiseInitialBalance</a> <!-- method navigator-link -->
                      </span>
                      <br/>
                      <span>
                        <img src="skipped.png" width="3%"/>
                        <a href="#" panel-name="suite-Suite" title="com.parabank.ui.tests.pos.POS_TransferFunds" class="method navigator-link" hash-for-method="verifyTransferFunds">verifyTransferFunds</a> <!-- method navigator-link -->
                      </span>
                      <br/>
                    </div> <!-- method-list-content skipped suite-Suite -->
                  </li>
                  <li>
                    <span class="method-list-title passed">Passed methods</span>
                    <span class="show-or-hide-methods passed">
                      <a href="#" panel-name="suite-Suite" class="hide-methods passed suite-Suite"> (hide)</a> <!-- hide-methods passed suite-Suite -->
                      <a href="#" panel-name="suite-Suite" class="show-methods passed suite-Suite"> (show)</a> <!-- show-methods passed suite-Suite -->
                    </span>
                    <div class="method-list-content passed suite-Suite">
                      <span>
                        <img src="passed.png" width="3%"/>
                        <a href="#" panel-name="suite-Suite" title="com.parabank.ui.tests.neg.NEG_Login_Test" class="method navigator-link" hash-for-method="NEG_loginWithInvalidUser">NEG_loginWithInvalidUser</a> <!-- method navigator-link -->
                      </span>
                      <br/>
                      <span>
                        <img src="passed.png" width="3%"/>
                        <a href="#" panel-name="suite-Suite" title="com.parabank.ui.tests.neg.NEG_Login_Test" class="method navigator-link" hash-for-method="NEG_registerUserWithAddressBlank">NEG_registerUserWithAddressBlank</a> <!-- method navigator-link -->
                      </span>
                      <br/>
                      <span>
                        <img src="passed.png" width="3%"/>
                        <a href="#" panel-name="suite-Suite" title="com.parabank.ui.tests.neg.NEG_Login_Test" class="method navigator-link" hash-for-method="NEG_registerUserWithCityBlank">NEG_registerUserWithCityBlank</a> <!-- method navigator-link -->
                      </span>
                      <br/>
                      <span>
                        <img src="passed.png" width="3%"/>
                        <a href="#" panel-name="suite-Suite" title="com.parabank.ui.tests.neg.NEG_Login_Test" class="method navigator-link" hash-for-method="NEG_registerUserWithConfirmPasswordBlank">NEG_registerUserWithConfirmPasswordBlank</a> <!-- method navigator-link -->
                      </span>
                      <br/>
                      <span>
                        <img src="passed.png" width="3%"/>
                        <a href="#" panel-name="suite-Suite" title="com.parabank.ui.tests.neg.NEG_Login_Test" class="method navigator-link" hash-for-method="NEG_registerUserWithFirstNameBlank">NEG_registerUserWithFirstNameBlank</a> <!-- method navigator-link -->
                      </span>
                      <br/>
                      <span>
                        <img src="passed.png" width="3%"/>
                        <a href="#" panel-name="suite-Suite" title="com.parabank.ui.tests.neg.NEG_Login_Test" class="method navigator-link" hash-for-method="NEG_registerUserWithLastNameBlank">NEG_registerUserWithLastNameBlank</a> <!-- method navigator-link -->
                      </span>
                      <br/>
                      <span>
                        <img src="passed.png" width="3%"/>
                        <a href="#" panel-name="suite-Suite" title="com.parabank.ui.tests.neg.NEG_Login_Test" class="method navigator-link" hash-for-method="NEG_registerUserWithPasswordMismatch">NEG_registerUserWithPasswordMismatch</a> <!-- method navigator-link -->
                      </span>
                      <br/>
                      <span>
                        <img src="passed.png" width="3%"/>
                        <a href="#" panel-name="suite-Suite" title="com.parabank.ui.tests.neg.NEG_Login_Test" class="method navigator-link" hash-for-method="NEG_registerUserWithSSNBlank">NEG_registerUserWithSSNBlank</a> <!-- method navigator-link -->
                      </span>
                      <br/>
                      <span>
                        <img src="passed.png" width="3%"/>
                        <a href="#" panel-name="suite-Suite" title="com.parabank.ui.tests.neg.NEG_Login_Test" class="method navigator-link" hash-for-method="NEG_registerUserWithStateBlank">NEG_registerUserWithStateBlank</a> <!-- method navigator-link -->
                      </span>
                      <br/>
                      <span>
                        <img src="passed.png" width="3%"/>
                        <a href="#" panel-name="suite-Suite" title="com.parabank.ui.tests.neg.NEG_Login_Test" class="method navigator-link" hash-for-method="NEG_registerUserWithUserNameBlank">NEG_registerUserWithUserNameBlank</a> <!-- method navigator-link -->
                      </span>
                      <br/>
                      <span>
                        <img src="passed.png" width="3%"/>
                        <a href="#" panel-name="suite-Suite" title="com.parabank.ui.tests.neg.NEG_Login_Test" class="method navigator-link" hash-for-method="NEG_registerUserWithpasswordBlank">NEG_registerUserWithpasswordBlank</a> <!-- method navigator-link -->
                      </span>
                      <br/>
                      <span>
                        <img src="passed.png" width="3%"/>
                        <a href="#" panel-name="suite-Suite" title="com.parabank.ui.tests.neg.NEG_Login_Test" class="method navigator-link" hash-for-method="NEG_registerUserWithzipCodeBlank">NEG_registerUserWithzipCodeBlank</a> <!-- method navigator-link -->
                      </span>
                      <br/>
                      <span>
                        <img src="passed.png" width="3%"/>
                        <a href="#" panel-name="suite-Suite" title="com.parabank.ui.tests.pos.POS_Account_Test" class="method navigator-link" hash-for-method="account_OpenNewAccount">account_OpenNewAccount</a> <!-- method navigator-link -->
                      </span>
                      <br/>
                      <span>
                        <img src="passed.png" width="3%"/>
                        <a href="#" panel-name="suite-Suite" title="com.parabank.ui.tests.pos.POS_Account_Test" class="method navigator-link" hash-for-method="account_checkNewAccountDettails">account_checkNewAccountDettails</a> <!-- method navigator-link -->
                      </span>
                      <br/>
                      <span>
                        <img src="passed.png" width="3%"/>
                        <a href="#" panel-name="suite-Suite" title="com.parabank.ui.tests.pos.POS_Transaction" class="method navigator-link" hash-for-method="findTransactionByDate(org.testng.TestRunner@281a5517)">findTransactionByDate(org.testng.TestRunner@281a5517)</a> <!-- method navigator-link -->
                      </span>
                      <br/>
                      <span>
                        <img src="passed.png" width="3%"/>
                        <a href="#" panel-name="suite-Suite" title="com.parabank.ui.tests.pos.POS_loanProcessingTest" class="method navigator-link" hash-for-method="loanProcessing_request">loanProcessing_request</a> <!-- method navigator-link -->
                      </span>
                      <br/>
                      <span>
                        <img src="passed.png" width="3%"/>
                        <a href="#" panel-name="suite-Suite" title="com.parabank.ui.tests.pos.POS_Login_Test" class="method navigator-link" hash-for-method="login_user">login_user</a> <!-- method navigator-link -->
                      </span>
                      <br/>
                      <span>
                        <img src="passed.png" width="3%"/>
                        <a href="#" panel-name="suite-Suite" title="com.parabank.ui.tests.pos.POS_OpenNewAccount" class="method navigator-link" hash-for-method="verifyCustomiseInitialBalance">verifyCustomiseInitialBalance</a> <!-- method navigator-link -->
                      </span>
                      <br/>
                      <span>
                        <img src="passed.png" width="3%"/>
                        <a href="#" panel-name="suite-Suite" title="com.parabank.ui.tests.pos.POS_OpenNewAccount" class="method navigator-link" hash-for-method="verifyDefaultInitBalanceTest">verifyDefaultInitBalanceTest</a> <!-- method navigator-link -->
                      </span>
                      <br/>
                      <span>
                        <img src="passed.png" width="3%"/>
                        <a href="#" panel-name="suite-Suite" title="com.parabank.ui.tests.pos.POS_OpenNewAccount" class="method navigator-link" hash-for-method="verifyMinBalanceTest">verifyMinBalanceTest</a> <!-- method navigator-link -->
                      </span>
                      <br/>
                      <span>
                        <img src="passed.png" width="3%"/>
                        <a href="#" panel-name="suite-Suite" title="com.parabank.ui.tests.pos.POS_OpenNewAccount" class="method navigator-link" hash-for-method="verifyOpeningAccountWithOtherThanBaseAcct">verifyOpeningAccountWithOtherThanBaseAcct</a> <!-- method navigator-link -->
                      </span>
                      <br/>
                      <span>
                        <img src="passed.png" width="3%"/>
                        <a href="#" panel-name="suite-Suite" title="com.parabank.ui.tests.pos.POS_TransferFunds" class="method navigator-link" hash-for-method="verifyTransferFunds">verifyTransferFunds</a> <!-- method navigator-link -->
                      </span>
                      <br/>
                    </div> <!-- method-list-content passed suite-Suite -->
                  </li>
                </ul>
              </div> <!-- suite-section-content -->
            </div> <!-- result-section -->
          </div> <!-- navigator-suite-content -->
        </div> <!-- rounded-window -->
      </div> <!-- suite -->
    </div> <!-- navigator-root -->
    <div class="wrapper">
      <div class="main-panel-root">
        <div panel-name="suite-Suite" class="panel Suite">
          <div class="suite-Suite-class-failed">
            <div class="main-panel-header rounded-window-top">
              <img src="failed.png"/>
              <span class="class-name">com.parabank.ui.tests.pos.POS_OpenNewAccount</span>
            </div> <!-- main-panel-header rounded-window-top -->
            <div class="main-panel-content rounded-window-bottom">
              <div class="method">
                <div class="method-content">
                  <a name="verifyOpeningSavingsAcct">
                  </a> <!-- verifyOpeningSavingsAcct -->
                  <span class="method-name">verifyOpeningSavingsAcct</span>
                  <div class="stack-trace">org.testng.TestNGException: 
Parameter &apos;BalanceTest&apos; is required by @Test on method verifyOpeningSavingsAcct but has not been marked @Optional or defined
in C:\Users\Sreelaksmi\git\UIAutomation\PARABANK\AllTests.xml
	at java.base/java.util.concurrent.Executors$RunnableAdapter.call(Executors.java:539)
	at java.base/java.util.concurrent.FutureTask.run(FutureTask.java:264)
	at java.base/java.util.concurrent.ThreadPoolExecutor.runWorker(ThreadPoolExecutor.java:1136)
	at java.base/java.util.concurrent.ThreadPoolExecutor$Worker.run(ThreadPoolExecutor.java:635)
	at java.base/java.lang.Thread.run(Thread.java:833)
... Removed 12 stack frames
</div> <!-- stack-trace -->
                </div> <!-- method-content -->
              </div> <!-- method -->
            </div> <!-- main-panel-content rounded-window-bottom -->
          </div> <!-- suite-Suite-class-failed -->
          <div class="suite-Suite-class-failed">
            <div class="main-panel-header rounded-window-top">
              <img src="failed.png"/>
              <span class="class-name">com.parabank.ui.tests.pos.POS_Login_Test</span>
            </div> <!-- main-panel-header rounded-window-top -->
            <div class="main-panel-content rounded-window-bottom">
              <div class="method">
                <div class="method-content">
                  <a name="checkUserFromDB(User1)">
                  </a> <!-- checkUserFromDB(User1) -->
                  <span class="method-name">checkUserFromDB</span>
                  <span class="parameters">(User1)</span>
                  <div class="stack-trace">org.testng.internal.thread.ThreadTimeoutException: Method com.parabank.ui.tests.pos.POS_Login_Test.checkUserFromDB() didn&apos;t finish within the time-out 4000
	at java.base/java.util.concurrent.Executors$RunnableAdapter.call(Executors.java:539)
	at java.base/java.util.concurrent.FutureTask.run(FutureTask.java:264)
	at java.base/java.util.concurrent.ThreadPoolExecutor.runWorker(ThreadPoolExecutor.java:1136)
	at java.base/java.util.concurrent.ThreadPoolExecutor$Worker.run(ThreadPoolExecutor.java:635)
	at java.base/java.lang.Thread.run(Thread.java:833)
... Removed 10 stack frames
</div> <!-- stack-trace -->
                </div> <!-- method-content -->
              </div> <!-- method -->
              <div class="method">
                <div class="method-content">
                  <a name="checkUserFromDB(User2)">
                  </a> <!-- checkUserFromDB(User2) -->
                  <span class="method-name">checkUserFromDB</span>
                  <span class="parameters">(User2)</span>
                  <div class="stack-trace">org.testng.internal.thread.ThreadTimeoutException: Method com.parabank.ui.tests.pos.POS_Login_Test.checkUserFromDB() didn&apos;t finish within the time-out 4000
	at java.base/java.util.concurrent.Executors$RunnableAdapter.call(Executors.java:539)
	at java.base/java.util.concurrent.FutureTask.run(FutureTask.java:264)
	at java.base/java.util.concurrent.ThreadPoolExecutor.runWorker(ThreadPoolExecutor.java:1136)
	at java.base/java.util.concurrent.ThreadPoolExecutor$Worker.run(ThreadPoolExecutor.java:635)
	at java.base/java.lang.Thread.run(Thread.java:833)
... Removed 10 stack frames
</div> <!-- stack-trace -->
                </div> <!-- method-content -->
              </div> <!-- method -->
              <div class="method">
                <div class="method-content">
                  <a name="login_registerUser">
                  </a> <!-- login_registerUser -->
                  <span class="method-name">login_registerUser</span>
                  <div class="stack-trace">java.lang.NullPointerException: Cannot invoke &quot;com.parabank.ui.PARABANK.helpers.JsonReader.queryJsonData(String, String)&quot; because &quot;this.jsObj&quot; is null
	at com.parabank.ui.tests.pos.POS_Login_Test.login_registerUser(POS_Login_Test.java:33)
	at java.base/java.util.concurrent.Executors$RunnableAdapter.call(Executors.java:539)
	at java.base/java.util.concurrent.FutureTask.run(FutureTask.java:264)
	at java.base/java.util.concurrent.ThreadPoolExecutor.runWorker(ThreadPoolExecutor.java:1136)
	at java.base/java.util.concurrent.ThreadPoolExecutor$Worker.run(ThreadPoolExecutor.java:635)
	at java.base/java.lang.Thread.run(Thread.java:833)
... Removed 11 stack frames
</div> <!-- stack-trace -->
                </div> <!-- method-content -->
              </div> <!-- method -->
            </div> <!-- main-panel-content rounded-window-bottom -->
          </div> <!-- suite-Suite-class-failed -->
          <div class="suite-Suite-class-failed">
            <div class="main-panel-header rounded-window-top">
              <img src="failed.png"/>
              <span class="class-name">com.parabank.ui.tests.neg.NEG_loanProcessingTest</span>
            </div> <!-- main-panel-header rounded-window-top -->
            <div class="main-panel-content rounded-window-bottom">
              <div class="method">
                <div class="method-content">
                  <a name="NEG_loanProcessing_request">
                  </a> <!-- NEG_loanProcessing_request -->
                  <span class="method-name">NEG_loanProcessing_request</span>
                  <div class="stack-trace">java.lang.AssertionError: expected [02-06-2026] but found [02-6-2026]
	at com.parabank.ui.tests.neg.NEG_loanProcessingTest.NEG_loanProcessing_request(NEG_loanProcessingTest.java:40)
	at java.base/java.util.concurrent.Executors$RunnableAdapter.call(Executors.java:539)
	at java.base/java.util.concurrent.FutureTask.run(FutureTask.java:264)
	at java.base/java.util.concurrent.ThreadPoolExecutor.runWorker(ThreadPoolExecutor.java:1136)
	at java.base/java.util.concurrent.ThreadPoolExecutor$Worker.run(ThreadPoolExecutor.java:635)
	at java.base/java.lang.Thread.run(Thread.java:833)
... Removed 17 stack frames
</div> <!-- stack-trace -->
                </div> <!-- method-content -->
              </div> <!-- method -->
            </div> <!-- main-panel-content rounded-window-bottom -->
          </div> <!-- suite-Suite-class-failed -->
          <div class="suite-Suite-class-skipped">
            <div class="main-panel-header rounded-window-top">
              <img src="skipped.png"/>
              <span class="class-name">com.parabank.ui.tests.pos.POS_Transaction</span>
            </div> <!-- main-panel-header rounded-window-top -->
            <div class="main-panel-content rounded-window-bottom">
              <div class="method">
                <div class="method-content">
                  <a name="findTransactionByDate(org.testng.TestRunner@281a5517)">
                  </a> <!-- findTransactionByDate(org.testng.TestRunner@281a5517) -->
                  <span class="method-name">findTransactionByDate</span>
                  <span class="parameters">(org.testng.TestRunner@281a5517)</span>
                  <div class="stack-trace">org.openqa.selenium.TimeoutException: Expected condition failed: waiting for visibility of Proxy element for: DefaultElementLocator &apos;By.xpath: //span[contains(text(),&apos;deposit&apos;)]//parent::a&apos; (tried for 5 second(s) with 500 milliseconds interval)
	at org.openqa.selenium.support.ui.WebDriverWait.timeoutException(WebDriverWait.java:84)
	at org.openqa.selenium.support.ui.FluentWait.until(FluentWait.java:228)
	at com.parabank.ui.PARABANK.helpers.ReuseableComponents.waitForElement(ReuseableComponents.java:35)
	at com.parabank.ui.PARABANK.POM.Admin.depositFund(Admin.java:92)
	at com.parabank.ui.tests.pos.POS_Transaction.findTransactionByDate(POS_Transaction.java:63)
	at java.base/java.util.concurrent.Executors$RunnableAdapter.call(Executors.java:539)
	at java.base/java.util.concurrent.FutureTask.run(FutureTask.java:264)
	at java.base/java.util.concurrent.ThreadPoolExecutor.runWorker(ThreadPoolExecutor.java:1136)
	at java.base/java.util.concurrent.ThreadPoolExecutor$Worker.run(ThreadPoolExecutor.java:635)
	at java.base/java.lang.Thread.run(Thread.java:833)
Caused by: org.openqa.selenium.NoSuchElementException: no such element: Unable to locate element: {&quot;method&quot;:&quot;xpath&quot;,&quot;selector&quot;:&quot;//span[contains(text(),&apos;deposit&apos;)]//parent::a&quot;}
  (Session info: chrome=144.0.7559.110)
For documentation on this error, please visit: https://www.selenium.dev/documentation/webdriver/troubleshooting/errors#nosuchelementexception
Build info: version: &apos;4.39.0&apos;, revision: &apos;126f156aee&apos;
System info: os.name: &apos;Windows 11&apos;, os.arch: &apos;amd64&apos;, os.version: &apos;10.0&apos;, java.version: &apos;18.0.1&apos;
Driver info: org.openqa.selenium.chrome.ChromeDriver
Command: [b43856b6a38c33815dab57378620c495, findElement {using=xpath, value=//span[contains(text(),&apos;deposit&apos;)]//parent::a}]
Capabilities {acceptInsecureCerts: false, browserName: chrome, browserVersion: 144.0.7559.110, chrome: {chromedriverVersion: 144.0.7559.133 (7da823b1d59..., userDataDir: C:\Users\SREELA~1\AppData\L...}, fedcm:accounts: true, goog:chromeOptions: {debuggerAddress: localhost:59613}, goog:processID: 18812, networkConnectionEnabled: false, pageLoadStrategy: normal, platformName: windows, proxy: Proxy(), se:cdp: ws://localhost:59613/devtoo..., se:cdpVersion: 144.0.7559.110, setWindowRect: true, strictFileInteractability: false, timeouts: {implicit: 0, pageLoad: 300000, script: 30000}, unhandledPromptBehavior: dismiss and notify, webauthn:extension:credBlob: true, webauthn:extension:largeBlob: true, webauthn:extension:minPinLength: true, webauthn:extension:prf: true, webauthn:virtualAuthenticators: true}
Session ID: b43856b6a38c33815dab57378620c495
	at org.openqa.selenium.remote.ErrorCodec.decode(ErrorCodec.java:167)
	at org.openqa.selenium.remote.codec.w3c.W3CHttpResponseCodec.decode(W3CHttpResponseCodec.java:142)
	at org.openqa.selenium.remote.codec.w3c.W3CHttpResponseCodec.decode(W3CHttpResponseCodec.java:49)
	at org.openqa.selenium.remote.HttpCommandExecutor.execute(HttpCommandExecutor.java:215)
	at org.openqa.selenium.remote.service.DriverCommandExecutor.invokeExecute(DriverCommandExecutor.java:216)
	at org.openqa.selenium.remote.service.DriverCommandExecutor.execute(DriverCommandExecutor.java:174)
	at org.openqa.selenium.remote.RemoteWebDriver.execute(RemoteWebDriver.java:561)
	at org.openqa.selenium.remote.ElementLocation$ElementFinder$2.findElement(ElementLocation.java:166)
	at org.openqa.selenium.remote.ElementLocation.findElement(ElementLocation.java:60)
	at org.openqa.selenium.remote.RemoteWebDriver.findElement(RemoteWebDriver.java:384)
	at org.openqa.selenium.remote.RemoteWebDriver.findElement(RemoteWebDriver.java:378)
	at org.openqa.selenium.support.pagefactory.DefaultElementLocator.findElement(DefaultElementLocator.java:68)
	at org.openqa.selenium.support.pagefactory.internal.LocatingElementHandler.invoke(LocatingElementHandler.java:38)
	at jdk.proxy2/jdk.proxy2.$Proxy21.isDisplayed(Unknown Source)
	at org.openqa.selenium.support.ui.ExpectedConditions.elementIfVisible(ExpectedConditions.java:308)
	at org.openqa.selenium.support.ui.ExpectedConditions$10.apply(ExpectedConditions.java:294)
	at org.openqa.selenium.support.ui.ExpectedConditions$10.apply(ExpectedConditions.java:291)
	at org.openqa.selenium.support.ui.FluentWait.until(FluentWait.java:203)
	... 19 more
... Removed 14 stack frames
</div> <!-- stack-trace -->
                </div> <!-- method-content -->
              </div> <!-- method -->
            </div> <!-- main-panel-content rounded-window-bottom -->
          </div> <!-- suite-Suite-class-skipped -->
          <div class="suite-Suite-class-skipped">
            <div class="main-panel-header rounded-window-top">
              <img src="skipped.png"/>
              <span class="class-name">com.parabank.ui.tests.pos.POS_OpenNewAccount</span>
            </div> <!-- main-panel-header rounded-window-top -->
            <div class="main-panel-content rounded-window-bottom">
              <div class="method">
                <div class="method-content">
                  <a name="verifyCustomiseInitialBalance">
                  </a> <!-- verifyCustomiseInitialBalance -->
                  <span class="method-name">verifyCustomiseInitialBalance</span>
                  <div class="stack-trace">org.openqa.selenium.StaleElementReferenceException: stale element reference: stale element not found
  (Session info: chrome=144.0.7559.110)
For documentation on this error, please visit: https://www.selenium.dev/documentation/webdriver/troubleshooting/errors#staleelementreferenceexception
Build info: version: &apos;4.39.0&apos;, revision: &apos;126f156aee&apos;
System info: os.name: &apos;Windows 11&apos;, os.arch: &apos;amd64&apos;, os.version: &apos;10.0&apos;, java.version: &apos;18.0.1&apos;
Driver info: org.openqa.selenium.chrome.ChromeDriver
Command: [c6b79afc1a90b8bc8effac2416376598, clickElement {id=f.100682728790837526B9FA2EBE5E2E86.d.F80877403DAE7676E4BBE12B12D5B905.e.17}]
Capabilities {acceptInsecureCerts: false, browserName: chrome, browserVersion: 144.0.7559.110, chrome: {chromedriverVersion: 144.0.7559.133 (7da823b1d59..., userDataDir: C:\Users\SREELA~1\AppData\L...}, fedcm:accounts: true, goog:chromeOptions: {debuggerAddress: localhost:59184}, goog:processID: 33992, networkConnectionEnabled: false, pageLoadStrategy: normal, platformName: windows, proxy: Proxy(), se:cdp: ws://localhost:59184/devtoo..., se:cdpVersion: 144.0.7559.110, setWindowRect: true, strictFileInteractability: false, timeouts: {implicit: 0, pageLoad: 300000, script: 30000}, unhandledPromptBehavior: dismiss and notify, webauthn:extension:credBlob: true, webauthn:extension:largeBlob: true, webauthn:extension:minPinLength: true, webauthn:extension:prf: true, webauthn:virtualAuthenticators: true}
Element: [[ChromeDriver: chrome on windows (c6b79afc1a90b8bc8effac2416376598)] -&gt; xpath: //a[contains(text(),&apos;Admin Page&apos;)]]
Session ID: c6b79afc1a90b8bc8effac2416376598
	at org.openqa.selenium.remote.ErrorCodec.decode(ErrorCodec.java:167)
	at org.openqa.selenium.remote.codec.w3c.W3CHttpResponseCodec.decode(W3CHttpResponseCodec.java:142)
	at org.openqa.selenium.remote.codec.w3c.W3CHttpResponseCodec.decode(W3CHttpResponseCodec.java:49)
	at org.openqa.selenium.remote.HttpCommandExecutor.execute(HttpCommandExecutor.java:215)
	at org.openqa.selenium.remote.service.DriverCommandExecutor.invokeExecute(DriverCommandExecutor.java:216)
	at org.openqa.selenium.remote.service.DriverCommandExecutor.execute(DriverCommandExecutor.java:174)
	at org.openqa.selenium.remote.RemoteWebDriver.execute(RemoteWebDriver.java:561)
	at org.openqa.selenium.remote.RemoteWebElement.execute(RemoteWebElement.java:223)
	at org.openqa.selenium.remote.RemoteWebElement.click(RemoteWebElement.java:76)
	at org.openqa.selenium.support.pagefactory.internal.LocatingElementHandler.invoke(LocatingElementHandler.java:51)
	at jdk.proxy2/jdk.proxy2.$Proxy21.click(Unknown Source)
	at com.parabank.ui.PARABANK.POM.Home.clickAdminPageLink(Home.java:83)
	at com.parabank.ui.tests.pos.POS_OpenNewAccount.verifyCustomiseInitialBalance(POS_OpenNewAccount.java:125)
	at java.base/java.util.concurrent.Executors$RunnableAdapter.call(Executors.java:539)
	at java.base/java.util.concurrent.FutureTask.run(FutureTask.java:264)
	at java.base/java.util.concurrent.ThreadPoolExecutor.runWorker(ThreadPoolExecutor.java:1136)
	at java.base/java.util.concurrent.ThreadPoolExecutor$Worker.run(ThreadPoolExecutor.java:635)
	at java.base/java.lang.Thread.run(Thread.java:833)
... Removed 16 stack frames
</div> <!-- stack-trace -->
                </div> <!-- method-content -->
              </div> <!-- method -->
            </div> <!-- main-panel-content rounded-window-bottom -->
          </div> <!-- suite-Suite-class-skipped -->
          <div class="suite-Suite-class-skipped">
            <div class="main-panel-header rounded-window-top">
              <img src="skipped.png"/>
              <span class="class-name">com.parabank.ui.tests.pos.POS_TransferFunds</span>
            </div> <!-- main-panel-header rounded-window-top -->
            <div class="main-panel-content rounded-window-bottom">
              <div class="method">
                <div class="method-content">
                  <a name="verifyTransferFunds">
                  </a> <!-- verifyTransferFunds -->
                  <span class="method-name">verifyTransferFunds</span>
                  <div class="stack-trace">org.openqa.selenium.NoSuchElementException: no such element: Unable to locate element: {&quot;method&quot;:&quot;xpath&quot;,&quot;selector&quot;:&quot;//a[contains(text(),&apos;Open New Account&apos;)]&quot;}
  (Session info: chrome=144.0.7559.110)
For documentation on this error, please visit: https://www.selenium.dev/documentation/webdriver/troubleshooting/errors#nosuchelementexception
Build info: version: &apos;4.39.0&apos;, revision: &apos;126f156aee&apos;
System info: os.name: &apos;Windows 11&apos;, os.arch: &apos;amd64&apos;, os.version: &apos;10.0&apos;, java.version: &apos;18.0.1&apos;
Driver info: org.openqa.selenium.chrome.ChromeDriver
Command: [767401da5d81e1c2460404006f31931a, findElement {using=xpath, value=//a[contains(text(),&apos;Open New Account&apos;)]}]
Capabilities {acceptInsecureCerts: false, browserName: chrome, browserVersion: 144.0.7559.110, chrome: {chromedriverVersion: 144.0.7559.133 (7da823b1d59..., userDataDir: C:\Users\SREELA~1\AppData\L...}, fedcm:accounts: true, goog:chromeOptions: {debuggerAddress: localhost:57200}, goog:processID: 34220, networkConnectionEnabled: false, pageLoadStrategy: normal, platformName: windows, proxy: Proxy(), se:cdp: ws://localhost:57200/devtoo..., se:cdpVersion: 144.0.7559.110, setWindowRect: true, strictFileInteractability: false, timeouts: {implicit: 0, pageLoad: 300000, script: 30000}, unhandledPromptBehavior: dismiss and notify, webauthn:extension:credBlob: true, webauthn:extension:largeBlob: true, webauthn:extension:minPinLength: true, webauthn:extension:prf: true, webauthn:virtualAuthenticators: true}
Session ID: 767401da5d81e1c2460404006f31931a
	at org.openqa.selenium.remote.ErrorCodec.decode(ErrorCodec.java:167)
	at org.openqa.selenium.remote.codec.w3c.W3CHttpResponseCodec.decode(W3CHttpResponseCodec.java:142)
	at org.openqa.selenium.remote.codec.w3c.W3CHttpResponseCodec.decode(W3CHttpResponseCodec.java:49)
	at org.openqa.selenium.remote.HttpCommandExecutor.execute(HttpCommandExecutor.java:215)
	at org.openqa.selenium.remote.service.DriverCommandExecutor.invokeExecute(DriverCommandExecutor.java:216)
	at org.openqa.selenium.remote.service.DriverCommandExecutor.execute(DriverCommandExecutor.java:174)
	at org.openqa.selenium.remote.RemoteWebDriver.execute(RemoteWebDriver.java:561)
	at org.openqa.selenium.remote.ElementLocation$ElementFinder$2.findElement(ElementLocation.java:166)
	at org.openqa.selenium.remote.ElementLocation.findElement(ElementLocation.java:60)
	at org.openqa.selenium.remote.RemoteWebDriver.findElement(RemoteWebDriver.java:384)
	at org.openqa.selenium.remote.RemoteWebDriver.findElement(RemoteWebDriver.java:378)
	at org.openqa.selenium.support.pagefactory.DefaultElementLocator.findElement(DefaultElementLocator.java:68)
	at org.openqa.selenium.support.pagefactory.internal.LocatingElementHandler.invoke(LocatingElementHandler.java:38)
	at jdk.proxy2/jdk.proxy2.$Proxy21.click(Unknown Source)
	at com.parabank.ui.PARABANK.POM.Home.clickOpenNewAccountLink(Home.java:42)
	at com.parabank.ui.tests.pos.POS_TransferFunds.verifyTransferFunds(POS_TransferFunds.java:48)
	at java.base/java.util.concurrent.Executors$RunnableAdapter.call(Executors.java:539)
	at java.base/java.util.concurrent.FutureTask.run(FutureTask.java:264)
	at java.base/java.util.concurrent.ThreadPoolExecutor.runWorker(ThreadPoolExecutor.java:1136)
	at java.base/java.util.concurrent.ThreadPoolExecutor$Worker.run(ThreadPoolExecutor.java:635)
	at java.base/java.lang.Thread.run(Thread.java:833)
... Removed 14 stack frames
</div> <!-- stack-trace -->
                </div> <!-- method-content -->
              </div> <!-- method -->
            </div> <!-- main-panel-content rounded-window-bottom -->
          </div> <!-- suite-Suite-class-skipped -->
          <div class="suite-Suite-class-skipped">
            <div class="main-panel-header rounded-window-top">
              <img src="skipped.png"/>
              <span class="class-name">com.parabank.ui.tests.pos.POS_Login_Test</span>
            </div> <!-- main-panel-header rounded-window-top -->
            <div class="main-panel-content rounded-window-bottom">
              <div class="method">
                <div class="method-content">
                  <a name="checkUserFromDB(User2)">
                  </a> <!-- checkUserFromDB(User2) -->
                  <span class="method-name">checkUserFromDB</span>
                  <span class="parameters">(User2)</span>
                  <div class="stack-trace">org.testng.internal.thread.ThreadTimeoutException: Method com.parabank.ui.tests.pos.POS_Login_Test.checkUserFromDB() didn&apos;t finish within the time-out 4000
	at java.base/java.util.concurrent.Executors$RunnableAdapter.call(Executors.java:539)
	at java.base/java.util.concurrent.FutureTask.run(FutureTask.java:264)
	at java.base/java.util.concurrent.ThreadPoolExecutor.runWorker(ThreadPoolExecutor.java:1136)
	at java.base/java.util.concurrent.ThreadPoolExecutor$Worker.run(ThreadPoolExecutor.java:635)
	at java.base/java.lang.Thread.run(Thread.java:833)
... Removed 10 stack frames
</div> <!-- stack-trace -->
                </div> <!-- method-content -->
              </div> <!-- method -->
              <div class="method">
                <div class="method-content">
                  <a name="checkUserFromDB(User1)">
                  </a> <!-- checkUserFromDB(User1) -->
                  <span class="method-name">checkUserFromDB</span>
                  <span class="parameters">(User1)</span>
                  <div class="stack-trace">org.testng.internal.thread.ThreadTimeoutException: Method com.parabank.ui.tests.pos.POS_Login_Test.checkUserFromDB() didn&apos;t finish within the time-out 4000
	at java.base/java.util.concurrent.Executors$RunnableAdapter.call(Executors.java:539)
	at java.base/java.util.concurrent.FutureTask.run(FutureTask.java:264)
	at java.base/java.util.concurrent.ThreadPoolExecutor.runWorker(ThreadPoolExecutor.java:1136)
	at java.base/java.util.concurrent.ThreadPoolExecutor$Worker.run(ThreadPoolExecutor.java:635)
	at java.base/java.lang.Thread.run(Thread.java:833)
... Removed 10 stack frames
</div> <!-- stack-trace -->
                </div> <!-- method-content -->
              </div> <!-- method -->
              <div class="method">
                <div class="method-content">
                  <a name="checkUserFromDB(User1)">
                  </a> <!-- checkUserFromDB(User1) -->
                  <span class="method-name">checkUserFromDB</span>
                  <span class="parameters">(User1)</span>
                  <div class="stack-trace">org.testng.internal.thread.ThreadTimeoutException: Method com.parabank.ui.tests.pos.POS_Login_Test.checkUserFromDB() didn&apos;t finish within the time-out 4000
	at java.base/java.util.concurrent.Executors$RunnableAdapter.call(Executors.java:539)
	at java.base/java.util.concurrent.FutureTask.run(FutureTask.java:264)
	at java.base/java.util.concurrent.ThreadPoolExecutor.runWorker(ThreadPoolExecutor.java:1136)
	at java.base/java.util.concurrent.ThreadPoolExecutor$Worker.run(ThreadPoolExecutor.java:635)
	at java.base/java.lang.Thread.run(Thread.java:833)
... Removed 10 stack frames
</div> <!-- stack-trace -->
                </div> <!-- method-content -->
              </div> <!-- method -->
              <div class="method">
                <div class="method-content">
                  <a name="checkUserFromDB(User2)">
                  </a> <!-- checkUserFromDB(User2) -->
                  <span class="method-name">checkUserFromDB</span>
                  <span class="parameters">(User2)</span>
                  <div class="stack-trace">org.testng.internal.thread.ThreadTimeoutException: Method com.parabank.ui.tests.pos.POS_Login_Test.checkUserFromDB() didn&apos;t finish within the time-out 4000
	at java.base/java.util.concurrent.Executors$RunnableAdapter.call(Executors.java:539)
	at java.base/java.util.concurrent.FutureTask.run(FutureTask.java:264)
	at java.base/java.util.concurrent.ThreadPoolExecutor.runWorker(ThreadPoolExecutor.java:1136)
	at java.base/java.util.concurrent.ThreadPoolExecutor$Worker.run(ThreadPoolExecutor.java:635)
	at java.base/java.lang.Thread.run(Thread.java:833)
... Removed 10 stack frames
</div> <!-- stack-trace -->
                </div> <!-- method-content -->
              </div> <!-- method -->
              <div class="method">
                <div class="method-content">
                  <a name="login_registerUser">
                  </a> <!-- login_registerUser -->
                  <span class="method-name">login_registerUser</span>
                  <div class="stack-trace">java.lang.NullPointerException: Cannot invoke &quot;com.parabank.ui.PARABANK.helpers.JsonReader.queryJsonData(String, String)&quot; because &quot;this.jsObj&quot; is null
	at com.parabank.ui.tests.pos.POS_Login_Test.login_registerUser(POS_Login_Test.java:33)
	at java.base/java.util.concurrent.Executors$RunnableAdapter.call(Executors.java:539)
	at java.base/java.util.concurrent.FutureTask.run(FutureTask.java:264)
	at java.base/java.util.concurrent.ThreadPoolExecutor.runWorker(ThreadPoolExecutor.java:1136)
	at java.base/java.util.concurrent.ThreadPoolExecutor$Worker.run(ThreadPoolExecutor.java:635)
	at java.base/java.lang.Thread.run(Thread.java:833)
... Removed 11 stack frames
</div> <!-- stack-trace -->
                </div> <!-- method-content -->
              </div> <!-- method -->
              <div class="method">
                <div class="method-content">
                  <a name="login_registerUser">
                  </a> <!-- login_registerUser -->
                  <span class="method-name">login_registerUser</span>
                  <div class="stack-trace">java.lang.NullPointerException: Cannot invoke &quot;com.parabank.ui.PARABANK.helpers.JsonReader.queryJsonData(String, String)&quot; because &quot;this.jsObj&quot; is null
	at com.parabank.ui.tests.pos.POS_Login_Test.login_registerUser(POS_Login_Test.java:33)
	at java.base/java.util.concurrent.Executors$RunnableAdapter.call(Executors.java:539)
	at java.base/java.util.concurrent.FutureTask.run(FutureTask.java:264)
	at java.base/java.util.concurrent.ThreadPoolExecutor.runWorker(ThreadPoolExecutor.java:1136)
	at java.base/java.util.concurrent.ThreadPoolExecutor$Worker.run(ThreadPoolExecutor.java:635)
	at java.base/java.lang.Thread.run(Thread.java:833)
... Removed 11 stack frames
</div> <!-- stack-trace -->
                </div> <!-- method-content -->
              </div> <!-- method -->
            </div> <!-- main-panel-content rounded-window-bottom -->
          </div> <!-- suite-Suite-class-skipped -->
          <div class="suite-Suite-class-skipped">
            <div class="main-panel-header rounded-window-top">
              <img src="skipped.png"/>
              <span class="class-name">com.parabank.ui.tests.pos.POS_loanProcessingTest</span>
            </div> <!-- main-panel-header rounded-window-top -->
            <div class="main-panel-content rounded-window-bottom">
              <div class="method">
                <div class="method-content">
                  <a name="loanProcessing_request">
                  </a> <!-- loanProcessing_request -->
                  <span class="method-name">loanProcessing_request</span>
                  <div class="stack-trace">org.openqa.selenium.TimeoutException: Expected condition failed: waiting for visibility of [[ChromeDriver: chrome on windows (ef41b8d2e4c231232374b6671b6a5e79)] -&gt; css selector: td#responseDate] (tried for 3 second(s) with 500 milliseconds interval)
Build info: version: &apos;4.39.0&apos;, revision: &apos;126f156aee&apos;
System info: os.name: &apos;Windows 11&apos;, os.arch: &apos;amd64&apos;, os.version: &apos;10.0&apos;, java.version: &apos;18.0.1&apos;
Driver info: org.openqa.selenium.chrome.ChromeDriver
Capabilities {acceptInsecureCerts: false, browserName: chrome, browserVersion: 144.0.7559.110, chrome: {chromedriverVersion: 144.0.7559.133 (7da823b1d59..., userDataDir: C:\Users\SREELA~1\AppData\L...}, fedcm:accounts: true, goog:chromeOptions: {debuggerAddress: localhost:57201}, goog:processID: 13664, networkConnectionEnabled: false, pageLoadStrategy: normal, platformName: windows, proxy: Proxy(), se:cdp: ws://localhost:57201/devtoo..., se:cdpVersion: 144.0.7559.110, setWindowRect: true, strictFileInteractability: false, timeouts: {implicit: 0, pageLoad: 300000, script: 30000}, unhandledPromptBehavior: dismiss and notify, webauthn:extension:credBlob: true, webauthn:extension:largeBlob: true, webauthn:extension:minPinLength: true, webauthn:extension:prf: true, webauthn:virtualAuthenticators: true}
Session ID: ef41b8d2e4c231232374b6671b6a5e79
	at org.openqa.selenium.support.ui.WebDriverWait.timeoutException(WebDriverWait.java:84)
	at org.openqa.selenium.support.ui.FluentWait.until(FluentWait.java:228)
	at com.parabank.ui.PARABANK.helpers.ReuseableComponents.waitForElement(ReuseableComponents.java:35)
	at com.parabank.ui.PARABANK.POM.Loan.getLoanAccountDetails(Loan.java:54)
	at com.parabank.ui.tests.pos.POS_loanProcessingTest.loanProcessing_request(POS_loanProcessingTest.java:39)
	at java.base/java.util.concurrent.Executors$RunnableAdapter.call(Executors.java:539)
	at java.base/java.util.concurrent.FutureTask.run(FutureTask.java:264)
	at java.base/java.util.concurrent.ThreadPoolExecutor.runWorker(ThreadPoolExecutor.java:1136)
	at java.base/java.util.concurrent.ThreadPoolExecutor$Worker.run(ThreadPoolExecutor.java:635)
	at java.base/java.lang.Thread.run(Thread.java:833)
... Removed 11 stack frames
</div> <!-- stack-trace -->
                </div> <!-- method-content -->
              </div> <!-- method -->
            </div> <!-- main-panel-content rounded-window-bottom -->
          </div> <!-- suite-Suite-class-skipped -->
          <div class="suite-Suite-class-skipped">
            <div class="main-panel-header rounded-window-top">
              <img src="skipped.png"/>
              <span class="class-name">com.parabank.ui.tests.neg.NEG_loanProcessingTest</span>
            </div> <!-- main-panel-header rounded-window-top -->
            <div class="main-panel-content rounded-window-bottom">
              <div class="method">
                <div class="method-content">
                  <a name="NEG_loanProcessing_request">
                  </a> <!-- NEG_loanProcessing_request -->
                  <span class="method-name">NEG_loanProcessing_request</span>
                  <div class="stack-trace">java.lang.AssertionError: expected [02-06-2026] but found [02-6-2026]
	at com.parabank.ui.tests.neg.NEG_loanProcessingTest.NEG_loanProcessing_request(NEG_loanProcessingTest.java:40)
	at java.base/java.util.concurrent.Executors$RunnableAdapter.call(Executors.java:539)
	at java.base/java.util.concurrent.FutureTask.run(FutureTask.java:264)
	at java.base/java.util.concurrent.ThreadPoolExecutor.runWorker(ThreadPoolExecutor.java:1136)
	at java.base/java.util.concurrent.ThreadPoolExecutor$Worker.run(ThreadPoolExecutor.java:635)
	at java.base/java.lang.Thread.run(Thread.java:833)
... Removed 17 stack frames
</div> <!-- stack-trace -->
                </div> <!-- method-content -->
              </div> <!-- method -->
              <div class="method">
                <div class="method-content">
                  <a name="NEG_loanProcessing_request">
                  </a> <!-- NEG_loanProcessing_request -->
                  <span class="method-name">NEG_loanProcessing_request</span>
                  <div class="stack-trace">java.lang.AssertionError: expected [02-06-2026] but found [02-6-2026]
	at com.parabank.ui.tests.neg.NEG_loanProcessingTest.NEG_loanProcessing_request(NEG_loanProcessingTest.java:40)
	at java.base/java.util.concurrent.Executors$RunnableAdapter.call(Executors.java:539)
	at java.base/java.util.concurrent.FutureTask.run(FutureTask.java:264)
	at java.base/java.util.concurrent.ThreadPoolExecutor.runWorker(ThreadPoolExecutor.java:1136)
	at java.base/java.util.concurrent.ThreadPoolExecutor$Worker.run(ThreadPoolExecutor.java:635)
	at java.base/java.lang.Thread.run(Thread.java:833)
... Removed 17 stack frames
</div> <!-- stack-trace -->
                </div> <!-- method-content -->
              </div> <!-- method -->
            </div> <!-- main-panel-content rounded-window-bottom -->
          </div> <!-- suite-Suite-class-skipped -->
          <div class="suite-Suite-class-passed">
            <div class="main-panel-header rounded-window-top">
              <img src="passed.png"/>
              <span class="class-name">com.parabank.ui.tests.pos.POS_Account_Test</span>
            </div> <!-- main-panel-header rounded-window-top -->
            <div class="main-panel-content rounded-window-bottom">
              <div class="method">
                <div class="method-content">
                  <a name="account_OpenNewAccount">
                  </a> <!-- account_OpenNewAccount -->
                  <span class="method-name">account_OpenNewAccount</span>
                </div> <!-- method-content -->
              </div> <!-- method -->
              <div class="method">
                <div class="method-content">
                  <a name="account_checkNewAccountDettails">
                  </a> <!-- account_checkNewAccountDettails -->
                  <span class="method-name">account_checkNewAccountDettails</span>
                </div> <!-- method-content -->
              </div> <!-- method -->
            </div> <!-- main-panel-content rounded-window-bottom -->
          </div> <!-- suite-Suite-class-passed -->
          <div class="suite-Suite-class-passed">
            <div class="main-panel-header rounded-window-top">
              <img src="passed.png"/>
              <span class="class-name">com.parabank.ui.tests.pos.POS_Transaction</span>
            </div> <!-- main-panel-header rounded-window-top -->
            <div class="main-panel-content rounded-window-bottom">
              <div class="method">
                <div class="method-content">
                  <a name="findTransactionByDate(org.testng.TestRunner@281a5517)">
                  </a> <!-- findTransactionByDate(org.testng.TestRunner@281a5517) -->
                  <span class="method-name">findTransactionByDate</span>
                  <span class="parameters">(org.testng.TestRunner@281a5517)</span>
                </div> <!-- method-content -->
              </div> <!-- method -->
            </div> <!-- main-panel-content rounded-window-bottom -->
          </div> <!-- suite-Suite-class-passed -->
          <div class="suite-Suite-class-passed">
            <div class="main-panel-header rounded-window-top">
              <img src="passed.png"/>
              <span class="class-name">com.parabank.ui.tests.pos.POS_OpenNewAccount</span>
            </div> <!-- main-panel-header rounded-window-top -->
            <div class="main-panel-content rounded-window-bottom">
              <div class="method">
                <div class="method-content">
                  <a name="verifyCustomiseInitialBalance">
                  </a> <!-- verifyCustomiseInitialBalance -->
                  <span class="method-name">verifyCustomiseInitialBalance</span>
                </div> <!-- method-content -->
              </div> <!-- method -->
              <div class="method">
                <div class="method-content">
                  <a name="verifyDefaultInitBalanceTest">
                  </a> <!-- verifyDefaultInitBalanceTest -->
                  <span class="method-name">verifyDefaultInitBalanceTest</span>
                </div> <!-- method-content -->
              </div> <!-- method -->
              <div class="method">
                <div class="method-content">
                  <a name="verifyMinBalanceTest">
                  </a> <!-- verifyMinBalanceTest -->
                  <span class="method-name">verifyMinBalanceTest</span>
                </div> <!-- method-content -->
              </div> <!-- method -->
              <div class="method">
                <div class="method-content">
                  <a name="verifyOpeningAccountWithOtherThanBaseAcct">
                  </a> <!-- verifyOpeningAccountWithOtherThanBaseAcct -->
                  <span class="method-name">verifyOpeningAccountWithOtherThanBaseAcct</span>
                </div> <!-- method-content -->
              </div> <!-- method -->
            </div> <!-- main-panel-content rounded-window-bottom -->
          </div> <!-- suite-Suite-class-passed -->
          <div class="suite-Suite-class-passed">
            <div class="main-panel-header rounded-window-top">
              <img src="passed.png"/>
              <span class="class-name">com.parabank.ui.tests.pos.POS_TransferFunds</span>
            </div> <!-- main-panel-header rounded-window-top -->
            <div class="main-panel-content rounded-window-bottom">
              <div class="method">
                <div class="method-content">
                  <a name="verifyTransferFunds">
                  </a> <!-- verifyTransferFunds -->
                  <span class="method-name">verifyTransferFunds</span>
                </div> <!-- method-content -->
              </div> <!-- method -->
            </div> <!-- main-panel-content rounded-window-bottom -->
          </div> <!-- suite-Suite-class-passed -->
          <div class="suite-Suite-class-passed">
            <div class="main-panel-header rounded-window-top">
              <img src="passed.png"/>
              <span class="class-name">com.parabank.ui.tests.pos.POS_Login_Test</span>
            </div> <!-- main-panel-header rounded-window-top -->
            <div class="main-panel-content rounded-window-bottom">
              <div class="method">
                <div class="method-content">
                  <a name="login_user">
                  </a> <!-- login_user -->
                  <span class="method-name">login_user</span>
                </div> <!-- method-content -->
              </div> <!-- method -->
            </div> <!-- main-panel-content rounded-window-bottom -->
          </div> <!-- suite-Suite-class-passed -->
          <div class="suite-Suite-class-passed">
            <div class="main-panel-header rounded-window-top">
              <img src="passed.png"/>
              <span class="class-name">com.parabank.ui.tests.neg.NEG_Login_Test</span>
            </div> <!-- main-panel-header rounded-window-top -->
            <div class="main-panel-content rounded-window-bottom">
              <div class="method">
                <div class="method-content">
                  <a name="NEG_loginWithInvalidUser">
                  </a> <!-- NEG_loginWithInvalidUser -->
                  <span class="method-name">NEG_loginWithInvalidUser</span>
                </div> <!-- method-content -->
              </div> <!-- method -->
              <div class="method">
                <div class="method-content">
                  <a name="NEG_registerUserWithAddressBlank">
                  </a> <!-- NEG_registerUserWithAddressBlank -->
                  <span class="method-name">NEG_registerUserWithAddressBlank</span>
                </div> <!-- method-content -->
              </div> <!-- method -->
              <div class="method">
                <div class="method-content">
                  <a name="NEG_registerUserWithCityBlank">
                  </a> <!-- NEG_registerUserWithCityBlank -->
                  <span class="method-name">NEG_registerUserWithCityBlank</span>
                </div> <!-- method-content -->
              </div> <!-- method -->
              <div class="method">
                <div class="method-content">
                  <a name="NEG_registerUserWithConfirmPasswordBlank">
                  </a> <!-- NEG_registerUserWithConfirmPasswordBlank -->
                  <span class="method-name">NEG_registerUserWithConfirmPasswordBlank</span>
                </div> <!-- method-content -->
              </div> <!-- method -->
              <div class="method">
                <div class="method-content">
                  <a name="NEG_registerUserWithFirstNameBlank">
                  </a> <!-- NEG_registerUserWithFirstNameBlank -->
                  <span class="method-name">NEG_registerUserWithFirstNameBlank</span>
                </div> <!-- method-content -->
              </div> <!-- method -->
              <div class="method">
                <div class="method-content">
                  <a name="NEG_registerUserWithLastNameBlank">
                  </a> <!-- NEG_registerUserWithLastNameBlank -->
                  <span class="method-name">NEG_registerUserWithLastNameBlank</span>
                </div> <!-- method-content -->
              </div> <!-- method -->
              <div class="method">
                <div class="method-content">
                  <a name="NEG_registerUserWithPasswordMismatch">
                  </a> <!-- NEG_registerUserWithPasswordMismatch -->
                  <span class="method-name">NEG_registerUserWithPasswordMismatch</span>
                </div> <!-- method-content -->
              </div> <!-- method -->
              <div class="method">
                <div class="method-content">
                  <a name="NEG_registerUserWithSSNBlank">
                  </a> <!-- NEG_registerUserWithSSNBlank -->
                  <span class="method-name">NEG_registerUserWithSSNBlank</span>
                </div> <!-- method-content -->
              </div> <!-- method -->
              <div class="method">
                <div class="method-content">
                  <a name="NEG_registerUserWithStateBlank">
                  </a> <!-- NEG_registerUserWithStateBlank -->
                  <span class="method-name">NEG_registerUserWithStateBlank</span>
                </div> <!-- method-content -->
              </div> <!-- method -->
              <div class="method">
                <div class="method-content">
                  <a name="NEG_registerUserWithUserNameBlank">
                  </a> <!-- NEG_registerUserWithUserNameBlank -->
                  <span class="method-name">NEG_registerUserWithUserNameBlank</span>
                </div> <!-- method-content -->
              </div> <!-- method -->
              <div class="method">
                <div class="method-content">
                  <a name="NEG_registerUserWithpasswordBlank">
                  </a> <!-- NEG_registerUserWithpasswordBlank -->
                  <span class="method-name">NEG_registerUserWithpasswordBlank</span>
                </div> <!-- method-content -->
              </div> <!-- method -->
              <div class="method">
                <div class="method-content">
                  <a name="NEG_registerUserWithzipCodeBlank">
                  </a> <!-- NEG_registerUserWithzipCodeBlank -->
                  <span class="method-name">NEG_registerUserWithzipCodeBlank</span>
                </div> <!-- method-content -->
              </div> <!-- method -->
            </div> <!-- main-panel-content rounded-window-bottom -->
          </div> <!-- suite-Suite-class-passed -->
          <div class="suite-Suite-class-passed">
            <div class="main-panel-header rounded-window-top">
              <img src="passed.png"/>
              <span class="class-name">com.parabank.ui.tests.pos.POS_loanProcessingTest</span>
            </div> <!-- main-panel-header rounded-window-top -->
            <div class="main-panel-content rounded-window-bottom">
              <div class="method">
                <div class="method-content">
                  <a name="loanProcessing_request">
                  </a> <!-- loanProcessing_request -->
                  <span class="method-name">loanProcessing_request</span>
                </div> <!-- method-content -->
              </div> <!-- method -->
            </div> <!-- main-panel-content rounded-window-bottom -->
          </div> <!-- suite-Suite-class-passed -->
        </div> <!-- panel Suite -->
        <div panel-name="test-xml-Suite" class="panel">
          <div class="main-panel-header rounded-window-top">
            <span class="header-content">C:\Users\Sreelaksmi\git\UIAutomation\PARABANK\AllTests.xml</span>
          </div> <!-- main-panel-header rounded-window-top -->
          <div class="main-panel-content rounded-window-bottom">
            <pre>
&lt;?xml version=&quot;1.0&quot; encoding=&quot;UTF-8&quot;?&gt;
&lt;!DOCTYPE suite SYSTEM &quot;https://testng.org/testng-1.0.dtd&quot;&gt;
&lt;suite parallel=&quot;classes&quot; name=&quot;Suite&quot; guice-stage=&quot;DEVELOPMENT&quot;&gt;
  &lt;listeners&gt;
    &lt;listener class-name=&quot;com.parabank.ui.base.TestListner&quot;/&gt;
    &lt;listener class-name=&quot;com.parabank.ui.base.AnnotationTransformer&quot;/&gt;
  &lt;/listeners&gt;
  &lt;test thread-count=&quot;5&quot; parallel=&quot;classes&quot; name=&quot;Login&quot;&gt;
    &lt;classes&gt;
      &lt;class name=&quot;com.parabank.ui.tests.pos.POS_Login_Test&quot;/&gt;
      &lt;class name=&quot;com.parabank.ui.tests.pos.POS_Account_Test&quot;/&gt;
      &lt;class name=&quot;com.parabank.ui.tests.pos.POS_loanProcessingTest&quot;/&gt;
      &lt;class name=&quot;com.parabank.ui.tests.pos.POS_TransferFunds&quot;/&gt;
      &lt;class name=&quot;com.parabank.ui.tests.pos.POS_Transaction&quot;/&gt;
    &lt;/classes&gt;
  &lt;/test&gt; &lt;!-- Login --&gt;
  &lt;test thread-count=&quot;5&quot; parallel=&quot;methods&quot; name=&quot;Negative Tests&quot;&gt;
    &lt;classes&gt;
      &lt;class name=&quot;com.parabank.ui.tests.neg.NEG_loanProcessingTest&quot;/&gt;
      &lt;class name=&quot;com.parabank.ui.tests.neg.NEG_Login_Test&quot;/&gt;
    &lt;/classes&gt;
  &lt;/test&gt; &lt;!-- Negative Tests --&gt;
  &lt;test thread-count=&quot;5&quot; parallel=&quot;classes&quot; name=&quot;Account Settings&quot;&gt;
    &lt;classes&gt;
      &lt;class name=&quot;com.parabank.ui.tests.pos.POS_OpenNewAccount&quot;/&gt;
    &lt;/classes&gt;
  &lt;/test&gt; &lt;!-- Account Settings --&gt;
&lt;/suite&gt; &lt;!-- Suite --&gt;
            </pre>
          </div> <!-- main-panel-content rounded-window-bottom -->
        </div> <!-- panel -->
        <div panel-name="testlist-Suite" class="panel">
          <div class="main-panel-header rounded-window-top">
            <span class="header-content">Tests for Suite</span>
          </div> <!-- main-panel-header rounded-window-top -->
          <div class="main-panel-content rounded-window-bottom">
            <ul>
              <li>
                <span class="test-name">Login (5 classes)</span>
              </li>
              <li>
                <span class="test-name">Negative Tests (2 classes)</span>
              </li>
              <li>
                <span class="test-name">Account Settings (1 class)</span>
              </li>
            </ul>
          </div> <!-- main-panel-content rounded-window-bottom -->
        </div> <!-- panel -->
        <div panel-name="group-Suite" class="panel">
          <div class="main-panel-header rounded-window-top">
            <span class="header-content">Groups for Suite</span>
          </div> <!-- main-panel-header rounded-window-top -->
          <div class="main-panel-content rounded-window-bottom">
            <div class="test-group">
              <span class="test-group-name">mobile</span>
              <br/>
              <div class="method-in-group">
                <span class="method-in-group-name">login_registerUser</span>
                <br/>
              </div> <!-- method-in-group -->
            </div> <!-- test-group -->
            <div class="test-group">
              <span class="test-group-name">regression</span>
              <br/>
              <div class="method-in-group">
                <span class="method-in-group-name">NEG_loanProcessing_request</span>
                <br/>
              </div> <!-- method-in-group -->
              <div class="method-in-group">
                <span class="method-in-group-name">NEG_registerUserWithFirstNameBlank</span>
                <br/>
              </div> <!-- method-in-group -->
              <div class="method-in-group">
                <span class="method-in-group-name">NEG_registerUserWithLastNameBlank</span>
                <br/>
              </div> <!-- method-in-group -->
              <div class="method-in-group">
                <span class="method-in-group-name">login_user</span>
                <br/>
              </div> <!-- method-in-group -->
            </div> <!-- test-group -->
          </div> <!-- main-panel-content rounded-window-bottom -->
        </div> <!-- panel -->
        <div panel-name="times-Suite" class="panel">
          <div class="main-panel-header rounded-window-top">
            <span class="header-content">Times for Suite</span>
          </div> <!-- main-panel-header rounded-window-top -->
          <div class="main-panel-content rounded-window-bottom">
            <div class="times-div">
              <script type="text/javascript">
suiteTableInitFunctions.push('tableData_Suite');
function tableData_Suite() {
var data = new google.visualization.DataTable();
data.addColumn('number', 'Number');
data.addColumn('string', 'Method');
data.addColumn('string', 'Class');
data.addColumn('number', 'Time (ms)');
data.addRows(39);
data.setCell(0, 0, 0)
data.setCell(0, 1, 'loanProcessing_request')
data.setCell(0, 2, 'com.parabank.ui.tests.pos.POS_loanProcessingTest')
data.setCell(0, 3, 46219);
data.setCell(1, 0, 1)
data.setCell(1, 1, 'account_OpenNewAccount')
data.setCell(1, 2, 'com.parabank.ui.tests.pos.POS_Account_Test')
data.setCell(1, 3, 41345);
data.setCell(2, 0, 2)
data.setCell(2, 1, 'findTransactionByDate')
data.setCell(2, 2, 'com.parabank.ui.tests.pos.POS_Transaction')
data.setCell(2, 3, 39015);
data.setCell(3, 0, 3)
data.setCell(3, 1, 'verifyTransferFunds')
data.setCell(3, 2, 'com.parabank.ui.tests.pos.POS_TransferFunds')
data.setCell(3, 3, 36601);
data.setCell(4, 0, 4)
data.setCell(4, 1, 'findTransactionByDate')
data.setCell(4, 2, 'com.parabank.ui.tests.pos.POS_Transaction')
data.setCell(4, 3, 35167);
data.setCell(5, 0, 5)
data.setCell(5, 1, 'verifyTransferFunds')
data.setCell(5, 2, 'com.parabank.ui.tests.pos.POS_TransferFunds')
data.setCell(5, 3, 32247);
data.setCell(6, 0, 6)
data.setCell(6, 1, 'NEG_loanProcessing_request')
data.setCell(6, 2, 'com.parabank.ui.tests.neg.NEG_loanProcessingTest')
data.setCell(6, 3, 15874);
data.setCell(7, 0, 7)
data.setCell(7, 1, 'loanProcessing_request')
data.setCell(7, 2, 'com.parabank.ui.tests.pos.POS_loanProcessingTest')
data.setCell(7, 3, 15195);
data.setCell(8, 0, 8)
data.setCell(8, 1, 'NEG_registerUserWithConfirmPasswordBlank')
data.setCell(8, 2, 'com.parabank.ui.tests.neg.NEG_Login_Test')
data.setCell(8, 3, 12166);
data.setCell(9, 0, 9)
data.setCell(9, 1, 'NEG_registerUserWithCityBlank')
data.setCell(9, 2, 'com.parabank.ui.tests.neg.NEG_Login_Test')
data.setCell(9, 3, 11530);
data.setCell(10, 0, 10)
data.setCell(10, 1, 'NEG_loanProcessing_request')
data.setCell(10, 2, 'com.parabank.ui.tests.neg.NEG_loanProcessingTest')
data.setCell(10, 3, 10163);
data.setCell(11, 0, 11)
data.setCell(11, 1, 'account_checkNewAccountDettails')
data.setCell(11, 2, 'com.parabank.ui.tests.pos.POS_Account_Test')
data.setCell(11, 3, 10062);
data.setCell(12, 0, 12)
data.setCell(12, 1, 'verifyCustomiseInitialBalance')
data.setCell(12, 2, 'com.parabank.ui.tests.pos.POS_OpenNewAccount')
data.setCell(12, 3, 10018);
data.setCell(13, 0, 13)
data.setCell(13, 1, 'NEG_registerUserWithFirstNameBlank')
data.setCell(13, 2, 'com.parabank.ui.tests.neg.NEG_Login_Test')
data.setCell(13, 3, 9382);
data.setCell(14, 0, 14)
data.setCell(14, 1, 'NEG_registerUserWithLastNameBlank')
data.setCell(14, 2, 'com.parabank.ui.tests.neg.NEG_Login_Test')
data.setCell(14, 3, 7156);
data.setCell(15, 0, 15)
data.setCell(15, 1, 'verifyDefaultInitBalanceTest')
data.setCell(15, 2, 'com.parabank.ui.tests.pos.POS_OpenNewAccount')
data.setCell(15, 3, 7069);
data.setCell(16, 0, 16)
data.setCell(16, 1, 'NEG_registerUserWithUserNameBlank')
data.setCell(16, 2, 'com.parabank.ui.tests.neg.NEG_Login_Test')
data.setCell(16, 3, 7042);
data.setCell(17, 0, 17)
data.setCell(17, 1, 'NEG_registerUserWithAddressBlank')
data.setCell(17, 2, 'com.parabank.ui.tests.neg.NEG_Login_Test')
data.setCell(17, 3, 7003);
data.setCell(18, 0, 18)
data.setCell(18, 1, 'NEG_registerUserWithPasswordMismatch')
data.setCell(18, 2, 'com.parabank.ui.tests.neg.NEG_Login_Test')
data.setCell(18, 3, 6520);
data.setCell(19, 0, 19)
data.setCell(19, 1, 'checkUserFromDB')
data.setCell(19, 2, 'com.parabank.ui.tests.pos.POS_Login_Test')
data.setCell(19, 3, 6049);
data.setCell(20, 0, 20)
data.setCell(20, 1, 'NEG_registerUserWithStateBlank')
data.setCell(20, 2, 'com.parabank.ui.tests.neg.NEG_Login_Test')
data.setCell(20, 3, 5609);
data.setCell(21, 0, 21)
data.setCell(21, 1, 'NEG_registerUserWithzipCodeBlank')
data.setCell(21, 2, 'com.parabank.ui.tests.neg.NEG_Login_Test')
data.setCell(21, 3, 5314);
data.setCell(22, 0, 22)
data.setCell(22, 1, 'NEG_registerUserWithpasswordBlank')
data.setCell(22, 2, 'com.parabank.ui.tests.neg.NEG_Login_Test')
data.setCell(22, 3, 4805);
data.setCell(23, 0, 23)
data.setCell(23, 1, 'NEG_loanProcessing_request')
data.setCell(23, 2, 'com.parabank.ui.tests.neg.NEG_loanProcessingTest')
data.setCell(23, 3, 4682);
data.setCell(24, 0, 24)
data.setCell(24, 1, 'checkUserFromDB')
data.setCell(24, 2, 'com.parabank.ui.tests.pos.POS_Login_Test')
data.setCell(24, 3, 4076);
data.setCell(25, 0, 25)
data.setCell(25, 1, 'checkUserFromDB')
data.setCell(25, 2, 'com.parabank.ui.tests.pos.POS_Login_Test')
data.setCell(25, 3, 4066);
data.setCell(26, 0, 26)
data.setCell(26, 1, 'checkUserFromDB')
data.setCell(26, 2, 'com.parabank.ui.tests.pos.POS_Login_Test')
data.setCell(26, 3, 4054);
data.setCell(27, 0, 27)
data.setCell(27, 1, 'checkUserFromDB')
data.setCell(27, 2, 'com.parabank.ui.tests.pos.POS_Login_Test')
data.setCell(27, 3, 4052);
data.setCell(28, 0, 28)
data.setCell(28, 1, 'checkUserFromDB')
data.setCell(28, 2, 'com.parabank.ui.tests.pos.POS_Login_Test')
data.setCell(28, 3, 4028);
data.setCell(29, 0, 29)
data.setCell(29, 1, 'verifyMinBalanceTest')
data.setCell(29, 2, 'com.parabank.ui.tests.pos.POS_OpenNewAccount')
data.setCell(29, 3, 3186);
data.setCell(30, 0, 30)
data.setCell(30, 1, 'NEG_registerUserWithSSNBlank')
data.setCell(30, 2, 'com.parabank.ui.tests.neg.NEG_Login_Test')
data.setCell(30, 3, 3183);
data.setCell(31, 0, 31)
data.setCell(31, 1, 'verifyOpeningAccountWithOtherThanBaseAcct')
data.setCell(31, 2, 'com.parabank.ui.tests.pos.POS_OpenNewAccount')
data.setCell(31, 3, 2972);
data.setCell(32, 0, 32)
data.setCell(32, 1, 'NEG_loginWithInvalidUser')
data.setCell(32, 2, 'com.parabank.ui.tests.neg.NEG_Login_Test')
data.setCell(32, 3, 2278);
data.setCell(33, 0, 33)
data.setCell(33, 1, 'verifyCustomiseInitialBalance')
data.setCell(33, 2, 'com.parabank.ui.tests.pos.POS_OpenNewAccount')
data.setCell(33, 3, 656);
data.setCell(34, 0, 34)
data.setCell(34, 1, 'login_user')
data.setCell(34, 2, 'com.parabank.ui.tests.pos.POS_Login_Test')
data.setCell(34, 3, 445);
data.setCell(35, 0, 35)
data.setCell(35, 1, 'login_registerUser')
data.setCell(35, 2, 'com.parabank.ui.tests.pos.POS_Login_Test')
data.setCell(35, 3, 213);
data.setCell(36, 0, 36)
data.setCell(36, 1, 'login_registerUser')
data.setCell(36, 2, 'com.parabank.ui.tests.pos.POS_Login_Test')
data.setCell(36, 3, 105);
data.setCell(37, 0, 37)
data.setCell(37, 1, 'login_registerUser')
data.setCell(37, 2, 'com.parabank.ui.tests.pos.POS_Login_Test')
data.setCell(37, 3, 48);
data.setCell(38, 0, 38)
data.setCell(38, 1, 'verifyOpeningSavingsAcct')
data.setCell(38, 2, 'com.parabank.ui.tests.pos.POS_OpenNewAccount')
data.setCell(38, 3, 0);
window.suiteTableData['Suite']= { tableData: data, tableDiv: 'times-div-Suite'}
return data;
}
              </script>
              <span class="suite-total-time">Total running time: 6 minutes</span>
              <div id="times-div-Suite">
              </div> <!-- times-div-Suite -->
            </div> <!-- times-div -->
          </div> <!-- main-panel-content rounded-window-bottom -->
        </div> <!-- panel -->
        <div panel-name="reporter-Suite" class="panel">
          <div class="main-panel-header rounded-window-top">
            <span class="header-content">Reporter output for Suite</span>
          </div> <!-- main-panel-header rounded-window-top -->
          <div class="main-panel-content rounded-window-bottom">
          </div> <!-- main-panel-content rounded-window-bottom -->
        </div> <!-- panel -->
        <div panel-name="ignored-methods-Suite" class="panel">
          <div class="main-panel-header rounded-window-top">
            <span class="header-content">10 ignored methods</span>
          </div> <!-- main-panel-header rounded-window-top -->
          <div class="main-panel-content rounded-window-bottom">
            <div class="ignored-class-div">
              <span class="ignored-class-name">com.parabank.ui.tests.pos.POS_Account_Test</span>
              <div class="ignored-methods-div">
                <span class="ignored-method-name">tearDownSetup</span>
                <br/>
                <span class="ignored-method-name">globalSetup</span>
                <br/>
              </div> <!-- ignored-methods-div -->
            </div> <!-- ignored-class-div -->
            <div class="ignored-class-div">
              <span class="ignored-class-name">com.parabank.ui.tests.pos.POS_Transaction</span>
              <div class="ignored-methods-div">
                <span class="ignored-method-name">globalSetup</span>
                <br/>
                <span class="ignored-method-name">tearDownSetup</span>
                <br/>
              </div> <!-- ignored-methods-div -->
            </div> <!-- ignored-class-div -->
            <div class="ignored-class-div">
              <span class="ignored-class-name">com.parabank.ui.tests.pos.POS_TransferFunds</span>
              <div class="ignored-methods-div">
                <span class="ignored-method-name">globalSetup</span>
                <br/>
                <span class="ignored-method-name">tearDownSetup</span>
                <br/>
              </div> <!-- ignored-methods-div -->
            </div> <!-- ignored-class-div -->
            <div class="ignored-class-div">
              <span class="ignored-class-name">com.parabank.ui.tests.neg.NEG_Login_Test</span>
              <div class="ignored-methods-div">
                <span class="ignored-method-name">globalSetup</span>
                <br/>
                <span class="ignored-method-name">tearDownSetup</span>
                <br/>
              </div> <!-- ignored-methods-div -->
            </div> <!-- ignored-class-div -->
            <div class="ignored-class-div">
              <span class="ignored-class-name">com.parabank.ui.tests.pos.POS_loanProcessingTest</span>
              <div class="ignored-methods-div">
                <span class="ignored-method-name">tearDownSetup</span>
                <br/>
                <span class="ignored-method-name">globalSetup</span>
                <br/>
              </div> <!-- ignored-methods-div -->
            </div> <!-- ignored-class-div -->
          </div> <!-- main-panel-content rounded-window-bottom -->
        </div> <!-- panel -->
        <div panel-name="chronological-Suite" class="panel">
          <div class="main-panel-header rounded-window-top">
            <span class="header-content">Methods in chronological order</span>
          </div> <!-- main-panel-header rounded-window-top -->
          <div class="main-panel-content rounded-window-bottom">
            <div class="chronological-class">
              <div class="chronological-class-name">com.parabank.ui.tests.pos.POS_OpenNewAccount</div> <!-- chronological-class-name -->
              <div class="configuration-suite before">
                <span class="method-name">globalSetup</span>
                <span class="method-start">0 ms</span>
              </div> <!-- configuration-suite before -->
            </div> <!-- chronological-class -->
            <div class="chronological-class">
              <div class="chronological-class-name">com.parabank.ui.tests.pos.POS_loanProcessingTest</div> <!-- chronological-class-name -->
              <div class="configuration-method before">
                <span class="method-name">webDriverSetUp</span>
                <span class="method-start">1633 ms</span>
              </div> <!-- configuration-method before -->
            </div> <!-- chronological-class -->
            <div class="chronological-class">
              <div class="chronological-class-name">com.parabank.ui.tests.pos.POS_Account_Test</div> <!-- chronological-class-name -->
              <div class="configuration-method before">
                <span class="method-name">webDriverSetUp</span>
                <span class="method-start">1633 ms</span>
              </div> <!-- configuration-method before -->
            </div> <!-- chronological-class -->
            <div class="chronological-class">
              <div class="chronological-class-name">com.parabank.ui.tests.pos.POS_TransferFunds</div> <!-- chronological-class-name -->
              <div class="configuration-method before">
                <span class="method-name">webDriverSetUp</span>
                <span class="method-start">1633 ms</span>
              </div> <!-- configuration-method before -->
            </div> <!-- chronological-class -->
            <div class="chronological-class">
              <div class="chronological-class-name">com.parabank.ui.tests.pos.POS_Transaction</div> <!-- chronological-class-name -->
              <div class="configuration-method before">
                <span class="method-name">webDriverSetUp</span>
                <span class="method-start">1634 ms</span>
              </div> <!-- configuration-method before -->
            </div> <!-- chronological-class -->
            <div class="chronological-class">
              <div class="chronological-class-name">com.parabank.ui.tests.pos.POS_Login_Test</div> <!-- chronological-class-name -->
              <div class="configuration-method before">
                <span class="method-name">webDriverSetUp</span>
                <span class="method-start">1634 ms</span>
              </div> <!-- configuration-method before -->
            </div> <!-- chronological-class -->
            <div class="chronological-class">
              <div class="chronological-class-name">com.parabank.ui.tests.pos.POS_Account_Test</div> <!-- chronological-class-name -->
              <div class="test-method">
                <span class="method-name">account_OpenNewAccount</span>
                <span class="method-start">23459 ms</span>
              </div> <!-- test-method -->
            </div> <!-- chronological-class -->
            <div class="chronological-class">
              <div class="chronological-class-name">com.parabank.ui.tests.pos.POS_Login_Test</div> <!-- chronological-class-name -->
              <div class="test-method">
                <span class="method-name">checkUserFromDB(User1)</span>
                <span class="method-start">27482 ms</span>
              </div> <!-- test-method -->
            </div> <!-- chronological-class -->
            <div class="chronological-class">
              <div class="chronological-class-name">com.parabank.ui.tests.pos.POS_loanProcessingTest</div> <!-- chronological-class-name -->
              <div class="test-method">
                <span class="method-name">loanProcessing_request</span>
                <span class="method-start">27900 ms</span>
              </div> <!-- test-method -->
            </div> <!-- chronological-class -->
            <div class="chronological-class">
              <div class="chronological-class-name">com.parabank.ui.tests.pos.POS_Transaction</div> <!-- chronological-class-name -->
              <div class="test-method">
                <span class="method-name">findTransactionByDate(org.testng.TestRunner@281a5517)</span>
                <span class="method-start">28020 ms</span>
              </div> <!-- test-method -->
            </div> <!-- chronological-class -->
            <div class="chronological-class">
              <div class="chronological-class-name">com.parabank.ui.tests.pos.POS_TransferFunds</div> <!-- chronological-class-name -->
              <div class="test-method">
                <span class="method-name">verifyTransferFunds</span>
                <span class="method-start">28662 ms</span>
              </div> <!-- test-method -->
            </div> <!-- chronological-class -->
            <div class="chronological-class">
              <div class="chronological-class-name">com.parabank.ui.tests.pos.POS_Login_Test</div> <!-- chronological-class-name -->
              <div class="configuration-method after">
                <span class="method-name">tearDown</span>
                <span class="method-start">34308 ms</span>
              </div> <!-- configuration-method after -->
              <div class="configuration-method before">
                <span class="method-name">webDriverSetUp</span>
                <span class="method-start">46856 ms</span>
              </div> <!-- configuration-method before -->
              <div class="test-method">
                <span class="method-name">checkUserFromDB(User1)</span>
                <span class="method-start">51911 ms</span>
              </div> <!-- test-method -->
              <div class="configuration-method after">
                <span class="method-name">tearDown</span>
                <span class="method-start">56026 ms</span>
              </div> <!-- configuration-method after -->
              <div class="configuration-method before">
                <span class="method-name">webDriverSetUp</span>
                <span class="method-start">56535 ms</span>
              </div> <!-- configuration-method before -->
              <div class="test-method">
                <img src="failed.png">
                </img>
                <span class="method-name">checkUserFromDB(User1)</span>
                <span class="method-start">59692 ms</span>
              </div> <!-- test-method -->
            </div> <!-- chronological-class -->
            <div class="chronological-class">
              <div class="chronological-class-name">com.parabank.ui.tests.pos.POS_TransferFunds</div> <!-- chronological-class-name -->
              <div class="configuration-method after">
                <span class="method-name">tearDown</span>
                <span class="method-start">60941 ms</span>
              </div> <!-- configuration-method after -->
              <div class="configuration-method before">
                <span class="method-name">webDriverSetUp</span>
                <span class="method-start">63547 ms</span>
              </div> <!-- configuration-method before -->
            </div> <!-- chronological-class -->
            <div class="chronological-class">
              <div class="chronological-class-name">com.parabank.ui.tests.pos.POS_Account_Test</div> <!-- chronological-class-name -->
              <div class="configuration-method after">
                <span class="method-name">tearDown</span>
                <span class="method-start">65168 ms</span>
              </div> <!-- configuration-method after -->
            </div> <!-- chronological-class -->
            <div class="chronological-class">
              <div class="chronological-class-name">com.parabank.ui.tests.pos.POS_Login_Test</div> <!-- chronological-class-name -->
              <div class="configuration-method after">
                <span class="method-name">tearDown</span>
                <span class="method-start">65552 ms</span>
              </div> <!-- configuration-method after -->
            </div> <!-- chronological-class -->
            <div class="chronological-class">
              <div class="chronological-class-name">com.parabank.ui.tests.pos.POS_TransferFunds</div> <!-- chronological-class-name -->
              <div class="test-method">
                <span class="method-name">verifyTransferFunds</span>
                <span class="method-start">66617 ms</span>
              </div> <!-- test-method -->
            </div> <!-- chronological-class -->
            <div class="chronological-class">
              <div class="chronological-class-name">com.parabank.ui.tests.pos.POS_Transaction</div> <!-- chronological-class-name -->
              <div class="configuration-method after">
                <span class="method-name">tearDown</span>
                <span class="method-start">67054 ms</span>
              </div> <!-- configuration-method after -->
            </div> <!-- chronological-class -->
            <div class="chronological-class">
              <div class="chronological-class-name">com.parabank.ui.tests.pos.POS_Account_Test</div> <!-- chronological-class-name -->
              <div class="configuration-method before">
                <span class="method-name">webDriverSetUp</span>
                <span class="method-start">68636 ms</span>
              </div> <!-- configuration-method before -->
            </div> <!-- chronological-class -->
            <div class="chronological-class">
              <div class="chronological-class-name">com.parabank.ui.tests.pos.POS_Login_Test</div> <!-- chronological-class-name -->
              <div class="configuration-method before">
                <span class="method-name">webDriverSetUp</span>
                <span class="method-start">68987 ms</span>
              </div> <!-- configuration-method before -->
            </div> <!-- chronological-class -->
            <div class="chronological-class">
              <div class="chronological-class-name">com.parabank.ui.tests.pos.POS_Transaction</div> <!-- chronological-class-name -->
              <div class="configuration-method before">
                <span class="method-name">webDriverSetUp</span>
                <span class="method-start">69236 ms</span>
              </div> <!-- configuration-method before -->
            </div> <!-- chronological-class -->
            <div class="chronological-class">
              <div class="chronological-class-name">com.parabank.ui.tests.pos.POS_Account_Test</div> <!-- chronological-class-name -->
              <div class="test-method">
                <span class="method-name">account_checkNewAccountDettails</span>
                <span class="method-start">73518 ms</span>
              </div> <!-- test-method -->
            </div> <!-- chronological-class -->
            <div class="chronological-class">
              <div class="chronological-class-name">com.parabank.ui.tests.pos.POS_loanProcessingTest</div> <!-- chronological-class-name -->
              <div class="configuration-method after">
                <span class="method-name">tearDown</span>
                <span class="method-start">74188 ms</span>
              </div> <!-- configuration-method after -->
            </div> <!-- chronological-class -->
            <div class="chronological-class">
              <div class="chronological-class-name">com.parabank.ui.tests.pos.POS_Login_Test</div> <!-- chronological-class-name -->
              <div class="test-method">
                <span class="method-name">checkUserFromDB(User2)</span>
                <span class="method-start">74525 ms</span>
              </div> <!-- test-method -->
            </div> <!-- chronological-class -->
            <div class="chronological-class">
              <div class="chronological-class-name">com.parabank.ui.tests.pos.POS_Transaction</div> <!-- chronological-class-name -->
              <div class="test-method">
                <span class="method-name">findTransactionByDate(org.testng.TestRunner@281a5517)</span>
                <span class="method-start">74849 ms</span>
              </div> <!-- test-method -->
            </div> <!-- chronological-class -->
            <div class="chronological-class">
              <div class="chronological-class-name">com.parabank.ui.tests.pos.POS_Login_Test</div> <!-- chronological-class-name -->
              <div class="configuration-method after">
                <span class="method-name">tearDown</span>
                <span class="method-start">78658 ms</span>
              </div> <!-- configuration-method after -->
            </div> <!-- chronological-class -->
            <div class="chronological-class">
              <div class="chronological-class-name">com.parabank.ui.tests.pos.POS_Account_Test</div> <!-- chronological-class-name -->
              <div class="configuration-method after">
                <span class="method-name">tearDown</span>
                <span class="method-start">83601 ms</span>
              </div> <!-- configuration-method after -->
            </div> <!-- chronological-class -->
            <div class="chronological-class">
              <div class="chronological-class-name">com.parabank.ui.tests.pos.POS_Login_Test</div> <!-- chronological-class-name -->
              <div class="configuration-method before">
                <span class="method-name">webDriverSetUp</span>
                <span class="method-start">85824 ms</span>
              </div> <!-- configuration-method before -->
            </div> <!-- chronological-class -->
            <div class="chronological-class">
              <div class="chronological-class-name">com.parabank.ui.tests.pos.POS_loanProcessingTest</div> <!-- chronological-class-name -->
              <div class="configuration-method before">
                <span class="method-name">webDriverSetUp</span>
                <span class="method-start">86163 ms</span>
              </div> <!-- configuration-method before -->
            </div> <!-- chronological-class -->
            <div class="chronological-class">
              <div class="chronological-class-name">com.parabank.ui.tests.pos.POS_Login_Test</div> <!-- chronological-class-name -->
              <div class="test-method">
                <span class="method-name">checkUserFromDB(User2)</span>
                <span class="method-start">90593 ms</span>
              </div> <!-- test-method -->
            </div> <!-- chronological-class -->
            <div class="chronological-class">
              <div class="chronological-class-name">com.parabank.ui.tests.pos.POS_loanProcessingTest</div> <!-- chronological-class-name -->
              <div class="test-method">
                <span class="method-name">loanProcessing_request</span>
                <span class="method-start">91329 ms</span>
              </div> <!-- test-method -->
            </div> <!-- chronological-class -->
            <div class="chronological-class">
              <div class="chronological-class-name">com.parabank.ui.tests.pos.POS_Login_Test</div> <!-- chronological-class-name -->
              <div class="configuration-method after">
                <span class="method-name">tearDown</span>
                <span class="method-start">94670 ms</span>
              </div> <!-- configuration-method after -->
              <div class="configuration-method before">
                <span class="method-name">webDriverSetUp</span>
                <span class="method-start">99019 ms</span>
              </div> <!-- configuration-method before -->
              <div class="test-method">
                <img src="failed.png">
                </img>
                <span class="method-name">checkUserFromDB(User2)</span>
                <span class="method-start">102565 ms</span>
              </div> <!-- test-method -->
            </div> <!-- chronological-class -->
            <div class="chronological-class">
              <div class="chronological-class-name">com.parabank.ui.tests.pos.POS_TransferFunds</div> <!-- chronological-class-name -->
              <div class="configuration-method after">
                <span class="method-name">tearDown</span>
                <span class="method-start">103234 ms</span>
              </div> <!-- configuration-method after -->
            </div> <!-- chronological-class -->
            <div class="chronological-class">
              <div class="chronological-class-name">com.parabank.ui.tests.pos.POS_loanProcessingTest</div> <!-- chronological-class-name -->
              <div class="configuration-method after">
                <img src="failed.png">
                </img>
                <span class="method-name">tearDown</span>
                <span class="method-start">106553 ms</span>
              </div> <!-- configuration-method after -->
            </div> <!-- chronological-class -->
            <div class="chronological-class">
              <div class="chronological-class-name">com.parabank.ui.tests.pos.POS_Login_Test</div> <!-- chronological-class-name -->
              <div class="configuration-method after">
                <span class="method-name">tearDown</span>
                <span class="method-start">106932 ms</span>
              </div> <!-- configuration-method after -->
              <div class="configuration-method before">
                <span class="method-name">webDriverSetUp</span>
                <span class="method-start">109283 ms</span>
              </div> <!-- configuration-method before -->
            </div> <!-- chronological-class -->
            <div class="chronological-class">
              <div class="chronological-class-name">com.parabank.ui.tests.pos.POS_Transaction</div> <!-- chronological-class-name -->
              <div class="configuration-method after">
                <span class="method-name">tearDown</span>
                <span class="method-start">110044 ms</span>
              </div> <!-- configuration-method after -->
            </div> <!-- chronological-class -->
            <div class="chronological-class">
              <div class="chronological-class-name">com.parabank.ui.tests.pos.POS_Login_Test</div> <!-- chronological-class-name -->
              <div class="test-method">
                <span class="method-name">login_registerUser</span>
                <span class="method-start">111763 ms</span>
              </div> <!-- test-method -->
              <div class="configuration-method after">
                <span class="method-name">tearDown</span>
                <span class="method-start">111833 ms</span>
              </div> <!-- configuration-method after -->
              <div class="configuration-method before">
                <span class="method-name">webDriverSetUp</span>
                <span class="method-start">112363 ms</span>
              </div> <!-- configuration-method before -->
              <div class="test-method">
                <span class="method-name">login_registerUser</span>
                <span class="method-start">114298 ms</span>
              </div> <!-- test-method -->
              <div class="configuration-method after">
                <span class="method-name">tearDown</span>
                <span class="method-start">114579 ms</span>
              </div> <!-- configuration-method after -->
              <div class="configuration-method before">
                <span class="method-name">webDriverSetUp</span>
                <span class="method-start">114965 ms</span>
              </div> <!-- configuration-method before -->
              <div class="test-method">
                <img src="failed.png">
                </img>
                <span class="method-name">login_registerUser</span>
                <span class="method-start">116846 ms</span>
              </div> <!-- test-method -->
              <div class="configuration-method after">
                <span class="method-name">tearDown</span>
                <span class="method-start">117216 ms</span>
              </div> <!-- configuration-method after -->
              <div class="configuration-method before">
                <span class="method-name">webDriverSetUp</span>
                <span class="method-start">117530 ms</span>
              </div> <!-- configuration-method before -->
              <div class="test-method">
                <span class="method-name">login_user</span>
                <span class="method-start">119638 ms</span>
              </div> <!-- test-method -->
              <div class="configuration-method after">
                <span class="method-name">tearDown</span>
                <span class="method-start">120095 ms</span>
              </div> <!-- configuration-method after -->
            </div> <!-- chronological-class -->
            <div class="chronological-class">
              <div class="chronological-class-name">com.parabank.ui.tests.neg.NEG_Login_Test</div> <!-- chronological-class-name -->
              <div class="configuration-method before">
                <span class="method-name">webDriverSetUp</span>
                <span class="method-start">121036 ms</span>
              </div> <!-- configuration-method before -->
              <div class="configuration-method before">
                <span class="method-name">webDriverSetUp</span>
                <span class="method-start">121036 ms</span>
              </div> <!-- configuration-method before -->
            </div> <!-- chronological-class -->
            <div class="chronological-class">
              <div class="chronological-class-name">com.parabank.ui.tests.neg.NEG_loanProcessingTest</div> <!-- chronological-class-name -->
              <div class="configuration-method before">
                <span class="method-name">webDriverSetUp</span>
                <span class="method-start">121036 ms</span>
              </div> <!-- configuration-method before -->
            </div> <!-- chronological-class -->
            <div class="chronological-class">
              <div class="chronological-class-name">com.parabank.ui.tests.neg.NEG_Login_Test</div> <!-- chronological-class-name -->
              <div class="configuration-method before">
                <span class="method-name">webDriverSetUp</span>
                <span class="method-start">121036 ms</span>
              </div> <!-- configuration-method before -->
              <div class="configuration-method before">
                <span class="method-name">webDriverSetUp</span>
                <span class="method-start">121037 ms</span>
              </div> <!-- configuration-method before -->
              <div class="test-method">
                <span class="method-name">NEG_registerUserWithCityBlank</span>
                <span class="method-start">127489 ms</span>
              </div> <!-- test-method -->
              <div class="test-method">
                <span class="method-name">NEG_loginWithInvalidUser</span>
                <span class="method-start">127710 ms</span>
              </div> <!-- test-method -->
              <div class="test-method">
                <span class="method-name">NEG_registerUserWithConfirmPasswordBlank</span>
                <span class="method-start">127870 ms</span>
              </div> <!-- test-method -->
            </div> <!-- chronological-class -->
            <div class="chronological-class">
              <div class="chronological-class-name">com.parabank.ui.tests.neg.NEG_loanProcessingTest</div> <!-- chronological-class-name -->
              <div class="test-method">
                <span class="method-name">NEG_loanProcessing_request</span>
                <span class="method-start">128660 ms</span>
              </div> <!-- test-method -->
            </div> <!-- chronological-class -->
            <div class="chronological-class">
              <div class="chronological-class-name">com.parabank.ui.tests.neg.NEG_Login_Test</div> <!-- chronological-class-name -->
              <div class="test-method">
                <span class="method-name">NEG_registerUserWithAddressBlank</span>
                <span class="method-start">129992 ms</span>
              </div> <!-- test-method -->
              <div class="configuration-method after">
                <span class="method-name">tearDown</span>
                <span class="method-start">130012 ms</span>
              </div> <!-- configuration-method after -->
              <div class="configuration-method after">
                <span class="method-name">tearDown</span>
                <span class="method-start">137018 ms</span>
              </div> <!-- configuration-method after -->
              <div class="configuration-method before">
                <span class="method-name">webDriverSetUp</span>
                <span class="method-start">138728 ms</span>
              </div> <!-- configuration-method before -->
              <div class="configuration-method after">
                <span class="method-name">tearDown</span>
                <span class="method-start">139047 ms</span>
              </div> <!-- configuration-method after -->
              <div class="configuration-method after">
                <span class="method-name">tearDown</span>
                <span class="method-start">140066 ms</span>
              </div> <!-- configuration-method after -->
              <div class="test-method">
                <span class="method-name">NEG_registerUserWithFirstNameBlank</span>
                <span class="method-start">142617 ms</span>
              </div> <!-- test-method -->
              <div class="configuration-method before">
                <span class="method-name">webDriverSetUp</span>
                <span class="method-start">142793 ms</span>
              </div> <!-- configuration-method before -->
              <div class="configuration-method before">
                <span class="method-name">webDriverSetUp</span>
                <span class="method-start">142866 ms</span>
              </div> <!-- configuration-method before -->
            </div> <!-- chronological-class -->
            <div class="chronological-class">
              <div class="chronological-class-name">com.parabank.ui.tests.neg.NEG_loanProcessingTest</div> <!-- chronological-class-name -->
              <div class="configuration-method after">
                <span class="method-name">tearDown</span>
                <span class="method-start">144566 ms</span>
              </div> <!-- configuration-method after -->
            </div> <!-- chronological-class -->
            <div class="chronological-class">
              <div class="chronological-class-name">com.parabank.ui.tests.neg.NEG_Login_Test</div> <!-- chronological-class-name -->
              <div class="test-method">
                <span class="method-name">NEG_registerUserWithLastNameBlank</span>
                <span class="method-start">147604 ms</span>
              </div> <!-- test-method -->
              <div class="test-method">
                <span class="method-name">NEG_registerUserWithPasswordMismatch</span>
                <span class="method-start">147840 ms</span>
              </div> <!-- test-method -->
              <div class="configuration-method after">
                <span class="method-name">tearDown</span>
                <span class="method-start">152024 ms</span>
              </div> <!-- configuration-method after -->
              <div class="configuration-method after">
                <span class="method-name">tearDown</span>
                <span class="method-start">154397 ms</span>
              </div> <!-- configuration-method after -->
              <div class="configuration-method after">
                <span class="method-name">tearDown</span>
                <span class="method-start">154783 ms</span>
              </div> <!-- configuration-method after -->
              <div class="configuration-method before">
                <span class="method-name">webDriverSetUp</span>
                <span class="method-start">156067 ms</span>
              </div> <!-- configuration-method before -->
              <div class="test-method">
                <span class="method-name">NEG_registerUserWithSSNBlank</span>
                <span class="method-start">159634 ms</span>
              </div> <!-- test-method -->
              <div class="configuration-method after">
                <span class="method-name">tearDown</span>
                <span class="method-start">162827 ms</span>
              </div> <!-- configuration-method after -->
            </div> <!-- chronological-class -->
            <div class="chronological-class">
              <div class="chronological-class-name">com.parabank.ui.tests.neg.NEG_loanProcessingTest</div> <!-- chronological-class-name -->
              <div class="configuration-method before">
                <span class="method-name">webDriverSetUp</span>
                <span class="method-start">162978 ms</span>
              </div> <!-- configuration-method before -->
            </div> <!-- chronological-class -->
            <div class="chronological-class">
              <div class="chronological-class-name">com.parabank.ui.tests.neg.NEG_Login_Test</div> <!-- chronological-class-name -->
              <div class="configuration-method before">
                <span class="method-name">webDriverSetUp</span>
                <span class="method-start">163784 ms</span>
              </div> <!-- configuration-method before -->
              <div class="configuration-method before">
                <span class="method-name">webDriverSetUp</span>
                <span class="method-start">164196 ms</span>
              </div> <!-- configuration-method before -->
            </div> <!-- chronological-class -->
            <div class="chronological-class">
              <div class="chronological-class-name">com.parabank.ui.tests.neg.NEG_loanProcessingTest</div> <!-- chronological-class-name -->
              <div class="test-method">
                <span class="method-name">NEG_loanProcessing_request</span>
                <span class="method-start">166684 ms</span>
              </div> <!-- test-method -->
            </div> <!-- chronological-class -->
            <div class="chronological-class">
              <div class="chronological-class-name">com.parabank.ui.tests.neg.NEG_Login_Test</div> <!-- chronological-class-name -->
              <div class="test-method">
                <span class="method-name">NEG_registerUserWithStateBlank</span>
                <span class="method-start">168172 ms</span>
              </div> <!-- test-method -->
              <div class="test-method">
                <span class="method-name">NEG_registerUserWithUserNameBlank</span>
                <span class="method-start">169551 ms</span>
              </div> <!-- test-method -->
              <div class="configuration-method after">
                <span class="method-name">tearDown</span>
                <span class="method-start">173807 ms</span>
              </div> <!-- configuration-method after -->
              <div class="configuration-method after">
                <span class="method-name">tearDown</span>
                <span class="method-start">176602 ms</span>
              </div> <!-- configuration-method after -->
            </div> <!-- chronological-class -->
            <div class="chronological-class">
              <div class="chronological-class-name">com.parabank.ui.tests.neg.NEG_loanProcessingTest</div> <!-- chronological-class-name -->
              <div class="configuration-method after">
                <span class="method-name">tearDown</span>
                <span class="method-start">176863 ms</span>
              </div> <!-- configuration-method after -->
            </div> <!-- chronological-class -->
            <div class="chronological-class">
              <div class="chronological-class-name">com.parabank.ui.tests.neg.NEG_Login_Test</div> <!-- chronological-class-name -->
              <div class="configuration-method before">
                <span class="method-name">webDriverSetUp</span>
                <span class="method-start">177344 ms</span>
              </div> <!-- configuration-method before -->
              <div class="test-method">
                <span class="method-name">NEG_registerUserWithpasswordBlank</span>
                <span class="method-start">180028 ms</span>
              </div> <!-- test-method -->
              <div class="configuration-method before">
                <span class="method-name">webDriverSetUp</span>
                <span class="method-start">180121 ms</span>
              </div> <!-- configuration-method before -->
              <div class="test-method">
                <span class="method-name">NEG_registerUserWithzipCodeBlank</span>
                <span class="method-start">183591 ms</span>
              </div> <!-- test-method -->
            </div> <!-- chronological-class -->
            <div class="chronological-class">
              <div class="chronological-class-name">com.parabank.ui.tests.neg.NEG_loanProcessingTest</div> <!-- chronological-class-name -->
              <div class="configuration-method before">
                <span class="method-name">webDriverSetUp</span>
                <span class="method-start">184172 ms</span>
              </div> <!-- configuration-method before -->
            </div> <!-- chronological-class -->
            <div class="chronological-class">
              <div class="chronological-class-name">com.parabank.ui.tests.neg.NEG_Login_Test</div> <!-- chronological-class-name -->
              <div class="configuration-method after">
                <span class="method-name">tearDown</span>
                <span class="method-start">184842 ms</span>
              </div> <!-- configuration-method after -->
            </div> <!-- chronological-class -->
            <div class="chronological-class">
              <div class="chronological-class-name">com.parabank.ui.tests.neg.NEG_loanProcessingTest</div> <!-- chronological-class-name -->
              <div class="test-method">
                <img src="failed.png">
                </img>
                <span class="method-name">NEG_loanProcessing_request</span>
                <span class="method-start">186926 ms</span>
              </div> <!-- test-method -->
            </div> <!-- chronological-class -->
            <div class="chronological-class">
              <div class="chronological-class-name">com.parabank.ui.tests.neg.NEG_Login_Test</div> <!-- chronological-class-name -->
              <div class="configuration-method after">
                <span class="method-name">tearDown</span>
                <span class="method-start">188914 ms</span>
              </div> <!-- configuration-method after -->
            </div> <!-- chronological-class -->
            <div class="chronological-class">
              <div class="chronological-class-name">com.parabank.ui.tests.neg.NEG_loanProcessingTest</div> <!-- chronological-class-name -->
              <div class="configuration-method after">
                <span class="method-name">tearDown</span>
                <span class="method-start">193340 ms</span>
              </div> <!-- configuration-method after -->
            </div> <!-- chronological-class -->
            <div class="chronological-class">
              <div class="chronological-class-name">com.parabank.ui.tests.pos.POS_OpenNewAccount</div> <!-- chronological-class-name -->
              <div class="configuration-method before">
                <span class="method-name">webDriverSetUp</span>
                <span class="method-start">193893 ms</span>
              </div> <!-- configuration-method before -->
              <div class="test-method">
                <span class="method-name">verifyCustomiseInitialBalance</span>
                <span class="method-start">196423 ms</span>
              </div> <!-- test-method -->
              <div class="configuration-method after">
                <span class="method-name">tearDown</span>
                <span class="method-start">197098 ms</span>
              </div> <!-- configuration-method after -->
              <div class="configuration-method before">
                <span class="method-name">webDriverSetUp</span>
                <span class="method-start">197881 ms</span>
              </div> <!-- configuration-method before -->
              <div class="test-method">
                <span class="method-name">verifyCustomiseInitialBalance</span>
                <span class="method-start">200538 ms</span>
              </div> <!-- test-method -->
              <div class="configuration-method after">
                <span class="method-name">tearDown</span>
                <span class="method-start">210564 ms</span>
              </div> <!-- configuration-method after -->
              <div class="configuration-method before">
                <span class="method-name">webDriverSetUp</span>
                <span class="method-start">211137 ms</span>
              </div> <!-- configuration-method before -->
              <div class="test-method">
                <span class="method-name">verifyMinBalanceTest</span>
                <span class="method-start">213756 ms</span>
              </div> <!-- test-method -->
              <div class="configuration-method after">
                <span class="method-name">tearDown</span>
                <span class="method-start">216960 ms</span>
              </div> <!-- configuration-method after -->
              <div class="configuration-method before">
                <span class="method-name">webDriverSetUp</span>
                <span class="method-start">217297 ms</span>
              </div> <!-- configuration-method before -->
              <div class="test-method">
                <span class="method-name">verifyOpeningAccountWithOtherThanBaseAcct</span>
                <span class="method-start">219412 ms</span>
              </div> <!-- test-method -->
              <div class="configuration-method after">
                <span class="method-name">tearDown</span>
                <span class="method-start">222408 ms</span>
              </div> <!-- configuration-method after -->
              <div class="configuration-method before">
                <span class="method-name">webDriverSetUp</span>
                <span class="method-start">222803 ms</span>
              </div> <!-- configuration-method before -->
              <div class="test-method">
                <span class="method-name">verifyDefaultInitBalanceTest</span>
                <span class="method-start">225158 ms</span>
              </div> <!-- test-method -->
              <div class="configuration-method after">
                <span class="method-name">tearDown</span>
                <span class="method-start">232244 ms</span>
              </div> <!-- configuration-method after -->
              <div class="configuration-suite after">
                <img src="failed.png">
                </img>
                <span class="method-name">tearDownSetup</span>
                <span class="method-start">232799 ms</span>
              </div> <!-- configuration-suite after -->
          </div> <!-- main-panel-content rounded-window-bottom -->
        </div> <!-- panel -->
      </div> <!-- main-panel-root -->
    </div> <!-- wrapper -->
  </body>
<script type="text/javascript" src="testng-reports2.js"></script>
</html>
