<?xml version="1.0" encoding="UTF-8"?>
<testng-results retried="12" ignored="0" total="39" passed="22" failed="5" skipped="0">
  <reporter-output>
  </reporter-output>
  <suite started-at="2026-02-06T13:31:32 EST" name="Suite" finished-at="2026-02-06T13:35:23 EST" duration-ms="231031">
    <groups>
      <group name="regression">
        <method signature="POS_Login_Test.login_user()[pri:2, instance:com.parabank.ui.tests.pos.POS_Login_Test@1eef9aef]" name="login_user" class="com.parabank.ui.tests.pos.POS_Login_Test"/>
        <method signature="NEG_Login_Test.NEG_registerUserWithFirstNameBlank()[pri:0, instance:com.parabank.ui.tests.neg.NEG_Login_Test@1b5bc39d]" name="NEG_registerUserWithFirstNameBlank" class="com.parabank.ui.tests.neg.NEG_Login_Test"/>
        <method signature="NEG_Login_Test.NEG_registerUserWithLastNameBlank()[pri:0, instance:com.parabank.ui.tests.neg.NEG_Login_Test@1b5bc39d]" name="NEG_registerUserWithLastNameBlank" class="com.parabank.ui.tests.neg.NEG_Login_Test"/>
        <method signature="NEG_loanProcessingTest.NEG_loanProcessing_request()[pri:0, instance:com.parabank.ui.tests.neg.NEG_loanProcessingTest@bc57b40]" name="NEG_loanProcessing_request" class="com.parabank.ui.tests.neg.NEG_loanProcessingTest"/>
      </group> <!-- regression -->
      <group name="mobile">
        <method signature="POS_Login_Test.login_registerUser()[pri:1, instance:com.parabank.ui.tests.pos.POS_Login_Test@1eef9aef]" name="login_registerUser" class="com.parabank.ui.tests.pos.POS_Login_Test"/>
      </group> <!-- mobile -->
    </groups>
    <test started-at="2026-02-06T13:31:32 EST" name="Login" finished-at="2026-02-06T13:33:31 EST" duration-ms="118890">
      <class name="com.parabank.ui.tests.pos.POS_Account_Test">
        <test-method is-config="true" signature="webDriverSetUp()[pri:0, instance:com.parabank.ui.tests.pos.POS_Account_Test@2c4ca0f9]" started-at="2026-02-06T13:31:32 EST" name="webDriverSetUp" finished-at="2026-02-06T13:31:54 EST" duration-ms="21808" status="PASS">
          <reporter-output>
          </reporter-output>
        </test-method> <!-- webDriverSetUp -->
        <test-method signature="account_OpenNewAccount()[pri:0, instance:com.parabank.ui.tests.pos.POS_Account_Test@2c4ca0f9]" started-at="2026-02-06T13:31:54 EST" name="account_OpenNewAccount" finished-at="2026-02-06T13:32:35 EST" duration-ms="41345" status="PASS">
          <reporter-output>
          </reporter-output>
        </test-method> <!-- account_OpenNewAccount -->
        <test-method is-config="true" signature="tearDown()[pri:0, instance:com.parabank.ui.tests.pos.POS_Account_Test@2c4ca0f9]" started-at="2026-02-06T13:32:36 EST" name="tearDown" finished-at="2026-02-06T13:32:39 EST" duration-ms="3464" status="PASS">
          <reporter-output>
          </reporter-output>
        </test-method> <!-- tearDown -->
        <test-method is-config="true" signature="webDriverSetUp()[pri:0, instance:com.parabank.ui.tests.pos.POS_Account_Test@2c4ca0f9]" started-at="2026-02-06T13:32:39 EST" name="webDriverSetUp" finished-at="2026-02-06T13:32:44 EST" duration-ms="4882" status="PASS">
          <reporter-output>
          </reporter-output>
        </test-method> <!-- webDriverSetUp -->
        <test-method signature="account_checkNewAccountDettails()[pri:0, instance:com.parabank.ui.tests.pos.POS_Account_Test@2c4ca0f9]" started-at="2026-02-06T13:32:44 EST" name="account_checkNewAccountDettails" finished-at="2026-02-06T13:32:54 EST" depends-on-methods="com.parabank.ui.tests.pos.POS_Account_Test.account_OpenNewAccount" duration-ms="10062" status="PASS">
          <reporter-output>
          </reporter-output>
        </test-method> <!-- account_checkNewAccountDettails -->
        <test-method is-config="true" signature="tearDown()[pri:0, instance:com.parabank.ui.tests.pos.POS_Account_Test@2c4ca0f9]" started-at="2026-02-06T13:32:54 EST" name="tearDown" finished-at="2026-02-06T13:33:02 EST" duration-ms="8231" status="PASS">
          <reporter-output>
          </reporter-output>
        </test-method> <!-- tearDown -->
      </class> <!-- com.parabank.ui.tests.pos.POS_Account_Test -->
      <class name="com.parabank.ui.tests.pos.POS_loanProcessingTest">
        <test-method is-config="true" signature="webDriverSetUp()[pri:0, instance:com.parabank.ui.tests.pos.POS_loanProcessingTest@67ef029]" started-at="2026-02-06T13:31:32 EST" name="webDriverSetUp" finished-at="2026-02-06T13:31:58 EST" duration-ms="26267" status="PASS">
          <reporter-output>
          </reporter-output>
        </test-method> <!-- webDriverSetUp -->
        <test-method retried="true" signature="loanProcessing_request()[pri:0, instance:com.parabank.ui.tests.pos.POS_loanProcessingTest@67ef029]" started-at="2026-02-06T13:31:58 EST" name="loanProcessing_request" finished-at="2026-02-06T13:32:44 EST" duration-ms="46219" status="SKIP">
          <exception class="org.openqa.selenium.TimeoutException">
            <message>
              <![CDATA[Expected condition failed: waiting for visibility of [[ChromeDriver: chrome on windows (ef41b8d2e4c231232374b6671b6a5e79)] -> css selector: td#responseDate] (tried for 3 second(s) with 500 milliseconds interval)
Build info: version: '4.39.0', revision: '126f156aee'
System info: os.name: 'Windows 11', os.arch: 'amd64', os.version: '10.0', java.version: '18.0.1'
Driver info: org.openqa.selenium.chrome.ChromeDriver
Capabilities {acceptInsecureCerts: false, browserName: chrome, browserVersion: 144.0.7559.110, chrome: {chromedriverVersion: 144.0.7559.133 (7da823b1d59..., userDataDir: C:\Users\SREELA~1\AppData\L...}, fedcm:accounts: true, goog:chromeOptions: {debuggerAddress: localhost:57201}, goog:processID: 13664, networkConnectionEnabled: false, pageLoadStrategy: normal, platformName: windows, proxy: Proxy(), se:cdp: ws://localhost:57201/devtoo..., se:cdpVersion: 144.0.7559.110, setWindowRect: true, strictFileInteractability: false, timeouts: {implicit: 0, pageLoad: 300000, script: 30000}, unhandledPromptBehavior: dismiss and notify, webauthn:extension:credBlob: true, webauthn:extension:largeBlob: true, webauthn:extension:minPinLength: true, webauthn:extension:prf: true, webauthn:virtualAuthenticators: true}
Session ID: ef41b8d2e4c231232374b6671b6a5e79]]>
            </message>
            <full-stacktrace>
              <![CDATA[org.openqa.selenium.TimeoutException: Expected condition failed: waiting for visibility of [[ChromeDriver: chrome on windows (ef41b8d2e4c231232374b6671b6a5e79)] -> css selector: td#responseDate] (tried for 3 second(s) with 500 milliseconds interval)
Build info: version: '4.39.0', revision: '126f156aee'
System info: os.name: 'Windows 11', os.arch: 'amd64', os.version: '10.0', java.version: '18.0.1'
Driver info: org.openqa.selenium.chrome.ChromeDriver
Capabilities {acceptInsecureCerts: false, browserName: chrome, browserVersion: 144.0.7559.110, chrome: {chromedriverVersion: 144.0.7559.133 (7da823b1d59..., userDataDir: C:\Users\SREELA~1\AppData\L...}, fedcm:accounts: true, goog:chromeOptions: {debuggerAddress: localhost:57201}, goog:processID: 13664, networkConnectionEnabled: false, pageLoadStrategy: normal, platformName: windows, proxy: Proxy(), se:cdp: ws://localhost:57201/devtoo..., se:cdpVersion: 144.0.7559.110, setWindowRect: true, strictFileInteractability: false, timeouts: {implicit: 0, pageLoad: 300000, script: 30000}, unhandledPromptBehavior: dismiss and notify, webauthn:extension:credBlob: true, webauthn:extension:largeBlob: true, webauthn:extension:minPinLength: true, webauthn:extension:prf: true, webauthn:virtualAuthenticators: true}
Session ID: ef41b8d2e4c231232374b6671b6a5e79
at org.openqa.selenium.support.ui.WebDriverWait.timeoutException(WebDriverWait.java:84)
at org.openqa.selenium.support.ui.FluentWait.until(FluentWait.java:228)
at com.parabank.ui.PARABANK.helpers.ReuseableComponents.waitForElement(ReuseableComponents.java:35)
at com.parabank.ui.PARABANK.POM.Loan.getLoanAccountDetails(Loan.java:54)
at com.parabank.ui.tests.pos.POS_loanProcessingTest.loanProcessing_request(POS_loanProcessingTest.java:39)
at java.base/jdk.internal.reflect.DirectMethodHandleAccessor.invoke(DirectMethodHandleAccessor.java:104)
at java.base/java.lang.reflect.Method.invoke(Method.java:577)
at org.testng.internal.invokers.MethodInvocationHelper.invokeMethod(MethodInvocationHelper.java:141)
at org.testng.internal.invokers.TestInvoker.invokeMethod(TestInvoker.java:687)
at org.testng.internal.invokers.TestInvoker.invokeTestMethod(TestInvoker.java:230)
at org.testng.internal.invokers.MethodRunner.runInSequence(MethodRunner.java:63)
at org.testng.internal.invokers.TestInvoker$MethodInvocationAgent.invoke(TestInvoker.java:995)
at org.testng.internal.invokers.TestInvoker.invokeTestMethods(TestInvoker.java:203)
at org.testng.internal.invokers.TestMethodWorker.invokeTestMethods(TestMethodWorker.java:154)
at org.testng.internal.invokers.TestMethodWorker.run(TestMethodWorker.java:134)
at java.base/java.util.concurrent.Executors$RunnableAdapter.call(Executors.java:539)
at java.base/java.util.concurrent.FutureTask.run(FutureTask.java:264)
at org.testng.internal.thread.graph.TestNGFutureTask.run(TestNGFutureTask.java:22)
at java.base/java.util.concurrent.ThreadPoolExecutor.runWorker(ThreadPoolExecutor.java:1136)
at java.base/java.util.concurrent.ThreadPoolExecutor$Worker.run(ThreadPoolExecutor.java:635)
at java.base/java.lang.Thread.run(Thread.java:833)
]]>
            </full-stacktrace>
          </exception> <!-- org.openqa.selenium.TimeoutException -->
          <reporter-output>
          </reporter-output>
        </test-method> <!-- loanProcessing_request -->
        <test-method is-config="true" signature="tearDown()[pri:0, instance:com.parabank.ui.tests.pos.POS_loanProcessingTest@67ef029]" started-at="2026-02-06T13:32:45 EST" name="tearDown" finished-at="2026-02-06T13:32:57 EST" duration-ms="11973" status="PASS">
          <reporter-output>
          </reporter-output>
        </test-method> <!-- tearDown -->
        <test-method is-config="true" signature="webDriverSetUp()[pri:0, instance:com.parabank.ui.tests.pos.POS_loanProcessingTest@67ef029]" started-at="2026-02-06T13:32:57 EST" name="webDriverSetUp" finished-at="2026-02-06T13:33:02 EST" duration-ms="5165" status="PASS">
          <reporter-output>
          </reporter-output>
        </test-method> <!-- webDriverSetUp -->
        <test-method signature="loanProcessing_request()[pri:0, instance:com.parabank.ui.tests.pos.POS_loanProcessingTest@67ef029]" started-at="2026-02-06T13:33:02 EST" name="loanProcessing_request" finished-at="2026-02-06T13:33:17 EST" duration-ms="15195" status="PASS">
          <reporter-output>
          </reporter-output>
        </test-method> <!-- loanProcessing_request -->
        <test-method is-config="true" signature="tearDown()[pri:0, instance:com.parabank.ui.tests.pos.POS_loanProcessingTest@67ef029]" started-at="2026-02-06T13:33:17 EST" name="tearDown" finished-at="2026-02-06T13:33:19 EST" duration-ms="2408" status="FAIL">
          <exception class="java.lang.AssertionError">
            <message>
              <![CDATA[The following asserts failed:
expected [02-06-2026] but found [02-6-2026]]]>
            </message>
            <full-stacktrace>
              <![CDATA[java.lang.AssertionError: The following asserts failed:
expected [02-06-2026] but found [02-6-2026]
at org.testng.asserts.SoftAssert.assertAll(SoftAssert.java:46)
at org.testng.asserts.SoftAssert.assertAll(SoftAssert.java:30)
at com.parabank.ui.base.BaseTest.tearDown(BaseTest.java:223)
at java.base/jdk.internal.reflect.DirectMethodHandleAccessor.invoke(DirectMethodHandleAccessor.java:104)
at java.base/java.lang.reflect.Method.invoke(Method.java:577)
at org.testng.internal.invokers.MethodInvocationHelper.invokeMethod(MethodInvocationHelper.java:141)
at org.testng.internal.invokers.MethodInvocationHelper.invokeMethodConsideringTimeout(MethodInvocationHelper.java:71)
at org.testng.internal.invokers.ConfigInvoker.invokeConfigurationMethod(ConfigInvoker.java:400)
at org.testng.internal.invokers.ConfigInvoker.invokeConfigurations(ConfigInvoker.java:333)
at org.testng.internal.invokers.TestInvoker.runConfigMethods(TestInvoker.java:836)
at org.testng.internal.invokers.TestInvoker.runAfterConfigurations(TestInvoker.java:805)
at org.testng.internal.invokers.TestInvoker.invokeMethod(TestInvoker.java:781)
at org.testng.internal.invokers.TestInvoker.retryFailed(TestInvoker.java:269)
at org.testng.internal.invokers.MethodRunner.runInSequence(MethodRunner.java:76)
at org.testng.internal.invokers.TestInvoker$MethodInvocationAgent.invoke(TestInvoker.java:995)
at org.testng.internal.invokers.TestInvoker.invokeTestMethods(TestInvoker.java:203)
at org.testng.internal.invokers.TestMethodWorker.invokeTestMethods(TestMethodWorker.java:154)
at org.testng.internal.invokers.TestMethodWorker.run(TestMethodWorker.java:134)
at java.base/java.util.concurrent.Executors$RunnableAdapter.call(Executors.java:539)
at java.base/java.util.concurrent.FutureTask.run(FutureTask.java:264)
at org.testng.internal.thread.graph.TestNGFutureTask.run(TestNGFutureTask.java:22)
at java.base/java.util.concurrent.ThreadPoolExecutor.runWorker(ThreadPoolExecutor.java:1136)
at java.base/java.util.concurrent.ThreadPoolExecutor$Worker.run(ThreadPoolExecutor.java:635)
at java.base/java.lang.Thread.run(Thread.java:833)
]]>
            </full-stacktrace>
          </exception> <!-- java.lang.AssertionError -->
          <reporter-output>
          </reporter-output>
        </test-method> <!-- tearDown -->
      </class> <!-- com.parabank.ui.tests.pos.POS_loanProcessingTest -->
      <class name="com.parabank.ui.tests.pos.POS_Login_Test">
        <test-method is-config="true" signature="webDriverSetUp()[pri:0, instance:com.parabank.ui.tests.pos.POS_Login_Test@1eef9aef]" started-at="2026-02-06T13:31:32 EST" name="webDriverSetUp" finished-at="2026-02-06T13:31:58 EST" duration-ms="25848" status="PASS">
          <reporter-output>
          </reporter-output>
        </test-method> <!-- webDriverSetUp -->
        <test-method retried="true" signature="checkUserFromDB(java.lang.String)[pri:0, instance:com.parabank.ui.tests.pos.POS_Login_Test@1eef9aef]" started-at="2026-02-06T13:31:58 EST" name="checkUserFromDB" data-provider="testUsers" finished-at="2026-02-06T13:32:04 EST" duration-ms="6049" status="SKIP">
          <params>
            <param index="0">
              <value>
                <![CDATA[User1]]>
              </value>
            </param>
          </params>
          <exception class="org.testng.internal.thread.ThreadTimeoutException">
            <message>
              <![CDATA[Method com.parabank.ui.tests.pos.POS_Login_Test.checkUserFromDB() didn't finish within the time-out 4000]]>
            </message>
            <full-stacktrace>
              <![CDATA[org.testng.internal.thread.ThreadTimeoutException: Method com.parabank.ui.tests.pos.POS_Login_Test.checkUserFromDB() didn't finish within the time-out 4000
at org.testng.internal.invokers.MethodInvocationHelper.invokeWithTimeoutWithNoExecutor(MethodInvocationHelper.java:368)
at org.testng.internal.invokers.MethodInvocationHelper.invokeWithTimeout(MethodInvocationHelper.java:308)
at org.testng.internal.invokers.TestInvoker.invokeMethod(TestInvoker.java:696)
at org.testng.internal.invokers.TestInvoker.invokeTestMethod(TestInvoker.java:230)
at org.testng.internal.invokers.MethodRunner.runInSequence(MethodRunner.java:63)
at org.testng.internal.invokers.TestInvoker$MethodInvocationAgent.invoke(TestInvoker.java:995)
at org.testng.internal.invokers.TestInvoker.invokeTestMethods(TestInvoker.java:203)
at org.testng.internal.invokers.TestMethodWorker.invokeTestMethods(TestMethodWorker.java:154)
at org.testng.internal.invokers.TestMethodWorker.run(TestMethodWorker.java:134)
at java.base/java.util.concurrent.Executors$RunnableAdapter.call(Executors.java:539)
at java.base/java.util.concurrent.FutureTask.run(FutureTask.java:264)
at org.testng.internal.thread.graph.TestNGFutureTask.run(TestNGFutureTask.java:22)
at java.base/java.util.concurrent.ThreadPoolExecutor.runWorker(ThreadPoolExecutor.java:1136)
at java.base/java.util.concurrent.ThreadPoolExecutor$Worker.run(ThreadPoolExecutor.java:635)
at java.base/java.lang.Thread.run(Thread.java:833)
]]>
            </full-stacktrace>
          </exception> <!-- org.testng.internal.thread.ThreadTimeoutException -->
          <reporter-output>
          </reporter-output>
        </test-method> <!-- checkUserFromDB -->
        <test-method is-config="true" signature="tearDown()[pri:0, instance:com.parabank.ui.tests.pos.POS_Login_Test@1eef9aef]" started-at="2026-02-06T13:32:05 EST" name="tearDown" finished-at="2026-02-06T13:32:17 EST" duration-ms="12545" status="PASS">
          <reporter-output>
          </reporter-output>
        </test-method> <!-- tearDown -->
        <test-method is-config="true" signature="webDriverSetUp()[pri:0, instance:com.parabank.ui.tests.pos.POS_Login_Test@1eef9aef]" started-at="2026-02-06T13:32:17 EST" name="webDriverSetUp" finished-at="2026-02-06T13:32:22 EST" duration-ms="5054" status="PASS">
          <reporter-output>
          </reporter-output>
        </test-method> <!-- webDriverSetUp -->
        <test-method retried="true" signature="checkUserFromDB(java.lang.String)[pri:0, instance:com.parabank.ui.tests.pos.POS_Login_Test@1eef9aef]" started-at="2026-02-06T13:32:22 EST" name="checkUserFromDB" data-provider="testUsers" finished-at="2026-02-06T13:32:26 EST" duration-ms="4076" status="SKIP">
          <params>
            <param index="0">
              <value>
                <![CDATA[User1]]>
              </value>
            </param>
          </params>
          <exception class="org.testng.internal.thread.ThreadTimeoutException">
            <message>
              <![CDATA[Method com.parabank.ui.tests.pos.POS_Login_Test.checkUserFromDB() didn't finish within the time-out 4000]]>
            </message>
            <full-stacktrace>
              <![CDATA[org.testng.internal.thread.ThreadTimeoutException: Method com.parabank.ui.tests.pos.POS_Login_Test.checkUserFromDB() didn't finish within the time-out 4000
at org.testng.internal.invokers.MethodInvocationHelper.invokeWithTimeoutWithNoExecutor(MethodInvocationHelper.java:368)
at org.testng.internal.invokers.MethodInvocationHelper.invokeWithTimeout(MethodInvocationHelper.java:308)
at org.testng.internal.invokers.TestInvoker.invokeMethod(TestInvoker.java:696)
at org.testng.internal.invokers.TestInvoker.retryFailed(TestInvoker.java:269)
at org.testng.internal.invokers.MethodRunner.runInSequence(MethodRunner.java:76)
at org.testng.internal.invokers.TestInvoker$MethodInvocationAgent.invoke(TestInvoker.java:995)
at org.testng.internal.invokers.TestInvoker.invokeTestMethods(TestInvoker.java:203)
at org.testng.internal.invokers.TestMethodWorker.invokeTestMethods(TestMethodWorker.java:154)
at org.testng.internal.invokers.TestMethodWorker.run(TestMethodWorker.java:134)
at java.base/java.util.concurrent.Executors$RunnableAdapter.call(Executors.java:539)
at java.base/java.util.concurrent.FutureTask.run(FutureTask.java:264)
at org.testng.internal.thread.graph.TestNGFutureTask.run(TestNGFutureTask.java:22)
at java.base/java.util.concurrent.ThreadPoolExecutor.runWorker(ThreadPoolExecutor.java:1136)
at java.base/java.util.concurrent.ThreadPoolExecutor$Worker.run(ThreadPoolExecutor.java:635)
at java.base/java.lang.Thread.run(Thread.java:833)
]]>
            </full-stacktrace>
          </exception> <!-- org.testng.internal.thread.ThreadTimeoutException -->
          <reporter-output>
          </reporter-output>
        </test-method> <!-- checkUserFromDB -->
        <test-method is-config="true" signature="tearDown()[pri:0, instance:com.parabank.ui.tests.pos.POS_Login_Test@1eef9aef]" started-at="2026-02-06T13:32:26 EST" name="tearDown" finished-at="2026-02-06T13:32:27 EST" duration-ms="509" status="PASS">
          <reporter-output>
          </reporter-output>
        </test-method> <!-- tearDown -->
        <test-method is-config="true" signature="webDriverSetUp()[pri:0, instance:com.parabank.ui.tests.pos.POS_Login_Test@1eef9aef]" started-at="2026-02-06T13:32:27 EST" name="webDriverSetUp" finished-at="2026-02-06T13:32:30 EST" duration-ms="3157" status="PASS">
          <reporter-output>
          </reporter-output>
        </test-method> <!-- webDriverSetUp -->
        <test-method signature="checkUserFromDB(java.lang.String)[pri:0, instance:com.parabank.ui.tests.pos.POS_Login_Test@1eef9aef]" started-at="2026-02-06T13:32:30 EST" name="checkUserFromDB" data-provider="testUsers" finished-at="2026-02-06T13:32:34 EST" duration-ms="4028" status="FAIL">
          <params>
            <param index="0">
              <value>
                <![CDATA[User1]]>
              </value>
            </param>
          </params>
          <exception class="org.testng.internal.thread.ThreadTimeoutException">
            <message>
              <![CDATA[Method com.parabank.ui.tests.pos.POS_Login_Test.checkUserFromDB() didn't finish within the time-out 4000]]>
            </message>
            <full-stacktrace>
              <![CDATA[org.testng.internal.thread.ThreadTimeoutException: Method com.parabank.ui.tests.pos.POS_Login_Test.checkUserFromDB() didn't finish within the time-out 4000
at org.testng.internal.invokers.MethodInvocationHelper.invokeWithTimeoutWithNoExecutor(MethodInvocationHelper.java:368)
at org.testng.internal.invokers.MethodInvocationHelper.invokeWithTimeout(MethodInvocationHelper.java:308)
at org.testng.internal.invokers.TestInvoker.invokeMethod(TestInvoker.java:696)
at org.testng.internal.invokers.TestInvoker.retryFailed(TestInvoker.java:269)
at org.testng.internal.invokers.MethodRunner.runInSequence(MethodRunner.java:76)
at org.testng.internal.invokers.TestInvoker$MethodInvocationAgent.invoke(TestInvoker.java:995)
at org.testng.internal.invokers.TestInvoker.invokeTestMethods(TestInvoker.java:203)
at org.testng.internal.invokers.TestMethodWorker.invokeTestMethods(TestMethodWorker.java:154)
at org.testng.internal.invokers.TestMethodWorker.run(TestMethodWorker.java:134)
at java.base/java.util.concurrent.Executors$RunnableAdapter.call(Executors.java:539)
at java.base/java.util.concurrent.FutureTask.run(FutureTask.java:264)
at org.testng.internal.thread.graph.TestNGFutureTask.run(TestNGFutureTask.java:22)
at java.base/java.util.concurrent.ThreadPoolExecutor.runWorker(ThreadPoolExecutor.java:1136)
at java.base/java.util.concurrent.ThreadPoolExecutor$Worker.run(ThreadPoolExecutor.java:635)
at java.base/java.lang.Thread.run(Thread.java:833)
]]>
            </full-stacktrace>
          </exception> <!-- org.testng.internal.thread.ThreadTimeoutException -->
          <reporter-output>
          </reporter-output>
        </test-method> <!-- checkUserFromDB -->
        <test-method is-config="true" signature="tearDown()[pri:0, instance:com.parabank.ui.tests.pos.POS_Login_Test@1eef9aef]" started-at="2026-02-06T13:32:36 EST" name="tearDown" finished-at="2026-02-06T13:32:39 EST" duration-ms="3435" status="PASS">
          <reporter-output>
          </reporter-output>
        </test-method> <!-- tearDown -->
        <test-method is-config="true" signature="webDriverSetUp()[pri:0, instance:com.parabank.ui.tests.pos.POS_Login_Test@1eef9aef]" started-at="2026-02-06T13:32:39 EST" name="webDriverSetUp" finished-at="2026-02-06T13:32:45 EST" duration-ms="5538" status="PASS">
          <reporter-output>
          </reporter-output>
        </test-method> <!-- webDriverSetUp -->
        <test-method retried="true" signature="checkUserFromDB(java.lang.String)[pri:0, instance:com.parabank.ui.tests.pos.POS_Login_Test@1eef9aef]" started-at="2026-02-06T13:32:45 EST" name="checkUserFromDB" data-provider="testUsers" finished-at="2026-02-06T13:32:49 EST" duration-ms="4066" status="SKIP">
          <params>
            <param index="0">
              <value>
                <![CDATA[User2]]>
              </value>
            </param>
          </params>
          <exception class="org.testng.internal.thread.ThreadTimeoutException">
            <message>
              <![CDATA[Method com.parabank.ui.tests.pos.POS_Login_Test.checkUserFromDB() didn't finish within the time-out 4000]]>
            </message>
            <full-stacktrace>
              <![CDATA[org.testng.internal.thread.ThreadTimeoutException: Method com.parabank.ui.tests.pos.POS_Login_Test.checkUserFromDB() didn't finish within the time-out 4000
at org.testng.internal.invokers.MethodInvocationHelper.invokeWithTimeoutWithNoExecutor(MethodInvocationHelper.java:368)
at org.testng.internal.invokers.MethodInvocationHelper.invokeWithTimeout(MethodInvocationHelper.java:308)
at org.testng.internal.invokers.TestInvoker.invokeMethod(TestInvoker.java:696)
at org.testng.internal.invokers.TestInvoker.invokeTestMethod(TestInvoker.java:230)
at org.testng.internal.invokers.MethodRunner.runInSequence(MethodRunner.java:63)
at org.testng.internal.invokers.TestInvoker$MethodInvocationAgent.invoke(TestInvoker.java:995)
at org.testng.internal.invokers.TestInvoker.invokeTestMethods(TestInvoker.java:203)
at org.testng.internal.invokers.TestMethodWorker.invokeTestMethods(TestMethodWorker.java:154)
at org.testng.internal.invokers.TestMethodWorker.run(TestMethodWorker.java:134)
at java.base/java.util.concurrent.Executors$RunnableAdapter.call(Executors.java:539)
at java.base/java.util.concurrent.FutureTask.run(FutureTask.java:264)
at org.testng.internal.thread.graph.TestNGFutureTask.run(TestNGFutureTask.java:22)
at java.base/java.util.concurrent.ThreadPoolExecutor.runWorker(ThreadPoolExecutor.java:1136)
at java.base/java.util.concurrent.ThreadPoolExecutor$Worker.run(ThreadPoolExecutor.java:635)
at java.base/java.lang.Thread.run(Thread.java:833)
]]>
            </full-stacktrace>
          </exception> <!-- org.testng.internal.thread.ThreadTimeoutException -->
          <reporter-output>
          </reporter-output>
        </test-method> <!-- checkUserFromDB -->
        <test-method is-config="true" signature="tearDown()[pri:0, instance:com.parabank.ui.tests.pos.POS_Login_Test@1eef9aef]" started-at="2026-02-06T13:32:49 EST" name="tearDown" finished-at="2026-02-06T13:32:56 EST" duration-ms="7165" status="PASS">
          <reporter-output>
          </reporter-output>
        </test-method> <!-- tearDown -->
        <test-method is-config="true" signature="webDriverSetUp()[pri:0, instance:com.parabank.ui.tests.pos.POS_Login_Test@1eef9aef]" started-at="2026-02-06T13:32:56 EST" name="webDriverSetUp" finished-at="2026-02-06T13:33:01 EST" duration-ms="4768" status="PASS">
          <reporter-output>
          </reporter-output>
        </test-method> <!-- webDriverSetUp -->
        <test-method retried="true" signature="checkUserFromDB(java.lang.String)[pri:0, instance:com.parabank.ui.tests.pos.POS_Login_Test@1eef9aef]" started-at="2026-02-06T13:33:01 EST" name="checkUserFromDB" data-provider="testUsers" finished-at="2026-02-06T13:33:05 EST" duration-ms="4054" status="SKIP">
          <params>
            <param index="0">
              <value>
                <![CDATA[User2]]>
              </value>
            </param>
          </params>
          <exception class="org.testng.internal.thread.ThreadTimeoutException">
            <message>
              <![CDATA[Method com.parabank.ui.tests.pos.POS_Login_Test.checkUserFromDB() didn't finish within the time-out 4000]]>
            </message>
            <full-stacktrace>
              <![CDATA[org.testng.internal.thread.ThreadTimeoutException: Method com.parabank.ui.tests.pos.POS_Login_Test.checkUserFromDB() didn't finish within the time-out 4000
at org.testng.internal.invokers.MethodInvocationHelper.invokeWithTimeoutWithNoExecutor(MethodInvocationHelper.java:368)
at org.testng.internal.invokers.MethodInvocationHelper.invokeWithTimeout(MethodInvocationHelper.java:308)
at org.testng.internal.invokers.TestInvoker.invokeMethod(TestInvoker.java:696)
at org.testng.internal.invokers.TestInvoker.retryFailed(TestInvoker.java:269)
at org.testng.internal.invokers.MethodRunner.runInSequence(MethodRunner.java:76)
at org.testng.internal.invokers.TestInvoker$MethodInvocationAgent.invoke(TestInvoker.java:995)
at org.testng.internal.invokers.TestInvoker.invokeTestMethods(TestInvoker.java:203)
at org.testng.internal.invokers.TestMethodWorker.invokeTestMethods(TestMethodWorker.java:154)
at org.testng.internal.invokers.TestMethodWorker.run(TestMethodWorker.java:134)
at java.base/java.util.concurrent.Executors$RunnableAdapter.call(Executors.java:539)
at java.base/java.util.concurrent.FutureTask.run(FutureTask.java:264)
at org.testng.internal.thread.graph.TestNGFutureTask.run(TestNGFutureTask.java:22)
at java.base/java.util.concurrent.ThreadPoolExecutor.runWorker(ThreadPoolExecutor.java:1136)
at java.base/java.util.concurrent.ThreadPoolExecutor$Worker.run(ThreadPoolExecutor.java:635)
at java.base/java.lang.Thread.run(Thread.java:833)
]]>
            </full-stacktrace>
          </exception> <!-- org.testng.internal.thread.ThreadTimeoutException -->
          <reporter-output>
          </reporter-output>
        </test-method> <!-- checkUserFromDB -->
        <test-method is-config="true" signature="tearDown()[pri:0, instance:com.parabank.ui.tests.pos.POS_Login_Test@1eef9aef]" started-at="2026-02-06T13:33:05 EST" name="tearDown" finished-at="2026-02-06T13:33:09 EST" duration-ms="4348" status="PASS">
          <reporter-output>
          </reporter-output>
        </test-method> <!-- tearDown -->
        <test-method is-config="true" signature="webDriverSetUp()[pri:0, instance:com.parabank.ui.tests.pos.POS_Login_Test@1eef9aef]" started-at="2026-02-06T13:33:09 EST" name="webDriverSetUp" finished-at="2026-02-06T13:33:13 EST" duration-ms="3546" status="PASS">
          <reporter-output>
          </reporter-output>
        </test-method> <!-- webDriverSetUp -->
        <test-method signature="checkUserFromDB(java.lang.String)[pri:0, instance:com.parabank.ui.tests.pos.POS_Login_Test@1eef9aef]" started-at="2026-02-06T13:33:13 EST" name="checkUserFromDB" data-provider="testUsers" finished-at="2026-02-06T13:33:17 EST" duration-ms="4052" status="FAIL">
          <params>
            <param index="0">
              <value>
                <![CDATA[User2]]>
              </value>
            </param>
          </params>
          <exception class="org.testng.internal.thread.ThreadTimeoutException">
            <message>
              <![CDATA[Method com.parabank.ui.tests.pos.POS_Login_Test.checkUserFromDB() didn't finish within the time-out 4000]]>
            </message>
            <full-stacktrace>
              <![CDATA[org.testng.internal.thread.ThreadTimeoutException: Method com.parabank.ui.tests.pos.POS_Login_Test.checkUserFromDB() didn't finish within the time-out 4000
at org.testng.internal.invokers.MethodInvocationHelper.invokeWithTimeoutWithNoExecutor(MethodInvocationHelper.java:368)
at org.testng.internal.invokers.MethodInvocationHelper.invokeWithTimeout(MethodInvocationHelper.java:308)
at org.testng.internal.invokers.TestInvoker.invokeMethod(TestInvoker.java:696)
at org.testng.internal.invokers.TestInvoker.retryFailed(TestInvoker.java:269)
at org.testng.internal.invokers.MethodRunner.runInSequence(MethodRunner.java:76)
at org.testng.internal.invokers.TestInvoker$MethodInvocationAgent.invoke(TestInvoker.java:995)
at org.testng.internal.invokers.TestInvoker.invokeTestMethods(TestInvoker.java:203)
at org.testng.internal.invokers.TestMethodWorker.invokeTestMethods(TestMethodWorker.java:154)
at org.testng.internal.invokers.TestMethodWorker.run(TestMethodWorker.java:134)
at java.base/java.util.concurrent.Executors$RunnableAdapter.call(Executors.java:539)
at java.base/java.util.concurrent.FutureTask.run(FutureTask.java:264)
at org.testng.internal.thread.graph.TestNGFutureTask.run(TestNGFutureTask.java:22)
at java.base/java.util.concurrent.ThreadPoolExecutor.runWorker(ThreadPoolExecutor.java:1136)
at java.base/java.util.concurrent.ThreadPoolExecutor$Worker.run(ThreadPoolExecutor.java:635)
at java.base/java.lang.Thread.run(Thread.java:833)
]]>
            </full-stacktrace>
          </exception> <!-- org.testng.internal.thread.ThreadTimeoutException -->
          <reporter-output>
          </reporter-output>
        </test-method> <!-- checkUserFromDB -->
        <test-method is-config="true" signature="tearDown()[pri:0, instance:com.parabank.ui.tests.pos.POS_Login_Test@1eef9aef]" started-at="2026-02-06T13:33:17 EST" name="tearDown" finished-at="2026-02-06T13:33:20 EST" duration-ms="2348" status="PASS">
          <reporter-output>
          </reporter-output>
        </test-method> <!-- tearDown -->
        <test-method is-config="true" signature="webDriverSetUp()[pri:0, instance:com.parabank.ui.tests.pos.POS_Login_Test@1eef9aef]" started-at="2026-02-06T13:33:20 EST" name="webDriverSetUp" finished-at="2026-02-06T13:33:22 EST" duration-ms="2480" status="PASS">
          <reporter-output>
          </reporter-output>
        </test-method> <!-- webDriverSetUp -->
        <test-method retried="true" signature="login_registerUser()[pri:1, instance:com.parabank.ui.tests.pos.POS_Login_Test@1eef9aef]" started-at="2026-02-06T13:33:22 EST" name="login_registerUser" finished-at="2026-02-06T13:33:22 EST" duration-ms="48" status="SKIP">
          <exception class="java.lang.NullPointerException">
            <message>
              <![CDATA[Cannot invoke "com.parabank.ui.PARABANK.helpers.JsonReader.queryJsonData(String, String)" because "this.jsObj" is null]]>
            </message>
            <full-stacktrace>
              <![CDATA[java.lang.NullPointerException: Cannot invoke "com.parabank.ui.PARABANK.helpers.JsonReader.queryJsonData(String, String)" because "this.jsObj" is null
at com.parabank.ui.tests.pos.POS_Login_Test.login_registerUser(POS_Login_Test.java:33)
at java.base/jdk.internal.reflect.DirectMethodHandleAccessor.invoke(DirectMethodHandleAccessor.java:104)
at java.base/java.lang.reflect.Method.invoke(Method.java:577)
at org.testng.internal.invokers.MethodInvocationHelper.invokeMethod(MethodInvocationHelper.java:141)
at org.testng.internal.invokers.TestInvoker.invokeMethod(TestInvoker.java:687)
at org.testng.internal.invokers.TestInvoker.invokeTestMethod(TestInvoker.java:230)
at org.testng.internal.invokers.MethodRunner.runInSequence(MethodRunner.java:63)
at org.testng.internal.invokers.TestInvoker$MethodInvocationAgent.invoke(TestInvoker.java:995)
at org.testng.internal.invokers.TestInvoker.invokeTestMethods(TestInvoker.java:203)
at org.testng.internal.invokers.TestMethodWorker.invokeTestMethods(TestMethodWorker.java:154)
at org.testng.internal.invokers.TestMethodWorker.run(TestMethodWorker.java:134)
at java.base/java.util.concurrent.Executors$RunnableAdapter.call(Executors.java:539)
at java.base/java.util.concurrent.FutureTask.run(FutureTask.java:264)
at org.testng.internal.thread.graph.TestNGFutureTask.run(TestNGFutureTask.java:22)
at java.base/java.util.concurrent.ThreadPoolExecutor.runWorker(ThreadPoolExecutor.java:1136)
at java.base/java.util.concurrent.ThreadPoolExecutor$Worker.run(ThreadPoolExecutor.java:635)
at java.base/java.lang.Thread.run(Thread.java:833)
]]>
            </full-stacktrace>
          </exception> <!-- java.lang.NullPointerException -->
          <reporter-output>
          </reporter-output>
        </test-method> <!-- login_registerUser -->
        <test-method is-config="true" signature="tearDown()[pri:0, instance:com.parabank.ui.tests.pos.POS_Login_Test@1eef9aef]" started-at="2026-02-06T13:33:22 EST" name="tearDown" finished-at="2026-02-06T13:33:23 EST" duration-ms="528" status="PASS">
          <reporter-output>
          </reporter-output>
        </test-method> <!-- tearDown -->
        <test-method is-config="true" signature="webDriverSetUp()[pri:0, instance:com.parabank.ui.tests.pos.POS_Login_Test@1eef9aef]" started-at="2026-02-06T13:33:23 EST" name="webDriverSetUp" finished-at="2026-02-06T13:33:25 EST" duration-ms="1935" status="PASS">
          <reporter-output>
          </reporter-output>
        </test-method> <!-- webDriverSetUp -->
        <test-method retried="true" signature="login_registerUser()[pri:1, instance:com.parabank.ui.tests.pos.POS_Login_Test@1eef9aef]" started-at="2026-02-06T13:33:25 EST" name="login_registerUser" finished-at="2026-02-06T13:33:25 EST" duration-ms="213" status="SKIP">
          <exception class="java.lang.NullPointerException">
            <message>
              <![CDATA[Cannot invoke "com.parabank.ui.PARABANK.helpers.JsonReader.queryJsonData(String, String)" because "this.jsObj" is null]]>
            </message>
            <full-stacktrace>
              <![CDATA[java.lang.NullPointerException: Cannot invoke "com.parabank.ui.PARABANK.helpers.JsonReader.queryJsonData(String, String)" because "this.jsObj" is null
at com.parabank.ui.tests.pos.POS_Login_Test.login_registerUser(POS_Login_Test.java:33)
at java.base/jdk.internal.reflect.DirectMethodHandleAccessor.invoke(DirectMethodHandleAccessor.java:104)
at java.base/java.lang.reflect.Method.invoke(Method.java:577)
at org.testng.internal.invokers.MethodInvocationHelper.invokeMethod(MethodInvocationHelper.java:141)
at org.testng.internal.invokers.TestInvoker.invokeMethod(TestInvoker.java:687)
at org.testng.internal.invokers.TestInvoker.retryFailed(TestInvoker.java:269)
at org.testng.internal.invokers.MethodRunner.runInSequence(MethodRunner.java:76)
at org.testng.internal.invokers.TestInvoker$MethodInvocationAgent.invoke(TestInvoker.java:995)
at org.testng.internal.invokers.TestInvoker.invokeTestMethods(TestInvoker.java:203)
at org.testng.internal.invokers.TestMethodWorker.invokeTestMethods(TestMethodWorker.java:154)
at org.testng.internal.invokers.TestMethodWorker.run(TestMethodWorker.java:134)
at java.base/java.util.concurrent.Executors$RunnableAdapter.call(Executors.java:539)
at java.base/java.util.concurrent.FutureTask.run(FutureTask.java:264)
at org.testng.internal.thread.graph.TestNGFutureTask.run(TestNGFutureTask.java:22)
at java.base/java.util.concurrent.ThreadPoolExecutor.runWorker(ThreadPoolExecutor.java:1136)
at java.base/java.util.concurrent.ThreadPoolExecutor$Worker.run(ThreadPoolExecutor.java:635)
at java.base/java.lang.Thread.run(Thread.java:833)
]]>
            </full-stacktrace>
          </exception> <!-- java.lang.NullPointerException -->
          <reporter-output>
          </reporter-output>
        </test-method> <!-- login_registerUser -->
        <test-method is-config="true" signature="tearDown()[pri:0, instance:com.parabank.ui.tests.pos.POS_Login_Test@1eef9aef]" started-at="2026-02-06T13:33:25 EST" name="tearDown" finished-at="2026-02-06T13:33:25 EST" duration-ms="385" status="PASS">
          <reporter-output>
          </reporter-output>
        </test-method> <!-- tearDown -->
        <test-method is-config="true" signature="webDriverSetUp()[pri:0, instance:com.parabank.ui.tests.pos.POS_Login_Test@1eef9aef]" started-at="2026-02-06T13:33:25 EST" name="webDriverSetUp" finished-at="2026-02-06T13:33:27 EST" duration-ms="1881" status="PASS">
          <reporter-output>
          </reporter-output>
        </test-method> <!-- webDriverSetUp -->
        <test-method signature="login_registerUser()[pri:1, instance:com.parabank.ui.tests.pos.POS_Login_Test@1eef9aef]" started-at="2026-02-06T13:33:27 EST" name="login_registerUser" finished-at="2026-02-06T13:33:27 EST" duration-ms="105" status="FAIL">
          <exception class="java.lang.NullPointerException">
            <message>
              <![CDATA[Cannot invoke "com.parabank.ui.PARABANK.helpers.JsonReader.queryJsonData(String, String)" because "this.jsObj" is null]]>
            </message>
            <full-stacktrace>
              <![CDATA[java.lang.NullPointerException: Cannot invoke "com.parabank.ui.PARABANK.helpers.JsonReader.queryJsonData(String, String)" because "this.jsObj" is null
at com.parabank.ui.tests.pos.POS_Login_Test.login_registerUser(POS_Login_Test.java:33)
at java.base/jdk.internal.reflect.DirectMethodHandleAccessor.invoke(DirectMethodHandleAccessor.java:104)
at java.base/java.lang.reflect.Method.invoke(Method.java:577)
at org.testng.internal.invokers.MethodInvocationHelper.invokeMethod(MethodInvocationHelper.java:141)
at org.testng.internal.invokers.TestInvoker.invokeMethod(TestInvoker.java:687)
at org.testng.internal.invokers.TestInvoker.retryFailed(TestInvoker.java:269)
at org.testng.internal.invokers.MethodRunner.runInSequence(MethodRunner.java:76)
at org.testng.internal.invokers.TestInvoker$MethodInvocationAgent.invoke(TestInvoker.java:995)
at org.testng.internal.invokers.TestInvoker.invokeTestMethods(TestInvoker.java:203)
at org.testng.internal.invokers.TestMethodWorker.invokeTestMethods(TestMethodWorker.java:154)
at org.testng.internal.invokers.TestMethodWorker.run(TestMethodWorker.java:134)
at java.base/java.util.concurrent.Executors$RunnableAdapter.call(Executors.java:539)
at java.base/java.util.concurrent.FutureTask.run(FutureTask.java:264)
at org.testng.internal.thread.graph.TestNGFutureTask.run(TestNGFutureTask.java:22)
at java.base/java.util.concurrent.ThreadPoolExecutor.runWorker(ThreadPoolExecutor.java:1136)
at java.base/java.util.concurrent.ThreadPoolExecutor$Worker.run(ThreadPoolExecutor.java:635)
at java.base/java.lang.Thread.run(Thread.java:833)
]]>
            </full-stacktrace>
          </exception> <!-- java.lang.NullPointerException -->
          <reporter-output>
          </reporter-output>
        </test-method> <!-- login_registerUser -->
        <test-method is-config="true" signature="tearDown()[pri:0, instance:com.parabank.ui.tests.pos.POS_Login_Test@1eef9aef]" started-at="2026-02-06T13:33:28 EST" name="tearDown" finished-at="2026-02-06T13:33:28 EST" duration-ms="312" status="PASS">
          <reporter-output>
          </reporter-output>
        </test-method> <!-- tearDown -->
        <test-method is-config="true" signature="webDriverSetUp()[pri:0, instance:com.parabank.ui.tests.pos.POS_Login_Test@1eef9aef]" started-at="2026-02-06T13:33:28 EST" name="webDriverSetUp" finished-at="2026-02-06T13:33:30 EST" duration-ms="2108" status="PASS">
          <reporter-output>
          </reporter-output>
        </test-method> <!-- webDriverSetUp -->
        <test-method signature="login_user()[pri:2, instance:com.parabank.ui.tests.pos.POS_Login_Test@1eef9aef]" started-at="2026-02-06T13:33:30 EST" name="login_user" finished-at="2026-02-06T13:33:30 EST" duration-ms="445" status="PASS">
          <reporter-output>
          </reporter-output>
        </test-method> <!-- login_user -->
        <test-method is-config="true" signature="tearDown()[pri:0, instance:com.parabank.ui.tests.pos.POS_Login_Test@1eef9aef]" started-at="2026-02-06T13:33:30 EST" name="tearDown" finished-at="2026-02-06T13:33:31 EST" duration-ms="383" status="PASS">
          <reporter-output>
          </reporter-output>
        </test-method> <!-- tearDown -->
      </class> <!-- com.parabank.ui.tests.pos.POS_Login_Test -->
      <class name="com.parabank.ui.tests.pos.POS_Transaction">
        <test-method is-config="true" signature="webDriverSetUp()[pri:0, instance:com.parabank.ui.tests.pos.POS_Transaction@6e57e95e]" started-at="2026-02-06T13:31:32 EST" name="webDriverSetUp" finished-at="2026-02-06T13:31:58 EST" duration-ms="26385" status="PASS">
          <reporter-output>
          </reporter-output>
        </test-method> <!-- webDriverSetUp -->
        <test-method retried="true" signature="findTransactionByDate(org.testng.ITestContext)[pri:1, instance:com.parabank.ui.tests.pos.POS_Transaction@6e57e95e]" started-at="2026-02-06T13:31:58 EST" name="findTransactionByDate" finished-at="2026-02-06T13:32:37 EST" duration-ms="39015" status="SKIP">
          <params>
            <param index="0">
              <value>
                <![CDATA[org.testng.TestRunner@281a5517]]>
              </value>
            </param>
          </params>
          <exception class="org.openqa.selenium.TimeoutException">
            <message>
              <![CDATA[Expected condition failed: waiting for visibility of Proxy element for: DefaultElementLocator 'By.xpath: //span[contains(text(),'deposit')]//parent::a' (tried for 5 second(s) with 500 milliseconds interval)]]>
            </message>
            <full-stacktrace>
              <![CDATA[org.openqa.selenium.TimeoutException: Expected condition failed: waiting for visibility of Proxy element for: DefaultElementLocator 'By.xpath: //span[contains(text(),'deposit')]//parent::a' (tried for 5 second(s) with 500 milliseconds interval)
at org.openqa.selenium.support.ui.WebDriverWait.timeoutException(WebDriverWait.java:84)
at org.openqa.selenium.support.ui.FluentWait.until(FluentWait.java:228)
at com.parabank.ui.PARABANK.helpers.ReuseableComponents.waitForElement(ReuseableComponents.java:35)
at com.parabank.ui.PARABANK.POM.Admin.depositFund(Admin.java:92)
at com.parabank.ui.tests.pos.POS_Transaction.findTransactionByDate(POS_Transaction.java:63)
at java.base/jdk.internal.reflect.DirectMethodHandleAccessor.invoke(DirectMethodHandleAccessor.java:104)
at java.base/java.lang.reflect.Method.invoke(Method.java:577)
at org.testng.internal.invokers.MethodInvocationHelper.invokeMethod(MethodInvocationHelper.java:141)
at org.testng.internal.invokers.TestInvoker.invokeMethod(TestInvoker.java:687)
at org.testng.internal.invokers.TestInvoker.invokeTestMethod(TestInvoker.java:230)
at org.testng.internal.invokers.MethodRunner.runInSequence(MethodRunner.java:63)
at org.testng.internal.invokers.TestInvoker$MethodInvocationAgent.invoke(TestInvoker.java:995)
at org.testng.internal.invokers.TestInvoker.invokeTestMethods(TestInvoker.java:203)
at org.testng.internal.invokers.TestMethodWorker.invokeTestMethods(TestMethodWorker.java:154)
at org.testng.internal.invokers.TestMethodWorker.run(TestMethodWorker.java:134)
at java.base/java.util.concurrent.Executors$RunnableAdapter.call(Executors.java:539)
at java.base/java.util.concurrent.FutureTask.run(FutureTask.java:264)
at org.testng.internal.thread.graph.TestNGFutureTask.run(TestNGFutureTask.java:22)
at java.base/java.util.concurrent.ThreadPoolExecutor.runWorker(ThreadPoolExecutor.java:1136)
at java.base/java.util.concurrent.ThreadPoolExecutor$Worker.run(ThreadPoolExecutor.java:635)
at java.base/java.lang.Thread.run(Thread.java:833)
Caused by: org.openqa.selenium.NoSuchElementException: no such element: Unable to locate element: {"method":"xpath","selector":"//span[contains(text(),'deposit')]//parent::a"}
  (Session info: chrome=144.0.7559.110)
For documentation on this error, please visit: https://www.selenium.dev/documentation/webdriver/troubleshooting/errors#nosuchelementexception
Build info: version: '4.39.0', revision: '126f156aee'
System info: os.name: 'Windows 11', os.arch: 'amd64', os.version: '10.0', java.version: '18.0.1'
Driver info: org.openqa.selenium.chrome.ChromeDriver
Command: [b43856b6a38c33815dab57378620c495, findElement {using=xpath, value=//span[contains(text(),'deposit')]//parent::a}]
Capabilities {acceptInsecureCerts: false, browserName: chrome, browserVersion: 144.0.7559.110, chrome: {chromedriverVersion: 144.0.7559.133 (7da823b1d59..., userDataDir: C:\Users\SREELA~1\AppData\L...}, fedcm:accounts: true, goog:chromeOptions: {debuggerAddress: localhost:59613}, goog:processID: 18812, networkConnectionEnabled: false, pageLoadStrategy: normal, platformName: windows, proxy: Proxy(), se:cdp: ws://localhost:59613/devtoo..., se:cdpVersion: 144.0.7559.110, setWindowRect: true, strictFileInteractability: false, timeouts: {implicit: 0, pageLoad: 300000, script: 30000}, unhandledPromptBehavior: dismiss and notify, webauthn:extension:credBlob: true, webauthn:extension:largeBlob: true, webauthn:extension:minPinLength: true, webauthn:extension:prf: true, webauthn:virtualAuthenticators: true}
Session ID: b43856b6a38c33815dab57378620c495
at java.base/jdk.internal.reflect.DirectConstructorHandleAccessor.newInstance(DirectConstructorHandleAccessor.java:67)
at java.base/java.lang.reflect.Constructor.newInstanceWithCaller(Constructor.java:499)
at java.base/java.lang.reflect.Constructor.newInstance(Constructor.java:483)
at org.openqa.selenium.remote.ErrorCodec.decode(ErrorCodec.java:167)
at org.openqa.selenium.remote.codec.w3c.W3CHttpResponseCodec.decode(W3CHttpResponseCodec.java:142)
at org.openqa.selenium.remote.codec.w3c.W3CHttpResponseCodec.decode(W3CHttpResponseCodec.java:49)
at org.openqa.selenium.remote.HttpCommandExecutor.execute(HttpCommandExecutor.java:215)
at org.openqa.selenium.remote.service.DriverCommandExecutor.invokeExecute(DriverCommandExecutor.java:216)
at org.openqa.selenium.remote.service.DriverCommandExecutor.execute(DriverCommandExecutor.java:174)
at org.openqa.selenium.remote.RemoteWebDriver.execute(RemoteWebDriver.java:561)
at org.openqa.selenium.remote.ElementLocation$ElementFinder$2.findElement(ElementLocation.java:166)
at org.openqa.selenium.remote.ElementLocation.findElement(ElementLocation.java:60)
at org.openqa.selenium.remote.RemoteWebDriver.findElement(RemoteWebDriver.java:384)
at org.openqa.selenium.remote.RemoteWebDriver.findElement(RemoteWebDriver.java:378)
at org.openqa.selenium.support.pagefactory.DefaultElementLocator.findElement(DefaultElementLocator.java:68)
at org.openqa.selenium.support.pagefactory.internal.LocatingElementHandler.invoke(LocatingElementHandler.java:38)
at jdk.proxy2/jdk.proxy2.$Proxy21.isDisplayed(Unknown Source)
at org.openqa.selenium.support.ui.ExpectedConditions.elementIfVisible(ExpectedConditions.java:308)
at org.openqa.selenium.support.ui.ExpectedConditions$10.apply(ExpectedConditions.java:294)
at org.openqa.selenium.support.ui.ExpectedConditions$10.apply(ExpectedConditions.java:291)
at org.openqa.selenium.support.ui.FluentWait.until(FluentWait.java:203)
... 19 more
]]>
            </full-stacktrace>
          </exception> <!-- org.openqa.selenium.TimeoutException -->
          <reporter-output>
          </reporter-output>
        </test-method> <!-- findTransactionByDate -->
        <test-method is-config="true" signature="tearDown()[pri:0, instance:com.parabank.ui.tests.pos.POS_Transaction@6e57e95e]" started-at="2026-02-06T13:32:37 EST" name="tearDown" finished-at="2026-02-06T13:32:40 EST" duration-ms="2182" status="PASS">
          <reporter-output>
          </reporter-output>
        </test-method> <!-- tearDown -->
        <test-method is-config="true" signature="webDriverSetUp()[pri:0, instance:com.parabank.ui.tests.pos.POS_Transaction@6e57e95e]" started-at="2026-02-06T13:32:40 EST" name="webDriverSetUp" finished-at="2026-02-06T13:32:45 EST" duration-ms="5613" status="PASS">
          <reporter-output>
          </reporter-output>
        </test-method> <!-- webDriverSetUp -->
        <test-method signature="findTransactionByDate(org.testng.ITestContext)[pri:1, instance:com.parabank.ui.tests.pos.POS_Transaction@6e57e95e]" started-at="2026-02-06T13:32:45 EST" name="findTransactionByDate" finished-at="2026-02-06T13:33:20 EST" duration-ms="35167" status="PASS">
          <params>
            <param index="0">
              <value>
                <![CDATA[org.testng.TestRunner@281a5517]]>
              </value>
            </param>
          </params>
          <reporter-output>
          </reporter-output>
        </test-method> <!-- findTransactionByDate -->
        <test-method is-config="true" signature="tearDown()[pri:0, instance:com.parabank.ui.tests.pos.POS_Transaction@6e57e95e]" started-at="2026-02-06T13:33:20 EST" name="tearDown" finished-at="2026-02-06T13:33:22 EST" duration-ms="1850" status="PASS">
          <reporter-output>
          </reporter-output>
        </test-method> <!-- tearDown -->
      </class> <!-- com.parabank.ui.tests.pos.POS_Transaction -->
      <class name="com.parabank.ui.tests.pos.POS_TransferFunds">
        <test-method is-config="true" signature="webDriverSetUp()[pri:0, instance:com.parabank.ui.tests.pos.POS_TransferFunds@7df587ef]" started-at="2026-02-06T13:31:32 EST" name="webDriverSetUp" finished-at="2026-02-06T13:31:59 EST" duration-ms="27029" status="PASS">
          <reporter-output>
          </reporter-output>
        </test-method> <!-- webDriverSetUp -->
        <test-method retried="true" signature="verifyTransferFunds()[pri:0, instance:com.parabank.ui.tests.pos.POS_TransferFunds@7df587ef]" started-at="2026-02-06T13:31:59 EST" name="verifyTransferFunds" finished-at="2026-02-06T13:32:31 EST" duration-ms="32247" status="SKIP">
          <exception class="org.openqa.selenium.NoSuchElementException">
            <message>
              <![CDATA[no such element: Unable to locate element: {"method":"xpath","selector":"//a[contains(text(),'Open New Account')]"}
  (Session info: chrome=144.0.7559.110)
For documentation on this error, please visit: https://www.selenium.dev/documentation/webdriver/troubleshooting/errors#nosuchelementexception
Build info: version: '4.39.0', revision: '126f156aee'
System info: os.name: 'Windows 11', os.arch: 'amd64', os.version: '10.0', java.version: '18.0.1'
Driver info: org.openqa.selenium.chrome.ChromeDriver
Command: [767401da5d81e1c2460404006f31931a, findElement {using=xpath, value=//a[contains(text(),'Open New Account')]}]
Capabilities {acceptInsecureCerts: false, browserName: chrome, browserVersion: 144.0.7559.110, chrome: {chromedriverVersion: 144.0.7559.133 (7da823b1d59..., userDataDir: C:\Users\SREELA~1\AppData\L...}, fedcm:accounts: true, goog:chromeOptions: {debuggerAddress: localhost:57200}, goog:processID: 34220, networkConnectionEnabled: false, pageLoadStrategy: normal, platformName: windows, proxy: Proxy(), se:cdp: ws://localhost:57200/devtoo..., se:cdpVersion: 144.0.7559.110, setWindowRect: true, strictFileInteractability: false, timeouts: {implicit: 0, pageLoad: 300000, script: 30000}, unhandledPromptBehavior: dismiss and notify, webauthn:extension:credBlob: true, webauthn:extension:largeBlob: true, webauthn:extension:minPinLength: true, webauthn:extension:prf: true, webauthn:virtualAuthenticators: true}
Session ID: 767401da5d81e1c2460404006f31931a]]>
            </message>
            <full-stacktrace>
              <![CDATA[org.openqa.selenium.NoSuchElementException: no such element: Unable to locate element: {"method":"xpath","selector":"//a[contains(text(),'Open New Account')]"}
  (Session info: chrome=144.0.7559.110)
For documentation on this error, please visit: https://www.selenium.dev/documentation/webdriver/troubleshooting/errors#nosuchelementexception
Build info: version: '4.39.0', revision: '126f156aee'
System info: os.name: 'Windows 11', os.arch: 'amd64', os.version: '10.0', java.version: '18.0.1'
Driver info: org.openqa.selenium.chrome.ChromeDriver
Command: [767401da5d81e1c2460404006f31931a, findElement {using=xpath, value=//a[contains(text(),'Open New Account')]}]
Capabilities {acceptInsecureCerts: false, browserName: chrome, browserVersion: 144.0.7559.110, chrome: {chromedriverVersion: 144.0.7559.133 (7da823b1d59..., userDataDir: C:\Users\SREELA~1\AppData\L...}, fedcm:accounts: true, goog:chromeOptions: {debuggerAddress: localhost:57200}, goog:processID: 34220, networkConnectionEnabled: false, pageLoadStrategy: normal, platformName: windows, proxy: Proxy(), se:cdp: ws://localhost:57200/devtoo..., se:cdpVersion: 144.0.7559.110, setWindowRect: true, strictFileInteractability: false, timeouts: {implicit: 0, pageLoad: 300000, script: 30000}, unhandledPromptBehavior: dismiss and notify, webauthn:extension:credBlob: true, webauthn:extension:largeBlob: true, webauthn:extension:minPinLength: true, webauthn:extension:prf: true, webauthn:virtualAuthenticators: true}
Session ID: 767401da5d81e1c2460404006f31931a
at java.base/jdk.internal.reflect.DirectConstructorHandleAccessor.newInstance(DirectConstructorHandleAccessor.java:67)
at java.base/java.lang.reflect.Constructor.newInstanceWithCaller(Constructor.java:499)
at java.base/java.lang.reflect.Constructor.newInstance(Constructor.java:483)
at org.openqa.selenium.remote.ErrorCodec.decode(ErrorCodec.java:167)
at org.openqa.selenium.remote.codec.w3c.W3CHttpResponseCodec.decode(W3CHttpResponseCodec.java:142)
at org.openqa.selenium.remote.codec.w3c.W3CHttpResponseCodec.decode(W3CHttpResponseCodec.java:49)
at org.openqa.selenium.remote.HttpCommandExecutor.execute(HttpCommandExecutor.java:215)
at org.openqa.selenium.remote.service.DriverCommandExecutor.invokeExecute(DriverCommandExecutor.java:216)
at org.openqa.selenium.remote.service.DriverCommandExecutor.execute(DriverCommandExecutor.java:174)
at org.openqa.selenium.remote.RemoteWebDriver.execute(RemoteWebDriver.java:561)
at org.openqa.selenium.remote.ElementLocation$ElementFinder$2.findElement(ElementLocation.java:166)
at org.openqa.selenium.remote.ElementLocation.findElement(ElementLocation.java:60)
at org.openqa.selenium.remote.RemoteWebDriver.findElement(RemoteWebDriver.java:384)
at org.openqa.selenium.remote.RemoteWebDriver.findElement(RemoteWebDriver.java:378)
at org.openqa.selenium.support.pagefactory.DefaultElementLocator.findElement(DefaultElementLocator.java:68)
at org.openqa.selenium.support.pagefactory.internal.LocatingElementHandler.invoke(LocatingElementHandler.java:38)
at jdk.proxy2/jdk.proxy2.$Proxy21.click(Unknown Source)
at com.parabank.ui.PARABANK.POM.Home.clickOpenNewAccountLink(Home.java:42)
at com.parabank.ui.tests.pos.POS_TransferFunds.verifyTransferFunds(POS_TransferFunds.java:48)
at java.base/jdk.internal.reflect.DirectMethodHandleAccessor.invoke(DirectMethodHandleAccessor.java:104)
at java.base/java.lang.reflect.Method.invoke(Method.java:577)
at org.testng.internal.invokers.MethodInvocationHelper.invokeMethod(MethodInvocationHelper.java:141)
at org.testng.internal.invokers.TestInvoker.invokeMethod(TestInvoker.java:687)
at org.testng.internal.invokers.TestInvoker.invokeTestMethod(TestInvoker.java:230)
at org.testng.internal.invokers.MethodRunner.runInSequence(MethodRunner.java:63)
at org.testng.internal.invokers.TestInvoker$MethodInvocationAgent.invoke(TestInvoker.java:995)
at org.testng.internal.invokers.TestInvoker.invokeTestMethods(TestInvoker.java:203)
at org.testng.internal.invokers.TestMethodWorker.invokeTestMethods(TestMethodWorker.java:154)
at org.testng.internal.invokers.TestMethodWorker.run(TestMethodWorker.java:134)
at java.base/java.util.concurrent.Executors$RunnableAdapter.call(Executors.java:539)
at java.base/java.util.concurrent.FutureTask.run(FutureTask.java:264)
at org.testng.internal.thread.graph.TestNGFutureTask.run(TestNGFutureTask.java:22)
at java.base/java.util.concurrent.ThreadPoolExecutor.runWorker(ThreadPoolExecutor.java:1136)
at java.base/java.util.concurrent.ThreadPoolExecutor$Worker.run(ThreadPoolExecutor.java:635)
at java.base/java.lang.Thread.run(Thread.java:833)
]]>
            </full-stacktrace>
          </exception> <!-- org.openqa.selenium.NoSuchElementException -->
          <reporter-output>
          </reporter-output>
        </test-method> <!-- verifyTransferFunds -->
        <test-method is-config="true" signature="tearDown()[pri:0, instance:com.parabank.ui.tests.pos.POS_TransferFunds@7df587ef]" started-at="2026-02-06T13:32:31 EST" name="tearDown" finished-at="2026-02-06T13:32:34 EST" duration-ms="2605" status="PASS">
          <reporter-output>
          </reporter-output>
        </test-method> <!-- tearDown -->
        <test-method is-config="true" signature="webDriverSetUp()[pri:0, instance:com.parabank.ui.tests.pos.POS_TransferFunds@7df587ef]" started-at="2026-02-06T13:32:34 EST" name="webDriverSetUp" finished-at="2026-02-06T13:32:37 EST" duration-ms="3069" status="PASS">
          <reporter-output>
          </reporter-output>
        </test-method> <!-- webDriverSetUp -->
        <test-method signature="verifyTransferFunds()[pri:0, instance:com.parabank.ui.tests.pos.POS_TransferFunds@7df587ef]" started-at="2026-02-06T13:32:37 EST" name="verifyTransferFunds" finished-at="2026-02-06T13:33:14 EST" duration-ms="36601" status="PASS">
          <reporter-output>
          </reporter-output>
        </test-method> <!-- verifyTransferFunds -->
        <test-method is-config="true" signature="tearDown()[pri:0, instance:com.parabank.ui.tests.pos.POS_TransferFunds@7df587ef]" started-at="2026-02-06T13:33:14 EST" name="tearDown" finished-at="2026-02-06T13:33:15 EST" duration-ms="1171" status="PASS">
          <reporter-output>
          </reporter-output>
        </test-method> <!-- tearDown -->
      </class> <!-- com.parabank.ui.tests.pos.POS_TransferFunds -->
    </test> <!-- Login -->
    <test started-at="2026-02-06T13:33:31 EST" name="Negative Tests" finished-at="2026-02-06T13:34:44 EST" duration-ms="72674">
      <class name="com.parabank.ui.tests.neg.NEG_loanProcessingTest">
        <test-method is-config="true" signature="webDriverSetUp()[pri:0, instance:com.parabank.ui.tests.neg.NEG_loanProcessingTest@bc57b40]" started-at="2026-02-06T13:33:31 EST" name="webDriverSetUp" finished-at="2026-02-06T13:33:39 EST" duration-ms="7623" status="PASS">
          <reporter-output>
          </reporter-output>
        </test-method> <!-- webDriverSetUp -->
        <test-method retried="true" signature="NEG_loanProcessing_request()[pri:0, instance:com.parabank.ui.tests.neg.NEG_loanProcessingTest@bc57b40]" started-at="2026-02-06T13:33:39 EST" name="NEG_loanProcessing_request" finished-at="2026-02-06T13:33:55 EST" duration-ms="15874" status="SKIP">
          <exception class="java.lang.AssertionError">
            <message>
              <![CDATA[expected [02-06-2026] but found [02-6-2026]]]>
            </message>
            <full-stacktrace>
              <![CDATA[java.lang.AssertionError: expected [02-06-2026] but found [02-6-2026]
at org.testng.Assert.fail(Assert.java:111)
at org.testng.Assert.failNotEquals(Assert.java:1590)
at org.testng.Assert.assertEqualsImpl(Assert.java:150)
at org.testng.Assert.assertEquals(Assert.java:132)
at org.testng.Assert.assertEquals(Assert.java:656)
at org.testng.Assert.assertEquals(Assert.java:666)
at com.parabank.ui.tests.neg.NEG_loanProcessingTest.NEG_loanProcessing_request(NEG_loanProcessingTest.java:40)
at java.base/jdk.internal.reflect.DirectMethodHandleAccessor.invoke(DirectMethodHandleAccessor.java:104)
at java.base/java.lang.reflect.Method.invoke(Method.java:577)
at org.testng.internal.invokers.MethodInvocationHelper.invokeMethod(MethodInvocationHelper.java:141)
at org.testng.internal.invokers.TestInvoker.invokeMethod(TestInvoker.java:687)
at org.testng.internal.invokers.TestInvoker.invokeTestMethod(TestInvoker.java:230)
at org.testng.internal.invokers.MethodRunner.runInSequence(MethodRunner.java:63)
at org.testng.internal.invokers.TestInvoker$MethodInvocationAgent.invoke(TestInvoker.java:995)
at org.testng.internal.invokers.TestInvoker.invokeTestMethods(TestInvoker.java:203)
at org.testng.internal.invokers.TestMethodWorker.invokeTestMethods(TestMethodWorker.java:154)
at org.testng.internal.invokers.TestMethodWorker.run(TestMethodWorker.java:134)
at java.base/java.util.concurrent.Executors$RunnableAdapter.call(Executors.java:539)
at java.base/java.util.concurrent.FutureTask.run(FutureTask.java:264)
at org.testng.internal.thread.graph.TestNGFutureTask.run(TestNGFutureTask.java:22)
at java.base/java.util.concurrent.ThreadPoolExecutor.runWorker(ThreadPoolExecutor.java:1136)
at java.base/java.util.concurrent.ThreadPoolExecutor$Worker.run(ThreadPoolExecutor.java:635)
at java.base/java.lang.Thread.run(Thread.java:833)
]]>
            </full-stacktrace>
          </exception> <!-- java.lang.AssertionError -->
          <reporter-output>
          </reporter-output>
        </test-method> <!-- NEG_loanProcessing_request -->
        <test-method is-config="true" signature="tearDown()[pri:0, instance:com.parabank.ui.tests.neg.NEG_loanProcessingTest@bc57b40]" started-at="2026-02-06T13:33:55 EST" name="tearDown" finished-at="2026-02-06T13:34:13 EST" duration-ms="18411" status="PASS">
          <reporter-output>
          </reporter-output>
        </test-method> <!-- tearDown -->
        <test-method is-config="true" signature="webDriverSetUp()[pri:0, instance:com.parabank.ui.tests.neg.NEG_loanProcessingTest@bc57b40]" started-at="2026-02-06T13:34:13 EST" name="webDriverSetUp" finished-at="2026-02-06T13:34:17 EST" duration-ms="3706" status="PASS">
          <reporter-output>
          </reporter-output>
        </test-method> <!-- webDriverSetUp -->
        <test-method retried="true" signature="NEG_loanProcessing_request()[pri:0, instance:com.parabank.ui.tests.neg.NEG_loanProcessingTest@bc57b40]" started-at="2026-02-06T13:34:17 EST" name="NEG_loanProcessing_request" finished-at="2026-02-06T13:34:27 EST" duration-ms="10163" status="SKIP">
          <exception class="java.lang.AssertionError">
            <message>
              <![CDATA[expected [02-06-2026] but found [02-6-2026]]]>
            </message>
            <full-stacktrace>
              <![CDATA[java.lang.AssertionError: expected [02-06-2026] but found [02-6-2026]
at org.testng.Assert.fail(Assert.java:111)
at org.testng.Assert.failNotEquals(Assert.java:1590)
at org.testng.Assert.assertEqualsImpl(Assert.java:150)
at org.testng.Assert.assertEquals(Assert.java:132)
at org.testng.Assert.assertEquals(Assert.java:656)
at org.testng.Assert.assertEquals(Assert.java:666)
at com.parabank.ui.tests.neg.NEG_loanProcessingTest.NEG_loanProcessing_request(NEG_loanProcessingTest.java:40)
at java.base/jdk.internal.reflect.DirectMethodHandleAccessor.invoke(DirectMethodHandleAccessor.java:104)
at java.base/java.lang.reflect.Method.invoke(Method.java:577)
at org.testng.internal.invokers.MethodInvocationHelper.invokeMethod(MethodInvocationHelper.java:141)
at org.testng.internal.invokers.TestInvoker.invokeMethod(TestInvoker.java:687)
at org.testng.internal.invokers.TestInvoker.retryFailed(TestInvoker.java:269)
at org.testng.internal.invokers.MethodRunner.runInSequence(MethodRunner.java:76)
at org.testng.internal.invokers.TestInvoker$MethodInvocationAgent.invoke(TestInvoker.java:995)
at org.testng.internal.invokers.TestInvoker.invokeTestMethods(TestInvoker.java:203)
at org.testng.internal.invokers.TestMethodWorker.invokeTestMethods(TestMethodWorker.java:154)
at org.testng.internal.invokers.TestMethodWorker.run(TestMethodWorker.java:134)
at java.base/java.util.concurrent.Executors$RunnableAdapter.call(Executors.java:539)
at java.base/java.util.concurrent.FutureTask.run(FutureTask.java:264)
at org.testng.internal.thread.graph.TestNGFutureTask.run(TestNGFutureTask.java:22)
at java.base/java.util.concurrent.ThreadPoolExecutor.runWorker(ThreadPoolExecutor.java:1136)
at java.base/java.util.concurrent.ThreadPoolExecutor$Worker.run(ThreadPoolExecutor.java:635)
at java.base/java.lang.Thread.run(Thread.java:833)
]]>
            </full-stacktrace>
          </exception> <!-- java.lang.AssertionError -->
          <reporter-output>
          </reporter-output>
        </test-method> <!-- NEG_loanProcessing_request -->
        <test-method is-config="true" signature="tearDown()[pri:0, instance:com.parabank.ui.tests.neg.NEG_loanProcessingTest@bc57b40]" started-at="2026-02-06T13:34:27 EST" name="tearDown" finished-at="2026-02-06T13:34:35 EST" duration-ms="7309" status="PASS">
          <reporter-output>
          </reporter-output>
        </test-method> <!-- tearDown -->
        <test-method is-config="true" signature="webDriverSetUp()[pri:0, instance:com.parabank.ui.tests.neg.NEG_loanProcessingTest@bc57b40]" started-at="2026-02-06T13:34:35 EST" name="webDriverSetUp" finished-at="2026-02-06T13:34:37 EST" duration-ms="2754" status="PASS">
          <reporter-output>
          </reporter-output>
        </test-method> <!-- webDriverSetUp -->
        <test-method signature="NEG_loanProcessing_request()[pri:0, instance:com.parabank.ui.tests.neg.NEG_loanProcessingTest@bc57b40]" started-at="2026-02-06T13:34:37 EST" name="NEG_loanProcessing_request" finished-at="2026-02-06T13:34:42 EST" duration-ms="4682" status="FAIL">
          <exception class="java.lang.AssertionError">
            <message>
              <![CDATA[expected [02-06-2026] but found [02-6-2026]]]>
            </message>
            <full-stacktrace>
              <![CDATA[java.lang.AssertionError: expected [02-06-2026] but found [02-6-2026]
at org.testng.Assert.fail(Assert.java:111)
at org.testng.Assert.failNotEquals(Assert.java:1590)
at org.testng.Assert.assertEqualsImpl(Assert.java:150)
at org.testng.Assert.assertEquals(Assert.java:132)
at org.testng.Assert.assertEquals(Assert.java:656)
at org.testng.Assert.assertEquals(Assert.java:666)
at com.parabank.ui.tests.neg.NEG_loanProcessingTest.NEG_loanProcessing_request(NEG_loanProcessingTest.java:40)
at java.base/jdk.internal.reflect.DirectMethodHandleAccessor.invoke(DirectMethodHandleAccessor.java:104)
at java.base/java.lang.reflect.Method.invoke(Method.java:577)
at org.testng.internal.invokers.MethodInvocationHelper.invokeMethod(MethodInvocationHelper.java:141)
at org.testng.internal.invokers.TestInvoker.invokeMethod(TestInvoker.java:687)
at org.testng.internal.invokers.TestInvoker.retryFailed(TestInvoker.java:269)
at org.testng.internal.invokers.MethodRunner.runInSequence(MethodRunner.java:76)
at org.testng.internal.invokers.TestInvoker$MethodInvocationAgent.invoke(TestInvoker.java:995)
at org.testng.internal.invokers.TestInvoker.invokeTestMethods(TestInvoker.java:203)
at org.testng.internal.invokers.TestMethodWorker.invokeTestMethods(TestMethodWorker.java:154)
at org.testng.internal.invokers.TestMethodWorker.run(TestMethodWorker.java:134)
at java.base/java.util.concurrent.Executors$RunnableAdapter.call(Executors.java:539)
at java.base/java.util.concurrent.FutureTask.run(FutureTask.java:264)
at org.testng.internal.thread.graph.TestNGFutureTask.run(TestNGFutureTask.java:22)
at java.base/java.util.concurrent.ThreadPoolExecutor.runWorker(ThreadPoolExecutor.java:1136)
at java.base/java.util.concurrent.ThreadPoolExecutor$Worker.run(ThreadPoolExecutor.java:635)
at java.base/java.lang.Thread.run(Thread.java:833)
]]>
            </full-stacktrace>
          </exception> <!-- java.lang.AssertionError -->
          <reporter-output>
          </reporter-output>
        </test-method> <!-- NEG_loanProcessing_request -->
        <test-method is-config="true" signature="tearDown()[pri:0, instance:com.parabank.ui.tests.neg.NEG_loanProcessingTest@bc57b40]" started-at="2026-02-06T13:34:44 EST" name="tearDown" finished-at="2026-02-06T13:34:44 EST" duration-ms="367" status="PASS">
          <reporter-output>
          </reporter-output>
        </test-method> <!-- tearDown -->
      </class> <!-- com.parabank.ui.tests.neg.NEG_loanProcessingTest -->
      <class name="com.parabank.ui.tests.neg.NEG_Login_Test">
        <test-method is-config="true" signature="webDriverSetUp()[pri:0, instance:com.parabank.ui.tests.neg.NEG_Login_Test@1b5bc39d]" started-at="2026-02-06T13:33:31 EST" name="webDriverSetUp" finished-at="2026-02-06T13:33:38 EST" duration-ms="6453" status="PASS">
          <reporter-output>
          </reporter-output>
        </test-method> <!-- webDriverSetUp -->
        <test-method is-config="true" signature="webDriverSetUp()[pri:0, instance:com.parabank.ui.tests.neg.NEG_Login_Test@1b5bc39d]" started-at="2026-02-06T13:33:31 EST" name="webDriverSetUp" finished-at="2026-02-06T13:33:38 EST" duration-ms="6834" status="PASS">
          <reporter-output>
          </reporter-output>
        </test-method> <!-- webDriverSetUp -->
        <test-method is-config="true" signature="webDriverSetUp()[pri:0, instance:com.parabank.ui.tests.neg.NEG_Login_Test@1b5bc39d]" started-at="2026-02-06T13:33:31 EST" name="webDriverSetUp" finished-at="2026-02-06T13:33:38 EST" duration-ms="6674" status="PASS">
          <reporter-output>
          </reporter-output>
        </test-method> <!-- webDriverSetUp -->
        <test-method is-config="true" signature="webDriverSetUp()[pri:0, instance:com.parabank.ui.tests.neg.NEG_Login_Test@1b5bc39d]" started-at="2026-02-06T13:33:31 EST" name="webDriverSetUp" finished-at="2026-02-06T13:33:40 EST" duration-ms="8955" status="PASS">
          <reporter-output>
          </reporter-output>
        </test-method> <!-- webDriverSetUp -->
        <test-method signature="NEG_registerUserWithCityBlank()[pri:0, instance:com.parabank.ui.tests.neg.NEG_Login_Test@1b5bc39d]" started-at="2026-02-06T13:33:38 EST" name="NEG_registerUserWithCityBlank" finished-at="2026-02-06T13:33:49 EST" duration-ms="11530" status="PASS">
          <reporter-output>
          </reporter-output>
        </test-method> <!-- NEG_registerUserWithCityBlank -->
        <test-method signature="NEG_loginWithInvalidUser()[pri:0, instance:com.parabank.ui.tests.neg.NEG_Login_Test@1b5bc39d]" started-at="2026-02-06T13:33:38 EST" name="NEG_loginWithInvalidUser" finished-at="2026-02-06T13:33:40 EST" duration-ms="2278" status="PASS">
          <reporter-output>
          </reporter-output>
        </test-method> <!-- NEG_loginWithInvalidUser -->
        <test-method signature="NEG_registerUserWithConfirmPasswordBlank()[pri:0, instance:com.parabank.ui.tests.neg.NEG_Login_Test@1b5bc39d]" started-at="2026-02-06T13:33:38 EST" name="NEG_registerUserWithConfirmPasswordBlank" finished-at="2026-02-06T13:33:50 EST" duration-ms="12166" status="PASS">
          <reporter-output>
          </reporter-output>
        </test-method> <!-- NEG_registerUserWithConfirmPasswordBlank -->
        <test-method signature="NEG_registerUserWithAddressBlank()[pri:0, instance:com.parabank.ui.tests.neg.NEG_Login_Test@1b5bc39d]" started-at="2026-02-06T13:33:40 EST" name="NEG_registerUserWithAddressBlank" finished-at="2026-02-06T13:33:47 EST" duration-ms="7003" status="PASS">
          <reporter-output>
          </reporter-output>
        </test-method> <!-- NEG_registerUserWithAddressBlank -->
        <test-method is-config="true" signature="tearDown()[pri:0, instance:com.parabank.ui.tests.neg.NEG_Login_Test@1b5bc39d]" started-at="2026-02-06T13:33:40 EST" name="tearDown" finished-at="2026-02-06T13:33:49 EST" duration-ms="8715" status="PASS">
          <reporter-output>
          </reporter-output>
        </test-method> <!-- tearDown -->
        <test-method is-config="true" signature="tearDown()[pri:0, instance:com.parabank.ui.tests.neg.NEG_Login_Test@1b5bc39d]" started-at="2026-02-06T13:33:47 EST" name="tearDown" finished-at="2026-02-06T13:33:53 EST" duration-ms="5847" status="PASS">
          <reporter-output>
          </reporter-output>
        </test-method> <!-- tearDown -->
        <test-method is-config="true" signature="webDriverSetUp()[pri:0, instance:com.parabank.ui.tests.neg.NEG_Login_Test@1b5bc39d]" started-at="2026-02-06T13:33:49 EST" name="webDriverSetUp" finished-at="2026-02-06T13:33:53 EST" duration-ms="3889" status="PASS">
          <reporter-output>
          </reporter-output>
        </test-method> <!-- webDriverSetUp -->
        <test-method is-config="true" signature="tearDown()[pri:0, instance:com.parabank.ui.tests.neg.NEG_Login_Test@1b5bc39d]" started-at="2026-02-06T13:33:49 EST" name="tearDown" finished-at="2026-02-06T13:33:53 EST" duration-ms="3745" status="PASS">
          <reporter-output>
          </reporter-output>
        </test-method> <!-- tearDown -->
        <test-method is-config="true" signature="tearDown()[pri:0, instance:com.parabank.ui.tests.neg.NEG_Login_Test@1b5bc39d]" started-at="2026-02-06T13:33:50 EST" name="tearDown" finished-at="2026-02-06T13:34:06 EST" duration-ms="16000" status="PASS">
          <reporter-output>
          </reporter-output>
        </test-method> <!-- tearDown -->
        <test-method signature="NEG_registerUserWithFirstNameBlank()[pri:0, instance:com.parabank.ui.tests.neg.NEG_Login_Test@1b5bc39d]" started-at="2026-02-06T13:33:53 EST" name="NEG_registerUserWithFirstNameBlank" finished-at="2026-02-06T13:34:02 EST" duration-ms="9382" status="PASS">
          <reporter-output>
          </reporter-output>
        </test-method> <!-- NEG_registerUserWithFirstNameBlank -->
        <test-method is-config="true" signature="webDriverSetUp()[pri:0, instance:com.parabank.ui.tests.neg.NEG_Login_Test@1b5bc39d]" started-at="2026-02-06T13:33:53 EST" name="webDriverSetUp" finished-at="2026-02-06T13:33:58 EST" duration-ms="4811" status="PASS">
          <reporter-output>
          </reporter-output>
        </test-method> <!-- webDriverSetUp -->
        <test-method is-config="true" signature="webDriverSetUp()[pri:0, instance:com.parabank.ui.tests.neg.NEG_Login_Test@1b5bc39d]" started-at="2026-02-06T13:33:53 EST" name="webDriverSetUp" finished-at="2026-02-06T13:33:58 EST" duration-ms="4974" status="PASS">
          <reporter-output>
          </reporter-output>
        </test-method> <!-- webDriverSetUp -->
        <test-method signature="NEG_registerUserWithLastNameBlank()[pri:0, instance:com.parabank.ui.tests.neg.NEG_Login_Test@1b5bc39d]" started-at="2026-02-06T13:33:58 EST" name="NEG_registerUserWithLastNameBlank" finished-at="2026-02-06T13:34:05 EST" duration-ms="7156" status="PASS">
          <reporter-output>
          </reporter-output>
        </test-method> <!-- NEG_registerUserWithLastNameBlank -->
        <test-method signature="NEG_registerUserWithPasswordMismatch()[pri:0, instance:com.parabank.ui.tests.neg.NEG_Login_Test@1b5bc39d]" started-at="2026-02-06T13:33:58 EST" name="NEG_registerUserWithPasswordMismatch" finished-at="2026-02-06T13:34:05 EST" duration-ms="6520" status="PASS">
          <reporter-output>
          </reporter-output>
        </test-method> <!-- NEG_registerUserWithPasswordMismatch -->
        <test-method is-config="true" signature="tearDown()[pri:0, instance:com.parabank.ui.tests.neg.NEG_Login_Test@1b5bc39d]" started-at="2026-02-06T13:34:02 EST" name="tearDown" finished-at="2026-02-06T13:34:15 EST" duration-ms="12172" status="PASS">
          <reporter-output>
          </reporter-output>
        </test-method> <!-- tearDown -->
        <test-method is-config="true" signature="tearDown()[pri:0, instance:com.parabank.ui.tests.neg.NEG_Login_Test@1b5bc39d]" started-at="2026-02-06T13:34:05 EST" name="tearDown" finished-at="2026-02-06T13:34:14 EST" duration-ms="9386" status="PASS">
          <reporter-output>
          </reporter-output>
        </test-method> <!-- tearDown -->
        <test-method is-config="true" signature="tearDown()[pri:0, instance:com.parabank.ui.tests.neg.NEG_Login_Test@1b5bc39d]" started-at="2026-02-06T13:34:05 EST" name="tearDown" finished-at="2026-02-06T13:34:28 EST" duration-ms="22561" status="PASS">
          <reporter-output>
          </reporter-output>
        </test-method> <!-- tearDown -->
        <test-method is-config="true" signature="webDriverSetUp()[pri:0, instance:com.parabank.ui.tests.neg.NEG_Login_Test@1b5bc39d]" started-at="2026-02-06T13:34:06 EST" name="webDriverSetUp" finished-at="2026-02-06T13:34:10 EST" duration-ms="3567" status="PASS">
          <reporter-output>
          </reporter-output>
        </test-method> <!-- webDriverSetUp -->
        <test-method signature="NEG_registerUserWithSSNBlank()[pri:0, instance:com.parabank.ui.tests.neg.NEG_Login_Test@1b5bc39d]" started-at="2026-02-06T13:34:10 EST" name="NEG_registerUserWithSSNBlank" finished-at="2026-02-06T13:34:13 EST" duration-ms="3183" status="PASS">
          <reporter-output>
          </reporter-output>
        </test-method> <!-- NEG_registerUserWithSSNBlank -->
        <test-method is-config="true" signature="tearDown()[pri:0, instance:com.parabank.ui.tests.neg.NEG_Login_Test@1b5bc39d]" started-at="2026-02-06T13:34:13 EST" name="tearDown" finished-at="2026-02-06T13:34:30 EST" duration-ms="17293" status="PASS">
          <reporter-output>
          </reporter-output>
        </test-method> <!-- tearDown -->
        <test-method is-config="true" signature="webDriverSetUp()[pri:0, instance:com.parabank.ui.tests.neg.NEG_Login_Test@1b5bc39d]" started-at="2026-02-06T13:34:14 EST" name="webDriverSetUp" finished-at="2026-02-06T13:34:19 EST" duration-ms="4388" status="PASS">
          <reporter-output>
          </reporter-output>
        </test-method> <!-- webDriverSetUp -->
        <test-method is-config="true" signature="webDriverSetUp()[pri:0, instance:com.parabank.ui.tests.neg.NEG_Login_Test@1b5bc39d]" started-at="2026-02-06T13:34:15 EST" name="webDriverSetUp" finished-at="2026-02-06T13:34:20 EST" duration-ms="5355" status="PASS">
          <reporter-output>
          </reporter-output>
        </test-method> <!-- webDriverSetUp -->
        <test-method signature="NEG_registerUserWithStateBlank()[pri:0, instance:com.parabank.ui.tests.neg.NEG_Login_Test@1b5bc39d]" started-at="2026-02-06T13:34:19 EST" name="NEG_registerUserWithStateBlank" finished-at="2026-02-06T13:34:24 EST" duration-ms="5609" status="PASS">
          <reporter-output>
          </reporter-output>
        </test-method> <!-- NEG_registerUserWithStateBlank -->
        <test-method signature="NEG_registerUserWithUserNameBlank()[pri:0, instance:com.parabank.ui.tests.neg.NEG_Login_Test@1b5bc39d]" started-at="2026-02-06T13:34:20 EST" name="NEG_registerUserWithUserNameBlank" finished-at="2026-02-06T13:34:27 EST" duration-ms="7042" status="PASS">
          <reporter-output>
          </reporter-output>
        </test-method> <!-- NEG_registerUserWithUserNameBlank -->
        <test-method is-config="true" signature="tearDown()[pri:0, instance:com.parabank.ui.tests.neg.NEG_Login_Test@1b5bc39d]" started-at="2026-02-06T13:34:24 EST" name="tearDown" finished-at="2026-02-06T13:34:32 EST" duration-ms="7765" status="PASS">
          <reporter-output>
          </reporter-output>
        </test-method> <!-- tearDown -->
        <test-method is-config="true" signature="tearDown()[pri:0, instance:com.parabank.ui.tests.neg.NEG_Login_Test@1b5bc39d]" started-at="2026-02-06T13:34:27 EST" name="tearDown" finished-at="2026-02-06T13:34:34 EST" duration-ms="7288" status="PASS">
          <reporter-output>
          </reporter-output>
        </test-method> <!-- tearDown -->
        <test-method is-config="true" signature="webDriverSetUp()[pri:0, instance:com.parabank.ui.tests.neg.NEG_Login_Test@1b5bc39d]" started-at="2026-02-06T13:34:28 EST" name="webDriverSetUp" finished-at="2026-02-06T13:34:30 EST" duration-ms="2684" status="PASS">
          <reporter-output>
          </reporter-output>
        </test-method> <!-- webDriverSetUp -->
        <test-method signature="NEG_registerUserWithpasswordBlank()[pri:0, instance:com.parabank.ui.tests.neg.NEG_Login_Test@1b5bc39d]" started-at="2026-02-06T13:34:30 EST" name="NEG_registerUserWithpasswordBlank" finished-at="2026-02-06T13:34:35 EST" duration-ms="4805" status="PASS">
          <reporter-output>
          </reporter-output>
        </test-method> <!-- NEG_registerUserWithpasswordBlank -->
        <test-method is-config="true" signature="webDriverSetUp()[pri:0, instance:com.parabank.ui.tests.neg.NEG_Login_Test@1b5bc39d]" started-at="2026-02-06T13:34:30 EST" name="webDriverSetUp" finished-at="2026-02-06T13:34:34 EST" duration-ms="3470" status="PASS">
          <reporter-output>
          </reporter-output>
        </test-method> <!-- webDriverSetUp -->
        <test-method signature="NEG_registerUserWithzipCodeBlank()[pri:0, instance:com.parabank.ui.tests.neg.NEG_Login_Test@1b5bc39d]" started-at="2026-02-06T13:34:34 EST" name="NEG_registerUserWithzipCodeBlank" finished-at="2026-02-06T13:34:39 EST" duration-ms="5314" status="PASS">
          <reporter-output>
          </reporter-output>
        </test-method> <!-- NEG_registerUserWithzipCodeBlank -->
        <test-method is-config="true" signature="tearDown()[pri:0, instance:com.parabank.ui.tests.neg.NEG_Login_Test@1b5bc39d]" started-at="2026-02-06T13:34:35 EST" name="tearDown" finished-at="2026-02-06T13:34:39 EST" duration-ms="3589" status="PASS">
          <reporter-output>
          </reporter-output>
        </test-method> <!-- tearDown -->
        <test-method is-config="true" signature="tearDown()[pri:0, instance:com.parabank.ui.tests.neg.NEG_Login_Test@1b5bc39d]" started-at="2026-02-06T13:34:39 EST" name="tearDown" finished-at="2026-02-06T13:34:40 EST" duration-ms="799" status="PASS">
          <reporter-output>
          </reporter-output>
        </test-method> <!-- tearDown -->
      </class> <!-- com.parabank.ui.tests.neg.NEG_Login_Test -->
    </test> <!-- Negative Tests -->
    <test started-at="2026-02-06T13:34:44 EST" name="Account Settings" finished-at="2026-02-06T13:35:23 EST" duration-ms="38729">
      <class name="com.parabank.ui.tests.pos.POS_OpenNewAccount">
        <test-method is-config="true" signature="globalSetup()[pri:0, instance:com.parabank.ui.tests.pos.POS_OpenNewAccount@cc6460c]" started-at="2026-02-06T13:31:30 EST" name="globalSetup" finished-at="2026-02-06T13:31:32 EST" duration-ms="1587" status="PASS">
          <reporter-output>
          </reporter-output>
        </test-method> <!-- globalSetup -->
        <test-method is-config="true" signature="webDriverSetUp()[pri:0, instance:com.parabank.ui.tests.pos.POS_OpenNewAccount@cc6460c]" started-at="2026-02-06T13:34:44 EST" name="webDriverSetUp" finished-at="2026-02-06T13:34:47 EST" duration-ms="2529" status="PASS">
          <reporter-output>
          </reporter-output>
        </test-method> <!-- webDriverSetUp -->
        <test-method retried="true" signature="verifyCustomiseInitialBalance()[pri:0, instance:com.parabank.ui.tests.pos.POS_OpenNewAccount@cc6460c]" started-at="2026-02-06T13:34:47 EST" name="verifyCustomiseInitialBalance" finished-at="2026-02-06T13:34:47 EST" duration-ms="656" status="SKIP">
          <exception class="org.openqa.selenium.StaleElementReferenceException">
            <message>
              <![CDATA[stale element reference: stale element not found
  (Session info: chrome=144.0.7559.110)
For documentation on this error, please visit: https://www.selenium.dev/documentation/webdriver/troubleshooting/errors#staleelementreferenceexception
Build info: version: '4.39.0', revision: '126f156aee'
System info: os.name: 'Windows 11', os.arch: 'amd64', os.version: '10.0', java.version: '18.0.1'
Driver info: org.openqa.selenium.chrome.ChromeDriver
Command: [c6b79afc1a90b8bc8effac2416376598, clickElement {id=f.100682728790837526B9FA2EBE5E2E86.d.F80877403DAE7676E4BBE12B12D5B905.e.17}]
Capabilities {acceptInsecureCerts: false, browserName: chrome, browserVersion: 144.0.7559.110, chrome: {chromedriverVersion: 144.0.7559.133 (7da823b1d59..., userDataDir: C:\Users\SREELA~1\AppData\L...}, fedcm:accounts: true, goog:chromeOptions: {debuggerAddress: localhost:59184}, goog:processID: 33992, networkConnectionEnabled: false, pageLoadStrategy: normal, platformName: windows, proxy: Proxy(), se:cdp: ws://localhost:59184/devtoo..., se:cdpVersion: 144.0.7559.110, setWindowRect: true, strictFileInteractability: false, timeouts: {implicit: 0, pageLoad: 300000, script: 30000}, unhandledPromptBehavior: dismiss and notify, webauthn:extension:credBlob: true, webauthn:extension:largeBlob: true, webauthn:extension:minPinLength: true, webauthn:extension:prf: true, webauthn:virtualAuthenticators: true}
Element: [[ChromeDriver: chrome on windows (c6b79afc1a90b8bc8effac2416376598)] -> xpath: //a[contains(text(),'Admin Page')]]
Session ID: c6b79afc1a90b8bc8effac2416376598]]>
            </message>
            <full-stacktrace>
              <![CDATA[org.openqa.selenium.StaleElementReferenceException: stale element reference: stale element not found
  (Session info: chrome=144.0.7559.110)
For documentation on this error, please visit: https://www.selenium.dev/documentation/webdriver/troubleshooting/errors#staleelementreferenceexception
Build info: version: '4.39.0', revision: '126f156aee'
System info: os.name: 'Windows 11', os.arch: 'amd64', os.version: '10.0', java.version: '18.0.1'
Driver info: org.openqa.selenium.chrome.ChromeDriver
Command: [c6b79afc1a90b8bc8effac2416376598, clickElement {id=f.100682728790837526B9FA2EBE5E2E86.d.F80877403DAE7676E4BBE12B12D5B905.e.17}]
Capabilities {acceptInsecureCerts: false, browserName: chrome, browserVersion: 144.0.7559.110, chrome: {chromedriverVersion: 144.0.7559.133 (7da823b1d59..., userDataDir: C:\Users\SREELA~1\AppData\L...}, fedcm:accounts: true, goog:chromeOptions: {debuggerAddress: localhost:59184}, goog:processID: 33992, networkConnectionEnabled: false, pageLoadStrategy: normal, platformName: windows, proxy: Proxy(), se:cdp: ws://localhost:59184/devtoo..., se:cdpVersion: 144.0.7559.110, setWindowRect: true, strictFileInteractability: false, timeouts: {implicit: 0, pageLoad: 300000, script: 30000}, unhandledPromptBehavior: dismiss and notify, webauthn:extension:credBlob: true, webauthn:extension:largeBlob: true, webauthn:extension:minPinLength: true, webauthn:extension:prf: true, webauthn:virtualAuthenticators: true}
Element: [[ChromeDriver: chrome on windows (c6b79afc1a90b8bc8effac2416376598)] -> xpath: //a[contains(text(),'Admin Page')]]
Session ID: c6b79afc1a90b8bc8effac2416376598
at java.base/jdk.internal.reflect.DirectConstructorHandleAccessor.newInstance(DirectConstructorHandleAccessor.java:67)
at java.base/java.lang.reflect.Constructor.newInstanceWithCaller(Constructor.java:499)
at java.base/java.lang.reflect.Constructor.newInstance(Constructor.java:483)
at org.openqa.selenium.remote.ErrorCodec.decode(ErrorCodec.java:167)
at org.openqa.selenium.remote.codec.w3c.W3CHttpResponseCodec.decode(W3CHttpResponseCodec.java:142)
at org.openqa.selenium.remote.codec.w3c.W3CHttpResponseCodec.decode(W3CHttpResponseCodec.java:49)
at org.openqa.selenium.remote.HttpCommandExecutor.execute(HttpCommandExecutor.java:215)
at org.openqa.selenium.remote.service.DriverCommandExecutor.invokeExecute(DriverCommandExecutor.java:216)
at org.openqa.selenium.remote.service.DriverCommandExecutor.execute(DriverCommandExecutor.java:174)
at org.openqa.selenium.remote.RemoteWebDriver.execute(RemoteWebDriver.java:561)
at org.openqa.selenium.remote.RemoteWebElement.execute(RemoteWebElement.java:223)
at org.openqa.selenium.remote.RemoteWebElement.click(RemoteWebElement.java:76)
at java.base/jdk.internal.reflect.DirectMethodHandleAccessor.invoke(DirectMethodHandleAccessor.java:104)
at java.base/java.lang.reflect.Method.invoke(Method.java:577)
at org.openqa.selenium.support.pagefactory.internal.LocatingElementHandler.invoke(LocatingElementHandler.java:51)
at jdk.proxy2/jdk.proxy2.$Proxy21.click(Unknown Source)
at com.parabank.ui.PARABANK.POM.Home.clickAdminPageLink(Home.java:83)
at com.parabank.ui.tests.pos.POS_OpenNewAccount.verifyCustomiseInitialBalance(POS_OpenNewAccount.java:125)
at java.base/jdk.internal.reflect.DirectMethodHandleAccessor.invoke(DirectMethodHandleAccessor.java:104)
at java.base/java.lang.reflect.Method.invoke(Method.java:577)
at org.testng.internal.invokers.MethodInvocationHelper.invokeMethod(MethodInvocationHelper.java:141)
at org.testng.internal.invokers.TestInvoker.invokeMethod(TestInvoker.java:687)
at org.testng.internal.invokers.TestInvoker.invokeTestMethod(TestInvoker.java:230)
at org.testng.internal.invokers.MethodRunner.runInSequence(MethodRunner.java:63)
at org.testng.internal.invokers.TestInvoker$MethodInvocationAgent.invoke(TestInvoker.java:995)
at org.testng.internal.invokers.TestInvoker.invokeTestMethods(TestInvoker.java:203)
at org.testng.internal.invokers.TestMethodWorker.invokeTestMethods(TestMethodWorker.java:154)
at org.testng.internal.invokers.TestMethodWorker.run(TestMethodWorker.java:134)
at java.base/java.util.concurrent.Executors$RunnableAdapter.call(Executors.java:539)
at java.base/java.util.concurrent.FutureTask.run(FutureTask.java:264)
at org.testng.internal.thread.graph.TestNGFutureTask.run(TestNGFutureTask.java:22)
at java.base/java.util.concurrent.ThreadPoolExecutor.runWorker(ThreadPoolExecutor.java:1136)
at java.base/java.util.concurrent.ThreadPoolExecutor$Worker.run(ThreadPoolExecutor.java:635)
at java.base/java.lang.Thread.run(Thread.java:833)
]]>
            </full-stacktrace>
          </exception> <!-- org.openqa.selenium.StaleElementReferenceException -->
          <reporter-output>
          </reporter-output>
        </test-method> <!-- verifyCustomiseInitialBalance -->
        <test-method is-config="true" signature="tearDown()[pri:0, instance:com.parabank.ui.tests.pos.POS_OpenNewAccount@cc6460c]" started-at="2026-02-06T13:34:47 EST" name="tearDown" finished-at="2026-02-06T13:34:48 EST" duration-ms="783" status="PASS">
          <reporter-output>
          </reporter-output>
        </test-method> <!-- tearDown -->
        <test-method is-config="true" signature="webDriverSetUp()[pri:0, instance:com.parabank.ui.tests.pos.POS_OpenNewAccount@cc6460c]" started-at="2026-02-06T13:34:48 EST" name="webDriverSetUp" finished-at="2026-02-06T13:34:51 EST" duration-ms="2657" status="PASS">
          <reporter-output>
          </reporter-output>
        </test-method> <!-- webDriverSetUp -->
        <test-method signature="verifyCustomiseInitialBalance()[pri:0, instance:com.parabank.ui.tests.pos.POS_OpenNewAccount@cc6460c]" started-at="2026-02-06T13:34:51 EST" name="verifyCustomiseInitialBalance" finished-at="2026-02-06T13:35:01 EST" duration-ms="10018" status="PASS">
          <reporter-output>
          </reporter-output>
        </test-method> <!-- verifyCustomiseInitialBalance -->
        <test-method is-config="true" signature="tearDown()[pri:0, instance:com.parabank.ui.tests.pos.POS_OpenNewAccount@cc6460c]" started-at="2026-02-06T13:35:01 EST" name="tearDown" finished-at="2026-02-06T13:35:01 EST" duration-ms="573" status="PASS">
          <reporter-output>
          </reporter-output>
        </test-method> <!-- tearDown -->
        <test-method is-config="true" signature="webDriverSetUp()[pri:0, instance:com.parabank.ui.tests.pos.POS_OpenNewAccount@cc6460c]" started-at="2026-02-06T13:35:01 EST" name="webDriverSetUp" finished-at="2026-02-06T13:35:04 EST" duration-ms="2619" status="PASS">
          <reporter-output>
          </reporter-output>
        </test-method> <!-- webDriverSetUp -->
        <test-method signature="verifyMinBalanceTest()[pri:0, instance:com.parabank.ui.tests.pos.POS_OpenNewAccount@cc6460c]" started-at="2026-02-06T13:35:04 EST" name="verifyMinBalanceTest" finished-at="2026-02-06T13:35:07 EST" duration-ms="3186" status="PASS">
          <reporter-output>
          </reporter-output>
        </test-method> <!-- verifyMinBalanceTest -->
        <test-method is-config="true" signature="tearDown()[pri:0, instance:com.parabank.ui.tests.pos.POS_OpenNewAccount@cc6460c]" started-at="2026-02-06T13:35:07 EST" name="tearDown" finished-at="2026-02-06T13:35:08 EST" duration-ms="336" status="PASS">
          <reporter-output>
          </reporter-output>
        </test-method> <!-- tearDown -->
        <test-method is-config="true" signature="webDriverSetUp()[pri:0, instance:com.parabank.ui.tests.pos.POS_OpenNewAccount@cc6460c]" started-at="2026-02-06T13:35:08 EST" name="webDriverSetUp" finished-at="2026-02-06T13:35:10 EST" duration-ms="2113" status="PASS">
          <reporter-output>
          </reporter-output>
        </test-method> <!-- webDriverSetUp -->
        <test-method signature="verifyOpeningAccountWithOtherThanBaseAcct()[pri:0, instance:com.parabank.ui.tests.pos.POS_OpenNewAccount@cc6460c]" started-at="2026-02-06T13:35:10 EST" name="verifyOpeningAccountWithOtherThanBaseAcct" finished-at="2026-02-06T13:35:13 EST" duration-ms="2972" status="PASS">
          <reporter-output>
          </reporter-output>
        </test-method> <!-- verifyOpeningAccountWithOtherThanBaseAcct -->
        <test-method is-config="true" signature="tearDown()[pri:0, instance:com.parabank.ui.tests.pos.POS_OpenNewAccount@cc6460c]" started-at="2026-02-06T13:35:13 EST" name="tearDown" finished-at="2026-02-06T13:35:13 EST" duration-ms="355" status="PASS">
          <reporter-output>
          </reporter-output>
        </test-method> <!-- tearDown -->
        <test-method signature="verifyOpeningSavingsAcct(java.lang.String)[pri:0, instance:com.parabank.ui.tests.pos.POS_OpenNewAccount@cc6460c]" started-at="2026-02-06T13:35:13 EST" name="verifyOpeningSavingsAcct" finished-at="2026-02-06T13:35:13 EST" duration-ms="0" status="FAIL">
          <exception class="org.testng.TestNGException">
            <message>
              <![CDATA[
Parameter 'BalanceTest' is required by @Test on method verifyOpeningSavingsAcct but has not been marked @Optional or defined
in C:\Users\Sreelaksmi\git\UIAutomation\PARABANK\AllTests.xml]]>
            </message>
            <full-stacktrace>
              <![CDATA[org.testng.TestNGException: 
Parameter 'BalanceTest' is required by @Test on method verifyOpeningSavingsAcct but has not been marked @Optional or defined
in C:\Users\Sreelaksmi\git\UIAutomation\PARABANK\AllTests.xml
at org.testng.internal.Parameters.createParams(Parameters.java:264)
at org.testng.internal.Parameters.createParametersForMethod(Parameters.java:352)
at org.testng.internal.Parameters.createParameters(Parameters.java:690)
at org.testng.internal.Parameters.handleParameters(Parameters.java:885)
at org.testng.internal.Parameters.handleParameters(Parameters.java:734)
at org.testng.internal.invokers.ParameterHandler.handleParameters(ParameterHandler.java:72)
at org.testng.internal.invokers.ParameterHandler.createParameters(ParameterHandler.java:51)
at org.testng.internal.invokers.TestInvoker$MethodInvocationAgent.invoke(TestInvoker.java:949)
at org.testng.internal.invokers.TestInvoker.invokeTestMethods(TestInvoker.java:203)
at org.testng.internal.invokers.TestMethodWorker.invokeTestMethods(TestMethodWorker.java:154)
at org.testng.internal.invokers.TestMethodWorker.run(TestMethodWorker.java:134)
at java.base/java.util.concurrent.Executors$RunnableAdapter.call(Executors.java:539)
at java.base/java.util.concurrent.FutureTask.run(FutureTask.java:264)
at org.testng.internal.thread.graph.TestNGFutureTask.run(TestNGFutureTask.java:22)
at java.base/java.util.concurrent.ThreadPoolExecutor.runWorker(ThreadPoolExecutor.java:1136)
at java.base/java.util.concurrent.ThreadPoolExecutor$Worker.run(ThreadPoolExecutor.java:635)
at java.base/java.lang.Thread.run(Thread.java:833)
]]>
            </full-stacktrace>
          </exception> <!-- org.testng.TestNGException -->
          <reporter-output>
          </reporter-output>
        </test-method> <!-- verifyOpeningSavingsAcct -->
        <test-method is-config="true" signature="webDriverSetUp()[pri:0, instance:com.parabank.ui.tests.pos.POS_OpenNewAccount@cc6460c]" started-at="2026-02-06T13:35:13 EST" name="webDriverSetUp" finished-at="2026-02-06T13:35:16 EST" duration-ms="2355" status="PASS">
          <reporter-output>
          </reporter-output>
        </test-method> <!-- webDriverSetUp -->
        <test-method signature="verifyDefaultInitBalanceTest()[pri:1, instance:com.parabank.ui.tests.pos.POS_OpenNewAccount@cc6460c]" started-at="2026-02-06T13:35:16 EST" name="verifyDefaultInitBalanceTest" finished-at="2026-02-06T13:35:23 EST" duration-ms="7069" status="PASS">
          <reporter-output>
          </reporter-output>
        </test-method> <!-- verifyDefaultInitBalanceTest -->
        <test-method is-config="true" signature="tearDown()[pri:0, instance:com.parabank.ui.tests.pos.POS_OpenNewAccount@cc6460c]" started-at="2026-02-06T13:35:23 EST" name="tearDown" finished-at="2026-02-06T13:35:23 EST" duration-ms="376" status="PASS">
          <reporter-output>
          </reporter-output>
        </test-method> <!-- tearDown -->
        <test-method is-config="true" signature="tearDownSetup()[pri:0, instance:com.parabank.ui.tests.pos.POS_OpenNewAccount@cc6460c]" started-at="2026-02-06T13:35:23 EST" name="tearDownSetup" finished-at="2026-02-06T13:35:45 EST" duration-ms="21409" status="FAIL">
          <exception class="org.openqa.selenium.NoSuchElementException">
            <message>
              <![CDATA[no such element: Unable to locate element: {"method":"xpath","selector":"//a[contains(text(),'ParaBank-UI')]"}
  (Session info: chrome=144.0.7559.110)
For documentation on this error, please visit: https://www.selenium.dev/documentation/webdriver/troubleshooting/errors#nosuchelementexception
Build info: version: '4.39.0', revision: '126f156aee'
System info: os.name: 'Windows 11', os.arch: 'amd64', os.version: '10.0', java.version: '18.0.1'
Driver info: org.openqa.selenium.chrome.ChromeDriver
Command: [47189e885c5302ad55a1b5921b3f7dbf, findElement {using=xpath, value=//a[contains(text(),'ParaBank-UI')]}]
Capabilities {acceptInsecureCerts: false, browserName: chrome, browserVersion: 144.0.7559.110, chrome: {chromedriverVersion: 144.0.7559.133 (7da823b1d59..., userDataDir: C:\Users\SREELA~1\AppData\L...}, fedcm:accounts: true, goog:chromeOptions: {debuggerAddress: localhost:57646}, goog:processID: 8200, networkConnectionEnabled: false, pageLoadStrategy: normal, platformName: windows, proxy: Proxy(), se:cdp: ws://localhost:57646/devtoo..., se:cdpVersion: 144.0.7559.110, setWindowRect: true, strictFileInteractability: false, timeouts: {implicit: 0, pageLoad: 300000, script: 30000}, unhandledPromptBehavior: dismiss and notify, webauthn:extension:credBlob: true, webauthn:extension:largeBlob: true, webauthn:extension:minPinLength: true, webauthn:extension:prf: true, webauthn:virtualAuthenticators: true}
Session ID: 47189e885c5302ad55a1b5921b3f7dbf]]>
            </message>
            <full-stacktrace>
              <![CDATA[org.openqa.selenium.NoSuchElementException: no such element: Unable to locate element: {"method":"xpath","selector":"//a[contains(text(),'ParaBank-UI')]"}
  (Session info: chrome=144.0.7559.110)
For documentation on this error, please visit: https://www.selenium.dev/documentation/webdriver/troubleshooting/errors#nosuchelementexception
Build info: version: '4.39.0', revision: '126f156aee'
System info: os.name: 'Windows 11', os.arch: 'amd64', os.version: '10.0', java.version: '18.0.1'
Driver info: org.openqa.selenium.chrome.ChromeDriver
Command: [47189e885c5302ad55a1b5921b3f7dbf, findElement {using=xpath, value=//a[contains(text(),'ParaBank-UI')]}]
Capabilities {acceptInsecureCerts: false, browserName: chrome, browserVersion: 144.0.7559.110, chrome: {chromedriverVersion: 144.0.7559.133 (7da823b1d59..., userDataDir: C:\Users\SREELA~1\AppData\L...}, fedcm:accounts: true, goog:chromeOptions: {debuggerAddress: localhost:57646}, goog:processID: 8200, networkConnectionEnabled: false, pageLoadStrategy: normal, platformName: windows, proxy: Proxy(), se:cdp: ws://localhost:57646/devtoo..., se:cdpVersion: 144.0.7559.110, setWindowRect: true, strictFileInteractability: false, timeouts: {implicit: 0, pageLoad: 300000, script: 30000}, unhandledPromptBehavior: dismiss and notify, webauthn:extension:credBlob: true, webauthn:extension:largeBlob: true, webauthn:extension:minPinLength: true, webauthn:extension:prf: true, webauthn:virtualAuthenticators: true}
Session ID: 47189e885c5302ad55a1b5921b3f7dbf
at java.base/jdk.internal.reflect.DirectConstructorHandleAccessor.newInstance(DirectConstructorHandleAccessor.java:67)
at java.base/java.lang.reflect.Constructor.newInstanceWithCaller(Constructor.java:499)
at java.base/java.lang.reflect.Constructor.newInstance(Constructor.java:483)
at org.openqa.selenium.remote.ErrorCodec.decode(ErrorCodec.java:167)
at org.openqa.selenium.remote.codec.w3c.W3CHttpResponseCodec.decode(W3CHttpResponseCodec.java:142)
at org.openqa.selenium.remote.codec.w3c.W3CHttpResponseCodec.decode(W3CHttpResponseCodec.java:49)
at org.openqa.selenium.remote.HttpCommandExecutor.execute(HttpCommandExecutor.java:215)
at org.openqa.selenium.remote.service.DriverCommandExecutor.invokeExecute(DriverCommandExecutor.java:216)
at org.openqa.selenium.remote.service.DriverCommandExecutor.execute(DriverCommandExecutor.java:174)
at org.openqa.selenium.remote.RemoteWebDriver.execute(RemoteWebDriver.java:561)
at org.openqa.selenium.remote.ElementLocation$ElementFinder$2.findElement(ElementLocation.java:166)
at org.openqa.selenium.remote.ElementLocation.findElement(ElementLocation.java:60)
at org.openqa.selenium.remote.RemoteWebDriver.findElement(RemoteWebDriver.java:384)
at org.openqa.selenium.remote.RemoteWebDriver.findElement(RemoteWebDriver.java:378)
at com.parabank.ui.PARABANK.helpers.ChromeDevToolProtocol.savePageAsPDF(ChromeDevToolProtocol.java:49)
at com.parabank.ui.base.BaseTest.tearDownSetup(BaseTest.java:103)
at java.base/jdk.internal.reflect.DirectMethodHandleAccessor.invoke(DirectMethodHandleAccessor.java:104)
at java.base/java.lang.reflect.Method.invoke(Method.java:577)
at org.testng.internal.invokers.MethodInvocationHelper.invokeMethod(MethodInvocationHelper.java:141)
at org.testng.internal.invokers.MethodInvocationHelper.invokeMethodConsideringTimeout(MethodInvocationHelper.java:71)
at org.testng.internal.invokers.ConfigInvoker.invokeConfigurationMethod(ConfigInvoker.java:400)
at org.testng.internal.invokers.ConfigInvoker.invokeConfigurations(ConfigInvoker.java:333)
at org.testng.SuiteRunner.privateRun(SuiteRunner.java:386)
at org.testng.SuiteRunner.run(SuiteRunner.java:312)
at org.testng.SuiteRunnerWorker.runSuite(SuiteRunnerWorker.java:52)
at org.testng.SuiteRunnerWorker.run(SuiteRunnerWorker.java:95)
at org.testng.TestNG.runSuitesSequentially(TestNG.java:1274)
at org.testng.TestNG.runSuitesLocally(TestNG.java:1208)
at org.testng.TestNG.runSuites(TestNG.java:1112)
at org.testng.TestNG.run(TestNG.java:1079)
at org.testng.remote.AbstractRemoteTestNG.run(AbstractRemoteTestNG.java:115)
at org.testng.remote.RemoteTestNG.initAndRun(RemoteTestNG.java:293)
at org.testng.remote.RemoteTestNG.main(RemoteTestNG.java:91)
]]>
            </full-stacktrace>
          </exception> <!-- org.openqa.selenium.NoSuchElementException -->
          <reporter-output>
          </reporter-output>
        </test-method> <!-- tearDownSetup -->
      </class> <!-- com.parabank.ui.tests.pos.POS_OpenNewAccount -->
    </test> <!-- Account Settings -->
  </suite> <!-- Suite -->
</testng-results>
