<!DOCTYPE html>

<html>
  <head>
  <meta charset='utf-8'>
  <title>TestNG reports</title>

    <link type="text/css" href="testng-reports1.css" rel="stylesheet" id="ultra" />
    <link type="text/css" href="testng-reports.css" rel="stylesheet" id="retro" disabled="false"/>
    <script type="text/javascript" src="jquery-3.6.0.min.js"></script>
    <script type="text/javascript" src="testng-reports.js"></script>
    <script type="text/javascript" src="https://www.google.com/jsapi"></script>
    <script type='text/javascript'>
      google.load('visualization', '1', {packages:['table']});
      google.setOnLoadCallback(drawTable);
      var suiteTableInitFunctions = new Array();
      var suiteTableData = new Array();
    </script>
    <!--
      <script type="text/javascript" src="jquery-ui/js/jquery-ui-1.8.16.custom.min.js"></script>
     -->
  </head>

  <body>    <div class="top-banner-root">
      <span class="top-banner-title-font">Test results</span>
      <button id="button" class="button">Switch Retro Theme</button> <!-- button -->
      <br/>
      <span class="top-banner-font-1">1 suite, 4 failed tests</span>
    </div> <!-- top-banner-root -->
    <div class="navigator-root">
      <div class="navigator-suite-header">
        <span>All suites</span>
        <a href="#" title="Collapse/expand all the suites" class="collapse-all-link">
          <img src="collapseall.gif" class="collapse-all-icon">
          </img> <!-- collapse-all-icon -->
        </a> <!-- collapse-all-link -->
      </div> <!-- navigator-suite-header -->
      <div class="suite">
        <div class="rounded-window">
          <div class="suite-header light-rounded-window-top">
            <a href="#" panel-name="suite-Suite" class="navigator-link">
              <span class="suite-name border-failed">Suite</span>
            </a> <!-- navigator-link -->
          </div> <!-- suite-header light-rounded-window-top -->
          <div class="navigator-suite-content">
            <div class="suite-section-title">
              <span>Info</span>
            </div> <!-- suite-section-title -->
            <div class="suite-section-content">
              <ul>
                <li>
                  <a href="#" panel-name="test-xml-Suite" class="navigator-link ">
                    <span>E:\AUTOMATION\PARABANK\AllTests.xml</span>
                  </a> <!-- navigator-link  -->
                </li>
                <li>
                  <a href="#" panel-name="testlist-Suite" class="navigator-link ">
                    <span class="test-stats">3 tests</span>
                  </a> <!-- navigator-link  -->
                </li>
                <li>
                  <a href="#" panel-name="group-Suite" class="navigator-link ">
                    <span>2 groups</span>
                  </a> <!-- navigator-link  -->
                </li>
                <li>
                  <a href="#" panel-name="times-Suite" class="navigator-link ">
                    <span>Times</span>
                  </a> <!-- navigator-link  -->
                </li>
                <li>
                  <a href="#" panel-name="reporter-Suite" class="navigator-link ">
                    <span>Reporter output</span>
                  </a> <!-- navigator-link  -->
                </li>
                <li>
                  <a href="#" panel-name="ignored-methods-Suite" class="navigator-link ">
                    <span>Ignored methods</span>
                  </a> <!-- navigator-link  -->
                </li>
                <li>
                  <a href="#" panel-name="chronological-Suite" class="navigator-link ">
                    <span>Chronological view</span>
                  </a> <!-- navigator-link  -->
                </li>
              </ul>
            </div> <!-- suite-section-content -->
            <div class="result-section">
              <div class="suite-section-title">
                <span>Results</span>
              </div> <!-- suite-section-title -->
              <div class="suite-section-content">
                <ul>
                  <li>
                    <span class="method-stats">36 methods, 4 failed,  13 skipped,  19 passed</span>
                  </li>
                  <li>
                    <span class="method-list-title failed">Failed methods</span>
                    <span class="show-or-hide-methods failed">
                      <a href="#" panel-name="suite-Suite" class="hide-methods failed suite-Suite"> (hide)</a> <!-- hide-methods failed suite-Suite -->
                      <a href="#" panel-name="suite-Suite" class="show-methods failed suite-Suite"> (show)</a> <!-- show-methods failed suite-Suite -->
                    </span>
                    <div class="method-list-content failed suite-Suite">
                      <span>
                        <img src="failed.png" width="3%"/>
                        <a href="#" panel-name="suite-Suite" title="com.parabank.ui.tests.neg.NEG_loanProcessingTest" class="method navigator-link" hash-for-method="NEG_loanProcessing_request">NEG_loanProcessing_request</a> <!-- method navigator-link -->
                      </span>
                      <br/>
                      <span>
                        <img src="failed.png" width="3%"/>
                        <a href="#" panel-name="suite-Suite" title="com.parabank.ui.tests.pos.POS_Login_Test" class="method navigator-link" hash-for-method="checkUserFromDB(User1)">checkUserFromDB(User1)</a> <!-- method navigator-link -->
                      </span>
                      <br/>
                      <span>
                        <img src="failed.png" width="3%"/>
                        <a href="#" panel-name="suite-Suite" title="com.parabank.ui.tests.pos.POS_Login_Test" class="method navigator-link" hash-for-method="login_registerUser">login_registerUser</a> <!-- method navigator-link -->
                      </span>
                      <br/>
                      <span>
                        <img src="failed.png" width="3%"/>
                        <a href="#" panel-name="suite-Suite" title="com.parabank.ui.tests.pos.POS_OpenNewAccount" class="method navigator-link" hash-for-method="verifyOpeningSavingsAcct">verifyOpeningSavingsAcct</a> <!-- method navigator-link -->
                      </span>
                      <br/>
                    </div> <!-- method-list-content failed suite-Suite -->
                  </li>
                  <li>
                    <span class="method-list-title skipped">Skipped methods</span>
                    <span class="show-or-hide-methods skipped">
                      <a href="#" panel-name="suite-Suite" class="hide-methods skipped suite-Suite"> (hide)</a> <!-- hide-methods skipped suite-Suite -->
                      <a href="#" panel-name="suite-Suite" class="show-methods skipped suite-Suite"> (show)</a> <!-- show-methods skipped suite-Suite -->
                    </span>
                    <div class="method-list-content skipped suite-Suite">
                      <span>
                        <img src="skipped.png" width="3%"/>
                        <a href="#" panel-name="suite-Suite" title="com.parabank.ui.tests.neg.NEG_Login_Test" class="method navigator-link" hash-for-method="NEG_registerUserWithpasswordBlank">NEG_registerUserWithpasswordBlank</a> <!-- method navigator-link -->
                      </span>
                      <br/>
                      <span>
                        <img src="skipped.png" width="3%"/>
                        <a href="#" panel-name="suite-Suite" title="com.parabank.ui.tests.pos.POS_OpenNewAccount" class="method navigator-link" hash-for-method="verifyDefaultInitBalanceTest">verifyDefaultInitBalanceTest</a> <!-- method navigator-link -->
                      </span>
                      <br/>
                      <span>
                        <img src="skipped.png" width="3%"/>
                        <a href="#" panel-name="suite-Suite" title="com.parabank.ui.tests.pos.POS_OpenNewAccount" class="method navigator-link" hash-for-method="verifyMinBalanceTest">verifyMinBalanceTest</a> <!-- method navigator-link -->
                      </span>
                      <br/>
                      <span>
                        <img src="skipped.png" width="3%"/>
                        <a href="#" panel-name="suite-Suite" title="com.parabank.ui.tests.pos.POS_OpenNewAccount" class="method navigator-link" hash-for-method="verifyOpeningAccountWithOtherThanBaseAcct">verifyOpeningAccountWithOtherThanBaseAcct</a> <!-- method navigator-link -->
                      </span>
                      <br/>
                    </div> <!-- method-list-content skipped suite-Suite -->
                  </li>
                  <li>
                    <span class="method-list-title skipped">Retried methods</span>
                    <span class="show-or-hide-methods skipped">
                      <a href="#" panel-name="suite-Suite" class="hide-methods skipped suite-Suite"> (hide)</a> <!-- hide-methods skipped suite-Suite -->
                      <a href="#" panel-name="suite-Suite" class="show-methods skipped suite-Suite"> (show)</a> <!-- show-methods skipped suite-Suite -->
                    </span>
                    <div class="method-list-content skipped suite-Suite">
                      <span>
                        <img src="skipped.png" width="3%"/>
                        <a href="#" panel-name="suite-Suite" title="com.parabank.ui.tests.neg.NEG_loanProcessingTest" class="method navigator-link" hash-for-method="NEG_loanProcessing_request">NEG_loanProcessing_request</a> <!-- method navigator-link -->
                      </span>
                      <br/>
                      <span>
                        <img src="skipped.png" width="3%"/>
                        <a href="#" panel-name="suite-Suite" title="com.parabank.ui.tests.neg.NEG_loanProcessingTest" class="method navigator-link" hash-for-method="NEG_loanProcessing_request">NEG_loanProcessing_request</a> <!-- method navigator-link -->
                      </span>
                      <br/>
                      <span>
                        <img src="skipped.png" width="3%"/>
                        <a href="#" panel-name="suite-Suite" title="com.parabank.ui.tests.pos.POS_Login_Test" class="method navigator-link" hash-for-method="checkUserFromDB(User1)">checkUserFromDB(User1)</a> <!-- method navigator-link -->
                      </span>
                      <br/>
                      <span>
                        <img src="skipped.png" width="3%"/>
                        <a href="#" panel-name="suite-Suite" title="com.parabank.ui.tests.pos.POS_Login_Test" class="method navigator-link" hash-for-method="checkUserFromDB(User2)">checkUserFromDB(User2)</a> <!-- method navigator-link -->
                      </span>
                      <br/>
                      <span>
                        <img src="skipped.png" width="3%"/>
                        <a href="#" panel-name="suite-Suite" title="com.parabank.ui.tests.pos.POS_Login_Test" class="method navigator-link" hash-for-method="checkUserFromDB(User1)">checkUserFromDB(User1)</a> <!-- method navigator-link -->
                      </span>
                      <br/>
                      <span>
                        <img src="skipped.png" width="3%"/>
                        <a href="#" panel-name="suite-Suite" title="com.parabank.ui.tests.pos.POS_Login_Test" class="method navigator-link" hash-for-method="checkUserFromDB(User2)">checkUserFromDB(User2)</a> <!-- method navigator-link -->
                      </span>
                      <br/>
                      <span>
                        <img src="skipped.png" width="3%"/>
                        <a href="#" panel-name="suite-Suite" title="com.parabank.ui.tests.pos.POS_Login_Test" class="method navigator-link" hash-for-method="login_registerUser">login_registerUser</a> <!-- method navigator-link -->
                      </span>
                      <br/>
                      <span>
                        <img src="skipped.png" width="3%"/>
                        <a href="#" panel-name="suite-Suite" title="com.parabank.ui.tests.pos.POS_Login_Test" class="method navigator-link" hash-for-method="login_registerUser">login_registerUser</a> <!-- method navigator-link -->
                      </span>
                      <br/>
                      <span>
                        <img src="skipped.png" width="3%"/>
                        <a href="#" panel-name="suite-Suite" title="com.parabank.ui.tests.pos.POS_TransferFunds" class="method navigator-link" hash-for-method="verifyTransferFunds">verifyTransferFunds</a> <!-- method navigator-link -->
                      </span>
                      <br/>
                    </div> <!-- method-list-content skipped suite-Suite -->
                  </li>
                  <li>
                    <span class="method-list-title passed">Passed methods</span>
                    <span class="show-or-hide-methods passed">
                      <a href="#" panel-name="suite-Suite" class="hide-methods passed suite-Suite"> (hide)</a> <!-- hide-methods passed suite-Suite -->
                      <a href="#" panel-name="suite-Suite" class="show-methods passed suite-Suite"> (show)</a> <!-- show-methods passed suite-Suite -->
                    </span>
                    <div class="method-list-content passed suite-Suite">
                      <span>
                        <img src="passed.png" width="3%"/>
                        <a href="#" panel-name="suite-Suite" title="com.parabank.ui.tests.neg.NEG_Login_Test" class="method navigator-link" hash-for-method="NEG_loginWithInvalidUser">NEG_loginWithInvalidUser</a> <!-- method navigator-link -->
                      </span>
                      <br/>
                      <span>
                        <img src="passed.png" width="3%"/>
                        <a href="#" panel-name="suite-Suite" title="com.parabank.ui.tests.neg.NEG_Login_Test" class="method navigator-link" hash-for-method="NEG_registerUserWithAddressBlank">NEG_registerUserWithAddressBlank</a> <!-- method navigator-link -->
                      </span>
                      <br/>
                      <span>
                        <img src="passed.png" width="3%"/>
                        <a href="#" panel-name="suite-Suite" title="com.parabank.ui.tests.neg.NEG_Login_Test" class="method navigator-link" hash-for-method="NEG_registerUserWithCityBlank">NEG_registerUserWithCityBlank</a> <!-- method navigator-link -->
                      </span>
                      <br/>
                      <span>
                        <img src="passed.png" width="3%"/>
                        <a href="#" panel-name="suite-Suite" title="com.parabank.ui.tests.neg.NEG_Login_Test" class="method navigator-link" hash-for-method="NEG_registerUserWithConfirmPasswordBlank">NEG_registerUserWithConfirmPasswordBlank</a> <!-- method navigator-link -->
                      </span>
                      <br/>
                      <span>
                        <img src="passed.png" width="3%"/>
                        <a href="#" panel-name="suite-Suite" title="com.parabank.ui.tests.neg.NEG_Login_Test" class="method navigator-link" hash-for-method="NEG_registerUserWithFirstNameBlank">NEG_registerUserWithFirstNameBlank</a> <!-- method navigator-link -->
                      </span>
                      <br/>
                      <span>
                        <img src="passed.png" width="3%"/>
                        <a href="#" panel-name="suite-Suite" title="com.parabank.ui.tests.neg.NEG_Login_Test" class="method navigator-link" hash-for-method="NEG_registerUserWithLastNameBlank">NEG_registerUserWithLastNameBlank</a> <!-- method navigator-link -->
                      </span>
                      <br/>
                      <span>
                        <img src="passed.png" width="3%"/>
                        <a href="#" panel-name="suite-Suite" title="com.parabank.ui.tests.neg.NEG_Login_Test" class="method navigator-link" hash-for-method="NEG_registerUserWithPasswordMismatch">NEG_registerUserWithPasswordMismatch</a> <!-- method navigator-link -->
                      </span>
                      <br/>
                      <span>
                        <img src="passed.png" width="3%"/>
                        <a href="#" panel-name="suite-Suite" title="com.parabank.ui.tests.neg.NEG_Login_Test" class="method navigator-link" hash-for-method="NEG_registerUserWithSSNBlank">NEG_registerUserWithSSNBlank</a> <!-- method navigator-link -->
                      </span>
                      <br/>
                      <span>
                        <img src="passed.png" width="3%"/>
                        <a href="#" panel-name="suite-Suite" title="com.parabank.ui.tests.neg.NEG_Login_Test" class="method navigator-link" hash-for-method="NEG_registerUserWithStateBlank">NEG_registerUserWithStateBlank</a> <!-- method navigator-link -->
                      </span>
                      <br/>
                      <span>
                        <img src="passed.png" width="3%"/>
                        <a href="#" panel-name="suite-Suite" title="com.parabank.ui.tests.neg.NEG_Login_Test" class="method navigator-link" hash-for-method="NEG_registerUserWithUserNameBlank">NEG_registerUserWithUserNameBlank</a> <!-- method navigator-link -->
                      </span>
                      <br/>
                      <span>
                        <img src="passed.png" width="3%"/>
                        <a href="#" panel-name="suite-Suite" title="com.parabank.ui.tests.neg.NEG_Login_Test" class="method navigator-link" hash-for-method="NEG_registerUserWithzipCodeBlank">NEG_registerUserWithzipCodeBlank</a> <!-- method navigator-link -->
                      </span>
                      <br/>
                      <span>
                        <img src="passed.png" width="3%"/>
                        <a href="#" panel-name="suite-Suite" title="com.parabank.ui.tests.pos.POS_Account_Test" class="method navigator-link" hash-for-method="account_OpenNewAccount">account_OpenNewAccount</a> <!-- method navigator-link -->
                      </span>
                      <br/>
                      <span>
                        <img src="passed.png" width="3%"/>
                        <a href="#" panel-name="suite-Suite" title="com.parabank.ui.tests.pos.POS_Account_Test" class="method navigator-link" hash-for-method="account_checkNewAccountDettails">account_checkNewAccountDettails</a> <!-- method navigator-link -->
                      </span>
                      <br/>
                      <span>
                        <img src="passed.png" width="3%"/>
                        <a href="#" panel-name="suite-Suite" title="com.parabank.ui.tests.pos.POS_Login_Test" class="method navigator-link" hash-for-method="checkUserFromDB(User2)">checkUserFromDB(User2)</a> <!-- method navigator-link -->
                      </span>
                      <br/>
                      <span>
                        <img src="passed.png" width="3%"/>
                        <a href="#" panel-name="suite-Suite" title="com.parabank.ui.tests.pos.POS_Transaction" class="method navigator-link" hash-for-method="findTransactionByDate(org.testng.TestRunner@36f53b27)">findTransactionByDate(org.testng.TestRunner@36f53b27)</a> <!-- method navigator-link -->
                      </span>
                      <br/>
                      <span>
                        <img src="passed.png" width="3%"/>
                        <a href="#" panel-name="suite-Suite" title="com.parabank.ui.tests.pos.POS_loanProcessingTest" class="method navigator-link" hash-for-method="loanProcessing_request">loanProcessing_request</a> <!-- method navigator-link -->
                      </span>
                      <br/>
                      <span>
                        <img src="passed.png" width="3%"/>
                        <a href="#" panel-name="suite-Suite" title="com.parabank.ui.tests.pos.POS_Login_Test" class="method navigator-link" hash-for-method="login_user">login_user</a> <!-- method navigator-link -->
                      </span>
                      <br/>
                      <span>
                        <img src="passed.png" width="3%"/>
                        <a href="#" panel-name="suite-Suite" title="com.parabank.ui.tests.pos.POS_OpenNewAccount" class="method navigator-link" hash-for-method="verifyCustomiseInitialBalance">verifyCustomiseInitialBalance</a> <!-- method navigator-link -->
                      </span>
                      <br/>
                      <span>
                        <img src="passed.png" width="3%"/>
                        <a href="#" panel-name="suite-Suite" title="com.parabank.ui.tests.pos.POS_TransferFunds" class="method navigator-link" hash-for-method="verifyTransferFunds">verifyTransferFunds</a> <!-- method navigator-link -->
                      </span>
                      <br/>
                    </div> <!-- method-list-content passed suite-Suite -->
                  </li>
                </ul>
              </div> <!-- suite-section-content -->
            </div> <!-- result-section -->
          </div> <!-- navigator-suite-content -->
        </div> <!-- rounded-window -->
      </div> <!-- suite -->
    </div> <!-- navigator-root -->
    <div class="wrapper">
      <div class="main-panel-root">
        <div panel-name="suite-Suite" class="panel Suite">
          <div class="suite-Suite-class-failed">
            <div class="main-panel-header rounded-window-top">
              <img src="failed.png"/>
              <span class="class-name">com.parabank.ui.tests.pos.POS_Login_Test</span>
            </div> <!-- main-panel-header rounded-window-top -->
            <div class="main-panel-content rounded-window-bottom">
              <div class="method">
                <div class="method-content">
                  <a name="checkUserFromDB(User1)">
                  </a> <!-- checkUserFromDB(User1) -->
                  <span class="method-name">checkUserFromDB</span>
                  <span class="parameters">(User1)</span>
                  <div class="stack-trace">org.testng.internal.thread.ThreadTimeoutException: Method com.parabank.ui.tests.pos.POS_Login_Test.checkUserFromDB() didn&apos;t finish within the time-out 4000
	at java.base/java.util.concurrent.Executors$RunnableAdapter.call(Executors.java:539)
	at java.base/java.util.concurrent.FutureTask.run(FutureTask.java:264)
	at java.base/java.util.concurrent.ThreadPoolExecutor.runWorker(ThreadPoolExecutor.java:1136)
	at java.base/java.util.concurrent.ThreadPoolExecutor$Worker.run(ThreadPoolExecutor.java:635)
	at java.base/java.lang.Thread.run(Thread.java:833)
... Removed 10 stack frames
</div> <!-- stack-trace -->
                </div> <!-- method-content -->
              </div> <!-- method -->
              <div class="method">
                <div class="method-content">
                  <a name="login_registerUser">
                  </a> <!-- login_registerUser -->
                  <span class="method-name">login_registerUser</span>
                  <div class="stack-trace">java.lang.NullPointerException: Cannot invoke &quot;com.parabank.ui.PARABANK.helpers.JsonReader.queryJsonData(String, String)&quot; because &quot;this.jsObj&quot; is null
	at com.parabank.ui.tests.pos.POS_Login_Test.login_registerUser(POS_Login_Test.java:33)
	at java.base/java.util.concurrent.Executors$RunnableAdapter.call(Executors.java:539)
	at java.base/java.util.concurrent.FutureTask.run(FutureTask.java:264)
	at java.base/java.util.concurrent.ThreadPoolExecutor.runWorker(ThreadPoolExecutor.java:1136)
	at java.base/java.util.concurrent.ThreadPoolExecutor$Worker.run(ThreadPoolExecutor.java:635)
	at java.base/java.lang.Thread.run(Thread.java:833)
... Removed 11 stack frames
</div> <!-- stack-trace -->
                </div> <!-- method-content -->
              </div> <!-- method -->
            </div> <!-- main-panel-content rounded-window-bottom -->
          </div> <!-- suite-Suite-class-failed -->
          <div class="suite-Suite-class-failed">
            <div class="main-panel-header rounded-window-top">
              <img src="failed.png"/>
              <span class="class-name">com.parabank.ui.tests.pos.POS_OpenNewAccount</span>
            </div> <!-- main-panel-header rounded-window-top -->
            <div class="main-panel-content rounded-window-bottom">
              <div class="method">
                <div class="method-content">
                  <a name="verifyOpeningSavingsAcct">
                  </a> <!-- verifyOpeningSavingsAcct -->
                  <span class="method-name">verifyOpeningSavingsAcct</span>
                  <div class="stack-trace">org.testng.TestNGException: 
Parameter &apos;BalanceTest&apos; is required by @Test on method verifyOpeningSavingsAcct but has not been marked @Optional or defined
in E:\AUTOMATION\PARABANK\AllTests.xml
	at java.base/java.util.concurrent.Executors$RunnableAdapter.call(Executors.java:539)
	at java.base/java.util.concurrent.FutureTask.run(FutureTask.java:264)
	at java.base/java.util.concurrent.ThreadPoolExecutor.runWorker(ThreadPoolExecutor.java:1136)
	at java.base/java.util.concurrent.ThreadPoolExecutor$Worker.run(ThreadPoolExecutor.java:635)
	at java.base/java.lang.Thread.run(Thread.java:833)
... Removed 12 stack frames
</div> <!-- stack-trace -->
                </div> <!-- method-content -->
              </div> <!-- method -->
            </div> <!-- main-panel-content rounded-window-bottom -->
          </div> <!-- suite-Suite-class-failed -->
          <div class="suite-Suite-class-failed">
            <div class="main-panel-header rounded-window-top">
              <img src="failed.png"/>
              <span class="class-name">com.parabank.ui.tests.neg.NEG_loanProcessingTest</span>
            </div> <!-- main-panel-header rounded-window-top -->
            <div class="main-panel-content rounded-window-bottom">
              <div class="method">
                <div class="method-content">
                  <a name="NEG_loanProcessing_request">
                  </a> <!-- NEG_loanProcessing_request -->
                  <span class="method-name">NEG_loanProcessing_request</span>
                  <div class="stack-trace">java.lang.AssertionError: expected [02-09-2026] but found [02-9-2026]
	at com.parabank.ui.tests.neg.NEG_loanProcessingTest.NEG_loanProcessing_request(NEG_loanProcessingTest.java:40)
	at java.base/java.util.concurrent.Executors$RunnableAdapter.call(Executors.java:539)
	at java.base/java.util.concurrent.FutureTask.run(FutureTask.java:264)
	at java.base/java.util.concurrent.ThreadPoolExecutor.runWorker(ThreadPoolExecutor.java:1136)
	at java.base/java.util.concurrent.ThreadPoolExecutor$Worker.run(ThreadPoolExecutor.java:635)
	at java.base/java.lang.Thread.run(Thread.java:833)
... Removed 17 stack frames
</div> <!-- stack-trace -->
                </div> <!-- method-content -->
              </div> <!-- method -->
            </div> <!-- main-panel-content rounded-window-bottom -->
          </div> <!-- suite-Suite-class-failed -->
          <div class="suite-Suite-class-skipped">
            <div class="main-panel-header rounded-window-top">
              <img src="skipped.png"/>
              <span class="class-name">com.parabank.ui.tests.pos.POS_TransferFunds</span>
            </div> <!-- main-panel-header rounded-window-top -->
            <div class="main-panel-content rounded-window-bottom">
              <div class="method">
                <div class="method-content">
                  <a name="verifyTransferFunds">
                  </a> <!-- verifyTransferFunds -->
                  <span class="method-name">verifyTransferFunds</span>
                  <div class="stack-trace">java.util.NoSuchElementException: Account number:14232 Not found
	at com.parabank.ui.PARABANK.POM.AccountOverview.lambda$3(AccountOverview.java:55)
	at java.base/java.util.Optional.orElseThrow(Optional.java:403)
	at com.parabank.ui.PARABANK.POM.AccountOverview.selectAccount(AccountOverview.java:55)
	at com.parabank.ui.tests.pos.POS_TransferFunds.verifyTransferFunds(POS_TransferFunds.java:103)
	at java.base/java.util.concurrent.Executors$RunnableAdapter.call(Executors.java:539)
	at java.base/java.util.concurrent.FutureTask.run(FutureTask.java:264)
	at java.base/java.util.concurrent.ThreadPoolExecutor.runWorker(ThreadPoolExecutor.java:1136)
	at java.base/java.util.concurrent.ThreadPoolExecutor$Worker.run(ThreadPoolExecutor.java:635)
	at java.base/java.lang.Thread.run(Thread.java:833)
... Removed 11 stack frames
</div> <!-- stack-trace -->
                </div> <!-- method-content -->
              </div> <!-- method -->
            </div> <!-- main-panel-content rounded-window-bottom -->
          </div> <!-- suite-Suite-class-skipped -->
          <div class="suite-Suite-class-skipped">
            <div class="main-panel-header rounded-window-top">
              <img src="skipped.png"/>
              <span class="class-name">com.parabank.ui.tests.neg.NEG_Login_Test</span>
            </div> <!-- main-panel-header rounded-window-top -->
            <div class="main-panel-content rounded-window-bottom">
              <div class="method">
                <div class="method-content">
                  <a name="NEG_registerUserWithpasswordBlank">
                  </a> <!-- NEG_registerUserWithpasswordBlank -->
                  <span class="method-name">NEG_registerUserWithpasswordBlank</span>
                  <div class="stack-trace">org.openqa.selenium.NoSuchSessionException: invalid session id: session deleted as the browser has closed the connection
from disconnected: Unable to receive message from renderer
  (Session info: chrome=144.0.7559.133)
Build info: version: &apos;4.39.0&apos;, revision: &apos;126f156aee&apos;
System info: os.name: &apos;Windows 11&apos;, os.arch: &apos;amd64&apos;, os.version: &apos;10.0&apos;, java.version: &apos;18.0.1&apos;
Driver info: org.openqa.selenium.chrome.ChromeDriver
Command: [b1c6d0c105a77301e87e9baf65ab0835, maximizeCurrentWindow {}]
Capabilities {acceptInsecureCerts: false, browserName: chrome, browserVersion: 144.0.7559.133, chrome: {chromedriverVersion: 144.0.7559.133 (7da823b1d59..., userDataDir: C:\Users\SREELA~1\AppData\L...}, fedcm:accounts: true, goog:chromeOptions: {debuggerAddress: localhost:57867}, goog:processID: 7852, networkConnectionEnabled: false, pageLoadStrategy: normal, platformName: windows, proxy: Proxy(), se:cdp: ws://localhost:57867/devtoo..., se:cdpVersion: 144.0.7559.133, setWindowRect: true, strictFileInteractability: false, timeouts: {implicit: 0, pageLoad: 300000, script: 30000}, unhandledPromptBehavior: dismiss and notify, webauthn:extension:credBlob: true, webauthn:extension:largeBlob: true, webauthn:extension:minPinLength: true, webauthn:extension:prf: true, webauthn:virtualAuthenticators: true}
Session ID: b1c6d0c105a77301e87e9baf65ab0835
	at org.openqa.selenium.remote.ErrorCodec.decode(ErrorCodec.java:167)
	at org.openqa.selenium.remote.codec.w3c.W3CHttpResponseCodec.decode(W3CHttpResponseCodec.java:142)
	at org.openqa.selenium.remote.codec.w3c.W3CHttpResponseCodec.decode(W3CHttpResponseCodec.java:49)
	at org.openqa.selenium.remote.HttpCommandExecutor.execute(HttpCommandExecutor.java:215)
	at org.openqa.selenium.remote.service.DriverCommandExecutor.invokeExecute(DriverCommandExecutor.java:216)
	at org.openqa.selenium.remote.service.DriverCommandExecutor.execute(DriverCommandExecutor.java:174)
	at org.openqa.selenium.remote.RemoteWebDriver.execute(RemoteWebDriver.java:561)
	at org.openqa.selenium.remote.RemoteWebDriver.execute(RemoteWebDriver.java:638)
	at org.openqa.selenium.remote.RemoteWebDriver.execute(RemoteWebDriver.java:642)
	at org.openqa.selenium.remote.RemoteWebDriver$RemoteWebDriverOptions$RemoteWindow.maximize(RemoteWebDriver.java:1098)
	at com.parabank.ui.base.BaseTest.webDriverSetUp(BaseTest.java:147)
	at java.base/java.util.concurrent.Executors$RunnableAdapter.call(Executors.java:539)
	at java.base/java.util.concurrent.FutureTask.run(FutureTask.java:264)
	at java.base/java.util.concurrent.ThreadPoolExecutor.runWorker(ThreadPoolExecutor.java:1136)
	at java.base/java.util.concurrent.ThreadPoolExecutor$Worker.run(ThreadPoolExecutor.java:635)
	at java.base/java.lang.Thread.run(Thread.java:833)
... Removed 18 stack frames
</div> <!-- stack-trace -->
                </div> <!-- method-content -->
              </div> <!-- method -->
            </div> <!-- main-panel-content rounded-window-bottom -->
          </div> <!-- suite-Suite-class-skipped -->
          <div class="suite-Suite-class-skipped">
            <div class="main-panel-header rounded-window-top">
              <img src="skipped.png"/>
              <span class="class-name">com.parabank.ui.tests.pos.POS_Login_Test</span>
            </div> <!-- main-panel-header rounded-window-top -->
            <div class="main-panel-content rounded-window-bottom">
              <div class="method">
                <div class="method-content">
                  <a name="checkUserFromDB(User1)">
                  </a> <!-- checkUserFromDB(User1) -->
                  <span class="method-name">checkUserFromDB</span>
                  <span class="parameters">(User1)</span>
                  <div class="stack-trace">org.testng.internal.thread.ThreadTimeoutException: Method com.parabank.ui.tests.pos.POS_Login_Test.checkUserFromDB() didn&apos;t finish within the time-out 4000
	at java.base/java.util.concurrent.Executors$RunnableAdapter.call(Executors.java:539)
	at java.base/java.util.concurrent.FutureTask.run(FutureTask.java:264)
	at java.base/java.util.concurrent.ThreadPoolExecutor.runWorker(ThreadPoolExecutor.java:1136)
	at java.base/java.util.concurrent.ThreadPoolExecutor$Worker.run(ThreadPoolExecutor.java:635)
	at java.base/java.lang.Thread.run(Thread.java:833)
... Removed 10 stack frames
</div> <!-- stack-trace -->
                </div> <!-- method-content -->
              </div> <!-- method -->
              <div class="method">
                <div class="method-content">
                  <a name="checkUserFromDB(User2)">
                  </a> <!-- checkUserFromDB(User2) -->
                  <span class="method-name">checkUserFromDB</span>
                  <span class="parameters">(User2)</span>
                  <div class="stack-trace">org.testng.internal.thread.ThreadTimeoutException: Method com.parabank.ui.tests.pos.POS_Login_Test.checkUserFromDB() didn&apos;t finish within the time-out 4000
	at java.base/java.util.concurrent.Executors$RunnableAdapter.call(Executors.java:539)
	at java.base/java.util.concurrent.FutureTask.run(FutureTask.java:264)
	at java.base/java.util.concurrent.ThreadPoolExecutor.runWorker(ThreadPoolExecutor.java:1136)
	at java.base/java.util.concurrent.ThreadPoolExecutor$Worker.run(ThreadPoolExecutor.java:635)
	at java.base/java.lang.Thread.run(Thread.java:833)
... Removed 10 stack frames
</div> <!-- stack-trace -->
                </div> <!-- method-content -->
              </div> <!-- method -->
              <div class="method">
                <div class="method-content">
                  <a name="checkUserFromDB(User1)">
                  </a> <!-- checkUserFromDB(User1) -->
                  <span class="method-name">checkUserFromDB</span>
                  <span class="parameters">(User1)</span>
                  <div class="stack-trace">org.testng.internal.thread.ThreadTimeoutException: Method com.parabank.ui.tests.pos.POS_Login_Test.checkUserFromDB() didn&apos;t finish within the time-out 4000
	at java.base/java.util.concurrent.Executors$RunnableAdapter.call(Executors.java:539)
	at java.base/java.util.concurrent.FutureTask.run(FutureTask.java:264)
	at java.base/java.util.concurrent.ThreadPoolExecutor.runWorker(ThreadPoolExecutor.java:1136)
	at java.base/java.util.concurrent.ThreadPoolExecutor$Worker.run(ThreadPoolExecutor.java:635)
	at java.base/java.lang.Thread.run(Thread.java:833)
... Removed 10 stack frames
</div> <!-- stack-trace -->
                </div> <!-- method-content -->
              </div> <!-- method -->
              <div class="method">
                <div class="method-content">
                  <a name="checkUserFromDB(User2)">
                  </a> <!-- checkUserFromDB(User2) -->
                  <span class="method-name">checkUserFromDB</span>
                  <span class="parameters">(User2)</span>
                  <div class="stack-trace">org.testng.internal.thread.ThreadTimeoutException: Method com.parabank.ui.tests.pos.POS_Login_Test.checkUserFromDB() didn&apos;t finish within the time-out 4000
	at java.base/java.util.concurrent.Executors$RunnableAdapter.call(Executors.java:539)
	at java.base/java.util.concurrent.FutureTask.run(FutureTask.java:264)
	at java.base/java.util.concurrent.ThreadPoolExecutor.runWorker(ThreadPoolExecutor.java:1136)
	at java.base/java.util.concurrent.ThreadPoolExecutor$Worker.run(ThreadPoolExecutor.java:635)
	at java.base/java.lang.Thread.run(Thread.java:833)
... Removed 10 stack frames
</div> <!-- stack-trace -->
                </div> <!-- method-content -->
              </div> <!-- method -->
              <div class="method">
                <div class="method-content">
                  <a name="login_registerUser">
                  </a> <!-- login_registerUser -->
                  <span class="method-name">login_registerUser</span>
                  <div class="stack-trace">java.lang.NullPointerException: Cannot invoke &quot;com.parabank.ui.PARABANK.helpers.JsonReader.queryJsonData(String, String)&quot; because &quot;this.jsObj&quot; is null
	at com.parabank.ui.tests.pos.POS_Login_Test.login_registerUser(POS_Login_Test.java:33)
	at java.base/java.util.concurrent.Executors$RunnableAdapter.call(Executors.java:539)
	at java.base/java.util.concurrent.FutureTask.run(FutureTask.java:264)
	at java.base/java.util.concurrent.ThreadPoolExecutor.runWorker(ThreadPoolExecutor.java:1136)
	at java.base/java.util.concurrent.ThreadPoolExecutor$Worker.run(ThreadPoolExecutor.java:635)
	at java.base/java.lang.Thread.run(Thread.java:833)
... Removed 11 stack frames
</div> <!-- stack-trace -->
                </div> <!-- method-content -->
              </div> <!-- method -->
              <div class="method">
                <div class="method-content">
                  <a name="login_registerUser">
                  </a> <!-- login_registerUser -->
                  <span class="method-name">login_registerUser</span>
                  <div class="stack-trace">java.lang.NullPointerException: Cannot invoke &quot;com.parabank.ui.PARABANK.helpers.JsonReader.queryJsonData(String, String)&quot; because &quot;this.jsObj&quot; is null
	at com.parabank.ui.tests.pos.POS_Login_Test.login_registerUser(POS_Login_Test.java:33)
	at java.base/java.util.concurrent.Executors$RunnableAdapter.call(Executors.java:539)
	at java.base/java.util.concurrent.FutureTask.run(FutureTask.java:264)
	at java.base/java.util.concurrent.ThreadPoolExecutor.runWorker(ThreadPoolExecutor.java:1136)
	at java.base/java.util.concurrent.ThreadPoolExecutor$Worker.run(ThreadPoolExecutor.java:635)
	at java.base/java.lang.Thread.run(Thread.java:833)
... Removed 11 stack frames
</div> <!-- stack-trace -->
                </div> <!-- method-content -->
              </div> <!-- method -->
            </div> <!-- main-panel-content rounded-window-bottom -->
          </div> <!-- suite-Suite-class-skipped -->
          <div class="suite-Suite-class-skipped">
            <div class="main-panel-header rounded-window-top">
              <img src="skipped.png"/>
              <span class="class-name">com.parabank.ui.tests.pos.POS_OpenNewAccount</span>
            </div> <!-- main-panel-header rounded-window-top -->
            <div class="main-panel-content rounded-window-bottom">
              <div class="method">
                <div class="method-content">
                  <a name="verifyDefaultInitBalanceTest">
                  </a> <!-- verifyDefaultInitBalanceTest -->
                  <span class="method-name">verifyDefaultInitBalanceTest</span>
                  <div class="stack-trace">org.openqa.selenium.SessionNotCreatedException: Could not start a new session. Possible causes are invalid address of the remote server or browser start-up failure. request timed out 
Host info: host: &apos;LAPTOP-LT7RKUIB&apos;, ip: &apos;172.20.160.1&apos;
	at org.openqa.selenium.remote.RemoteWebDriver.execute(RemoteWebDriver.java:582)
	at org.openqa.selenium.remote.RemoteWebDriver.startSession(RemoteWebDriver.java:250)
	at org.openqa.selenium.remote.RemoteWebDriver.&lt;init&gt;(RemoteWebDriver.java:178)
	at org.openqa.selenium.chromium.ChromiumDriver.&lt;init&gt;(ChromiumDriver.java:109)
	at org.openqa.selenium.chrome.ChromeDriver.&lt;init&gt;(ChromeDriver.java:88)
	at org.openqa.selenium.chrome.ChromeDriver.&lt;init&gt;(ChromeDriver.java:83)
	at org.openqa.selenium.chrome.ChromeDriver.&lt;init&gt;(ChromeDriver.java:72)
	at com.parabank.ui.base.BaseTest.webDriverSetUp(BaseTest.java:145)
	at java.base/java.util.concurrent.Executors$RunnableAdapter.call(Executors.java:539)
	at java.base/java.util.concurrent.FutureTask.run(FutureTask.java:264)
	at java.base/java.util.concurrent.ThreadPoolExecutor.runWorker(ThreadPoolExecutor.java:1136)
	at java.base/java.util.concurrent.ThreadPoolExecutor$Worker.run(ThreadPoolExecutor.java:635)
	at java.base/java.lang.Thread.run(Thread.java:833)
Caused by: org.openqa.selenium.TimeoutException: java.net.http.HttpTimeoutException: request timed out
Build info: version: &apos;4.39.0&apos;, revision: &apos;126f156aee&apos;
System info: os.name: &apos;Windows 11&apos;, os.arch: &apos;amd64&apos;, os.version: &apos;10.0&apos;, java.version: &apos;18.0.1&apos;
Driver info: driver.version: unknown
	at org.openqa.selenium.remote.http.jdk.JdkHttpClient.execute0(JdkHttpClient.java:501)
	at org.openqa.selenium.remote.http.AddSeleniumUserAgent.lambda$apply$0(AddSeleniumUserAgent.java:44)
	at org.openqa.selenium.remote.http.Filter.lambda$andFinally$1(Filter.java:55)
	at org.openqa.selenium.remote.http.jdk.JdkHttpClient.lambda$executeAsync$2(JdkHttpClient.java:388)
	at java.base/java.util.concurrent.Executors$RunnableAdapter.call(Executors.java:539)
	at java.base/java.util.concurrent.FutureTask.run(FutureTask.java:264)
	... 3 more
Caused by: java.net.http.HttpTimeoutException: request timed out
	at java.net.http/jdk.internal.net.http.HttpClientImpl.send(HttpClientImpl.java:569)
	at java.net.http/jdk.internal.net.http.HttpClientFacade.send(HttpClientFacade.java:123)
	at org.openqa.selenium.remote.http.jdk.JdkHttpClient.execute0(JdkHttpClient.java:462)
	... 8 more
... Removed 15 stack frames
</div> <!-- stack-trace -->
                </div> <!-- method-content -->
              </div> <!-- method -->
              <div class="method">
                <div class="method-content">
                  <a name="verifyMinBalanceTest">
                  </a> <!-- verifyMinBalanceTest -->
                  <span class="method-name">verifyMinBalanceTest</span>
                  <div class="stack-trace">org.openqa.selenium.SessionNotCreatedException: Could not start a new session. Possible causes are invalid address of the remote server or browser start-up failure. request timed out 
Host info: host: &apos;LAPTOP-LT7RKUIB&apos;, ip: &apos;172.20.160.1&apos;
	at org.openqa.selenium.remote.RemoteWebDriver.execute(RemoteWebDriver.java:582)
	at org.openqa.selenium.remote.RemoteWebDriver.startSession(RemoteWebDriver.java:250)
	at org.openqa.selenium.remote.RemoteWebDriver.&lt;init&gt;(RemoteWebDriver.java:178)
	at org.openqa.selenium.chromium.ChromiumDriver.&lt;init&gt;(ChromiumDriver.java:109)
	at org.openqa.selenium.chrome.ChromeDriver.&lt;init&gt;(ChromeDriver.java:88)
	at org.openqa.selenium.chrome.ChromeDriver.&lt;init&gt;(ChromeDriver.java:83)
	at org.openqa.selenium.chrome.ChromeDriver.&lt;init&gt;(ChromeDriver.java:72)
	at com.parabank.ui.base.BaseTest.webDriverSetUp(BaseTest.java:145)
	at java.base/java.util.concurrent.Executors$RunnableAdapter.call(Executors.java:539)
	at java.base/java.util.concurrent.FutureTask.run(FutureTask.java:264)
	at java.base/java.util.concurrent.ThreadPoolExecutor.runWorker(ThreadPoolExecutor.java:1136)
	at java.base/java.util.concurrent.ThreadPoolExecutor$Worker.run(ThreadPoolExecutor.java:635)
	at java.base/java.lang.Thread.run(Thread.java:833)
Caused by: org.openqa.selenium.TimeoutException: java.net.http.HttpTimeoutException: request timed out
Build info: version: &apos;4.39.0&apos;, revision: &apos;126f156aee&apos;
System info: os.name: &apos;Windows 11&apos;, os.arch: &apos;amd64&apos;, os.version: &apos;10.0&apos;, java.version: &apos;18.0.1&apos;
Driver info: driver.version: unknown
	at org.openqa.selenium.remote.http.jdk.JdkHttpClient.execute0(JdkHttpClient.java:501)
	at org.openqa.selenium.remote.http.AddSeleniumUserAgent.lambda$apply$0(AddSeleniumUserAgent.java:44)
	at org.openqa.selenium.remote.http.Filter.lambda$andFinally$1(Filter.java:55)
	at org.openqa.selenium.remote.http.jdk.JdkHttpClient.lambda$executeAsync$2(JdkHttpClient.java:388)
	at java.base/java.util.concurrent.Executors$RunnableAdapter.call(Executors.java:539)
	at java.base/java.util.concurrent.FutureTask.run(FutureTask.java:264)
	... 3 more
Caused by: java.net.http.HttpTimeoutException: request timed out
	at java.net.http/jdk.internal.net.http.HttpClientImpl.send(HttpClientImpl.java:569)
	at java.net.http/jdk.internal.net.http.HttpClientFacade.send(HttpClientFacade.java:123)
	at org.openqa.selenium.remote.http.jdk.JdkHttpClient.execute0(JdkHttpClient.java:462)
	... 8 more
... Removed 15 stack frames
</div> <!-- stack-trace -->
                </div> <!-- method-content -->
              </div> <!-- method -->
              <div class="method">
                <div class="method-content">
                  <a name="verifyOpeningAccountWithOtherThanBaseAcct">
                  </a> <!-- verifyOpeningAccountWithOtherThanBaseAcct -->
                  <span class="method-name">verifyOpeningAccountWithOtherThanBaseAcct</span>
                  <div class="stack-trace">org.openqa.selenium.SessionNotCreatedException: Could not start a new session. Possible causes are invalid address of the remote server or browser start-up failure. request timed out 
Host info: host: &apos;LAPTOP-LT7RKUIB&apos;, ip: &apos;172.20.160.1&apos;
	at org.openqa.selenium.remote.RemoteWebDriver.execute(RemoteWebDriver.java:582)
	at org.openqa.selenium.remote.RemoteWebDriver.startSession(RemoteWebDriver.java:250)
	at org.openqa.selenium.remote.RemoteWebDriver.&lt;init&gt;(RemoteWebDriver.java:178)
	at org.openqa.selenium.chromium.ChromiumDriver.&lt;init&gt;(ChromiumDriver.java:109)
	at org.openqa.selenium.chrome.ChromeDriver.&lt;init&gt;(ChromeDriver.java:88)
	at org.openqa.selenium.chrome.ChromeDriver.&lt;init&gt;(ChromeDriver.java:83)
	at org.openqa.selenium.chrome.ChromeDriver.&lt;init&gt;(ChromeDriver.java:72)
	at com.parabank.ui.base.BaseTest.webDriverSetUp(BaseTest.java:145)
	at java.base/java.util.concurrent.Executors$RunnableAdapter.call(Executors.java:539)
	at java.base/java.util.concurrent.FutureTask.run(FutureTask.java:264)
	at java.base/java.util.concurrent.ThreadPoolExecutor.runWorker(ThreadPoolExecutor.java:1136)
	at java.base/java.util.concurrent.ThreadPoolExecutor$Worker.run(ThreadPoolExecutor.java:635)
	at java.base/java.lang.Thread.run(Thread.java:833)
Caused by: org.openqa.selenium.TimeoutException: java.net.http.HttpTimeoutException: request timed out
Build info: version: &apos;4.39.0&apos;, revision: &apos;126f156aee&apos;
System info: os.name: &apos;Windows 11&apos;, os.arch: &apos;amd64&apos;, os.version: &apos;10.0&apos;, java.version: &apos;18.0.1&apos;
Driver info: driver.version: unknown
	at org.openqa.selenium.remote.http.jdk.JdkHttpClient.execute0(JdkHttpClient.java:501)
	at org.openqa.selenium.remote.http.AddSeleniumUserAgent.lambda$apply$0(AddSeleniumUserAgent.java:44)
	at org.openqa.selenium.remote.http.Filter.lambda$andFinally$1(Filter.java:55)
	at org.openqa.selenium.remote.http.jdk.JdkHttpClient.lambda$executeAsync$2(JdkHttpClient.java:388)
	at java.base/java.util.concurrent.Executors$RunnableAdapter.call(Executors.java:539)
	at java.base/java.util.concurrent.FutureTask.run(FutureTask.java:264)
	... 3 more
Caused by: java.net.http.HttpTimeoutException: request timed out
	at java.net.http/jdk.internal.net.http.HttpClientImpl.send(HttpClientImpl.java:569)
	at java.net.http/jdk.internal.net.http.HttpClientFacade.send(HttpClientFacade.java:123)
	at org.openqa.selenium.remote.http.jdk.JdkHttpClient.execute0(JdkHttpClient.java:462)
	... 8 more
... Removed 15 stack frames
</div> <!-- stack-trace -->
                </div> <!-- method-content -->
              </div> <!-- method -->
            </div> <!-- main-panel-content rounded-window-bottom -->
          </div> <!-- suite-Suite-class-skipped -->
          <div class="suite-Suite-class-skipped">
            <div class="main-panel-header rounded-window-top">
              <img src="skipped.png"/>
              <span class="class-name">com.parabank.ui.tests.neg.NEG_loanProcessingTest</span>
            </div> <!-- main-panel-header rounded-window-top -->
            <div class="main-panel-content rounded-window-bottom">
              <div class="method">
                <div class="method-content">
                  <a name="NEG_loanProcessing_request">
                  </a> <!-- NEG_loanProcessing_request -->
                  <span class="method-name">NEG_loanProcessing_request</span>
                  <div class="stack-trace">java.lang.AssertionError: expected [02-09-2026] but found [02-9-2026]
	at com.parabank.ui.tests.neg.NEG_loanProcessingTest.NEG_loanProcessing_request(NEG_loanProcessingTest.java:40)
	at java.base/java.util.concurrent.Executors$RunnableAdapter.call(Executors.java:539)
	at java.base/java.util.concurrent.FutureTask.run(FutureTask.java:264)
	at java.base/java.util.concurrent.ThreadPoolExecutor.runWorker(ThreadPoolExecutor.java:1136)
	at java.base/java.util.concurrent.ThreadPoolExecutor$Worker.run(ThreadPoolExecutor.java:635)
	at java.base/java.lang.Thread.run(Thread.java:833)
... Removed 17 stack frames
</div> <!-- stack-trace -->
                </div> <!-- method-content -->
              </div> <!-- method -->
              <div class="method">
                <div class="method-content">
                  <a name="NEG_loanProcessing_request">
                  </a> <!-- NEG_loanProcessing_request -->
                  <span class="method-name">NEG_loanProcessing_request</span>
                  <div class="stack-trace">java.lang.AssertionError: expected [02-09-2026] but found [02-9-2026]
	at com.parabank.ui.tests.neg.NEG_loanProcessingTest.NEG_loanProcessing_request(NEG_loanProcessingTest.java:40)
	at java.base/java.util.concurrent.Executors$RunnableAdapter.call(Executors.java:539)
	at java.base/java.util.concurrent.FutureTask.run(FutureTask.java:264)
	at java.base/java.util.concurrent.ThreadPoolExecutor.runWorker(ThreadPoolExecutor.java:1136)
	at java.base/java.util.concurrent.ThreadPoolExecutor$Worker.run(ThreadPoolExecutor.java:635)
	at java.base/java.lang.Thread.run(Thread.java:833)
... Removed 17 stack frames
</div> <!-- stack-trace -->
                </div> <!-- method-content -->
              </div> <!-- method -->
            </div> <!-- main-panel-content rounded-window-bottom -->
          </div> <!-- suite-Suite-class-skipped -->
          <div class="suite-Suite-class-passed">
            <div class="main-panel-header rounded-window-top">
              <img src="passed.png"/>
              <span class="class-name">com.parabank.ui.tests.pos.POS_TransferFunds</span>
            </div> <!-- main-panel-header rounded-window-top -->
            <div class="main-panel-content rounded-window-bottom">
              <div class="method">
                <div class="method-content">
                  <a name="verifyTransferFunds">
                  </a> <!-- verifyTransferFunds -->
                  <span class="method-name">verifyTransferFunds</span>
                </div> <!-- method-content -->
              </div> <!-- method -->
            </div> <!-- main-panel-content rounded-window-bottom -->
          </div> <!-- suite-Suite-class-passed -->
          <div class="suite-Suite-class-passed">
            <div class="main-panel-header rounded-window-top">
              <img src="passed.png"/>
              <span class="class-name">com.parabank.ui.tests.pos.POS_loanProcessingTest</span>
            </div> <!-- main-panel-header rounded-window-top -->
            <div class="main-panel-content rounded-window-bottom">
              <div class="method">
                <div class="method-content">
                  <a name="loanProcessing_request">
                  </a> <!-- loanProcessing_request -->
                  <span class="method-name">loanProcessing_request</span>
                </div> <!-- method-content -->
              </div> <!-- method -->
            </div> <!-- main-panel-content rounded-window-bottom -->
          </div> <!-- suite-Suite-class-passed -->
          <div class="suite-Suite-class-passed">
            <div class="main-panel-header rounded-window-top">
              <img src="passed.png"/>
              <span class="class-name">com.parabank.ui.tests.pos.POS_Transaction</span>
            </div> <!-- main-panel-header rounded-window-top -->
            <div class="main-panel-content rounded-window-bottom">
              <div class="method">
                <div class="method-content">
                  <a name="findTransactionByDate(org.testng.TestRunner@36f53b27)">
                  </a> <!-- findTransactionByDate(org.testng.TestRunner@36f53b27) -->
                  <span class="method-name">findTransactionByDate</span>
                  <span class="parameters">(org.testng.TestRunner@36f53b27)</span>
                </div> <!-- method-content -->
              </div> <!-- method -->
            </div> <!-- main-panel-content rounded-window-bottom -->
          </div> <!-- suite-Suite-class-passed -->
          <div class="suite-Suite-class-passed">
            <div class="main-panel-header rounded-window-top">
              <img src="passed.png"/>
              <span class="class-name">com.parabank.ui.tests.neg.NEG_Login_Test</span>
            </div> <!-- main-panel-header rounded-window-top -->
            <div class="main-panel-content rounded-window-bottom">
              <div class="method">
                <div class="method-content">
                  <a name="NEG_loginWithInvalidUser">
                  </a> <!-- NEG_loginWithInvalidUser -->
                  <span class="method-name">NEG_loginWithInvalidUser</span>
                </div> <!-- method-content -->
              </div> <!-- method -->
              <div class="method">
                <div class="method-content">
                  <a name="NEG_registerUserWithAddressBlank">
                  </a> <!-- NEG_registerUserWithAddressBlank -->
                  <span class="method-name">NEG_registerUserWithAddressBlank</span>
                </div> <!-- method-content -->
              </div> <!-- method -->
              <div class="method">
                <div class="method-content">
                  <a name="NEG_registerUserWithCityBlank">
                  </a> <!-- NEG_registerUserWithCityBlank -->
                  <span class="method-name">NEG_registerUserWithCityBlank</span>
                </div> <!-- method-content -->
              </div> <!-- method -->
              <div class="method">
                <div class="method-content">
                  <a name="NEG_registerUserWithConfirmPasswordBlank">
                  </a> <!-- NEG_registerUserWithConfirmPasswordBlank -->
                  <span class="method-name">NEG_registerUserWithConfirmPasswordBlank</span>
                </div> <!-- method-content -->
              </div> <!-- method -->
              <div class="method">
                <div class="method-content">
                  <a name="NEG_registerUserWithFirstNameBlank">
                  </a> <!-- NEG_registerUserWithFirstNameBlank -->
                  <span class="method-name">NEG_registerUserWithFirstNameBlank</span>
                </div> <!-- method-content -->
              </div> <!-- method -->
              <div class="method">
                <div class="method-content">
                  <a name="NEG_registerUserWithLastNameBlank">
                  </a> <!-- NEG_registerUserWithLastNameBlank -->
                  <span class="method-name">NEG_registerUserWithLastNameBlank</span>
                </div> <!-- method-content -->
              </div> <!-- method -->
              <div class="method">
                <div class="method-content">
                  <a name="NEG_registerUserWithPasswordMismatch">
                  </a> <!-- NEG_registerUserWithPasswordMismatch -->
                  <span class="method-name">NEG_registerUserWithPasswordMismatch</span>
                </div> <!-- method-content -->
              </div> <!-- method -->
              <div class="method">
                <div class="method-content">
                  <a name="NEG_registerUserWithSSNBlank">
                  </a> <!-- NEG_registerUserWithSSNBlank -->
                  <span class="method-name">NEG_registerUserWithSSNBlank</span>
                </div> <!-- method-content -->
              </div> <!-- method -->
              <div class="method">
                <div class="method-content">
                  <a name="NEG_registerUserWithStateBlank">
                  </a> <!-- NEG_registerUserWithStateBlank -->
                  <span class="method-name">NEG_registerUserWithStateBlank</span>
                </div> <!-- method-content -->
              </div> <!-- method -->
              <div class="method">
                <div class="method-content">
                  <a name="NEG_registerUserWithUserNameBlank">
                  </a> <!-- NEG_registerUserWithUserNameBlank -->
                  <span class="method-name">NEG_registerUserWithUserNameBlank</span>
                </div> <!-- method-content -->
              </div> <!-- method -->
              <div class="method">
                <div class="method-content">
                  <a name="NEG_registerUserWithzipCodeBlank">
                  </a> <!-- NEG_registerUserWithzipCodeBlank -->
                  <span class="method-name">NEG_registerUserWithzipCodeBlank</span>
                </div> <!-- method-content -->
              </div> <!-- method -->
            </div> <!-- main-panel-content rounded-window-bottom -->
          </div> <!-- suite-Suite-class-passed -->
          <div class="suite-Suite-class-passed">
            <div class="main-panel-header rounded-window-top">
              <img src="passed.png"/>
              <span class="class-name">com.parabank.ui.tests.pos.POS_Account_Test</span>
            </div> <!-- main-panel-header rounded-window-top -->
            <div class="main-panel-content rounded-window-bottom">
              <div class="method">
                <div class="method-content">
                  <a name="account_OpenNewAccount">
                  </a> <!-- account_OpenNewAccount -->
                  <span class="method-name">account_OpenNewAccount</span>
                </div> <!-- method-content -->
              </div> <!-- method -->
              <div class="method">
                <div class="method-content">
                  <a name="account_checkNewAccountDettails">
                  </a> <!-- account_checkNewAccountDettails -->
                  <span class="method-name">account_checkNewAccountDettails</span>
                </div> <!-- method-content -->
              </div> <!-- method -->
            </div> <!-- main-panel-content rounded-window-bottom -->
          </div> <!-- suite-Suite-class-passed -->
          <div class="suite-Suite-class-passed">
            <div class="main-panel-header rounded-window-top">
              <img src="passed.png"/>
              <span class="class-name">com.parabank.ui.tests.pos.POS_Login_Test</span>
            </div> <!-- main-panel-header rounded-window-top -->
            <div class="main-panel-content rounded-window-bottom">
              <div class="method">
                <div class="method-content">
                  <a name="checkUserFromDB(User2)">
                  </a> <!-- checkUserFromDB(User2) -->
                  <span class="method-name">checkUserFromDB</span>
                  <span class="parameters">(User2)</span>
                </div> <!-- method-content -->
              </div> <!-- method -->
              <div class="method">
                <div class="method-content">
                  <a name="login_user">
                  </a> <!-- login_user -->
                  <span class="method-name">login_user</span>
                </div> <!-- method-content -->
              </div> <!-- method -->
            </div> <!-- main-panel-content rounded-window-bottom -->
          </div> <!-- suite-Suite-class-passed -->
          <div class="suite-Suite-class-passed">
            <div class="main-panel-header rounded-window-top">
              <img src="passed.png"/>
              <span class="class-name">com.parabank.ui.tests.pos.POS_OpenNewAccount</span>
            </div> <!-- main-panel-header rounded-window-top -->
            <div class="main-panel-content rounded-window-bottom">
              <div class="method">
                <div class="method-content">
                  <a name="verifyCustomiseInitialBalance">
                  </a> <!-- verifyCustomiseInitialBalance -->
                  <span class="method-name">verifyCustomiseInitialBalance</span>
                </div> <!-- method-content -->
              </div> <!-- method -->
            </div> <!-- main-panel-content rounded-window-bottom -->
          </div> <!-- suite-Suite-class-passed -->
        </div> <!-- panel Suite -->
        <div panel-name="test-xml-Suite" class="panel">
          <div class="main-panel-header rounded-window-top">
            <span class="header-content">E:\AUTOMATION\PARABANK\AllTests.xml</span>
          </div> <!-- main-panel-header rounded-window-top -->
          <div class="main-panel-content rounded-window-bottom">
            <pre>
&lt;?xml version=&quot;1.0&quot; encoding=&quot;UTF-8&quot;?&gt;
&lt;!DOCTYPE suite SYSTEM &quot;https://testng.org/testng-1.0.dtd&quot;&gt;
&lt;suite parallel=&quot;classes&quot; name=&quot;Suite&quot; guice-stage=&quot;DEVELOPMENT&quot;&gt;
  &lt;listeners&gt;
    &lt;listener class-name=&quot;com.parabank.ui.base.TestListner&quot;/&gt;
    &lt;listener class-name=&quot;com.parabank.ui.base.AnnotationTransformer&quot;/&gt;
  &lt;/listeners&gt;
  &lt;test thread-count=&quot;5&quot; parallel=&quot;classes&quot; name=&quot;Login&quot;&gt;
    &lt;classes&gt;
      &lt;class name=&quot;com.parabank.ui.tests.pos.POS_Login_Test&quot;/&gt;
      &lt;class name=&quot;com.parabank.ui.tests.pos.POS_Account_Test&quot;/&gt;
      &lt;class name=&quot;com.parabank.ui.tests.pos.POS_loanProcessingTest&quot;/&gt;
      &lt;class name=&quot;com.parabank.ui.tests.pos.POS_TransferFunds&quot;/&gt;
      &lt;class name=&quot;com.parabank.ui.tests.pos.POS_Transaction&quot;/&gt;
    &lt;/classes&gt;
  &lt;/test&gt; &lt;!-- Login --&gt;
  &lt;test thread-count=&quot;5&quot; parallel=&quot;methods&quot; name=&quot;Negative Tests&quot;&gt;
    &lt;classes&gt;
      &lt;class name=&quot;com.parabank.ui.tests.neg.NEG_loanProcessingTest&quot;/&gt;
      &lt;class name=&quot;com.parabank.ui.tests.neg.NEG_Login_Test&quot;/&gt;
    &lt;/classes&gt;
  &lt;/test&gt; &lt;!-- Negative Tests --&gt;
  &lt;test thread-count=&quot;5&quot; parallel=&quot;classes&quot; name=&quot;Account Settings&quot;&gt;
    &lt;classes&gt;
      &lt;class name=&quot;com.parabank.ui.tests.pos.POS_OpenNewAccount&quot;/&gt;
    &lt;/classes&gt;
  &lt;/test&gt; &lt;!-- Account Settings --&gt;
&lt;/suite&gt; &lt;!-- Suite --&gt;
            </pre>
          </div> <!-- main-panel-content rounded-window-bottom -->
        </div> <!-- panel -->
        <div panel-name="testlist-Suite" class="panel">
          <div class="main-panel-header rounded-window-top">
            <span class="header-content">Tests for Suite</span>
          </div> <!-- main-panel-header rounded-window-top -->
          <div class="main-panel-content rounded-window-bottom">
            <ul>
              <li>
                <span class="test-name">Login (5 classes)</span>
              </li>
              <li>
                <span class="test-name">Negative Tests (2 classes)</span>
              </li>
              <li>
                <span class="test-name">Account Settings (1 class)</span>
              </li>
            </ul>
          </div> <!-- main-panel-content rounded-window-bottom -->
        </div> <!-- panel -->
        <div panel-name="group-Suite" class="panel">
          <div class="main-panel-header rounded-window-top">
            <span class="header-content">Groups for Suite</span>
          </div> <!-- main-panel-header rounded-window-top -->
          <div class="main-panel-content rounded-window-bottom">
            <div class="test-group">
              <span class="test-group-name">mobile</span>
              <br/>
              <div class="method-in-group">
                <span class="method-in-group-name">login_registerUser</span>
                <br/>
              </div> <!-- method-in-group -->
            </div> <!-- test-group -->
            <div class="test-group">
              <span class="test-group-name">regression</span>
              <br/>
              <div class="method-in-group">
                <span class="method-in-group-name">NEG_loanProcessing_request</span>
                <br/>
              </div> <!-- method-in-group -->
              <div class="method-in-group">
                <span class="method-in-group-name">NEG_registerUserWithFirstNameBlank</span>
                <br/>
              </div> <!-- method-in-group -->
              <div class="method-in-group">
                <span class="method-in-group-name">NEG_registerUserWithLastNameBlank</span>
                <br/>
              </div> <!-- method-in-group -->
              <div class="method-in-group">
                <span class="method-in-group-name">login_user</span>
                <br/>
              </div> <!-- method-in-group -->
            </div> <!-- test-group -->
          </div> <!-- main-panel-content rounded-window-bottom -->
        </div> <!-- panel -->
        <div panel-name="times-Suite" class="panel">
          <div class="main-panel-header rounded-window-top">
            <span class="header-content">Times for Suite</span>
          </div> <!-- main-panel-header rounded-window-top -->
          <div class="main-panel-content rounded-window-bottom">
            <div class="times-div">
              <script type="text/javascript">
suiteTableInitFunctions.push('tableData_Suite');
function tableData_Suite() {
var data = new google.visualization.DataTable();
data.addColumn('number', 'Number');
data.addColumn('string', 'Method');
data.addColumn('string', 'Class');
data.addColumn('number', 'Time (ms)');
data.addRows(36);
data.setCell(0, 0, 0)
data.setCell(0, 1, 'findTransactionByDate')
data.setCell(0, 2, 'com.parabank.ui.tests.pos.POS_Transaction')
data.setCell(0, 3, 56035);
data.setCell(1, 0, 1)
data.setCell(1, 1, 'verifyTransferFunds')
data.setCell(1, 2, 'com.parabank.ui.tests.pos.POS_TransferFunds')
data.setCell(1, 3, 49480);
data.setCell(2, 0, 2)
data.setCell(2, 1, 'loanProcessing_request')
data.setCell(2, 2, 'com.parabank.ui.tests.pos.POS_loanProcessingTest')
data.setCell(2, 3, 31033);
data.setCell(3, 0, 3)
data.setCell(3, 1, 'verifyTransferFunds')
data.setCell(3, 2, 'com.parabank.ui.tests.pos.POS_TransferFunds')
data.setCell(3, 3, 26317);
data.setCell(4, 0, 4)
data.setCell(4, 1, 'NEG_registerUserWithStateBlank')
data.setCell(4, 2, 'com.parabank.ui.tests.neg.NEG_Login_Test')
data.setCell(4, 3, 21376);
data.setCell(5, 0, 5)
data.setCell(5, 1, 'NEG_registerUserWithzipCodeBlank')
data.setCell(5, 2, 'com.parabank.ui.tests.neg.NEG_Login_Test')
data.setCell(5, 3, 21144);
data.setCell(6, 0, 6)
data.setCell(6, 1, 'NEG_registerUserWithUserNameBlank')
data.setCell(6, 2, 'com.parabank.ui.tests.neg.NEG_Login_Test')
data.setCell(6, 3, 21052);
data.setCell(7, 0, 7)
data.setCell(7, 1, 'NEG_loanProcessing_request')
data.setCell(7, 2, 'com.parabank.ui.tests.neg.NEG_loanProcessingTest')
data.setCell(7, 3, 19241);
data.setCell(8, 0, 8)
data.setCell(8, 1, 'NEG_registerUserWithFirstNameBlank')
data.setCell(8, 2, 'com.parabank.ui.tests.neg.NEG_Login_Test')
data.setCell(8, 3, 16997);
data.setCell(9, 0, 9)
data.setCell(9, 1, 'NEG_registerUserWithPasswordMismatch')
data.setCell(9, 2, 'com.parabank.ui.tests.neg.NEG_Login_Test')
data.setCell(9, 3, 16165);
data.setCell(10, 0, 10)
data.setCell(10, 1, 'NEG_registerUserWithLastNameBlank')
data.setCell(10, 2, 'com.parabank.ui.tests.neg.NEG_Login_Test')
data.setCell(10, 3, 15686);
data.setCell(11, 0, 11)
data.setCell(11, 1, 'NEG_registerUserWithAddressBlank')
data.setCell(11, 2, 'com.parabank.ui.tests.neg.NEG_Login_Test')
data.setCell(11, 3, 15417);
data.setCell(12, 0, 12)
data.setCell(12, 1, 'NEG_loanProcessing_request')
data.setCell(12, 2, 'com.parabank.ui.tests.neg.NEG_loanProcessingTest')
data.setCell(12, 3, 15255);
data.setCell(13, 0, 13)
data.setCell(13, 1, 'NEG_registerUserWithConfirmPasswordBlank')
data.setCell(13, 2, 'com.parabank.ui.tests.neg.NEG_Login_Test')
data.setCell(13, 3, 15217);
data.setCell(14, 0, 14)
data.setCell(14, 1, 'NEG_registerUserWithCityBlank')
data.setCell(14, 2, 'com.parabank.ui.tests.neg.NEG_Login_Test')
data.setCell(14, 3, 14692);
data.setCell(15, 0, 15)
data.setCell(15, 1, 'NEG_registerUserWithSSNBlank')
data.setCell(15, 2, 'com.parabank.ui.tests.neg.NEG_Login_Test')
data.setCell(15, 3, 14447);
data.setCell(16, 0, 16)
data.setCell(16, 1, 'NEG_loanProcessing_request')
data.setCell(16, 2, 'com.parabank.ui.tests.neg.NEG_loanProcessingTest')
data.setCell(16, 3, 12755);
data.setCell(17, 0, 17)
data.setCell(17, 1, 'account_OpenNewAccount')
data.setCell(17, 2, 'com.parabank.ui.tests.pos.POS_Account_Test')
data.setCell(17, 3, 11562);
data.setCell(18, 0, 18)
data.setCell(18, 1, 'verifyCustomiseInitialBalance')
data.setCell(18, 2, 'com.parabank.ui.tests.pos.POS_OpenNewAccount')
data.setCell(18, 3, 9534);
data.setCell(19, 0, 19)
data.setCell(19, 1, 'checkUserFromDB')
data.setCell(19, 2, 'com.parabank.ui.tests.pos.POS_Login_Test')
data.setCell(19, 3, 4455);
data.setCell(20, 0, 20)
data.setCell(20, 1, 'checkUserFromDB')
data.setCell(20, 2, 'com.parabank.ui.tests.pos.POS_Login_Test')
data.setCell(20, 3, 4063);
data.setCell(21, 0, 21)
data.setCell(21, 1, 'checkUserFromDB')
data.setCell(21, 2, 'com.parabank.ui.tests.pos.POS_Login_Test')
data.setCell(21, 3, 4046);
data.setCell(22, 0, 22)
data.setCell(22, 1, 'checkUserFromDB')
data.setCell(22, 2, 'com.parabank.ui.tests.pos.POS_Login_Test')
data.setCell(22, 3, 4037);
data.setCell(23, 0, 23)
data.setCell(23, 1, 'checkUserFromDB')
data.setCell(23, 2, 'com.parabank.ui.tests.pos.POS_Login_Test')
data.setCell(23, 3, 4021);
data.setCell(24, 0, 24)
data.setCell(24, 1, 'NEG_loginWithInvalidUser')
data.setCell(24, 2, 'com.parabank.ui.tests.neg.NEG_Login_Test')
data.setCell(24, 3, 3724);
data.setCell(25, 0, 25)
data.setCell(25, 1, 'account_checkNewAccountDettails')
data.setCell(25, 2, 'com.parabank.ui.tests.pos.POS_Account_Test')
data.setCell(25, 3, 3459);
data.setCell(26, 0, 26)
data.setCell(26, 1, 'checkUserFromDB')
data.setCell(26, 2, 'com.parabank.ui.tests.pos.POS_Login_Test')
data.setCell(26, 3, 946);
data.setCell(27, 0, 27)
data.setCell(27, 1, 'login_user')
data.setCell(27, 2, 'com.parabank.ui.tests.pos.POS_Login_Test')
data.setCell(27, 3, 452);
data.setCell(28, 0, 28)
data.setCell(28, 1, 'login_registerUser')
data.setCell(28, 2, 'com.parabank.ui.tests.pos.POS_Login_Test')
data.setCell(28, 3, 301);
data.setCell(29, 0, 29)
data.setCell(29, 1, 'login_registerUser')
data.setCell(29, 2, 'com.parabank.ui.tests.pos.POS_Login_Test')
data.setCell(29, 3, 194);
data.setCell(30, 0, 30)
data.setCell(30, 1, 'login_registerUser')
data.setCell(30, 2, 'com.parabank.ui.tests.pos.POS_Login_Test')
data.setCell(30, 3, 177);
data.setCell(31, 0, 31)
data.setCell(31, 1, 'NEG_registerUserWithpasswordBlank')
data.setCell(31, 2, 'com.parabank.ui.tests.neg.NEG_Login_Test')
data.setCell(31, 3, 0);
data.setCell(32, 0, 32)
data.setCell(32, 1, 'verifyOpeningSavingsAcct')
data.setCell(32, 2, 'com.parabank.ui.tests.pos.POS_OpenNewAccount')
data.setCell(32, 3, 0);
data.setCell(33, 0, 33)
data.setCell(33, 1, 'verifyOpeningAccountWithOtherThanBaseAcct')
data.setCell(33, 2, 'com.parabank.ui.tests.pos.POS_OpenNewAccount')
data.setCell(33, 3, 0);
data.setCell(34, 0, 34)
data.setCell(34, 1, 'verifyDefaultInitBalanceTest')
data.setCell(34, 2, 'com.parabank.ui.tests.pos.POS_OpenNewAccount')
data.setCell(34, 3, 0);
data.setCell(35, 0, 35)
data.setCell(35, 1, 'verifyMinBalanceTest')
data.setCell(35, 2, 'com.parabank.ui.tests.pos.POS_OpenNewAccount')
data.setCell(35, 3, 0);
window.suiteTableData['Suite']= { tableData: data, tableDiv: 'times-div-Suite'}
return data;
}
              </script>
              <span class="suite-total-time">Total running time: 7 minutes</span>
              <div id="times-div-Suite">
              </div> <!-- times-div-Suite -->
            </div> <!-- times-div -->
          </div> <!-- main-panel-content rounded-window-bottom -->
        </div> <!-- panel -->
        <div panel-name="reporter-Suite" class="panel">
          <div class="main-panel-header rounded-window-top">
            <span class="header-content">Reporter output for Suite</span>
          </div> <!-- main-panel-header rounded-window-top -->
          <div class="main-panel-content rounded-window-bottom">
          </div> <!-- main-panel-content rounded-window-bottom -->
        </div> <!-- panel -->
        <div panel-name="ignored-methods-Suite" class="panel">
          <div class="main-panel-header rounded-window-top">
            <span class="header-content">10 ignored methods</span>
          </div> <!-- main-panel-header rounded-window-top -->
          <div class="main-panel-content rounded-window-bottom">
            <div class="ignored-class-div">
              <span class="ignored-class-name">com.parabank.ui.tests.pos.POS_loanProcessingTest</span>
              <div class="ignored-methods-div">
                <span class="ignored-method-name">globalSetup</span>
                <br/>
                <span class="ignored-method-name">tearDownSetup</span>
                <br/>
              </div> <!-- ignored-methods-div -->
            </div> <!-- ignored-class-div -->
            <div class="ignored-class-div">
              <span class="ignored-class-name">com.parabank.ui.tests.pos.POS_TransferFunds</span>
              <div class="ignored-methods-div">
                <span class="ignored-method-name">tearDownSetup</span>
                <br/>
                <span class="ignored-method-name">globalSetup</span>
                <br/>
              </div> <!-- ignored-methods-div -->
            </div> <!-- ignored-class-div -->
            <div class="ignored-class-div">
              <span class="ignored-class-name">com.parabank.ui.tests.pos.POS_Transaction</span>
              <div class="ignored-methods-div">
                <span class="ignored-method-name">globalSetup</span>
                <br/>
                <span class="ignored-method-name">tearDownSetup</span>
                <br/>
              </div> <!-- ignored-methods-div -->
            </div> <!-- ignored-class-div -->
            <div class="ignored-class-div">
              <span class="ignored-class-name">com.parabank.ui.tests.neg.NEG_Login_Test</span>
              <div class="ignored-methods-div">
                <span class="ignored-method-name">tearDownSetup</span>
                <br/>
                <span class="ignored-method-name">globalSetup</span>
                <br/>
              </div> <!-- ignored-methods-div -->
            </div> <!-- ignored-class-div -->
            <div class="ignored-class-div">
              <span class="ignored-class-name">com.parabank.ui.tests.pos.POS_Account_Test</span>
              <div class="ignored-methods-div">
                <span class="ignored-method-name">tearDownSetup</span>
                <br/>
                <span class="ignored-method-name">globalSetup</span>
                <br/>
              </div> <!-- ignored-methods-div -->
            </div> <!-- ignored-class-div -->
          </div> <!-- main-panel-content rounded-window-bottom -->
        </div> <!-- panel -->
        <div panel-name="chronological-Suite" class="panel">
          <div class="main-panel-header rounded-window-top">
            <span class="header-content">Methods in chronological order</span>
          </div> <!-- main-panel-header rounded-window-top -->
          <div class="main-panel-content rounded-window-bottom">
            <div class="chronological-class">
              <div class="chronological-class-name">com.parabank.ui.tests.pos.POS_OpenNewAccount</div> <!-- chronological-class-name -->
              <div class="configuration-suite before">
                <span class="method-name">globalSetup</span>
                <span class="method-start">0 ms</span>
              </div> <!-- configuration-suite before -->
            </div> <!-- chronological-class -->
            <div class="chronological-class">
              <div class="chronological-class-name">com.parabank.ui.tests.pos.POS_Account_Test</div> <!-- chronological-class-name -->
              <div class="configuration-method before">
                <span class="method-name">webDriverSetUp</span>
                <span class="method-start">8187 ms</span>
              </div> <!-- configuration-method before -->
            </div> <!-- chronological-class -->
            <div class="chronological-class">
              <div class="chronological-class-name">com.parabank.ui.tests.pos.POS_Transaction</div> <!-- chronological-class-name -->
              <div class="configuration-method before">
                <span class="method-name">webDriverSetUp</span>
                <span class="method-start">8187 ms</span>
              </div> <!-- configuration-method before -->
            </div> <!-- chronological-class -->
            <div class="chronological-class">
              <div class="chronological-class-name">com.parabank.ui.tests.pos.POS_Login_Test</div> <!-- chronological-class-name -->
              <div class="configuration-method before">
                <span class="method-name">webDriverSetUp</span>
                <span class="method-start">8188 ms</span>
              </div> <!-- configuration-method before -->
            </div> <!-- chronological-class -->
            <div class="chronological-class">
              <div class="chronological-class-name">com.parabank.ui.tests.pos.POS_TransferFunds</div> <!-- chronological-class-name -->
              <div class="configuration-method before">
                <span class="method-name">webDriverSetUp</span>
                <span class="method-start">8188 ms</span>
              </div> <!-- configuration-method before -->
            </div> <!-- chronological-class -->
            <div class="chronological-class">
              <div class="chronological-class-name">com.parabank.ui.tests.pos.POS_loanProcessingTest</div> <!-- chronological-class-name -->
              <div class="configuration-method before">
                <span class="method-name">webDriverSetUp</span>
                <span class="method-start">8189 ms</span>
              </div> <!-- configuration-method before -->
              <div class="test-method">
                <span class="method-name">loanProcessing_request</span>
                <span class="method-start">17202 ms</span>
              </div> <!-- test-method -->
            </div> <!-- chronological-class -->
            <div class="chronological-class">
              <div class="chronological-class-name">com.parabank.ui.tests.pos.POS_Account_Test</div> <!-- chronological-class-name -->
              <div class="test-method">
                <span class="method-name">account_OpenNewAccount</span>
                <span class="method-start">17444 ms</span>
              </div> <!-- test-method -->
            </div> <!-- chronological-class -->
            <div class="chronological-class">
              <div class="chronological-class-name">com.parabank.ui.tests.pos.POS_Login_Test</div> <!-- chronological-class-name -->
              <div class="test-method">
                <span class="method-name">checkUserFromDB(User1)</span>
                <span class="method-start">17458 ms</span>
              </div> <!-- test-method -->
            </div> <!-- chronological-class -->
            <div class="chronological-class">
              <div class="chronological-class-name">com.parabank.ui.tests.pos.POS_TransferFunds</div> <!-- chronological-class-name -->
              <div class="test-method">
                <span class="method-name">verifyTransferFunds</span>
                <span class="method-start">17768 ms</span>
              </div> <!-- test-method -->
            </div> <!-- chronological-class -->
            <div class="chronological-class">
              <div class="chronological-class-name">com.parabank.ui.tests.pos.POS_Transaction</div> <!-- chronological-class-name -->
              <div class="test-method">
                <span class="method-name">findTransactionByDate(org.testng.TestRunner@36f53b27)</span>
                <span class="method-start">18112 ms</span>
              </div> <!-- test-method -->
            </div> <!-- chronological-class -->
            <div class="chronological-class">
              <div class="chronological-class-name">com.parabank.ui.tests.pos.POS_Login_Test</div> <!-- chronological-class-name -->
              <div class="configuration-method after">
                <span class="method-name">tearDown</span>
                <span class="method-start">22073 ms</span>
              </div> <!-- configuration-method after -->
            </div> <!-- chronological-class -->
            <div class="chronological-class">
              <div class="chronological-class-name">com.parabank.ui.tests.pos.POS_Account_Test</div> <!-- chronological-class-name -->
              <div class="configuration-method after">
                <span class="method-name">tearDown</span>
                <span class="method-start">29025 ms</span>
              </div> <!-- configuration-method after -->
            </div> <!-- chronological-class -->
            <div class="chronological-class">
              <div class="chronological-class-name">com.parabank.ui.tests.pos.POS_Login_Test</div> <!-- chronological-class-name -->
              <div class="configuration-method before">
                <span class="method-name">webDriverSetUp</span>
                <span class="method-start">35207 ms</span>
              </div> <!-- configuration-method before -->
              <div class="test-method">
                <span class="method-name">checkUserFromDB(User1)</span>
                <span class="method-start">43172 ms</span>
              </div> <!-- test-method -->
              <div class="configuration-method after">
                <span class="method-name">tearDown</span>
                <span class="method-start">47241 ms</span>
              </div> <!-- configuration-method after -->
            </div> <!-- chronological-class -->
            <div class="chronological-class">
              <div class="chronological-class-name">com.parabank.ui.tests.pos.POS_Account_Test</div> <!-- chronological-class-name -->
              <div class="configuration-method before">
                <span class="method-name">webDriverSetUp</span>
                <span class="method-start">47587 ms</span>
              </div> <!-- configuration-method before -->
            </div> <!-- chronological-class -->
            <div class="chronological-class">
              <div class="chronological-class-name">com.parabank.ui.tests.pos.POS_loanProcessingTest</div> <!-- chronological-class-name -->
              <div class="configuration-method after">
                <img src="failed.png">
                </img>
                <span class="method-name">tearDown</span>
                <span class="method-start">48276 ms</span>
              </div> <!-- configuration-method after -->
            </div> <!-- chronological-class -->
            <div class="chronological-class">
              <div class="chronological-class-name">com.parabank.ui.tests.pos.POS_Account_Test</div> <!-- chronological-class-name -->
              <div class="test-method">
                <span class="method-name">account_checkNewAccountDettails</span>
                <span class="method-start">53208 ms</span>
              </div> <!-- test-method -->
            </div> <!-- chronological-class -->
            <div class="chronological-class">
              <div class="chronological-class-name">com.parabank.ui.tests.pos.POS_Login_Test</div> <!-- chronological-class-name -->
              <div class="configuration-method before">
                <span class="method-name">webDriverSetUp</span>
                <span class="method-start">55836 ms</span>
              </div> <!-- configuration-method before -->
            </div> <!-- chronological-class -->
            <div class="chronological-class">
              <div class="chronological-class-name">com.parabank.ui.tests.pos.POS_Account_Test</div> <!-- chronological-class-name -->
              <div class="configuration-method after">
                <span class="method-name">tearDown</span>
                <span class="method-start">56683 ms</span>
              </div> <!-- configuration-method after -->
            </div> <!-- chronological-class -->
            <div class="chronological-class">
              <div class="chronological-class-name">com.parabank.ui.tests.pos.POS_Login_Test</div> <!-- chronological-class-name -->
              <div class="test-method">
                <img src="failed.png">
                </img>
                <span class="method-name">checkUserFromDB(User1)</span>
                <span class="method-start">59948 ms</span>
              </div> <!-- test-method -->
              <div class="configuration-method after">
                <span class="method-name">tearDown</span>
                <span class="method-start">64627 ms</span>
              </div> <!-- configuration-method after -->
            </div> <!-- chronological-class -->
            <div class="chronological-class">
              <div class="chronological-class-name">com.parabank.ui.tests.pos.POS_TransferFunds</div> <!-- chronological-class-name -->
              <div class="configuration-method after">
                <span class="method-name">tearDown</span>
                <span class="method-start">67264 ms</span>
              </div> <!-- configuration-method after -->
            </div> <!-- chronological-class -->
            <div class="chronological-class">
              <div class="chronological-class-name">com.parabank.ui.tests.pos.POS_Login_Test</div> <!-- chronological-class-name -->
              <div class="configuration-method before">
                <span class="method-name">webDriverSetUp</span>
                <span class="method-start">67578 ms</span>
              </div> <!-- configuration-method before -->
            </div> <!-- chronological-class -->
            <div class="chronological-class">
              <div class="chronological-class-name">com.parabank.ui.tests.pos.POS_TransferFunds</div> <!-- chronological-class-name -->
              <div class="configuration-method before">
                <span class="method-name">webDriverSetUp</span>
                <span class="method-start">68355 ms</span>
              </div> <!-- configuration-method before -->
            </div> <!-- chronological-class -->
            <div class="chronological-class">
              <div class="chronological-class-name">com.parabank.ui.tests.pos.POS_Login_Test</div> <!-- chronological-class-name -->
              <div class="test-method">
                <span class="method-name">checkUserFromDB(User2)</span>
                <span class="method-start">70937 ms</span>
              </div> <!-- test-method -->
            </div> <!-- chronological-class -->
            <div class="chronological-class">
              <div class="chronological-class-name">com.parabank.ui.tests.pos.POS_TransferFunds</div> <!-- chronological-class-name -->
              <div class="test-method">
                <span class="method-name">verifyTransferFunds</span>
                <span class="method-start">73347 ms</span>
              </div> <!-- test-method -->
            </div> <!-- chronological-class -->
            <div class="chronological-class">
              <div class="chronological-class-name">com.parabank.ui.tests.pos.POS_Transaction</div> <!-- chronological-class-name -->
              <div class="configuration-method after">
                <span class="method-name">tearDown</span>
                <span class="method-start">74168 ms</span>
              </div> <!-- configuration-method after -->
            </div> <!-- chronological-class -->
            <div class="chronological-class">
              <div class="chronological-class-name">com.parabank.ui.tests.pos.POS_Login_Test</div> <!-- chronological-class-name -->
              <div class="configuration-method after">
                <span class="method-name">tearDown</span>
                <span class="method-start">75008 ms</span>
              </div> <!-- configuration-method after -->
              <div class="configuration-method before">
                <span class="method-name">webDriverSetUp</span>
                <span class="method-start">76530 ms</span>
              </div> <!-- configuration-method before -->
              <div class="test-method">
                <span class="method-name">checkUserFromDB(User2)</span>
                <span class="method-start">80218 ms</span>
              </div> <!-- test-method -->
              <div class="configuration-method after">
                <span class="method-name">tearDown</span>
                <span class="method-start">84256 ms</span>
              </div> <!-- configuration-method after -->
              <div class="configuration-method before">
                <span class="method-name">webDriverSetUp</span>
                <span class="method-start">84971 ms</span>
              </div> <!-- configuration-method before -->
              <div class="test-method">
                <span class="method-name">checkUserFromDB(User2)</span>
                <span class="method-start">88226 ms</span>
              </div> <!-- test-method -->
              <div class="configuration-method after">
                <span class="method-name">tearDown</span>
                <span class="method-start">89184 ms</span>
              </div> <!-- configuration-method after -->
              <div class="configuration-method before">
                <span class="method-name">webDriverSetUp</span>
                <span class="method-start">89987 ms</span>
              </div> <!-- configuration-method before -->
              <div class="test-method">
                <span class="method-name">login_registerUser</span>
                <span class="method-start">93447 ms</span>
              </div> <!-- test-method -->
              <div class="configuration-method after">
                <span class="method-name">tearDown</span>
                <span class="method-start">93676 ms</span>
              </div> <!-- configuration-method after -->
              <div class="configuration-method before">
                <span class="method-name">webDriverSetUp</span>
                <span class="method-start">95769 ms</span>
              </div> <!-- configuration-method before -->
              <div class="test-method">
                <span class="method-name">login_registerUser</span>
                <span class="method-start">99237 ms</span>
              </div> <!-- test-method -->
              <div class="configuration-method after">
                <span class="method-name">tearDown</span>
                <span class="method-start">99584 ms</span>
              </div> <!-- configuration-method after -->
            </div> <!-- chronological-class -->
            <div class="chronological-class">
              <div class="chronological-class-name">com.parabank.ui.tests.pos.POS_TransferFunds</div> <!-- chronological-class-name -->
              <div class="configuration-method after">
                <span class="method-name">tearDown</span>
                <span class="method-start">99742 ms</span>
              </div> <!-- configuration-method after -->
            </div> <!-- chronological-class -->
            <div class="chronological-class">
              <div class="chronological-class-name">com.parabank.ui.tests.pos.POS_Login_Test</div> <!-- chronological-class-name -->
              <div class="configuration-method before">
                <span class="method-name">webDriverSetUp</span>
                <span class="method-start">100368 ms</span>
              </div> <!-- configuration-method before -->
              <div class="test-method">
                <img src="failed.png">
                </img>
                <span class="method-name">login_registerUser</span>
                <span class="method-start">102895 ms</span>
              </div> <!-- test-method -->
              <div class="configuration-method after">
                <span class="method-name">tearDown</span>
                <span class="method-start">103445 ms</span>
              </div> <!-- configuration-method after -->
              <div class="configuration-method before">
                <span class="method-name">webDriverSetUp</span>
                <span class="method-start">103929 ms</span>
              </div> <!-- configuration-method before -->
              <div class="test-method">
                <span class="method-name">login_user</span>
                <span class="method-start">106395 ms</span>
              </div> <!-- test-method -->
              <div class="configuration-method after">
                <span class="method-name">tearDown</span>
                <span class="method-start">106861 ms</span>
              </div> <!-- configuration-method after -->
            </div> <!-- chronological-class -->
            <div class="chronological-class">
              <div class="chronological-class-name">com.parabank.ui.tests.neg.NEG_Login_Test</div> <!-- chronological-class-name -->
              <div class="configuration-method before">
                <span class="method-name">webDriverSetUp</span>
                <span class="method-start">107977 ms</span>
              </div> <!-- configuration-method before -->
              <div class="configuration-method before">
                <span class="method-name">webDriverSetUp</span>
                <span class="method-start">107977 ms</span>
              </div> <!-- configuration-method before -->
              <div class="configuration-method before">
                <span class="method-name">webDriverSetUp</span>
                <span class="method-start">107977 ms</span>
              </div> <!-- configuration-method before -->
            </div> <!-- chronological-class -->
            <div class="chronological-class">
              <div class="chronological-class-name">com.parabank.ui.tests.neg.NEG_loanProcessingTest</div> <!-- chronological-class-name -->
              <div class="configuration-method before">
                <span class="method-name">webDriverSetUp</span>
                <span class="method-start">107977 ms</span>
              </div> <!-- configuration-method before -->
            </div> <!-- chronological-class -->
            <div class="chronological-class">
              <div class="chronological-class-name">com.parabank.ui.tests.neg.NEG_Login_Test</div> <!-- chronological-class-name -->
              <div class="configuration-method before">
                <span class="method-name">webDriverSetUp</span>
                <span class="method-start">107978 ms</span>
              </div> <!-- configuration-method before -->
              <div class="test-method">
                <span class="method-name">NEG_registerUserWithAddressBlank</span>
                <span class="method-start">116750 ms</span>
              </div> <!-- test-method -->
            </div> <!-- chronological-class -->
            <div class="chronological-class">
              <div class="chronological-class-name">com.parabank.ui.tests.neg.NEG_loanProcessingTest</div> <!-- chronological-class-name -->
              <div class="test-method">
                <span class="method-name">NEG_loanProcessing_request</span>
                <span class="method-start">116777 ms</span>
              </div> <!-- test-method -->
            </div> <!-- chronological-class -->
            <div class="chronological-class">
              <div class="chronological-class-name">com.parabank.ui.tests.neg.NEG_Login_Test</div> <!-- chronological-class-name -->
              <div class="test-method">
                <span class="method-name">NEG_registerUserWithConfirmPasswordBlank</span>
                <span class="method-start">117121 ms</span>
              </div> <!-- test-method -->
              <div class="test-method">
                <span class="method-name">NEG_registerUserWithCityBlank</span>
                <span class="method-start">117811 ms</span>
              </div> <!-- test-method -->
              <div class="test-method">
                <span class="method-name">NEG_loginWithInvalidUser</span>
                <span class="method-start">117954 ms</span>
              </div> <!-- test-method -->
              <div class="configuration-method after">
                <span class="method-name">tearDown</span>
                <span class="method-start">121702 ms</span>
              </div> <!-- configuration-method after -->
            </div> <!-- chronological-class -->
            <div class="chronological-class">
              <div class="chronological-class-name">com.parabank.ui.tests.neg.NEG_loanProcessingTest</div> <!-- chronological-class-name -->
              <div class="configuration-method after">
                <span class="method-name">tearDown</span>
                <span class="method-start">132046 ms</span>
              </div> <!-- configuration-method after -->
            </div> <!-- chronological-class -->
            <div class="chronological-class">
              <div class="chronological-class-name">com.parabank.ui.tests.neg.NEG_Login_Test</div> <!-- chronological-class-name -->
              <div class="configuration-method after">
                <span class="method-name">tearDown</span>
                <span class="method-start">132202 ms</span>
              </div> <!-- configuration-method after -->
              <div class="configuration-method after">
                <span class="method-name">tearDown</span>
                <span class="method-start">132351 ms</span>
              </div> <!-- configuration-method after -->
              <div class="configuration-method after">
                <span class="method-name">tearDown</span>
                <span class="method-start">132514 ms</span>
              </div> <!-- configuration-method after -->
              <div class="configuration-method before">
                <span class="method-name">webDriverSetUp</span>
                <span class="method-start">133590 ms</span>
              </div> <!-- configuration-method before -->
              <div class="configuration-method before">
                <span class="method-name">webDriverSetUp</span>
                <span class="method-start">133739 ms</span>
              </div> <!-- configuration-method before -->
              <div class="configuration-method before">
                <span class="method-name">webDriverSetUp</span>
                <span class="method-start">133856 ms</span>
              </div> <!-- configuration-method before -->
              <div class="configuration-method before">
                <span class="method-name">webDriverSetUp</span>
                <span class="method-start">134582 ms</span>
              </div> <!-- configuration-method before -->
            </div> <!-- chronological-class -->
            <div class="chronological-class">
              <div class="chronological-class-name">com.parabank.ui.tests.neg.NEG_loanProcessingTest</div> <!-- chronological-class-name -->
              <div class="configuration-method before">
                <span class="method-name">webDriverSetUp</span>
                <span class="method-start">135614 ms</span>
              </div> <!-- configuration-method before -->
            </div> <!-- chronological-class -->
            <div class="chronological-class">
              <div class="chronological-class-name">com.parabank.ui.tests.neg.NEG_Login_Test</div> <!-- chronological-class-name -->
              <div class="test-method">
                <span class="method-name">NEG_registerUserWithFirstNameBlank</span>
                <span class="method-start">139358 ms</span>
              </div> <!-- test-method -->
              <div class="test-method">
                <span class="method-name">NEG_registerUserWithLastNameBlank</span>
                <span class="method-start">139974 ms</span>
              </div> <!-- test-method -->
              <div class="test-method">
                <span class="method-name">NEG_registerUserWithPasswordMismatch</span>
                <span class="method-start">140309 ms</span>
              </div> <!-- test-method -->
              <div class="test-method">
                <span class="method-name">NEG_registerUserWithSSNBlank</span>
                <span class="method-start">143061 ms</span>
              </div> <!-- test-method -->
            </div> <!-- chronological-class -->
            <div class="chronological-class">
              <div class="chronological-class-name">com.parabank.ui.tests.neg.NEG_loanProcessingTest</div> <!-- chronological-class-name -->
              <div class="test-method">
                <span class="method-name">NEG_loanProcessing_request</span>
                <span class="method-start">145815 ms</span>
              </div> <!-- test-method -->
            </div> <!-- chronological-class -->
            <div class="chronological-class">
              <div class="chronological-class-name">com.parabank.ui.tests.neg.NEG_Login_Test</div> <!-- chronological-class-name -->
              <div class="configuration-method after">
                <span class="method-name">tearDown</span>
                <span class="method-start">155674 ms</span>
              </div> <!-- configuration-method after -->
              <div class="configuration-method after">
                <span class="method-name">tearDown</span>
                <span class="method-start">156367 ms</span>
              </div> <!-- configuration-method after -->
              <div class="configuration-method after">
                <span class="method-name">tearDown</span>
                <span class="method-start">156500 ms</span>
              </div> <!-- configuration-method after -->
              <div class="configuration-method after">
                <span class="method-name">tearDown</span>
                <span class="method-start">157540 ms</span>
              </div> <!-- configuration-method after -->
            </div> <!-- chronological-class -->
            <div class="chronological-class">
              <div class="chronological-class-name">com.parabank.ui.tests.neg.NEG_loanProcessingTest</div> <!-- chronological-class-name -->
              <div class="configuration-method after">
                <span class="method-name">tearDown</span>
                <span class="method-start">158583 ms</span>
              </div> <!-- configuration-method after -->
            </div> <!-- chronological-class -->
            <div class="chronological-class">
              <div class="chronological-class-name">com.parabank.ui.tests.neg.NEG_Login_Test</div> <!-- chronological-class-name -->
              <div class="configuration-method before">
                <span class="method-name">webDriverSetUp</span>
                <span class="method-start">160067 ms</span>
              </div> <!-- configuration-method before -->
              <div class="configuration-method before">
                <span class="method-name">webDriverSetUp</span>
                <span class="method-start">160091 ms</span>
              </div> <!-- configuration-method before -->
              <div class="configuration-method before">
                <img src="failed.png">
                </img>
                <span class="method-name">webDriverSetUp</span>
                <span class="method-start">160242 ms</span>
              </div> <!-- configuration-method before -->
              <div class="configuration-method before">
                <span class="method-name">webDriverSetUp</span>
                <span class="method-start">160314 ms</span>
              </div> <!-- configuration-method before -->
            </div> <!-- chronological-class -->
            <div class="chronological-class">
              <div class="chronological-class-name">com.parabank.ui.tests.neg.NEG_loanProcessingTest</div> <!-- chronological-class-name -->
              <div class="configuration-method before">
                <span class="method-name">webDriverSetUp</span>
                <span class="method-start">160900 ms</span>
              </div> <!-- configuration-method before -->
            </div> <!-- chronological-class -->
            <div class="chronological-class">
              <div class="chronological-class-name">com.parabank.ui.tests.neg.NEG_Login_Test</div> <!-- chronological-class-name -->
              <div class="test-method">
                <span class="method-name">NEG_registerUserWithStateBlank</span>
                <span class="method-start">167539 ms</span>
              </div> <!-- test-method -->
              <div class="test-method">
                <span class="method-name">NEG_registerUserWithzipCodeBlank</span>
                <span class="method-start">167782 ms</span>
              </div> <!-- test-method -->
              <div class="test-method">
                <span class="method-name">NEG_registerUserWithUserNameBlank</span>
                <span class="method-start">167832 ms</span>
              </div> <!-- test-method -->
            </div> <!-- chronological-class -->
            <div class="chronological-class">
              <div class="chronological-class-name">com.parabank.ui.tests.neg.NEG_loanProcessingTest</div> <!-- chronological-class-name -->
              <div class="test-method">
                <img src="failed.png">
                </img>
                <span class="method-name">NEG_loanProcessing_request</span>
                <span class="method-start">171155 ms</span>
              </div> <!-- test-method -->
            </div> <!-- chronological-class -->
            <div class="chronological-class">
              <div class="chronological-class-name">com.parabank.ui.tests.neg.NEG_Login_Test</div> <!-- chronological-class-name -->
              <div class="configuration-method after">
                <span class="method-name">tearDown</span>
                <span class="method-start">188902 ms</span>
              </div> <!-- configuration-method after -->
              <div class="configuration-method after">
                <span class="method-name">tearDown</span>
                <span class="method-start">188930 ms</span>
              </div> <!-- configuration-method after -->
              <div class="configuration-method after">
                <span class="method-name">tearDown</span>
                <span class="method-start">188951 ms</span>
              </div> <!-- configuration-method after -->
            </div> <!-- chronological-class -->
            <div class="chronological-class">
              <div class="chronological-class-name">com.parabank.ui.tests.neg.NEG_loanProcessingTest</div> <!-- chronological-class-name -->
              <div class="configuration-method after">
                <span class="method-name">tearDown</span>
                <span class="method-start">190691 ms</span>
              </div> <!-- configuration-method after -->
            </div> <!-- chronological-class -->
            <div class="chronological-class">
              <div class="chronological-class-name">com.parabank.ui.tests.neg.NEG_Login_Test</div> <!-- chronological-class-name -->
              <div class="configuration-method after">
                <span class="method-name">tearDown</span>
                <span class="method-start">196920 ms</span>
              </div> <!-- configuration-method after -->
            </div> <!-- chronological-class -->
            <div class="chronological-class">
              <div class="chronological-class-name">com.parabank.ui.tests.pos.POS_OpenNewAccount</div> <!-- chronological-class-name -->
              <div class="configuration-method before">
                <span class="method-name">webDriverSetUp</span>
                <span class="method-start">198619 ms</span>
              </div> <!-- configuration-method before -->
              <div class="test-method">
                <span class="method-name">verifyCustomiseInitialBalance</span>
                <span class="method-start">203709 ms</span>
              </div> <!-- test-method -->
              <div class="configuration-method after">
                <span class="method-name">tearDown</span>
                <span class="method-start">213255 ms</span>
              </div> <!-- configuration-method after -->
              <div class="configuration-method before">
                <img src="failed.png">
                </img>
                <span class="method-name">webDriverSetUp</span>
                <span class="method-start">215548 ms</span>
              </div> <!-- configuration-method before -->
              <div class="configuration-method before">
                <span class="method-name">webDriverSetUp</span>
                <span class="method-start">52202804 ms</span>
              </div> <!-- configuration-method before -->
              <div class="configuration-method after">
                <span class="method-name">tearDown</span>
                <span class="method-start">52202804 ms</span>
              </div> <!-- configuration-method after -->
              <div class="configuration-method after">
                <span class="method-name">tearDown</span>
                <span class="method-start">52238735 ms</span>
              </div> <!-- configuration-method after -->
              <div class="configuration-method before">
                <span class="method-name">webDriverSetUp</span>
                <span class="method-start">52241660 ms</span>
              </div> <!-- configuration-method before -->
              <div class="configuration-method after">
                <span class="method-name">tearDown</span>
                <span class="method-start">52244585 ms</span>
              </div> <!-- configuration-method after -->
              <div class="configuration-suite after">
                <span class="method-name">tearDownSetup</span>
                <span class="method-start">52246378 ms</span>
              </div> <!-- configuration-suite after -->
          </div> <!-- main-panel-content rounded-window-bottom -->
        </div> <!-- panel -->
      </div> <!-- main-panel-root -->
    </div> <!-- wrapper -->
  </body>
<script type="text/javascript" src="testng-reports2.js"></script>
</html>
