<?xml version="1.0" encoding="UTF-8"?>
<testng-results retried="9" ignored="0" total="36" passed="19" failed="4" skipped="4">
  <reporter-output>
  </reporter-output>
  <suite started-at="2026-02-09T00:22:09 EST" name="Suite" finished-at="2026-02-09T14:52:47 EST" duration-ms="52237904">
    <groups>
      <group name="regression">
        <method signature="POS_Login_Test.login_user()[pri:2, instance:com.parabank.ui.tests.pos.POS_Login_Test@4b21844c]" name="login_user" class="com.parabank.ui.tests.pos.POS_Login_Test"/>
        <method signature="NEG_Login_Test.NEG_registerUserWithFirstNameBlank()[pri:0, instance:com.parabank.ui.tests.neg.NEG_Login_Test@1c32886a]" name="NEG_registerUserWithFirstNameBlank" class="com.parabank.ui.tests.neg.NEG_Login_Test"/>
        <method signature="NEG_Login_Test.NEG_registerUserWithLastNameBlank()[pri:0, instance:com.parabank.ui.tests.neg.NEG_Login_Test@1c32886a]" name="NEG_registerUserWithLastNameBlank" class="com.parabank.ui.tests.neg.NEG_Login_Test"/>
        <method signature="NEG_loanProcessingTest.NEG_loanProcessing_request()[pri:0, instance:com.parabank.ui.tests.neg.NEG_loanProcessingTest@5aceec94]" name="NEG_loanProcessing_request" class="com.parabank.ui.tests.neg.NEG_loanProcessingTest"/>
      </group> <!-- regression -->
      <group name="mobile">
        <method signature="POS_Login_Test.login_registerUser()[pri:1, instance:com.parabank.ui.tests.pos.POS_Login_Test@4b21844c]" name="login_registerUser" class="com.parabank.ui.tests.pos.POS_Login_Test"/>
      </group> <!-- mobile -->
    </groups>
    <test started-at="2026-02-09T00:22:09 EST" name="Login" finished-at="2026-02-09T00:23:48 EST" duration-ms="99127">
      <class name="com.parabank.ui.tests.pos.POS_Account_Test">
        <test-method is-config="true" signature="webDriverSetUp()[pri:0, instance:com.parabank.ui.tests.pos.POS_Account_Test@4940809c]" started-at="2026-02-09T00:22:09 EST" name="webDriverSetUp" finished-at="2026-02-09T00:22:18 EST" duration-ms="9257" status="PASS">
          <reporter-output>
          </reporter-output>
        </test-method> <!-- webDriverSetUp -->
        <test-method signature="account_OpenNewAccount()[pri:0, instance:com.parabank.ui.tests.pos.POS_Account_Test@4940809c]" started-at="2026-02-09T00:22:18 EST" name="account_OpenNewAccount" finished-at="2026-02-09T00:22:30 EST" duration-ms="11562" status="PASS">
          <reporter-output>
          </reporter-output>
        </test-method> <!-- account_OpenNewAccount -->
        <test-method is-config="true" signature="tearDown()[pri:0, instance:com.parabank.ui.tests.pos.POS_Account_Test@4940809c]" started-at="2026-02-09T00:22:30 EST" name="tearDown" finished-at="2026-02-09T00:22:48 EST" duration-ms="18558" status="PASS">
          <reporter-output>
          </reporter-output>
        </test-method> <!-- tearDown -->
        <test-method is-config="true" signature="webDriverSetUp()[pri:0, instance:com.parabank.ui.tests.pos.POS_Account_Test@4940809c]" started-at="2026-02-09T00:22:48 EST" name="webDriverSetUp" finished-at="2026-02-09T00:22:54 EST" duration-ms="5621" status="PASS">
          <reporter-output>
          </reporter-output>
        </test-method> <!-- webDriverSetUp -->
        <test-method signature="account_checkNewAccountDettails()[pri:0, instance:com.parabank.ui.tests.pos.POS_Account_Test@4940809c]" started-at="2026-02-09T00:22:54 EST" name="account_checkNewAccountDettails" finished-at="2026-02-09T00:22:57 EST" depends-on-methods="com.parabank.ui.tests.pos.POS_Account_Test.account_OpenNewAccount" duration-ms="3459" status="PASS">
          <reporter-output>
          </reporter-output>
        </test-method> <!-- account_checkNewAccountDettails -->
        <test-method is-config="true" signature="tearDown()[pri:0, instance:com.parabank.ui.tests.pos.POS_Account_Test@4940809c]" started-at="2026-02-09T00:22:57 EST" name="tearDown" finished-at="2026-02-09T00:23:01 EST" duration-ms="3917" status="PASS">
          <reporter-output>
          </reporter-output>
        </test-method> <!-- tearDown -->
      </class> <!-- com.parabank.ui.tests.pos.POS_Account_Test -->
      <class name="com.parabank.ui.tests.pos.POS_loanProcessingTest">
        <test-method is-config="true" signature="webDriverSetUp()[pri:0, instance:com.parabank.ui.tests.pos.POS_loanProcessingTest@16423501]" started-at="2026-02-09T00:22:09 EST" name="webDriverSetUp" finished-at="2026-02-09T00:22:18 EST" duration-ms="8997" status="PASS">
          <reporter-output>
          </reporter-output>
        </test-method> <!-- webDriverSetUp -->
        <test-method signature="loanProcessing_request()[pri:0, instance:com.parabank.ui.tests.pos.POS_loanProcessingTest@16423501]" started-at="2026-02-09T00:22:18 EST" name="loanProcessing_request" finished-at="2026-02-09T00:22:49 EST" duration-ms="31033" status="PASS">
          <reporter-output>
          </reporter-output>
        </test-method> <!-- loanProcessing_request -->
        <test-method is-config="true" signature="tearDown()[pri:0, instance:com.parabank.ui.tests.pos.POS_loanProcessingTest@16423501]" started-at="2026-02-09T00:22:49 EST" name="tearDown" finished-at="2026-02-09T00:22:57 EST" duration-ms="7541" status="FAIL">
          <exception class="java.lang.AssertionError">
            <message>
              <![CDATA[The following asserts failed:
expected [02-06-2026] but found [02-9-2026]]]>
            </message>
            <full-stacktrace>
              <![CDATA[java.lang.AssertionError: The following asserts failed:
expected [02-06-2026] but found [02-9-2026]
at org.testng.asserts.SoftAssert.assertAll(SoftAssert.java:46)
at org.testng.asserts.SoftAssert.assertAll(SoftAssert.java:30)
at com.parabank.ui.base.BaseTest.tearDown(BaseTest.java:267)
at java.base/jdk.internal.reflect.DirectMethodHandleAccessor.invoke(DirectMethodHandleAccessor.java:104)
at java.base/java.lang.reflect.Method.invoke(Method.java:577)
at org.testng.internal.invokers.MethodInvocationHelper.invokeMethod(MethodInvocationHelper.java:141)
at org.testng.internal.invokers.MethodInvocationHelper.invokeMethodConsideringTimeout(MethodInvocationHelper.java:71)
at org.testng.internal.invokers.ConfigInvoker.invokeConfigurationMethod(ConfigInvoker.java:400)
at org.testng.internal.invokers.ConfigInvoker.invokeConfigurations(ConfigInvoker.java:333)
at org.testng.internal.invokers.TestInvoker.runConfigMethods(TestInvoker.java:836)
at org.testng.internal.invokers.TestInvoker.runAfterConfigurations(TestInvoker.java:805)
at org.testng.internal.invokers.TestInvoker.invokeMethod(TestInvoker.java:781)
at org.testng.internal.invokers.TestInvoker.invokeTestMethod(TestInvoker.java:230)
at org.testng.internal.invokers.MethodRunner.runInSequence(MethodRunner.java:63)
at org.testng.internal.invokers.TestInvoker$MethodInvocationAgent.invoke(TestInvoker.java:995)
at org.testng.internal.invokers.TestInvoker.invokeTestMethods(TestInvoker.java:203)
at org.testng.internal.invokers.TestMethodWorker.invokeTestMethods(TestMethodWorker.java:154)
at org.testng.internal.invokers.TestMethodWorker.run(TestMethodWorker.java:134)
at java.base/java.util.concurrent.Executors$RunnableAdapter.call(Executors.java:539)
at java.base/java.util.concurrent.FutureTask.run(FutureTask.java:264)
at org.testng.internal.thread.graph.TestNGFutureTask.run(TestNGFutureTask.java:22)
at java.base/java.util.concurrent.ThreadPoolExecutor.runWorker(ThreadPoolExecutor.java:1136)
at java.base/java.util.concurrent.ThreadPoolExecutor$Worker.run(ThreadPoolExecutor.java:635)
at java.base/java.lang.Thread.run(Thread.java:833)
]]>
            </full-stacktrace>
          </exception> <!-- java.lang.AssertionError -->
          <reporter-output>
          </reporter-output>
        </test-method> <!-- tearDown -->
      </class> <!-- com.parabank.ui.tests.pos.POS_loanProcessingTest -->
      <class name="com.parabank.ui.tests.pos.POS_Login_Test">
        <test-method is-config="true" signature="webDriverSetUp()[pri:0, instance:com.parabank.ui.tests.pos.POS_Login_Test@4b21844c]" started-at="2026-02-09T00:22:09 EST" name="webDriverSetUp" finished-at="2026-02-09T00:22:18 EST" duration-ms="9270" status="PASS">
          <reporter-output>
          </reporter-output>
        </test-method> <!-- webDriverSetUp -->
        <test-method retried="true" signature="checkUserFromDB(java.lang.String)[pri:0, instance:com.parabank.ui.tests.pos.POS_Login_Test@4b21844c]" started-at="2026-02-09T00:22:18 EST" name="checkUserFromDB" data-provider="testUsers" finished-at="2026-02-09T00:22:23 EST" duration-ms="4455" status="SKIP">
          <params>
            <param index="0">
              <value>
                <![CDATA[User1]]>
              </value>
            </param>
          </params>
          <exception class="org.testng.internal.thread.ThreadTimeoutException">
            <message>
              <![CDATA[Method com.parabank.ui.tests.pos.POS_Login_Test.checkUserFromDB() didn't finish within the time-out 4000]]>
            </message>
            <full-stacktrace>
              <![CDATA[org.testng.internal.thread.ThreadTimeoutException: Method com.parabank.ui.tests.pos.POS_Login_Test.checkUserFromDB() didn't finish within the time-out 4000
at org.testng.internal.invokers.MethodInvocationHelper.invokeWithTimeoutWithNoExecutor(MethodInvocationHelper.java:368)
at org.testng.internal.invokers.MethodInvocationHelper.invokeWithTimeout(MethodInvocationHelper.java:308)
at org.testng.internal.invokers.TestInvoker.invokeMethod(TestInvoker.java:696)
at org.testng.internal.invokers.TestInvoker.invokeTestMethod(TestInvoker.java:230)
at org.testng.internal.invokers.MethodRunner.runInSequence(MethodRunner.java:63)
at org.testng.internal.invokers.TestInvoker$MethodInvocationAgent.invoke(TestInvoker.java:995)
at org.testng.internal.invokers.TestInvoker.invokeTestMethods(TestInvoker.java:203)
at org.testng.internal.invokers.TestMethodWorker.invokeTestMethods(TestMethodWorker.java:154)
at org.testng.internal.invokers.TestMethodWorker.run(TestMethodWorker.java:134)
at java.base/java.util.concurrent.Executors$RunnableAdapter.call(Executors.java:539)
at java.base/java.util.concurrent.FutureTask.run(FutureTask.java:264)
at org.testng.internal.thread.graph.TestNGFutureTask.run(TestNGFutureTask.java:22)
at java.base/java.util.concurrent.ThreadPoolExecutor.runWorker(ThreadPoolExecutor.java:1136)
at java.base/java.util.concurrent.ThreadPoolExecutor$Worker.run(ThreadPoolExecutor.java:635)
at java.base/java.lang.Thread.run(Thread.java:833)
]]>
            </full-stacktrace>
          </exception> <!-- org.testng.internal.thread.ThreadTimeoutException -->
          <reporter-output>
          </reporter-output>
        </test-method> <!-- checkUserFromDB -->
        <test-method is-config="true" signature="tearDown()[pri:0, instance:com.parabank.ui.tests.pos.POS_Login_Test@4b21844c]" started-at="2026-02-09T00:22:23 EST" name="tearDown" finished-at="2026-02-09T00:22:36 EST" duration-ms="13133" status="PASS">
          <reporter-output>
          </reporter-output>
        </test-method> <!-- tearDown -->
        <test-method is-config="true" signature="webDriverSetUp()[pri:0, instance:com.parabank.ui.tests.pos.POS_Login_Test@4b21844c]" started-at="2026-02-09T00:22:36 EST" name="webDriverSetUp" finished-at="2026-02-09T00:22:44 EST" duration-ms="7965" status="PASS">
          <reporter-output>
          </reporter-output>
        </test-method> <!-- webDriverSetUp -->
        <test-method retried="true" signature="checkUserFromDB(java.lang.String)[pri:0, instance:com.parabank.ui.tests.pos.POS_Login_Test@4b21844c]" started-at="2026-02-09T00:22:44 EST" name="checkUserFromDB" data-provider="testUsers" finished-at="2026-02-09T00:22:48 EST" duration-ms="4037" status="SKIP">
          <params>
            <param index="0">
              <value>
                <![CDATA[User1]]>
              </value>
            </param>
          </params>
          <exception class="org.testng.internal.thread.ThreadTimeoutException">
            <message>
              <![CDATA[Method com.parabank.ui.tests.pos.POS_Login_Test.checkUserFromDB() didn't finish within the time-out 4000]]>
            </message>
            <full-stacktrace>
              <![CDATA[org.testng.internal.thread.ThreadTimeoutException: Method com.parabank.ui.tests.pos.POS_Login_Test.checkUserFromDB() didn't finish within the time-out 4000
at org.testng.internal.invokers.MethodInvocationHelper.invokeWithTimeoutWithNoExecutor(MethodInvocationHelper.java:368)
at org.testng.internal.invokers.MethodInvocationHelper.invokeWithTimeout(MethodInvocationHelper.java:308)
at org.testng.internal.invokers.TestInvoker.invokeMethod(TestInvoker.java:696)
at org.testng.internal.invokers.TestInvoker.retryFailed(TestInvoker.java:269)
at org.testng.internal.invokers.MethodRunner.runInSequence(MethodRunner.java:76)
at org.testng.internal.invokers.TestInvoker$MethodInvocationAgent.invoke(TestInvoker.java:995)
at org.testng.internal.invokers.TestInvoker.invokeTestMethods(TestInvoker.java:203)
at org.testng.internal.invokers.TestMethodWorker.invokeTestMethods(TestMethodWorker.java:154)
at org.testng.internal.invokers.TestMethodWorker.run(TestMethodWorker.java:134)
at java.base/java.util.concurrent.Executors$RunnableAdapter.call(Executors.java:539)
at java.base/java.util.concurrent.FutureTask.run(FutureTask.java:264)
at org.testng.internal.thread.graph.TestNGFutureTask.run(TestNGFutureTask.java:22)
at java.base/java.util.concurrent.ThreadPoolExecutor.runWorker(ThreadPoolExecutor.java:1136)
at java.base/java.util.concurrent.ThreadPoolExecutor$Worker.run(ThreadPoolExecutor.java:635)
at java.base/java.lang.Thread.run(Thread.java:833)
]]>
            </full-stacktrace>
          </exception> <!-- org.testng.internal.thread.ThreadTimeoutException -->
          <reporter-output>
          </reporter-output>
        </test-method> <!-- checkUserFromDB -->
        <test-method is-config="true" signature="tearDown()[pri:0, instance:com.parabank.ui.tests.pos.POS_Login_Test@4b21844c]" started-at="2026-02-09T00:22:48 EST" name="tearDown" finished-at="2026-02-09T00:22:57 EST" duration-ms="8594" status="PASS">
          <reporter-output>
          </reporter-output>
        </test-method> <!-- tearDown -->
        <test-method is-config="true" signature="webDriverSetUp()[pri:0, instance:com.parabank.ui.tests.pos.POS_Login_Test@4b21844c]" started-at="2026-02-09T00:22:57 EST" name="webDriverSetUp" finished-at="2026-02-09T00:23:01 EST" duration-ms="4111" status="PASS">
          <reporter-output>
          </reporter-output>
        </test-method> <!-- webDriverSetUp -->
        <test-method signature="checkUserFromDB(java.lang.String)[pri:0, instance:com.parabank.ui.tests.pos.POS_Login_Test@4b21844c]" started-at="2026-02-09T00:23:01 EST" name="checkUserFromDB" data-provider="testUsers" finished-at="2026-02-09T00:23:05 EST" duration-ms="4063" status="FAIL">
          <params>
            <param index="0">
              <value>
                <![CDATA[User1]]>
              </value>
            </param>
          </params>
          <exception class="org.testng.internal.thread.ThreadTimeoutException">
            <message>
              <![CDATA[Method com.parabank.ui.tests.pos.POS_Login_Test.checkUserFromDB() didn't finish within the time-out 4000]]>
            </message>
            <full-stacktrace>
              <![CDATA[org.testng.internal.thread.ThreadTimeoutException: Method com.parabank.ui.tests.pos.POS_Login_Test.checkUserFromDB() didn't finish within the time-out 4000
at org.testng.internal.invokers.MethodInvocationHelper.invokeWithTimeoutWithNoExecutor(MethodInvocationHelper.java:368)
at org.testng.internal.invokers.MethodInvocationHelper.invokeWithTimeout(MethodInvocationHelper.java:308)
at org.testng.internal.invokers.TestInvoker.invokeMethod(TestInvoker.java:696)
at org.testng.internal.invokers.TestInvoker.retryFailed(TestInvoker.java:269)
at org.testng.internal.invokers.MethodRunner.runInSequence(MethodRunner.java:76)
at org.testng.internal.invokers.TestInvoker$MethodInvocationAgent.invoke(TestInvoker.java:995)
at org.testng.internal.invokers.TestInvoker.invokeTestMethods(TestInvoker.java:203)
at org.testng.internal.invokers.TestMethodWorker.invokeTestMethods(TestMethodWorker.java:154)
at org.testng.internal.invokers.TestMethodWorker.run(TestMethodWorker.java:134)
at java.base/java.util.concurrent.Executors$RunnableAdapter.call(Executors.java:539)
at java.base/java.util.concurrent.FutureTask.run(FutureTask.java:264)
at org.testng.internal.thread.graph.TestNGFutureTask.run(TestNGFutureTask.java:22)
at java.base/java.util.concurrent.ThreadPoolExecutor.runWorker(ThreadPoolExecutor.java:1136)
at java.base/java.util.concurrent.ThreadPoolExecutor$Worker.run(ThreadPoolExecutor.java:635)
at java.base/java.lang.Thread.run(Thread.java:833)
]]>
            </full-stacktrace>
          </exception> <!-- org.testng.internal.thread.ThreadTimeoutException -->
          <reporter-output>
          </reporter-output>
        </test-method> <!-- checkUserFromDB -->
        <test-method is-config="true" signature="tearDown()[pri:0, instance:com.parabank.ui.tests.pos.POS_Login_Test@4b21844c]" started-at="2026-02-09T00:23:05 EST" name="tearDown" finished-at="2026-02-09T00:23:08 EST" duration-ms="2951" status="PASS">
          <reporter-output>
          </reporter-output>
        </test-method> <!-- tearDown -->
        <test-method is-config="true" signature="webDriverSetUp()[pri:0, instance:com.parabank.ui.tests.pos.POS_Login_Test@4b21844c]" started-at="2026-02-09T00:23:08 EST" name="webDriverSetUp" finished-at="2026-02-09T00:23:12 EST" duration-ms="3359" status="PASS">
          <reporter-output>
          </reporter-output>
        </test-method> <!-- webDriverSetUp -->
        <test-method retried="true" signature="checkUserFromDB(java.lang.String)[pri:0, instance:com.parabank.ui.tests.pos.POS_Login_Test@4b21844c]" started-at="2026-02-09T00:23:12 EST" name="checkUserFromDB" data-provider="testUsers" finished-at="2026-02-09T00:23:16 EST" duration-ms="4046" status="SKIP">
          <params>
            <param index="0">
              <value>
                <![CDATA[User2]]>
              </value>
            </param>
          </params>
          <exception class="org.testng.internal.thread.ThreadTimeoutException">
            <message>
              <![CDATA[Method com.parabank.ui.tests.pos.POS_Login_Test.checkUserFromDB() didn't finish within the time-out 4000]]>
            </message>
            <full-stacktrace>
              <![CDATA[org.testng.internal.thread.ThreadTimeoutException: Method com.parabank.ui.tests.pos.POS_Login_Test.checkUserFromDB() didn't finish within the time-out 4000
at org.testng.internal.invokers.MethodInvocationHelper.invokeWithTimeoutWithNoExecutor(MethodInvocationHelper.java:368)
at org.testng.internal.invokers.MethodInvocationHelper.invokeWithTimeout(MethodInvocationHelper.java:308)
at org.testng.internal.invokers.TestInvoker.invokeMethod(TestInvoker.java:696)
at org.testng.internal.invokers.TestInvoker.invokeTestMethod(TestInvoker.java:230)
at org.testng.internal.invokers.MethodRunner.runInSequence(MethodRunner.java:63)
at org.testng.internal.invokers.TestInvoker$MethodInvocationAgent.invoke(TestInvoker.java:995)
at org.testng.internal.invokers.TestInvoker.invokeTestMethods(TestInvoker.java:203)
at org.testng.internal.invokers.TestMethodWorker.invokeTestMethods(TestMethodWorker.java:154)
at org.testng.internal.invokers.TestMethodWorker.run(TestMethodWorker.java:134)
at java.base/java.util.concurrent.Executors$RunnableAdapter.call(Executors.java:539)
at java.base/java.util.concurrent.FutureTask.run(FutureTask.java:264)
at org.testng.internal.thread.graph.TestNGFutureTask.run(TestNGFutureTask.java:22)
at java.base/java.util.concurrent.ThreadPoolExecutor.runWorker(ThreadPoolExecutor.java:1136)
at java.base/java.util.concurrent.ThreadPoolExecutor$Worker.run(ThreadPoolExecutor.java:635)
at java.base/java.lang.Thread.run(Thread.java:833)
]]>
            </full-stacktrace>
          </exception> <!-- org.testng.internal.thread.ThreadTimeoutException -->
          <reporter-output>
          </reporter-output>
        </test-method> <!-- checkUserFromDB -->
        <test-method is-config="true" signature="tearDown()[pri:0, instance:com.parabank.ui.tests.pos.POS_Login_Test@4b21844c]" started-at="2026-02-09T00:23:16 EST" name="tearDown" finished-at="2026-02-09T00:23:17 EST" duration-ms="1522" status="PASS">
          <reporter-output>
          </reporter-output>
        </test-method> <!-- tearDown -->
        <test-method is-config="true" signature="webDriverSetUp()[pri:0, instance:com.parabank.ui.tests.pos.POS_Login_Test@4b21844c]" started-at="2026-02-09T00:23:17 EST" name="webDriverSetUp" finished-at="2026-02-09T00:23:21 EST" duration-ms="3688" status="PASS">
          <reporter-output>
          </reporter-output>
        </test-method> <!-- webDriverSetUp -->
        <test-method retried="true" signature="checkUserFromDB(java.lang.String)[pri:0, instance:com.parabank.ui.tests.pos.POS_Login_Test@4b21844c]" started-at="2026-02-09T00:23:21 EST" name="checkUserFromDB" data-provider="testUsers" finished-at="2026-02-09T00:23:25 EST" duration-ms="4021" status="SKIP">
          <params>
            <param index="0">
              <value>
                <![CDATA[User2]]>
              </value>
            </param>
          </params>
          <exception class="org.testng.internal.thread.ThreadTimeoutException">
            <message>
              <![CDATA[Method com.parabank.ui.tests.pos.POS_Login_Test.checkUserFromDB() didn't finish within the time-out 4000]]>
            </message>
            <full-stacktrace>
              <![CDATA[org.testng.internal.thread.ThreadTimeoutException: Method com.parabank.ui.tests.pos.POS_Login_Test.checkUserFromDB() didn't finish within the time-out 4000
at org.testng.internal.invokers.MethodInvocationHelper.invokeWithTimeoutWithNoExecutor(MethodInvocationHelper.java:368)
at org.testng.internal.invokers.MethodInvocationHelper.invokeWithTimeout(MethodInvocationHelper.java:308)
at org.testng.internal.invokers.TestInvoker.invokeMethod(TestInvoker.java:696)
at org.testng.internal.invokers.TestInvoker.retryFailed(TestInvoker.java:269)
at org.testng.internal.invokers.MethodRunner.runInSequence(MethodRunner.java:76)
at org.testng.internal.invokers.TestInvoker$MethodInvocationAgent.invoke(TestInvoker.java:995)
at org.testng.internal.invokers.TestInvoker.invokeTestMethods(TestInvoker.java:203)
at org.testng.internal.invokers.TestMethodWorker.invokeTestMethods(TestMethodWorker.java:154)
at org.testng.internal.invokers.TestMethodWorker.run(TestMethodWorker.java:134)
at java.base/java.util.concurrent.Executors$RunnableAdapter.call(Executors.java:539)
at java.base/java.util.concurrent.FutureTask.run(FutureTask.java:264)
at org.testng.internal.thread.graph.TestNGFutureTask.run(TestNGFutureTask.java:22)
at java.base/java.util.concurrent.ThreadPoolExecutor.runWorker(ThreadPoolExecutor.java:1136)
at java.base/java.util.concurrent.ThreadPoolExecutor$Worker.run(ThreadPoolExecutor.java:635)
at java.base/java.lang.Thread.run(Thread.java:833)
]]>
            </full-stacktrace>
          </exception> <!-- org.testng.internal.thread.ThreadTimeoutException -->
          <reporter-output>
          </reporter-output>
        </test-method> <!-- checkUserFromDB -->
        <test-method is-config="true" signature="tearDown()[pri:0, instance:com.parabank.ui.tests.pos.POS_Login_Test@4b21844c]" started-at="2026-02-09T00:23:25 EST" name="tearDown" finished-at="2026-02-09T00:23:26 EST" duration-ms="714" status="PASS">
          <reporter-output>
          </reporter-output>
        </test-method> <!-- tearDown -->
        <test-method is-config="true" signature="webDriverSetUp()[pri:0, instance:com.parabank.ui.tests.pos.POS_Login_Test@4b21844c]" started-at="2026-02-09T00:23:26 EST" name="webDriverSetUp" finished-at="2026-02-09T00:23:29 EST" duration-ms="3254" status="PASS">
          <reporter-output>
          </reporter-output>
        </test-method> <!-- webDriverSetUp -->
        <test-method signature="checkUserFromDB(java.lang.String)[pri:0, instance:com.parabank.ui.tests.pos.POS_Login_Test@4b21844c]" started-at="2026-02-09T00:23:29 EST" name="checkUserFromDB" data-provider="testUsers" finished-at="2026-02-09T00:23:30 EST" duration-ms="946" status="PASS">
          <params>
            <param index="0">
              <value>
                <![CDATA[User2]]>
              </value>
            </param>
          </params>
          <reporter-output>
          </reporter-output>
        </test-method> <!-- checkUserFromDB -->
        <test-method is-config="true" signature="tearDown()[pri:0, instance:com.parabank.ui.tests.pos.POS_Login_Test@4b21844c]" started-at="2026-02-09T00:23:30 EST" name="tearDown" finished-at="2026-02-09T00:23:31 EST" duration-ms="799" status="PASS">
          <reporter-output>
          </reporter-output>
        </test-method> <!-- tearDown -->
        <test-method is-config="true" signature="webDriverSetUp()[pri:0, instance:com.parabank.ui.tests.pos.POS_Login_Test@4b21844c]" started-at="2026-02-09T00:23:31 EST" name="webDriverSetUp" finished-at="2026-02-09T00:23:34 EST" duration-ms="3459" status="PASS">
          <reporter-output>
          </reporter-output>
        </test-method> <!-- webDriverSetUp -->
        <test-method retried="true" signature="login_registerUser()[pri:1, instance:com.parabank.ui.tests.pos.POS_Login_Test@4b21844c]" started-at="2026-02-09T00:23:34 EST" name="login_registerUser" finished-at="2026-02-09T00:23:34 EST" duration-ms="177" status="SKIP">
          <exception class="java.lang.NullPointerException">
            <message>
              <![CDATA[Cannot invoke "com.parabank.ui.PARABANK.helpers.JsonReader.queryJsonData(String, String)" because "this.jsObj" is null]]>
            </message>
            <full-stacktrace>
              <![CDATA[java.lang.NullPointerException: Cannot invoke "com.parabank.ui.PARABANK.helpers.JsonReader.queryJsonData(String, String)" because "this.jsObj" is null
at com.parabank.ui.tests.pos.POS_Login_Test.login_registerUser(POS_Login_Test.java:33)
at java.base/jdk.internal.reflect.DirectMethodHandleAccessor.invoke(DirectMethodHandleAccessor.java:104)
at java.base/java.lang.reflect.Method.invoke(Method.java:577)
at org.testng.internal.invokers.MethodInvocationHelper.invokeMethod(MethodInvocationHelper.java:141)
at org.testng.internal.invokers.TestInvoker.invokeMethod(TestInvoker.java:687)
at org.testng.internal.invokers.TestInvoker.invokeTestMethod(TestInvoker.java:230)
at org.testng.internal.invokers.MethodRunner.runInSequence(MethodRunner.java:63)
at org.testng.internal.invokers.TestInvoker$MethodInvocationAgent.invoke(TestInvoker.java:995)
at org.testng.internal.invokers.TestInvoker.invokeTestMethods(TestInvoker.java:203)
at org.testng.internal.invokers.TestMethodWorker.invokeTestMethods(TestMethodWorker.java:154)
at org.testng.internal.invokers.TestMethodWorker.run(TestMethodWorker.java:134)
at java.base/java.util.concurrent.Executors$RunnableAdapter.call(Executors.java:539)
at java.base/java.util.concurrent.FutureTask.run(FutureTask.java:264)
at org.testng.internal.thread.graph.TestNGFutureTask.run(TestNGFutureTask.java:22)
at java.base/java.util.concurrent.ThreadPoolExecutor.runWorker(ThreadPoolExecutor.java:1136)
at java.base/java.util.concurrent.ThreadPoolExecutor$Worker.run(ThreadPoolExecutor.java:635)
at java.base/java.lang.Thread.run(Thread.java:833)
]]>
            </full-stacktrace>
          </exception> <!-- java.lang.NullPointerException -->
          <reporter-output>
          </reporter-output>
        </test-method> <!-- login_registerUser -->
        <test-method is-config="true" signature="tearDown()[pri:0, instance:com.parabank.ui.tests.pos.POS_Login_Test@4b21844c]" started-at="2026-02-09T00:23:34 EST" name="tearDown" finished-at="2026-02-09T00:23:37 EST" duration-ms="2093" status="PASS">
          <reporter-output>
          </reporter-output>
        </test-method> <!-- tearDown -->
        <test-method is-config="true" signature="webDriverSetUp()[pri:0, instance:com.parabank.ui.tests.pos.POS_Login_Test@4b21844c]" started-at="2026-02-09T00:23:37 EST" name="webDriverSetUp" finished-at="2026-02-09T00:23:40 EST" duration-ms="3468" status="PASS">
          <reporter-output>
          </reporter-output>
        </test-method> <!-- webDriverSetUp -->
        <test-method retried="true" signature="login_registerUser()[pri:1, instance:com.parabank.ui.tests.pos.POS_Login_Test@4b21844c]" started-at="2026-02-09T00:23:40 EST" name="login_registerUser" finished-at="2026-02-09T00:23:40 EST" duration-ms="301" status="SKIP">
          <exception class="java.lang.NullPointerException">
            <message>
              <![CDATA[Cannot invoke "com.parabank.ui.PARABANK.helpers.JsonReader.queryJsonData(String, String)" because "this.jsObj" is null]]>
            </message>
            <full-stacktrace>
              <![CDATA[java.lang.NullPointerException: Cannot invoke "com.parabank.ui.PARABANK.helpers.JsonReader.queryJsonData(String, String)" because "this.jsObj" is null
at com.parabank.ui.tests.pos.POS_Login_Test.login_registerUser(POS_Login_Test.java:33)
at java.base/jdk.internal.reflect.DirectMethodHandleAccessor.invoke(DirectMethodHandleAccessor.java:104)
at java.base/java.lang.reflect.Method.invoke(Method.java:577)
at org.testng.internal.invokers.MethodInvocationHelper.invokeMethod(MethodInvocationHelper.java:141)
at org.testng.internal.invokers.TestInvoker.invokeMethod(TestInvoker.java:687)
at org.testng.internal.invokers.TestInvoker.retryFailed(TestInvoker.java:269)
at org.testng.internal.invokers.MethodRunner.runInSequence(MethodRunner.java:76)
at org.testng.internal.invokers.TestInvoker$MethodInvocationAgent.invoke(TestInvoker.java:995)
at org.testng.internal.invokers.TestInvoker.invokeTestMethods(TestInvoker.java:203)
at org.testng.internal.invokers.TestMethodWorker.invokeTestMethods(TestMethodWorker.java:154)
at org.testng.internal.invokers.TestMethodWorker.run(TestMethodWorker.java:134)
at java.base/java.util.concurrent.Executors$RunnableAdapter.call(Executors.java:539)
at java.base/java.util.concurrent.FutureTask.run(FutureTask.java:264)
at org.testng.internal.thread.graph.TestNGFutureTask.run(TestNGFutureTask.java:22)
at java.base/java.util.concurrent.ThreadPoolExecutor.runWorker(ThreadPoolExecutor.java:1136)
at java.base/java.util.concurrent.ThreadPoolExecutor$Worker.run(ThreadPoolExecutor.java:635)
at java.base/java.lang.Thread.run(Thread.java:833)
]]>
            </full-stacktrace>
          </exception> <!-- java.lang.NullPointerException -->
          <reporter-output>
          </reporter-output>
        </test-method> <!-- login_registerUser -->
        <test-method is-config="true" signature="tearDown()[pri:0, instance:com.parabank.ui.tests.pos.POS_Login_Test@4b21844c]" started-at="2026-02-09T00:23:40 EST" name="tearDown" finished-at="2026-02-09T00:23:41 EST" duration-ms="782" status="PASS">
          <reporter-output>
          </reporter-output>
        </test-method> <!-- tearDown -->
        <test-method is-config="true" signature="webDriverSetUp()[pri:0, instance:com.parabank.ui.tests.pos.POS_Login_Test@4b21844c]" started-at="2026-02-09T00:23:41 EST" name="webDriverSetUp" finished-at="2026-02-09T00:23:44 EST" duration-ms="2527" status="PASS">
          <reporter-output>
          </reporter-output>
        </test-method> <!-- webDriverSetUp -->
        <test-method signature="login_registerUser()[pri:1, instance:com.parabank.ui.tests.pos.POS_Login_Test@4b21844c]" started-at="2026-02-09T00:23:44 EST" name="login_registerUser" finished-at="2026-02-09T00:23:44 EST" duration-ms="194" status="FAIL">
          <exception class="java.lang.NullPointerException">
            <message>
              <![CDATA[Cannot invoke "com.parabank.ui.PARABANK.helpers.JsonReader.queryJsonData(String, String)" because "this.jsObj" is null]]>
            </message>
            <full-stacktrace>
              <![CDATA[java.lang.NullPointerException: Cannot invoke "com.parabank.ui.PARABANK.helpers.JsonReader.queryJsonData(String, String)" because "this.jsObj" is null
at com.parabank.ui.tests.pos.POS_Login_Test.login_registerUser(POS_Login_Test.java:33)
at java.base/jdk.internal.reflect.DirectMethodHandleAccessor.invoke(DirectMethodHandleAccessor.java:104)
at java.base/java.lang.reflect.Method.invoke(Method.java:577)
at org.testng.internal.invokers.MethodInvocationHelper.invokeMethod(MethodInvocationHelper.java:141)
at org.testng.internal.invokers.TestInvoker.invokeMethod(TestInvoker.java:687)
at org.testng.internal.invokers.TestInvoker.retryFailed(TestInvoker.java:269)
at org.testng.internal.invokers.MethodRunner.runInSequence(MethodRunner.java:76)
at org.testng.internal.invokers.TestInvoker$MethodInvocationAgent.invoke(TestInvoker.java:995)
at org.testng.internal.invokers.TestInvoker.invokeTestMethods(TestInvoker.java:203)
at org.testng.internal.invokers.TestMethodWorker.invokeTestMethods(TestMethodWorker.java:154)
at org.testng.internal.invokers.TestMethodWorker.run(TestMethodWorker.java:134)
at java.base/java.util.concurrent.Executors$RunnableAdapter.call(Executors.java:539)
at java.base/java.util.concurrent.FutureTask.run(FutureTask.java:264)
at org.testng.internal.thread.graph.TestNGFutureTask.run(TestNGFutureTask.java:22)
at java.base/java.util.concurrent.ThreadPoolExecutor.runWorker(ThreadPoolExecutor.java:1136)
at java.base/java.util.concurrent.ThreadPoolExecutor$Worker.run(ThreadPoolExecutor.java:635)
at java.base/java.lang.Thread.run(Thread.java:833)
]]>
            </full-stacktrace>
          </exception> <!-- java.lang.NullPointerException -->
          <reporter-output>
          </reporter-output>
        </test-method> <!-- login_registerUser -->
        <test-method is-config="true" signature="tearDown()[pri:0, instance:com.parabank.ui.tests.pos.POS_Login_Test@4b21844c]" started-at="2026-02-09T00:23:44 EST" name="tearDown" finished-at="2026-02-09T00:23:45 EST" duration-ms="482" status="PASS">
          <reporter-output>
          </reporter-output>
        </test-method> <!-- tearDown -->
        <test-method is-config="true" signature="webDriverSetUp()[pri:0, instance:com.parabank.ui.tests.pos.POS_Login_Test@4b21844c]" started-at="2026-02-09T00:23:45 EST" name="webDriverSetUp" finished-at="2026-02-09T00:23:47 EST" duration-ms="2465" status="PASS">
          <reporter-output>
          </reporter-output>
        </test-method> <!-- webDriverSetUp -->
        <test-method signature="login_user()[pri:2, instance:com.parabank.ui.tests.pos.POS_Login_Test@4b21844c]" started-at="2026-02-09T00:23:47 EST" name="login_user" finished-at="2026-02-09T00:23:48 EST" duration-ms="452" status="PASS">
          <reporter-output>
          </reporter-output>
        </test-method> <!-- login_user -->
        <test-method is-config="true" signature="tearDown()[pri:0, instance:com.parabank.ui.tests.pos.POS_Login_Test@4b21844c]" started-at="2026-02-09T00:23:48 EST" name="tearDown" finished-at="2026-02-09T00:23:48 EST" duration-ms="401" status="PASS">
          <reporter-output>
          </reporter-output>
        </test-method> <!-- tearDown -->
      </class> <!-- com.parabank.ui.tests.pos.POS_Login_Test -->
      <class name="com.parabank.ui.tests.pos.POS_Transaction">
        <test-method is-config="true" signature="webDriverSetUp()[pri:0, instance:com.parabank.ui.tests.pos.POS_Transaction@7a138fc5]" started-at="2026-02-09T00:22:09 EST" name="webDriverSetUp" finished-at="2026-02-09T00:22:19 EST" duration-ms="9924" status="PASS">
          <reporter-output>
          </reporter-output>
        </test-method> <!-- webDriverSetUp -->
        <test-method signature="findTransactionByDate(org.testng.ITestContext)[pri:1, instance:com.parabank.ui.tests.pos.POS_Transaction@7a138fc5]" started-at="2026-02-09T00:22:19 EST" name="findTransactionByDate" finished-at="2026-02-09T00:23:15 EST" duration-ms="56035" status="PASS">
          <params>
            <param index="0">
              <value>
                <![CDATA[org.testng.TestRunner@36f53b27]]>
              </value>
            </param>
          </params>
          <reporter-output>
          </reporter-output>
        </test-method> <!-- findTransactionByDate -->
        <test-method is-config="true" signature="tearDown()[pri:0, instance:com.parabank.ui.tests.pos.POS_Transaction@7a138fc5]" started-at="2026-02-09T00:23:15 EST" name="tearDown" finished-at="2026-02-09T00:23:18 EST" duration-ms="2625" status="PASS">
          <reporter-output>
          </reporter-output>
        </test-method> <!-- tearDown -->
      </class> <!-- com.parabank.ui.tests.pos.POS_Transaction -->
      <class name="com.parabank.ui.tests.pos.POS_TransferFunds">
        <test-method is-config="true" signature="webDriverSetUp()[pri:0, instance:com.parabank.ui.tests.pos.POS_TransferFunds@4efcf8a]" started-at="2026-02-09T00:22:09 EST" name="webDriverSetUp" finished-at="2026-02-09T00:22:19 EST" duration-ms="9580" status="PASS">
          <reporter-output>
          </reporter-output>
        </test-method> <!-- webDriverSetUp -->
        <test-method retried="true" signature="verifyTransferFunds()[pri:0, instance:com.parabank.ui.tests.pos.POS_TransferFunds@4efcf8a]" started-at="2026-02-09T00:22:19 EST" name="verifyTransferFunds" finished-at="2026-02-09T00:23:08 EST" duration-ms="49480" status="SKIP">
          <exception class="java.util.NoSuchElementException">
            <message>
              <![CDATA[Account number:14232 Not found]]>
            </message>
            <full-stacktrace>
              <![CDATA[java.util.NoSuchElementException: Account number:14232 Not found
at com.parabank.ui.PARABANK.POM.AccountOverview.lambda$3(AccountOverview.java:55)
at java.base/java.util.Optional.orElseThrow(Optional.java:403)
at com.parabank.ui.PARABANK.POM.AccountOverview.selectAccount(AccountOverview.java:55)
at com.parabank.ui.tests.pos.POS_TransferFunds.verifyTransferFunds(POS_TransferFunds.java:103)
at java.base/jdk.internal.reflect.DirectMethodHandleAccessor.invoke(DirectMethodHandleAccessor.java:104)
at java.base/java.lang.reflect.Method.invoke(Method.java:577)
at org.testng.internal.invokers.MethodInvocationHelper.invokeMethod(MethodInvocationHelper.java:141)
at org.testng.internal.invokers.TestInvoker.invokeMethod(TestInvoker.java:687)
at org.testng.internal.invokers.TestInvoker.invokeTestMethod(TestInvoker.java:230)
at org.testng.internal.invokers.MethodRunner.runInSequence(MethodRunner.java:63)
at org.testng.internal.invokers.TestInvoker$MethodInvocationAgent.invoke(TestInvoker.java:995)
at org.testng.internal.invokers.TestInvoker.invokeTestMethods(TestInvoker.java:203)
at org.testng.internal.invokers.TestMethodWorker.invokeTestMethods(TestMethodWorker.java:154)
at org.testng.internal.invokers.TestMethodWorker.run(TestMethodWorker.java:134)
at java.base/java.util.concurrent.Executors$RunnableAdapter.call(Executors.java:539)
at java.base/java.util.concurrent.FutureTask.run(FutureTask.java:264)
at org.testng.internal.thread.graph.TestNGFutureTask.run(TestNGFutureTask.java:22)
at java.base/java.util.concurrent.ThreadPoolExecutor.runWorker(ThreadPoolExecutor.java:1136)
at java.base/java.util.concurrent.ThreadPoolExecutor$Worker.run(ThreadPoolExecutor.java:635)
at java.base/java.lang.Thread.run(Thread.java:833)
]]>
            </full-stacktrace>
          </exception> <!-- java.util.NoSuchElementException -->
          <reporter-output>
          </reporter-output>
        </test-method> <!-- verifyTransferFunds -->
        <test-method is-config="true" signature="tearDown()[pri:0, instance:com.parabank.ui.tests.pos.POS_TransferFunds@4efcf8a]" started-at="2026-02-09T00:23:08 EST" name="tearDown" finished-at="2026-02-09T00:23:09 EST" duration-ms="1090" status="PASS">
          <reporter-output>
          </reporter-output>
        </test-method> <!-- tearDown -->
        <test-method is-config="true" signature="webDriverSetUp()[pri:0, instance:com.parabank.ui.tests.pos.POS_TransferFunds@4efcf8a]" started-at="2026-02-09T00:23:09 EST" name="webDriverSetUp" finished-at="2026-02-09T00:23:14 EST" duration-ms="4991" status="PASS">
          <reporter-output>
          </reporter-output>
        </test-method> <!-- webDriverSetUp -->
        <test-method signature="verifyTransferFunds()[pri:0, instance:com.parabank.ui.tests.pos.POS_TransferFunds@4efcf8a]" started-at="2026-02-09T00:23:14 EST" name="verifyTransferFunds" finished-at="2026-02-09T00:23:40 EST" duration-ms="26317" status="PASS">
          <reporter-output>
          </reporter-output>
        </test-method> <!-- verifyTransferFunds -->
        <test-method is-config="true" signature="tearDown()[pri:0, instance:com.parabank.ui.tests.pos.POS_TransferFunds@4efcf8a]" started-at="2026-02-09T00:23:41 EST" name="tearDown" finished-at="2026-02-09T00:23:41 EST" duration-ms="760" status="PASS">
          <reporter-output>
          </reporter-output>
        </test-method> <!-- tearDown -->
      </class> <!-- com.parabank.ui.tests.pos.POS_TransferFunds -->
    </test> <!-- Login -->
    <test started-at="2026-02-09T00:23:49 EST" name="Negative Tests" finished-at="2026-02-09T00:25:19 EST" duration-ms="89959">
      <class name="com.parabank.ui.tests.neg.NEG_loanProcessingTest">
        <test-method is-config="true" signature="webDriverSetUp()[pri:0, instance:com.parabank.ui.tests.neg.NEG_loanProcessingTest@5aceec94]" started-at="2026-02-09T00:23:49 EST" name="webDriverSetUp" finished-at="2026-02-09T00:23:58 EST" duration-ms="8799" status="PASS">
          <reporter-output>
          </reporter-output>
        </test-method> <!-- webDriverSetUp -->
        <test-method retried="true" signature="NEG_loanProcessing_request()[pri:0, instance:com.parabank.ui.tests.neg.NEG_loanProcessingTest@5aceec94]" started-at="2026-02-09T00:23:58 EST" name="NEG_loanProcessing_request" finished-at="2026-02-09T00:24:13 EST" duration-ms="15255" status="SKIP">
          <exception class="java.lang.AssertionError">
            <message>
              <![CDATA[expected [02-09-2026] but found [02-9-2026]]]>
            </message>
            <full-stacktrace>
              <![CDATA[java.lang.AssertionError: expected [02-09-2026] but found [02-9-2026]
at org.testng.Assert.fail(Assert.java:111)
at org.testng.Assert.failNotEquals(Assert.java:1590)
at org.testng.Assert.assertEqualsImpl(Assert.java:150)
at org.testng.Assert.assertEquals(Assert.java:132)
at org.testng.Assert.assertEquals(Assert.java:656)
at org.testng.Assert.assertEquals(Assert.java:666)
at com.parabank.ui.tests.neg.NEG_loanProcessingTest.NEG_loanProcessing_request(NEG_loanProcessingTest.java:40)
at java.base/jdk.internal.reflect.DirectMethodHandleAccessor.invoke(DirectMethodHandleAccessor.java:104)
at java.base/java.lang.reflect.Method.invoke(Method.java:577)
at org.testng.internal.invokers.MethodInvocationHelper.invokeMethod(MethodInvocationHelper.java:141)
at org.testng.internal.invokers.TestInvoker.invokeMethod(TestInvoker.java:687)
at org.testng.internal.invokers.TestInvoker.invokeTestMethod(TestInvoker.java:230)
at org.testng.internal.invokers.MethodRunner.runInSequence(MethodRunner.java:63)
at org.testng.internal.invokers.TestInvoker$MethodInvocationAgent.invoke(TestInvoker.java:995)
at org.testng.internal.invokers.TestInvoker.invokeTestMethods(TestInvoker.java:203)
at org.testng.internal.invokers.TestMethodWorker.invokeTestMethods(TestMethodWorker.java:154)
at org.testng.internal.invokers.TestMethodWorker.run(TestMethodWorker.java:134)
at java.base/java.util.concurrent.Executors$RunnableAdapter.call(Executors.java:539)
at java.base/java.util.concurrent.FutureTask.run(FutureTask.java:264)
at org.testng.internal.thread.graph.TestNGFutureTask.run(TestNGFutureTask.java:22)
at java.base/java.util.concurrent.ThreadPoolExecutor.runWorker(ThreadPoolExecutor.java:1136)
at java.base/java.util.concurrent.ThreadPoolExecutor$Worker.run(ThreadPoolExecutor.java:635)
at java.base/java.lang.Thread.run(Thread.java:833)
]]>
            </full-stacktrace>
          </exception> <!-- java.lang.AssertionError -->
          <reporter-output>
          </reporter-output>
        </test-method> <!-- NEG_loanProcessing_request -->
        <test-method is-config="true" signature="tearDown()[pri:0, instance:com.parabank.ui.tests.neg.NEG_loanProcessingTest@5aceec94]" started-at="2026-02-09T00:24:13 EST" name="tearDown" finished-at="2026-02-09T00:24:16 EST" duration-ms="3568" status="PASS">
          <reporter-output>
          </reporter-output>
        </test-method> <!-- tearDown -->
        <test-method is-config="true" signature="webDriverSetUp()[pri:0, instance:com.parabank.ui.tests.neg.NEG_loanProcessingTest@5aceec94]" started-at="2026-02-09T00:24:16 EST" name="webDriverSetUp" finished-at="2026-02-09T00:24:27 EST" duration-ms="10201" status="PASS">
          <reporter-output>
          </reporter-output>
        </test-method> <!-- webDriverSetUp -->
        <test-method retried="true" signature="NEG_loanProcessing_request()[pri:0, instance:com.parabank.ui.tests.neg.NEG_loanProcessingTest@5aceec94]" started-at="2026-02-09T00:24:27 EST" name="NEG_loanProcessing_request" finished-at="2026-02-09T00:24:39 EST" duration-ms="12755" status="SKIP">
          <exception class="java.lang.AssertionError">
            <message>
              <![CDATA[expected [02-09-2026] but found [02-9-2026]]]>
            </message>
            <full-stacktrace>
              <![CDATA[java.lang.AssertionError: expected [02-09-2026] but found [02-9-2026]
at org.testng.Assert.fail(Assert.java:111)
at org.testng.Assert.failNotEquals(Assert.java:1590)
at org.testng.Assert.assertEqualsImpl(Assert.java:150)
at org.testng.Assert.assertEquals(Assert.java:132)
at org.testng.Assert.assertEquals(Assert.java:656)
at org.testng.Assert.assertEquals(Assert.java:666)
at com.parabank.ui.tests.neg.NEG_loanProcessingTest.NEG_loanProcessing_request(NEG_loanProcessingTest.java:40)
at java.base/jdk.internal.reflect.DirectMethodHandleAccessor.invoke(DirectMethodHandleAccessor.java:104)
at java.base/java.lang.reflect.Method.invoke(Method.java:577)
at org.testng.internal.invokers.MethodInvocationHelper.invokeMethod(MethodInvocationHelper.java:141)
at org.testng.internal.invokers.TestInvoker.invokeMethod(TestInvoker.java:687)
at org.testng.internal.invokers.TestInvoker.retryFailed(TestInvoker.java:269)
at org.testng.internal.invokers.MethodRunner.runInSequence(MethodRunner.java:76)
at org.testng.internal.invokers.TestInvoker$MethodInvocationAgent.invoke(TestInvoker.java:995)
at org.testng.internal.invokers.TestInvoker.invokeTestMethods(TestInvoker.java:203)
at org.testng.internal.invokers.TestMethodWorker.invokeTestMethods(TestMethodWorker.java:154)
at org.testng.internal.invokers.TestMethodWorker.run(TestMethodWorker.java:134)
at java.base/java.util.concurrent.Executors$RunnableAdapter.call(Executors.java:539)
at java.base/java.util.concurrent.FutureTask.run(FutureTask.java:264)
at org.testng.internal.thread.graph.TestNGFutureTask.run(TestNGFutureTask.java:22)
at java.base/java.util.concurrent.ThreadPoolExecutor.runWorker(ThreadPoolExecutor.java:1136)
at java.base/java.util.concurrent.ThreadPoolExecutor$Worker.run(ThreadPoolExecutor.java:635)
at java.base/java.lang.Thread.run(Thread.java:833)
]]>
            </full-stacktrace>
          </exception> <!-- java.lang.AssertionError -->
          <reporter-output>
          </reporter-output>
        </test-method> <!-- NEG_loanProcessing_request -->
        <test-method is-config="true" signature="tearDown()[pri:0, instance:com.parabank.ui.tests.neg.NEG_loanProcessingTest@5aceec94]" started-at="2026-02-09T00:24:39 EST" name="tearDown" finished-at="2026-02-09T00:24:42 EST" duration-ms="2317" status="PASS">
          <reporter-output>
          </reporter-output>
        </test-method> <!-- tearDown -->
        <test-method is-config="true" signature="webDriverSetUp()[pri:0, instance:com.parabank.ui.tests.neg.NEG_loanProcessingTest@5aceec94]" started-at="2026-02-09T00:24:42 EST" name="webDriverSetUp" finished-at="2026-02-09T00:24:52 EST" duration-ms="10255" status="PASS">
          <reporter-output>
          </reporter-output>
        </test-method> <!-- webDriverSetUp -->
        <test-method signature="NEG_loanProcessing_request()[pri:0, instance:com.parabank.ui.tests.neg.NEG_loanProcessingTest@5aceec94]" started-at="2026-02-09T00:24:52 EST" name="NEG_loanProcessing_request" finished-at="2026-02-09T00:25:11 EST" duration-ms="19241" status="FAIL">
          <exception class="java.lang.AssertionError">
            <message>
              <![CDATA[expected [02-09-2026] but found [02-9-2026]]]>
            </message>
            <full-stacktrace>
              <![CDATA[java.lang.AssertionError: expected [02-09-2026] but found [02-9-2026]
at org.testng.Assert.fail(Assert.java:111)
at org.testng.Assert.failNotEquals(Assert.java:1590)
at org.testng.Assert.assertEqualsImpl(Assert.java:150)
at org.testng.Assert.assertEquals(Assert.java:132)
at org.testng.Assert.assertEquals(Assert.java:656)
at org.testng.Assert.assertEquals(Assert.java:666)
at com.parabank.ui.tests.neg.NEG_loanProcessingTest.NEG_loanProcessing_request(NEG_loanProcessingTest.java:40)
at java.base/jdk.internal.reflect.DirectMethodHandleAccessor.invoke(DirectMethodHandleAccessor.java:104)
at java.base/java.lang.reflect.Method.invoke(Method.java:577)
at org.testng.internal.invokers.MethodInvocationHelper.invokeMethod(MethodInvocationHelper.java:141)
at org.testng.internal.invokers.TestInvoker.invokeMethod(TestInvoker.java:687)
at org.testng.internal.invokers.TestInvoker.retryFailed(TestInvoker.java:269)
at org.testng.internal.invokers.MethodRunner.runInSequence(MethodRunner.java:76)
at org.testng.internal.invokers.TestInvoker$MethodInvocationAgent.invoke(TestInvoker.java:995)
at org.testng.internal.invokers.TestInvoker.invokeTestMethods(TestInvoker.java:203)
at org.testng.internal.invokers.TestMethodWorker.invokeTestMethods(TestMethodWorker.java:154)
at org.testng.internal.invokers.TestMethodWorker.run(TestMethodWorker.java:134)
at java.base/java.util.concurrent.Executors$RunnableAdapter.call(Executors.java:539)
at java.base/java.util.concurrent.FutureTask.run(FutureTask.java:264)
at org.testng.internal.thread.graph.TestNGFutureTask.run(TestNGFutureTask.java:22)
at java.base/java.util.concurrent.ThreadPoolExecutor.runWorker(ThreadPoolExecutor.java:1136)
at java.base/java.util.concurrent.ThreadPoolExecutor$Worker.run(ThreadPoolExecutor.java:635)
at java.base/java.lang.Thread.run(Thread.java:833)
]]>
            </full-stacktrace>
          </exception> <!-- java.lang.AssertionError -->
          <reporter-output>
          </reporter-output>
        </test-method> <!-- NEG_loanProcessing_request -->
        <test-method is-config="true" signature="tearDown()[pri:0, instance:com.parabank.ui.tests.neg.NEG_loanProcessingTest@5aceec94]" started-at="2026-02-09T00:25:11 EST" name="tearDown" finished-at="2026-02-09T00:25:13 EST" duration-ms="1296" status="PASS">
          <reporter-output>
          </reporter-output>
        </test-method> <!-- tearDown -->
      </class> <!-- com.parabank.ui.tests.neg.NEG_loanProcessingTest -->
      <class name="com.parabank.ui.tests.neg.NEG_Login_Test">
        <test-method is-config="true" signature="webDriverSetUp()[pri:0, instance:com.parabank.ui.tests.neg.NEG_Login_Test@1c32886a]" started-at="2026-02-09T00:23:49 EST" name="webDriverSetUp" finished-at="2026-02-09T00:23:59 EST" duration-ms="9834" status="PASS">
          <reporter-output>
          </reporter-output>
        </test-method> <!-- webDriverSetUp -->
        <test-method is-config="true" signature="webDriverSetUp()[pri:0, instance:com.parabank.ui.tests.neg.NEG_Login_Test@1c32886a]" started-at="2026-02-09T00:23:49 EST" name="webDriverSetUp" finished-at="2026-02-09T00:23:58 EST" duration-ms="8772" status="PASS">
          <reporter-output>
          </reporter-output>
        </test-method> <!-- webDriverSetUp -->
        <test-method is-config="true" signature="webDriverSetUp()[pri:0, instance:com.parabank.ui.tests.neg.NEG_Login_Test@1c32886a]" started-at="2026-02-09T00:23:49 EST" name="webDriverSetUp" finished-at="2026-02-09T00:23:59 EST" duration-ms="9977" status="PASS">
          <reporter-output>
          </reporter-output>
        </test-method> <!-- webDriverSetUp -->
        <test-method is-config="true" signature="webDriverSetUp()[pri:0, instance:com.parabank.ui.tests.neg.NEG_Login_Test@1c32886a]" started-at="2026-02-09T00:23:49 EST" name="webDriverSetUp" finished-at="2026-02-09T00:23:58 EST" duration-ms="9143" status="PASS">
          <reporter-output>
          </reporter-output>
        </test-method> <!-- webDriverSetUp -->
        <test-method signature="NEG_registerUserWithAddressBlank()[pri:0, instance:com.parabank.ui.tests.neg.NEG_Login_Test@1c32886a]" started-at="2026-02-09T00:23:58 EST" name="NEG_registerUserWithAddressBlank" finished-at="2026-02-09T00:24:13 EST" duration-ms="15417" status="PASS">
          <reporter-output>
          </reporter-output>
        </test-method> <!-- NEG_registerUserWithAddressBlank -->
        <test-method signature="NEG_registerUserWithConfirmPasswordBlank()[pri:0, instance:com.parabank.ui.tests.neg.NEG_Login_Test@1c32886a]" started-at="2026-02-09T00:23:58 EST" name="NEG_registerUserWithConfirmPasswordBlank" finished-at="2026-02-09T00:24:13 EST" duration-ms="15217" status="PASS">
          <reporter-output>
          </reporter-output>
        </test-method> <!-- NEG_registerUserWithConfirmPasswordBlank -->
        <test-method signature="NEG_registerUserWithCityBlank()[pri:0, instance:com.parabank.ui.tests.neg.NEG_Login_Test@1c32886a]" started-at="2026-02-09T00:23:59 EST" name="NEG_registerUserWithCityBlank" finished-at="2026-02-09T00:24:13 EST" duration-ms="14692" status="PASS">
          <reporter-output>
          </reporter-output>
        </test-method> <!-- NEG_registerUserWithCityBlank -->
        <test-method signature="NEG_loginWithInvalidUser()[pri:0, instance:com.parabank.ui.tests.neg.NEG_Login_Test@1c32886a]" started-at="2026-02-09T00:23:59 EST" name="NEG_loginWithInvalidUser" finished-at="2026-02-09T00:24:02 EST" duration-ms="3724" status="PASS">
          <reporter-output>
          </reporter-output>
        </test-method> <!-- NEG_loginWithInvalidUser -->
        <test-method is-config="true" signature="tearDown()[pri:0, instance:com.parabank.ui.tests.neg.NEG_Login_Test@1c32886a]" started-at="2026-02-09T00:24:02 EST" name="tearDown" finished-at="2026-02-09T00:24:14 EST" duration-ms="11886" status="PASS">
          <reporter-output>
          </reporter-output>
        </test-method> <!-- tearDown -->
        <test-method is-config="true" signature="tearDown()[pri:0, instance:com.parabank.ui.tests.neg.NEG_Login_Test@1c32886a]" started-at="2026-02-09T00:24:13 EST" name="tearDown" finished-at="2026-02-09T00:24:15 EST" duration-ms="1536" status="PASS">
          <reporter-output>
          </reporter-output>
        </test-method> <!-- tearDown -->
        <test-method is-config="true" signature="tearDown()[pri:0, instance:com.parabank.ui.tests.neg.NEG_Login_Test@1c32886a]" started-at="2026-02-09T00:24:13 EST" name="tearDown" finished-at="2026-02-09T00:24:15 EST" duration-ms="1504" status="PASS">
          <reporter-output>
          </reporter-output>
        </test-method> <!-- tearDown -->
        <test-method is-config="true" signature="tearDown()[pri:0, instance:com.parabank.ui.tests.neg.NEG_Login_Test@1c32886a]" started-at="2026-02-09T00:24:13 EST" name="tearDown" finished-at="2026-02-09T00:24:15 EST" duration-ms="2067" status="PASS">
          <reporter-output>
          </reporter-output>
        </test-method> <!-- tearDown -->
        <test-method is-config="true" signature="webDriverSetUp()[pri:0, instance:com.parabank.ui.tests.neg.NEG_Login_Test@1c32886a]" started-at="2026-02-09T00:24:14 EST" name="webDriverSetUp" finished-at="2026-02-09T00:24:20 EST" duration-ms="5768" status="PASS">
          <reporter-output>
          </reporter-output>
        </test-method> <!-- webDriverSetUp -->
        <test-method is-config="true" signature="webDriverSetUp()[pri:0, instance:com.parabank.ui.tests.neg.NEG_Login_Test@1c32886a]" started-at="2026-02-09T00:24:15 EST" name="webDriverSetUp" finished-at="2026-02-09T00:24:21 EST" duration-ms="6234" status="PASS">
          <reporter-output>
          </reporter-output>
        </test-method> <!-- webDriverSetUp -->
        <test-method is-config="true" signature="webDriverSetUp()[pri:0, instance:com.parabank.ui.tests.neg.NEG_Login_Test@1c32886a]" started-at="2026-02-09T00:24:15 EST" name="webDriverSetUp" finished-at="2026-02-09T00:24:21 EST" duration-ms="6453" status="PASS">
          <reporter-output>
          </reporter-output>
        </test-method> <!-- webDriverSetUp -->
        <test-method is-config="true" signature="webDriverSetUp()[pri:0, instance:com.parabank.ui.tests.neg.NEG_Login_Test@1c32886a]" started-at="2026-02-09T00:24:15 EST" name="webDriverSetUp" finished-at="2026-02-09T00:24:24 EST" duration-ms="8479" status="PASS">
          <reporter-output>
          </reporter-output>
        </test-method> <!-- webDriverSetUp -->
        <test-method signature="NEG_registerUserWithFirstNameBlank()[pri:0, instance:com.parabank.ui.tests.neg.NEG_Login_Test@1c32886a]" started-at="2026-02-09T00:24:20 EST" name="NEG_registerUserWithFirstNameBlank" finished-at="2026-02-09T00:24:37 EST" duration-ms="16997" status="PASS">
          <reporter-output>
          </reporter-output>
        </test-method> <!-- NEG_registerUserWithFirstNameBlank -->
        <test-method signature="NEG_registerUserWithLastNameBlank()[pri:0, instance:com.parabank.ui.tests.neg.NEG_Login_Test@1c32886a]" started-at="2026-02-09T00:24:21 EST" name="NEG_registerUserWithLastNameBlank" finished-at="2026-02-09T00:24:36 EST" duration-ms="15686" status="PASS">
          <reporter-output>
          </reporter-output>
        </test-method> <!-- NEG_registerUserWithLastNameBlank -->
        <test-method signature="NEG_registerUserWithPasswordMismatch()[pri:0, instance:com.parabank.ui.tests.neg.NEG_Login_Test@1c32886a]" started-at="2026-02-09T00:24:21 EST" name="NEG_registerUserWithPasswordMismatch" finished-at="2026-02-09T00:24:37 EST" duration-ms="16165" status="PASS">
          <reporter-output>
          </reporter-output>
        </test-method> <!-- NEG_registerUserWithPasswordMismatch -->
        <test-method signature="NEG_registerUserWithSSNBlank()[pri:0, instance:com.parabank.ui.tests.neg.NEG_Login_Test@1c32886a]" started-at="2026-02-09T00:24:24 EST" name="NEG_registerUserWithSSNBlank" finished-at="2026-02-09T00:24:38 EST" duration-ms="14447" status="PASS">
          <reporter-output>
          </reporter-output>
        </test-method> <!-- NEG_registerUserWithSSNBlank -->
        <test-method is-config="true" signature="tearDown()[pri:0, instance:com.parabank.ui.tests.neg.NEG_Login_Test@1c32886a]" started-at="2026-02-09T00:24:36 EST" name="tearDown" finished-at="2026-02-09T00:24:41 EST" duration-ms="4393" status="PASS">
          <reporter-output>
          </reporter-output>
        </test-method> <!-- tearDown -->
        <test-method is-config="true" signature="tearDown()[pri:0, instance:com.parabank.ui.tests.neg.NEG_Login_Test@1c32886a]" started-at="2026-02-09T00:24:37 EST" name="tearDown" finished-at="2026-02-09T00:24:41 EST" duration-ms="3946" status="PASS">
          <reporter-output>
          </reporter-output>
        </test-method> <!-- tearDown -->
        <test-method is-config="true" signature="tearDown()[pri:0, instance:com.parabank.ui.tests.neg.NEG_Login_Test@1c32886a]" started-at="2026-02-09T00:24:37 EST" name="tearDown" finished-at="2026-02-09T00:24:41 EST" duration-ms="3590" status="PASS">
          <reporter-output>
          </reporter-output>
        </test-method> <!-- tearDown -->
        <test-method is-config="true" signature="tearDown()[pri:0, instance:com.parabank.ui.tests.neg.NEG_Login_Test@1c32886a]" started-at="2026-02-09T00:24:38 EST" name="tearDown" finished-at="2026-02-09T00:24:41 EST" duration-ms="2701" status="PASS">
          <reporter-output>
          </reporter-output>
        </test-method> <!-- tearDown -->
        <test-method is-config="true" signature="webDriverSetUp()[pri:0, instance:com.parabank.ui.tests.neg.NEG_Login_Test@1c32886a]" started-at="2026-02-09T00:24:41 EST" name="webDriverSetUp" finished-at="2026-02-09T00:24:48 EST" duration-ms="7472" status="PASS">
          <reporter-output>
          </reporter-output>
        </test-method> <!-- webDriverSetUp -->
        <test-method is-config="true" signature="webDriverSetUp()[pri:0, instance:com.parabank.ui.tests.neg.NEG_Login_Test@1c32886a]" started-at="2026-02-09T00:24:41 EST" name="webDriverSetUp" finished-at="2026-02-09T00:24:49 EST" duration-ms="7741" status="PASS">
          <reporter-output>
          </reporter-output>
        </test-method> <!-- webDriverSetUp -->
        <test-method is-config="true" signature="webDriverSetUp()[pri:0, instance:com.parabank.ui.tests.neg.NEG_Login_Test@1c32886a]" started-at="2026-02-09T00:24:41 EST" name="webDriverSetUp" finished-at="2026-02-09T00:25:18 EST" duration-ms="36601" status="FAIL">
          <exception class="org.openqa.selenium.NoSuchSessionException">
            <message>
              <![CDATA[invalid session id: session deleted as the browser has closed the connection
from disconnected: Unable to receive message from renderer
  (Session info: chrome=144.0.7559.133)
Build info: version: '4.39.0', revision: '126f156aee'
System info: os.name: 'Windows 11', os.arch: 'amd64', os.version: '10.0', java.version: '18.0.1'
Driver info: org.openqa.selenium.chrome.ChromeDriver
Command: [b1c6d0c105a77301e87e9baf65ab0835, maximizeCurrentWindow {}]
Capabilities {acceptInsecureCerts: false, browserName: chrome, browserVersion: 144.0.7559.133, chrome: {chromedriverVersion: 144.0.7559.133 (7da823b1d59..., userDataDir: C:\Users\SREELA~1\AppData\L...}, fedcm:accounts: true, goog:chromeOptions: {debuggerAddress: localhost:57867}, goog:processID: 7852, networkConnectionEnabled: false, pageLoadStrategy: normal, platformName: windows, proxy: Proxy(), se:cdp: ws://localhost:57867/devtoo..., se:cdpVersion: 144.0.7559.133, setWindowRect: true, strictFileInteractability: false, timeouts: {implicit: 0, pageLoad: 300000, script: 30000}, unhandledPromptBehavior: dismiss and notify, webauthn:extension:credBlob: true, webauthn:extension:largeBlob: true, webauthn:extension:minPinLength: true, webauthn:extension:prf: true, webauthn:virtualAuthenticators: true}
Session ID: b1c6d0c105a77301e87e9baf65ab0835]]>
            </message>
            <full-stacktrace>
              <![CDATA[org.openqa.selenium.NoSuchSessionException: invalid session id: session deleted as the browser has closed the connection
from disconnected: Unable to receive message from renderer
  (Session info: chrome=144.0.7559.133)
Build info: version: '4.39.0', revision: '126f156aee'
System info: os.name: 'Windows 11', os.arch: 'amd64', os.version: '10.0', java.version: '18.0.1'
Driver info: org.openqa.selenium.chrome.ChromeDriver
Command: [b1c6d0c105a77301e87e9baf65ab0835, maximizeCurrentWindow {}]
Capabilities {acceptInsecureCerts: false, browserName: chrome, browserVersion: 144.0.7559.133, chrome: {chromedriverVersion: 144.0.7559.133 (7da823b1d59..., userDataDir: C:\Users\SREELA~1\AppData\L...}, fedcm:accounts: true, goog:chromeOptions: {debuggerAddress: localhost:57867}, goog:processID: 7852, networkConnectionEnabled: false, pageLoadStrategy: normal, platformName: windows, proxy: Proxy(), se:cdp: ws://localhost:57867/devtoo..., se:cdpVersion: 144.0.7559.133, setWindowRect: true, strictFileInteractability: false, timeouts: {implicit: 0, pageLoad: 300000, script: 30000}, unhandledPromptBehavior: dismiss and notify, webauthn:extension:credBlob: true, webauthn:extension:largeBlob: true, webauthn:extension:minPinLength: true, webauthn:extension:prf: true, webauthn:virtualAuthenticators: true}
Session ID: b1c6d0c105a77301e87e9baf65ab0835
at java.base/jdk.internal.reflect.DirectConstructorHandleAccessor.newInstance(DirectConstructorHandleAccessor.java:67)
at java.base/java.lang.reflect.Constructor.newInstanceWithCaller(Constructor.java:499)
at java.base/java.lang.reflect.Constructor.newInstance(Constructor.java:483)
at org.openqa.selenium.remote.ErrorCodec.decode(ErrorCodec.java:167)
at org.openqa.selenium.remote.codec.w3c.W3CHttpResponseCodec.decode(W3CHttpResponseCodec.java:142)
at org.openqa.selenium.remote.codec.w3c.W3CHttpResponseCodec.decode(W3CHttpResponseCodec.java:49)
at org.openqa.selenium.remote.HttpCommandExecutor.execute(HttpCommandExecutor.java:215)
at org.openqa.selenium.remote.service.DriverCommandExecutor.invokeExecute(DriverCommandExecutor.java:216)
at org.openqa.selenium.remote.service.DriverCommandExecutor.execute(DriverCommandExecutor.java:174)
at org.openqa.selenium.remote.RemoteWebDriver.execute(RemoteWebDriver.java:561)
at org.openqa.selenium.remote.RemoteWebDriver.execute(RemoteWebDriver.java:638)
at org.openqa.selenium.remote.RemoteWebDriver.execute(RemoteWebDriver.java:642)
at org.openqa.selenium.remote.RemoteWebDriver$RemoteWebDriverOptions$RemoteWindow.maximize(RemoteWebDriver.java:1098)
at com.parabank.ui.base.BaseTest.webDriverSetUp(BaseTest.java:147)
at java.base/jdk.internal.reflect.DirectMethodHandleAccessor.invoke(DirectMethodHandleAccessor.java:104)
at java.base/java.lang.reflect.Method.invoke(Method.java:577)
at org.testng.internal.invokers.MethodInvocationHelper.invokeMethod(MethodInvocationHelper.java:141)
at org.testng.internal.invokers.MethodInvocationHelper.invokeMethodConsideringTimeout(MethodInvocationHelper.java:71)
at org.testng.internal.invokers.ConfigInvoker.invokeConfigurationMethod(ConfigInvoker.java:400)
at org.testng.internal.invokers.ConfigInvoker.invokeConfigurations(ConfigInvoker.java:333)
at org.testng.internal.invokers.TestInvoker.runConfigMethods(TestInvoker.java:836)
at org.testng.internal.invokers.TestInvoker.invokeMethod(TestInvoker.java:601)
at org.testng.internal.invokers.TestInvoker.invokeTestMethod(TestInvoker.java:230)
at org.testng.internal.invokers.MethodRunner.runInSequence(MethodRunner.java:63)
at org.testng.internal.invokers.TestInvoker$MethodInvocationAgent.invoke(TestInvoker.java:995)
at org.testng.internal.invokers.TestInvoker.invokeTestMethods(TestInvoker.java:203)
at org.testng.internal.invokers.TestMethodWorker.invokeTestMethods(TestMethodWorker.java:154)
at org.testng.internal.invokers.TestMethodWorker.run(TestMethodWorker.java:134)
at java.base/java.util.concurrent.Executors$RunnableAdapter.call(Executors.java:539)
at java.base/java.util.concurrent.FutureTask.run(FutureTask.java:264)
at org.testng.internal.thread.graph.TestNGFutureTask.run(TestNGFutureTask.java:22)
at java.base/java.util.concurrent.ThreadPoolExecutor.runWorker(ThreadPoolExecutor.java:1136)
at java.base/java.util.concurrent.ThreadPoolExecutor$Worker.run(ThreadPoolExecutor.java:635)
at java.base/java.lang.Thread.run(Thread.java:833)
]]>
            </full-stacktrace>
          </exception> <!-- org.openqa.selenium.NoSuchSessionException -->
          <reporter-output>
          </reporter-output>
        </test-method> <!-- webDriverSetUp -->
        <test-method is-config="true" signature="webDriverSetUp()[pri:0, instance:com.parabank.ui.tests.neg.NEG_Login_Test@1c32886a]" started-at="2026-02-09T00:24:41 EST" name="webDriverSetUp" finished-at="2026-02-09T00:24:49 EST" duration-ms="7468" status="PASS">
          <reporter-output>
          </reporter-output>
        </test-method> <!-- webDriverSetUp -->
        <test-method signature="NEG_registerUserWithStateBlank()[pri:0, instance:com.parabank.ui.tests.neg.NEG_Login_Test@1c32886a]" started-at="2026-02-09T00:24:48 EST" name="NEG_registerUserWithStateBlank" finished-at="2026-02-09T00:25:10 EST" duration-ms="21376" status="PASS">
          <reporter-output>
          </reporter-output>
        </test-method> <!-- NEG_registerUserWithStateBlank -->
        <test-method signature="NEG_registerUserWithzipCodeBlank()[pri:0, instance:com.parabank.ui.tests.neg.NEG_Login_Test@1c32886a]" started-at="2026-02-09T00:24:49 EST" name="NEG_registerUserWithzipCodeBlank" finished-at="2026-02-09T00:25:10 EST" duration-ms="21144" status="PASS">
          <reporter-output>
          </reporter-output>
        </test-method> <!-- NEG_registerUserWithzipCodeBlank -->
        <test-method signature="NEG_registerUserWithUserNameBlank()[pri:0, instance:com.parabank.ui.tests.neg.NEG_Login_Test@1c32886a]" started-at="2026-02-09T00:24:49 EST" name="NEG_registerUserWithUserNameBlank" finished-at="2026-02-09T00:25:10 EST" duration-ms="21052" status="PASS">
          <reporter-output>
          </reporter-output>
        </test-method> <!-- NEG_registerUserWithUserNameBlank -->
        <test-method is-config="true" signature="tearDown()[pri:0, instance:com.parabank.ui.tests.neg.NEG_Login_Test@1c32886a]" started-at="2026-02-09T00:25:10 EST" name="tearDown" finished-at="2026-02-09T00:25:12 EST" duration-ms="2477" status="PASS">
          <reporter-output>
          </reporter-output>
        </test-method> <!-- tearDown -->
        <test-method is-config="true" signature="tearDown()[pri:0, instance:com.parabank.ui.tests.neg.NEG_Login_Test@1c32886a]" started-at="2026-02-09T00:25:10 EST" name="tearDown" finished-at="2026-02-09T00:25:12 EST" duration-ms="2236" status="PASS">
          <reporter-output>
          </reporter-output>
        </test-method> <!-- tearDown -->
        <test-method is-config="true" signature="tearDown()[pri:0, instance:com.parabank.ui.tests.neg.NEG_Login_Test@1c32886a]" started-at="2026-02-09T00:25:10 EST" name="tearDown" finished-at="2026-02-09T00:25:14 EST" duration-ms="3813" status="PASS">
          <reporter-output>
          </reporter-output>
        </test-method> <!-- tearDown -->
        <test-method signature="NEG_registerUserWithpasswordBlank()[pri:0, instance:com.parabank.ui.tests.neg.NEG_Login_Test@1c32886a]" started-at="2026-02-09T00:25:18 EST" name="NEG_registerUserWithpasswordBlank" finished-at="2026-02-09T00:25:18 EST" duration-ms="0" status="SKIP">
          <exception class="org.openqa.selenium.NoSuchSessionException">
            <message>
              <![CDATA[invalid session id: session deleted as the browser has closed the connection
from disconnected: Unable to receive message from renderer
  (Session info: chrome=144.0.7559.133)
Build info: version: '4.39.0', revision: '126f156aee'
System info: os.name: 'Windows 11', os.arch: 'amd64', os.version: '10.0', java.version: '18.0.1'
Driver info: org.openqa.selenium.chrome.ChromeDriver
Command: [b1c6d0c105a77301e87e9baf65ab0835, maximizeCurrentWindow {}]
Capabilities {acceptInsecureCerts: false, browserName: chrome, browserVersion: 144.0.7559.133, chrome: {chromedriverVersion: 144.0.7559.133 (7da823b1d59..., userDataDir: C:\Users\SREELA~1\AppData\L...}, fedcm:accounts: true, goog:chromeOptions: {debuggerAddress: localhost:57867}, goog:processID: 7852, networkConnectionEnabled: false, pageLoadStrategy: normal, platformName: windows, proxy: Proxy(), se:cdp: ws://localhost:57867/devtoo..., se:cdpVersion: 144.0.7559.133, setWindowRect: true, strictFileInteractability: false, timeouts: {implicit: 0, pageLoad: 300000, script: 30000}, unhandledPromptBehavior: dismiss and notify, webauthn:extension:credBlob: true, webauthn:extension:largeBlob: true, webauthn:extension:minPinLength: true, webauthn:extension:prf: true, webauthn:virtualAuthenticators: true}
Session ID: b1c6d0c105a77301e87e9baf65ab0835]]>
            </message>
            <full-stacktrace>
              <![CDATA[org.openqa.selenium.NoSuchSessionException: invalid session id: session deleted as the browser has closed the connection
from disconnected: Unable to receive message from renderer
  (Session info: chrome=144.0.7559.133)
Build info: version: '4.39.0', revision: '126f156aee'
System info: os.name: 'Windows 11', os.arch: 'amd64', os.version: '10.0', java.version: '18.0.1'
Driver info: org.openqa.selenium.chrome.ChromeDriver
Command: [b1c6d0c105a77301e87e9baf65ab0835, maximizeCurrentWindow {}]
Capabilities {acceptInsecureCerts: false, browserName: chrome, browserVersion: 144.0.7559.133, chrome: {chromedriverVersion: 144.0.7559.133 (7da823b1d59..., userDataDir: C:\Users\SREELA~1\AppData\L...}, fedcm:accounts: true, goog:chromeOptions: {debuggerAddress: localhost:57867}, goog:processID: 7852, networkConnectionEnabled: false, pageLoadStrategy: normal, platformName: windows, proxy: Proxy(), se:cdp: ws://localhost:57867/devtoo..., se:cdpVersion: 144.0.7559.133, setWindowRect: true, strictFileInteractability: false, timeouts: {implicit: 0, pageLoad: 300000, script: 30000}, unhandledPromptBehavior: dismiss and notify, webauthn:extension:credBlob: true, webauthn:extension:largeBlob: true, webauthn:extension:minPinLength: true, webauthn:extension:prf: true, webauthn:virtualAuthenticators: true}
Session ID: b1c6d0c105a77301e87e9baf65ab0835
at java.base/jdk.internal.reflect.DirectConstructorHandleAccessor.newInstance(DirectConstructorHandleAccessor.java:67)
at java.base/java.lang.reflect.Constructor.newInstanceWithCaller(Constructor.java:499)
at java.base/java.lang.reflect.Constructor.newInstance(Constructor.java:483)
at org.openqa.selenium.remote.ErrorCodec.decode(ErrorCodec.java:167)
at org.openqa.selenium.remote.codec.w3c.W3CHttpResponseCodec.decode(W3CHttpResponseCodec.java:142)
at org.openqa.selenium.remote.codec.w3c.W3CHttpResponseCodec.decode(W3CHttpResponseCodec.java:49)
at org.openqa.selenium.remote.HttpCommandExecutor.execute(HttpCommandExecutor.java:215)
at org.openqa.selenium.remote.service.DriverCommandExecutor.invokeExecute(DriverCommandExecutor.java:216)
at org.openqa.selenium.remote.service.DriverCommandExecutor.execute(DriverCommandExecutor.java:174)
at org.openqa.selenium.remote.RemoteWebDriver.execute(RemoteWebDriver.java:561)
at org.openqa.selenium.remote.RemoteWebDriver.execute(RemoteWebDriver.java:638)
at org.openqa.selenium.remote.RemoteWebDriver.execute(RemoteWebDriver.java:642)
at org.openqa.selenium.remote.RemoteWebDriver$RemoteWebDriverOptions$RemoteWindow.maximize(RemoteWebDriver.java:1098)
at com.parabank.ui.base.BaseTest.webDriverSetUp(BaseTest.java:147)
at java.base/jdk.internal.reflect.DirectMethodHandleAccessor.invoke(DirectMethodHandleAccessor.java:104)
at java.base/java.lang.reflect.Method.invoke(Method.java:577)
at org.testng.internal.invokers.MethodInvocationHelper.invokeMethod(MethodInvocationHelper.java:141)
at org.testng.internal.invokers.MethodInvocationHelper.invokeMethodConsideringTimeout(MethodInvocationHelper.java:71)
at org.testng.internal.invokers.ConfigInvoker.invokeConfigurationMethod(ConfigInvoker.java:400)
at org.testng.internal.invokers.ConfigInvoker.invokeConfigurations(ConfigInvoker.java:333)
at org.testng.internal.invokers.TestInvoker.runConfigMethods(TestInvoker.java:836)
at org.testng.internal.invokers.TestInvoker.invokeMethod(TestInvoker.java:601)
at org.testng.internal.invokers.TestInvoker.invokeTestMethod(TestInvoker.java:230)
at org.testng.internal.invokers.MethodRunner.runInSequence(MethodRunner.java:63)
at org.testng.internal.invokers.TestInvoker$MethodInvocationAgent.invoke(TestInvoker.java:995)
at org.testng.internal.invokers.TestInvoker.invokeTestMethods(TestInvoker.java:203)
at org.testng.internal.invokers.TestMethodWorker.invokeTestMethods(TestMethodWorker.java:154)
at org.testng.internal.invokers.TestMethodWorker.run(TestMethodWorker.java:134)
at java.base/java.util.concurrent.Executors$RunnableAdapter.call(Executors.java:539)
at java.base/java.util.concurrent.FutureTask.run(FutureTask.java:264)
at org.testng.internal.thread.graph.TestNGFutureTask.run(TestNGFutureTask.java:22)
at java.base/java.util.concurrent.ThreadPoolExecutor.runWorker(ThreadPoolExecutor.java:1136)
at java.base/java.util.concurrent.ThreadPoolExecutor$Worker.run(ThreadPoolExecutor.java:635)
at java.base/java.lang.Thread.run(Thread.java:833)
]]>
            </full-stacktrace>
          </exception> <!-- org.openqa.selenium.NoSuchSessionException -->
          <reporter-output>
          </reporter-output>
        </test-method> <!-- NEG_registerUserWithpasswordBlank -->
        <test-method is-config="true" signature="tearDown()[pri:0, instance:com.parabank.ui.tests.neg.NEG_Login_Test@1c32886a]" started-at="2026-02-09T00:25:18 EST" name="tearDown" finished-at="2026-02-09T00:25:19 EST" duration-ms="1012" status="PASS">
          <reporter-output>
          </reporter-output>
        </test-method> <!-- tearDown -->
      </class> <!-- com.parabank.ui.tests.neg.NEG_Login_Test -->
    </test> <!-- Negative Tests -->
    <test started-at="2026-02-09T00:25:19 EST" name="Account Settings" finished-at="2026-02-09T14:52:47 EST" duration-ms="52047425">
      <class name="com.parabank.ui.tests.pos.POS_OpenNewAccount">
        <test-method is-config="true" signature="globalSetup()[pri:0, instance:com.parabank.ui.tests.pos.POS_OpenNewAccount@687a762c]" started-at="2026-02-09T00:22:01 EST" name="globalSetup" finished-at="2026-02-09T00:22:09 EST" duration-ms="8135" status="PASS">
          <reporter-output>
          </reporter-output>
        </test-method> <!-- globalSetup -->
        <test-method is-config="true" signature="webDriverSetUp()[pri:0, instance:com.parabank.ui.tests.pos.POS_OpenNewAccount@687a762c]" started-at="2026-02-09T00:25:19 EST" name="webDriverSetUp" finished-at="2026-02-09T00:25:25 EST" duration-ms="5089" status="PASS">
          <reporter-output>
          </reporter-output>
        </test-method> <!-- webDriverSetUp -->
        <test-method signature="verifyCustomiseInitialBalance()[pri:0, instance:com.parabank.ui.tests.pos.POS_OpenNewAccount@687a762c]" started-at="2026-02-09T00:25:25 EST" name="verifyCustomiseInitialBalance" finished-at="2026-02-09T00:25:34 EST" duration-ms="9534" status="PASS">
          <reporter-output>
          </reporter-output>
        </test-method> <!-- verifyCustomiseInitialBalance -->
        <test-method is-config="true" signature="tearDown()[pri:0, instance:com.parabank.ui.tests.pos.POS_OpenNewAccount@687a762c]" started-at="2026-02-09T00:25:34 EST" name="tearDown" finished-at="2026-02-09T00:25:36 EST" duration-ms="2292" status="PASS">
          <reporter-output>
          </reporter-output>
        </test-method> <!-- tearDown -->
        <test-method is-config="true" signature="webDriverSetUp()[pri:0, instance:com.parabank.ui.tests.pos.POS_OpenNewAccount@687a762c]" started-at="2026-02-09T00:25:36 EST" name="webDriverSetUp" finished-at="2026-02-09T14:52:04 EST" duration-ms="51987222" status="FAIL">
          <exception class="org.openqa.selenium.SessionNotCreatedException">
            <message>
              <![CDATA[Could not start a new session. Possible causes are invalid address of the remote server or browser start-up failure. request timed out 
Host info: host: 'LAPTOP-LT7RKUIB', ip: '172.20.160.1']]>
            </message>
            <full-stacktrace>
              <![CDATA[org.openqa.selenium.SessionNotCreatedException: Could not start a new session. Possible causes are invalid address of the remote server or browser start-up failure. request timed out 
Host info: host: 'LAPTOP-LT7RKUIB', ip: '172.20.160.1'
at org.openqa.selenium.remote.RemoteWebDriver.execute(RemoteWebDriver.java:582)
at org.openqa.selenium.remote.RemoteWebDriver.startSession(RemoteWebDriver.java:250)
at org.openqa.selenium.remote.RemoteWebDriver.<init>(RemoteWebDriver.java:178)
at org.openqa.selenium.chromium.ChromiumDriver.<init>(ChromiumDriver.java:109)
at org.openqa.selenium.chrome.ChromeDriver.<init>(ChromeDriver.java:88)
at org.openqa.selenium.chrome.ChromeDriver.<init>(ChromeDriver.java:83)
at org.openqa.selenium.chrome.ChromeDriver.<init>(ChromeDriver.java:72)
at com.parabank.ui.base.BaseTest.webDriverSetUp(BaseTest.java:145)
at java.base/jdk.internal.reflect.DirectMethodHandleAccessor.invoke(DirectMethodHandleAccessor.java:104)
at java.base/java.lang.reflect.Method.invoke(Method.java:577)
at org.testng.internal.invokers.MethodInvocationHelper.invokeMethod(MethodInvocationHelper.java:141)
at org.testng.internal.invokers.MethodInvocationHelper.invokeMethodConsideringTimeout(MethodInvocationHelper.java:71)
at org.testng.internal.invokers.ConfigInvoker.invokeConfigurationMethod(ConfigInvoker.java:400)
at org.testng.internal.invokers.ConfigInvoker.invokeConfigurations(ConfigInvoker.java:333)
at org.testng.internal.invokers.TestInvoker.runConfigMethods(TestInvoker.java:836)
at org.testng.internal.invokers.TestInvoker.invokeMethod(TestInvoker.java:601)
at org.testng.internal.invokers.TestInvoker.invokeTestMethod(TestInvoker.java:230)
at org.testng.internal.invokers.MethodRunner.runInSequence(MethodRunner.java:63)
at org.testng.internal.invokers.TestInvoker$MethodInvocationAgent.invoke(TestInvoker.java:995)
at org.testng.internal.invokers.TestInvoker.invokeTestMethods(TestInvoker.java:203)
at org.testng.internal.invokers.TestMethodWorker.invokeTestMethods(TestMethodWorker.java:154)
at org.testng.internal.invokers.TestMethodWorker.run(TestMethodWorker.java:134)
at java.base/java.util.concurrent.Executors$RunnableAdapter.call(Executors.java:539)
at java.base/java.util.concurrent.FutureTask.run(FutureTask.java:264)
at org.testng.internal.thread.graph.TestNGFutureTask.run(TestNGFutureTask.java:22)
at java.base/java.util.concurrent.ThreadPoolExecutor.runWorker(ThreadPoolExecutor.java:1136)
at java.base/java.util.concurrent.ThreadPoolExecutor$Worker.run(ThreadPoolExecutor.java:635)
at java.base/java.lang.Thread.run(Thread.java:833)
Caused by: org.openqa.selenium.TimeoutException: java.net.http.HttpTimeoutException: request timed out
Build info: version: '4.39.0', revision: '126f156aee'
System info: os.name: 'Windows 11', os.arch: 'amd64', os.version: '10.0', java.version: '18.0.1'
Driver info: driver.version: unknown
at org.openqa.selenium.remote.http.jdk.JdkHttpClient.execute0(JdkHttpClient.java:501)
at org.openqa.selenium.remote.http.AddSeleniumUserAgent.lambda$apply$0(AddSeleniumUserAgent.java:44)
at org.openqa.selenium.remote.http.Filter.lambda$andFinally$1(Filter.java:55)
at org.openqa.selenium.remote.http.jdk.JdkHttpClient.lambda$executeAsync$2(JdkHttpClient.java:388)
at java.base/java.util.concurrent.Executors$RunnableAdapter.call(Executors.java:539)
at java.base/java.util.concurrent.FutureTask.run(FutureTask.java:264)
... 3 more
Caused by: java.net.http.HttpTimeoutException: request timed out
at java.net.http/jdk.internal.net.http.HttpClientImpl.send(HttpClientImpl.java:569)
at java.net.http/jdk.internal.net.http.HttpClientFacade.send(HttpClientFacade.java:123)
at org.openqa.selenium.remote.http.jdk.JdkHttpClient.execute0(JdkHttpClient.java:462)
... 8 more
]]>
            </full-stacktrace>
          </exception> <!-- org.openqa.selenium.SessionNotCreatedException -->
          <reporter-output>
          </reporter-output>
        </test-method> <!-- webDriverSetUp -->
        <test-method signature="verifyMinBalanceTest()[pri:0, instance:com.parabank.ui.tests.pos.POS_OpenNewAccount@687a762c]" started-at="2026-02-09T14:52:04 EST" name="verifyMinBalanceTest" finished-at="2026-02-09T14:52:04 EST" duration-ms="0" status="SKIP">
          <exception class="org.openqa.selenium.SessionNotCreatedException">
            <message>
              <![CDATA[Could not start a new session. Possible causes are invalid address of the remote server or browser start-up failure. request timed out 
Host info: host: 'LAPTOP-LT7RKUIB', ip: '172.20.160.1']]>
            </message>
            <full-stacktrace>
              <![CDATA[org.openqa.selenium.SessionNotCreatedException: Could not start a new session. Possible causes are invalid address of the remote server or browser start-up failure. request timed out 
Host info: host: 'LAPTOP-LT7RKUIB', ip: '172.20.160.1'
at org.openqa.selenium.remote.RemoteWebDriver.execute(RemoteWebDriver.java:582)
at org.openqa.selenium.remote.RemoteWebDriver.startSession(RemoteWebDriver.java:250)
at org.openqa.selenium.remote.RemoteWebDriver.<init>(RemoteWebDriver.java:178)
at org.openqa.selenium.chromium.ChromiumDriver.<init>(ChromiumDriver.java:109)
at org.openqa.selenium.chrome.ChromeDriver.<init>(ChromeDriver.java:88)
at org.openqa.selenium.chrome.ChromeDriver.<init>(ChromeDriver.java:83)
at org.openqa.selenium.chrome.ChromeDriver.<init>(ChromeDriver.java:72)
at com.parabank.ui.base.BaseTest.webDriverSetUp(BaseTest.java:145)
at java.base/jdk.internal.reflect.DirectMethodHandleAccessor.invoke(DirectMethodHandleAccessor.java:104)
at java.base/java.lang.reflect.Method.invoke(Method.java:577)
at org.testng.internal.invokers.MethodInvocationHelper.invokeMethod(MethodInvocationHelper.java:141)
at org.testng.internal.invokers.MethodInvocationHelper.invokeMethodConsideringTimeout(MethodInvocationHelper.java:71)
at org.testng.internal.invokers.ConfigInvoker.invokeConfigurationMethod(ConfigInvoker.java:400)
at org.testng.internal.invokers.ConfigInvoker.invokeConfigurations(ConfigInvoker.java:333)
at org.testng.internal.invokers.TestInvoker.runConfigMethods(TestInvoker.java:836)
at org.testng.internal.invokers.TestInvoker.invokeMethod(TestInvoker.java:601)
at org.testng.internal.invokers.TestInvoker.invokeTestMethod(TestInvoker.java:230)
at org.testng.internal.invokers.MethodRunner.runInSequence(MethodRunner.java:63)
at org.testng.internal.invokers.TestInvoker$MethodInvocationAgent.invoke(TestInvoker.java:995)
at org.testng.internal.invokers.TestInvoker.invokeTestMethods(TestInvoker.java:203)
at org.testng.internal.invokers.TestMethodWorker.invokeTestMethods(TestMethodWorker.java:154)
at org.testng.internal.invokers.TestMethodWorker.run(TestMethodWorker.java:134)
at java.base/java.util.concurrent.Executors$RunnableAdapter.call(Executors.java:539)
at java.base/java.util.concurrent.FutureTask.run(FutureTask.java:264)
at org.testng.internal.thread.graph.TestNGFutureTask.run(TestNGFutureTask.java:22)
at java.base/java.util.concurrent.ThreadPoolExecutor.runWorker(ThreadPoolExecutor.java:1136)
at java.base/java.util.concurrent.ThreadPoolExecutor$Worker.run(ThreadPoolExecutor.java:635)
at java.base/java.lang.Thread.run(Thread.java:833)
Caused by: org.openqa.selenium.TimeoutException: java.net.http.HttpTimeoutException: request timed out
Build info: version: '4.39.0', revision: '126f156aee'
System info: os.name: 'Windows 11', os.arch: 'amd64', os.version: '10.0', java.version: '18.0.1'
Driver info: driver.version: unknown
at org.openqa.selenium.remote.http.jdk.JdkHttpClient.execute0(JdkHttpClient.java:501)
at org.openqa.selenium.remote.http.AddSeleniumUserAgent.lambda$apply$0(AddSeleniumUserAgent.java:44)
at org.openqa.selenium.remote.http.Filter.lambda$andFinally$1(Filter.java:55)
at org.openqa.selenium.remote.http.jdk.JdkHttpClient.lambda$executeAsync$2(JdkHttpClient.java:388)
at java.base/java.util.concurrent.Executors$RunnableAdapter.call(Executors.java:539)
at java.base/java.util.concurrent.FutureTask.run(FutureTask.java:264)
... 3 more
Caused by: java.net.http.HttpTimeoutException: request timed out
at java.net.http/jdk.internal.net.http.HttpClientImpl.send(HttpClientImpl.java:569)
at java.net.http/jdk.internal.net.http.HttpClientFacade.send(HttpClientFacade.java:123)
at org.openqa.selenium.remote.http.jdk.JdkHttpClient.execute0(JdkHttpClient.java:462)
... 8 more
]]>
            </full-stacktrace>
          </exception> <!-- org.openqa.selenium.SessionNotCreatedException -->
          <reporter-output>
          </reporter-output>
        </test-method> <!-- verifyMinBalanceTest -->
        <test-method is-config="true" signature="webDriverSetUp()[pri:0, instance:com.parabank.ui.tests.pos.POS_OpenNewAccount@687a762c]" started-at="2026-02-09T14:52:04 EST" name="webDriverSetUp" finished-at="2026-02-09T14:52:40 EST" duration-ms="35907" status="PASS">
          <reporter-output>
          </reporter-output>
        </test-method> <!-- webDriverSetUp -->
        <test-method is-config="true" signature="tearDown()[pri:0, instance:com.parabank.ui.tests.pos.POS_OpenNewAccount@687a762c]" started-at="2026-02-09T14:52:04 EST" name="tearDown" finished-at="2026-02-09T14:52:04 EST" duration-ms="0" status="PASS">
          <reporter-output>
          </reporter-output>
        </test-method> <!-- tearDown -->
        <test-method signature="verifyOpeningAccountWithOtherThanBaseAcct()[pri:0, instance:com.parabank.ui.tests.pos.POS_OpenNewAccount@687a762c]" started-at="2026-02-09T14:52:40 EST" name="verifyOpeningAccountWithOtherThanBaseAcct" finished-at="2026-02-09T14:52:40 EST" duration-ms="0" status="SKIP">
          <exception class="org.openqa.selenium.SessionNotCreatedException">
            <message>
              <![CDATA[Could not start a new session. Possible causes are invalid address of the remote server or browser start-up failure. request timed out 
Host info: host: 'LAPTOP-LT7RKUIB', ip: '172.20.160.1']]>
            </message>
            <full-stacktrace>
              <![CDATA[org.openqa.selenium.SessionNotCreatedException: Could not start a new session. Possible causes are invalid address of the remote server or browser start-up failure. request timed out 
Host info: host: 'LAPTOP-LT7RKUIB', ip: '172.20.160.1'
at org.openqa.selenium.remote.RemoteWebDriver.execute(RemoteWebDriver.java:582)
at org.openqa.selenium.remote.RemoteWebDriver.startSession(RemoteWebDriver.java:250)
at org.openqa.selenium.remote.RemoteWebDriver.<init>(RemoteWebDriver.java:178)
at org.openqa.selenium.chromium.ChromiumDriver.<init>(ChromiumDriver.java:109)
at org.openqa.selenium.chrome.ChromeDriver.<init>(ChromeDriver.java:88)
at org.openqa.selenium.chrome.ChromeDriver.<init>(ChromeDriver.java:83)
at org.openqa.selenium.chrome.ChromeDriver.<init>(ChromeDriver.java:72)
at com.parabank.ui.base.BaseTest.webDriverSetUp(BaseTest.java:145)
at java.base/jdk.internal.reflect.DirectMethodHandleAccessor.invoke(DirectMethodHandleAccessor.java:104)
at java.base/java.lang.reflect.Method.invoke(Method.java:577)
at org.testng.internal.invokers.MethodInvocationHelper.invokeMethod(MethodInvocationHelper.java:141)
at org.testng.internal.invokers.MethodInvocationHelper.invokeMethodConsideringTimeout(MethodInvocationHelper.java:71)
at org.testng.internal.invokers.ConfigInvoker.invokeConfigurationMethod(ConfigInvoker.java:400)
at org.testng.internal.invokers.ConfigInvoker.invokeConfigurations(ConfigInvoker.java:333)
at org.testng.internal.invokers.TestInvoker.runConfigMethods(TestInvoker.java:836)
at org.testng.internal.invokers.TestInvoker.invokeMethod(TestInvoker.java:601)
at org.testng.internal.invokers.TestInvoker.invokeTestMethod(TestInvoker.java:230)
at org.testng.internal.invokers.MethodRunner.runInSequence(MethodRunner.java:63)
at org.testng.internal.invokers.TestInvoker$MethodInvocationAgent.invoke(TestInvoker.java:995)
at org.testng.internal.invokers.TestInvoker.invokeTestMethods(TestInvoker.java:203)
at org.testng.internal.invokers.TestMethodWorker.invokeTestMethods(TestMethodWorker.java:154)
at org.testng.internal.invokers.TestMethodWorker.run(TestMethodWorker.java:134)
at java.base/java.util.concurrent.Executors$RunnableAdapter.call(Executors.java:539)
at java.base/java.util.concurrent.FutureTask.run(FutureTask.java:264)
at org.testng.internal.thread.graph.TestNGFutureTask.run(TestNGFutureTask.java:22)
at java.base/java.util.concurrent.ThreadPoolExecutor.runWorker(ThreadPoolExecutor.java:1136)
at java.base/java.util.concurrent.ThreadPoolExecutor$Worker.run(ThreadPoolExecutor.java:635)
at java.base/java.lang.Thread.run(Thread.java:833)
Caused by: org.openqa.selenium.TimeoutException: java.net.http.HttpTimeoutException: request timed out
Build info: version: '4.39.0', revision: '126f156aee'
System info: os.name: 'Windows 11', os.arch: 'amd64', os.version: '10.0', java.version: '18.0.1'
Driver info: driver.version: unknown
at org.openqa.selenium.remote.http.jdk.JdkHttpClient.execute0(JdkHttpClient.java:501)
at org.openqa.selenium.remote.http.AddSeleniumUserAgent.lambda$apply$0(AddSeleniumUserAgent.java:44)
at org.openqa.selenium.remote.http.Filter.lambda$andFinally$1(Filter.java:55)
at org.openqa.selenium.remote.http.jdk.JdkHttpClient.lambda$executeAsync$2(JdkHttpClient.java:388)
at java.base/java.util.concurrent.Executors$RunnableAdapter.call(Executors.java:539)
at java.base/java.util.concurrent.FutureTask.run(FutureTask.java:264)
... 3 more
Caused by: java.net.http.HttpTimeoutException: request timed out
at java.net.http/jdk.internal.net.http.HttpClientImpl.send(HttpClientImpl.java:569)
at java.net.http/jdk.internal.net.http.HttpClientFacade.send(HttpClientFacade.java:123)
at org.openqa.selenium.remote.http.jdk.JdkHttpClient.execute0(JdkHttpClient.java:462)
... 8 more
]]>
            </full-stacktrace>
          </exception> <!-- org.openqa.selenium.SessionNotCreatedException -->
          <reporter-output>
          </reporter-output>
        </test-method> <!-- verifyOpeningAccountWithOtherThanBaseAcct -->
        <test-method is-config="true" signature="tearDown()[pri:0, instance:com.parabank.ui.tests.pos.POS_OpenNewAccount@687a762c]" started-at="2026-02-09T14:52:40 EST" name="tearDown" finished-at="2026-02-09T14:52:42 EST" duration-ms="2853" status="PASS">
          <reporter-output>
          </reporter-output>
        </test-method> <!-- tearDown -->
        <test-method signature="verifyOpeningSavingsAcct(java.lang.String)[pri:0, instance:com.parabank.ui.tests.pos.POS_OpenNewAccount@687a762c]" started-at="2026-02-09T14:52:42 EST" name="verifyOpeningSavingsAcct" finished-at="2026-02-09T14:52:42 EST" duration-ms="0" status="FAIL">
          <exception class="org.testng.TestNGException">
            <message>
              <![CDATA[
Parameter 'BalanceTest' is required by @Test on method verifyOpeningSavingsAcct but has not been marked @Optional or defined
in E:\AUTOMATION\PARABANK\AllTests.xml]]>
            </message>
            <full-stacktrace>
              <![CDATA[org.testng.TestNGException: 
Parameter 'BalanceTest' is required by @Test on method verifyOpeningSavingsAcct but has not been marked @Optional or defined
in E:\AUTOMATION\PARABANK\AllTests.xml
at org.testng.internal.Parameters.createParams(Parameters.java:264)
at org.testng.internal.Parameters.createParametersForMethod(Parameters.java:352)
at org.testng.internal.Parameters.createParameters(Parameters.java:690)
at org.testng.internal.Parameters.handleParameters(Parameters.java:885)
at org.testng.internal.Parameters.handleParameters(Parameters.java:734)
at org.testng.internal.invokers.ParameterHandler.handleParameters(ParameterHandler.java:72)
at org.testng.internal.invokers.ParameterHandler.createParameters(ParameterHandler.java:51)
at org.testng.internal.invokers.TestInvoker$MethodInvocationAgent.invoke(TestInvoker.java:949)
at org.testng.internal.invokers.TestInvoker.invokeTestMethods(TestInvoker.java:203)
at org.testng.internal.invokers.TestMethodWorker.invokeTestMethods(TestMethodWorker.java:154)
at org.testng.internal.invokers.TestMethodWorker.run(TestMethodWorker.java:134)
at java.base/java.util.concurrent.Executors$RunnableAdapter.call(Executors.java:539)
at java.base/java.util.concurrent.FutureTask.run(FutureTask.java:264)
at org.testng.internal.thread.graph.TestNGFutureTask.run(TestNGFutureTask.java:22)
at java.base/java.util.concurrent.ThreadPoolExecutor.runWorker(ThreadPoolExecutor.java:1136)
at java.base/java.util.concurrent.ThreadPoolExecutor$Worker.run(ThreadPoolExecutor.java:635)
at java.base/java.lang.Thread.run(Thread.java:833)
]]>
            </full-stacktrace>
          </exception> <!-- org.testng.TestNGException -->
          <reporter-output>
          </reporter-output>
        </test-method> <!-- verifyOpeningSavingsAcct -->
        <test-method is-config="true" signature="webDriverSetUp()[pri:0, instance:com.parabank.ui.tests.pos.POS_OpenNewAccount@687a762c]" started-at="2026-02-09T14:52:42 EST" name="webDriverSetUp" finished-at="2026-02-09T14:52:45 EST" duration-ms="2890" status="PASS">
          <reporter-output>
          </reporter-output>
        </test-method> <!-- webDriverSetUp -->
        <test-method signature="verifyDefaultInitBalanceTest()[pri:1, instance:com.parabank.ui.tests.pos.POS_OpenNewAccount@687a762c]" started-at="2026-02-09T14:52:45 EST" name="verifyDefaultInitBalanceTest" finished-at="2026-02-09T14:52:45 EST" duration-ms="0" status="SKIP">
          <exception class="org.openqa.selenium.SessionNotCreatedException">
            <message>
              <![CDATA[Could not start a new session. Possible causes are invalid address of the remote server or browser start-up failure. request timed out 
Host info: host: 'LAPTOP-LT7RKUIB', ip: '172.20.160.1']]>
            </message>
            <full-stacktrace>
              <![CDATA[org.openqa.selenium.SessionNotCreatedException: Could not start a new session. Possible causes are invalid address of the remote server or browser start-up failure. request timed out 
Host info: host: 'LAPTOP-LT7RKUIB', ip: '172.20.160.1'
at org.openqa.selenium.remote.RemoteWebDriver.execute(RemoteWebDriver.java:582)
at org.openqa.selenium.remote.RemoteWebDriver.startSession(RemoteWebDriver.java:250)
at org.openqa.selenium.remote.RemoteWebDriver.<init>(RemoteWebDriver.java:178)
at org.openqa.selenium.chromium.ChromiumDriver.<init>(ChromiumDriver.java:109)
at org.openqa.selenium.chrome.ChromeDriver.<init>(ChromeDriver.java:88)
at org.openqa.selenium.chrome.ChromeDriver.<init>(ChromeDriver.java:83)
at org.openqa.selenium.chrome.ChromeDriver.<init>(ChromeDriver.java:72)
at com.parabank.ui.base.BaseTest.webDriverSetUp(BaseTest.java:145)
at java.base/jdk.internal.reflect.DirectMethodHandleAccessor.invoke(DirectMethodHandleAccessor.java:104)
at java.base/java.lang.reflect.Method.invoke(Method.java:577)
at org.testng.internal.invokers.MethodInvocationHelper.invokeMethod(MethodInvocationHelper.java:141)
at org.testng.internal.invokers.MethodInvocationHelper.invokeMethodConsideringTimeout(MethodInvocationHelper.java:71)
at org.testng.internal.invokers.ConfigInvoker.invokeConfigurationMethod(ConfigInvoker.java:400)
at org.testng.internal.invokers.ConfigInvoker.invokeConfigurations(ConfigInvoker.java:333)
at org.testng.internal.invokers.TestInvoker.runConfigMethods(TestInvoker.java:836)
at org.testng.internal.invokers.TestInvoker.invokeMethod(TestInvoker.java:601)
at org.testng.internal.invokers.TestInvoker.invokeTestMethod(TestInvoker.java:230)
at org.testng.internal.invokers.MethodRunner.runInSequence(MethodRunner.java:63)
at org.testng.internal.invokers.TestInvoker$MethodInvocationAgent.invoke(TestInvoker.java:995)
at org.testng.internal.invokers.TestInvoker.invokeTestMethods(TestInvoker.java:203)
at org.testng.internal.invokers.TestMethodWorker.invokeTestMethods(TestMethodWorker.java:154)
at org.testng.internal.invokers.TestMethodWorker.run(TestMethodWorker.java:134)
at java.base/java.util.concurrent.Executors$RunnableAdapter.call(Executors.java:539)
at java.base/java.util.concurrent.FutureTask.run(FutureTask.java:264)
at org.testng.internal.thread.graph.TestNGFutureTask.run(TestNGFutureTask.java:22)
at java.base/java.util.concurrent.ThreadPoolExecutor.runWorker(ThreadPoolExecutor.java:1136)
at java.base/java.util.concurrent.ThreadPoolExecutor$Worker.run(ThreadPoolExecutor.java:635)
at java.base/java.lang.Thread.run(Thread.java:833)
Caused by: org.openqa.selenium.TimeoutException: java.net.http.HttpTimeoutException: request timed out
Build info: version: '4.39.0', revision: '126f156aee'
System info: os.name: 'Windows 11', os.arch: 'amd64', os.version: '10.0', java.version: '18.0.1'
Driver info: driver.version: unknown
at org.openqa.selenium.remote.http.jdk.JdkHttpClient.execute0(JdkHttpClient.java:501)
at org.openqa.selenium.remote.http.AddSeleniumUserAgent.lambda$apply$0(AddSeleniumUserAgent.java:44)
at org.openqa.selenium.remote.http.Filter.lambda$andFinally$1(Filter.java:55)
at org.openqa.selenium.remote.http.jdk.JdkHttpClient.lambda$executeAsync$2(JdkHttpClient.java:388)
at java.base/java.util.concurrent.Executors$RunnableAdapter.call(Executors.java:539)
at java.base/java.util.concurrent.FutureTask.run(FutureTask.java:264)
... 3 more
Caused by: java.net.http.HttpTimeoutException: request timed out
at java.net.http/jdk.internal.net.http.HttpClientImpl.send(HttpClientImpl.java:569)
at java.net.http/jdk.internal.net.http.HttpClientFacade.send(HttpClientFacade.java:123)
at org.openqa.selenium.remote.http.jdk.JdkHttpClient.execute0(JdkHttpClient.java:462)
... 8 more
]]>
            </full-stacktrace>
          </exception> <!-- org.openqa.selenium.SessionNotCreatedException -->
          <reporter-output>
          </reporter-output>
        </test-method> <!-- verifyDefaultInitBalanceTest -->
        <test-method is-config="true" signature="tearDown()[pri:0, instance:com.parabank.ui.tests.pos.POS_OpenNewAccount@687a762c]" started-at="2026-02-09T14:52:45 EST" name="tearDown" finished-at="2026-02-09T14:52:47 EST" duration-ms="1455" status="PASS">
          <reporter-output>
          </reporter-output>
        </test-method> <!-- tearDown -->
        <test-method is-config="true" signature="tearDownSetup()[pri:0, instance:com.parabank.ui.tests.pos.POS_OpenNewAccount@687a762c]" started-at="2026-02-09T14:52:47 EST" name="tearDownSetup" finished-at="2026-02-09T14:52:57 EST" duration-ms="9743" status="PASS">
          <reporter-output>
          </reporter-output>
        </test-method> <!-- tearDownSetup -->
      </class> <!-- com.parabank.ui.tests.pos.POS_OpenNewAccount -->
    </test> <!-- Account Settings -->
  </suite> <!-- Suite -->
</testng-results>
