<?xml version="1.0" encoding="UTF-8"?>
<testng-results ignored="2" total="4" passed="0" failed="2" skipped="0">
  <reporter-output>
  </reporter-output>
  <suite started-at="2026-02-21T03:06:43 EST" name="Default suite" finished-at="2026-02-21T03:06:46 EST" duration-ms="3919">
    <groups>
    </groups>
    <test started-at="2026-02-21T03:06:43 EST" name="Default test" finished-at="2026-02-21T03:06:46 EST" duration-ms="3919">
      <class name="com.parabank.ui.tests.pos.POS_Login_Test">
        <test-method is-config="true" signature="globalSetup()[pri:0, instance:com.parabank.ui.tests.pos.POS_Login_Test@2a693f59]" started-at="2026-02-21T03:06:38 EST" name="globalSetup" finished-at="2026-02-21T03:06:43 EST" duration-ms="4588" status="PASS">
          <reporter-output>
          </reporter-output>
        </test-method> <!-- globalSetup -->
        <test-method is-config="true" signature="webDriverSetUp()[pri:0, instance:com.parabank.ui.tests.pos.POS_Login_Test@2a693f59]" started-at="2026-02-21T03:06:43 EST" name="webDriverSetUp" finished-at="2026-02-21T03:06:44 EST" duration-ms="1662" status="PASS">
          <reporter-output>
          </reporter-output>
        </test-method> <!-- webDriverSetUp -->
        <test-method signature="checkUserFromDB(java.lang.String)[pri:0, instance:com.parabank.ui.tests.pos.POS_Login_Test@2a693f59]" started-at="2026-02-21T03:06:44 EST" name="checkUserFromDB" data-provider="testUsers" finished-at="2026-02-21T03:06:44 EST" duration-ms="19" status="FAIL">
          <params>
            <param index="0">
              <value>
                <![CDATA[User1]]>
              </value>
            </param>
          </params>
          <exception class="java.lang.RuntimeException">
            <message>
              <![CDATA[Error while initiating class Login]]>
            </message>
            <full-stacktrace>
              <![CDATA[java.lang.RuntimeException: Error while initiating class Login
at com.parabank.ui.base.BaseTest.createPage(BaseTest.java:312)
at com.parabank.ui.tests.pos.POS_Login_Test.checkUserFromDB(POS_Login_Test.java:72)
at java.base/jdk.internal.reflect.DirectMethodHandleAccessor.invoke(DirectMethodHandleAccessor.java:104)
at java.base/java.lang.reflect.Method.invoke(Method.java:577)
at org.testng.internal.invokers.MethodInvocationHelper.invokeMethod(MethodInvocationHelper.java:141)
at org.testng.internal.invokers.InvokeMethodRunnable.runOne(InvokeMethodRunnable.java:47)
at org.testng.internal.invokers.InvokeMethodRunnable.call(InvokeMethodRunnable.java:76)
at org.testng.internal.invokers.InvokeMethodRunnable.call(InvokeMethodRunnable.java:11)
at java.base/java.util.concurrent.FutureTask.run(FutureTask.java:264)
at java.base/java.util.concurrent.ThreadPoolExecutor.runWorker(ThreadPoolExecutor.java:1136)
at java.base/java.util.concurrent.ThreadPoolExecutor$Worker.run(ThreadPoolExecutor.java:635)
at java.base/java.lang.Thread.run(Thread.java:833)
Caused by: java.lang.IllegalStateException: Driver is null. @BeforeMethod didn't run.
at com.parabank.ui.base.BaseTest.createPage(BaseTest.java:301)
... 11 more
]]>
            </full-stacktrace>
          </exception> <!-- java.lang.RuntimeException -->
          <reporter-output>
          </reporter-output>
        </test-method> <!-- checkUserFromDB -->
        <test-method is-config="true" signature="tearDown()[pri:0, instance:com.parabank.ui.tests.pos.POS_Login_Test@2a693f59]" started-at="2026-02-21T03:06:44 EST" name="tearDown" finished-at="2026-02-21T03:06:45 EST" duration-ms="254" status="PASS">
          <reporter-output>
          </reporter-output>
        </test-method> <!-- tearDown -->
        <test-method is-config="true" signature="webDriverSetUp()[pri:0, instance:com.parabank.ui.tests.pos.POS_Login_Test@2a693f59]" started-at="2026-02-21T03:06:45 EST" name="webDriverSetUp" finished-at="2026-02-21T03:06:46 EST" duration-ms="1633" status="PASS">
          <reporter-output>
          </reporter-output>
        </test-method> <!-- webDriverSetUp -->
        <test-method signature="checkUserFromDB(java.lang.String)[pri:0, instance:com.parabank.ui.tests.pos.POS_Login_Test@2a693f59]" started-at="2026-02-21T03:06:46 EST" name="checkUserFromDB" data-provider="testUsers" finished-at="2026-02-21T03:06:46 EST" duration-ms="14" status="FAIL">
          <params>
            <param index="0">
              <value>
                <![CDATA[User2]]>
              </value>
            </param>
          </params>
          <exception class="java.lang.RuntimeException">
            <message>
              <![CDATA[Error while initiating class Login]]>
            </message>
            <full-stacktrace>
              <![CDATA[java.lang.RuntimeException: Error while initiating class Login
at com.parabank.ui.base.BaseTest.createPage(BaseTest.java:312)
at com.parabank.ui.tests.pos.POS_Login_Test.checkUserFromDB(POS_Login_Test.java:72)
at java.base/jdk.internal.reflect.DirectMethodHandleAccessor.invoke(DirectMethodHandleAccessor.java:104)
at java.base/java.lang.reflect.Method.invoke(Method.java:577)
at org.testng.internal.invokers.MethodInvocationHelper.invokeMethod(MethodInvocationHelper.java:141)
at org.testng.internal.invokers.InvokeMethodRunnable.runOne(InvokeMethodRunnable.java:47)
at org.testng.internal.invokers.InvokeMethodRunnable.call(InvokeMethodRunnable.java:76)
at org.testng.internal.invokers.InvokeMethodRunnable.call(InvokeMethodRunnable.java:11)
at java.base/java.util.concurrent.FutureTask.run(FutureTask.java:264)
at java.base/java.util.concurrent.ThreadPoolExecutor.runWorker(ThreadPoolExecutor.java:1136)
at java.base/java.util.concurrent.ThreadPoolExecutor$Worker.run(ThreadPoolExecutor.java:635)
at java.base/java.lang.Thread.run(Thread.java:833)
Caused by: java.lang.IllegalStateException: Driver is null. @BeforeMethod didn't run.
at com.parabank.ui.base.BaseTest.createPage(BaseTest.java:301)
... 11 more
]]>
            </full-stacktrace>
          </exception> <!-- java.lang.RuntimeException -->
          <reporter-output>
          </reporter-output>
        </test-method> <!-- checkUserFromDB -->
        <test-method is-config="true" signature="tearDown()[pri:0, instance:com.parabank.ui.tests.pos.POS_Login_Test@2a693f59]" started-at="2026-02-21T03:06:46 EST" name="tearDown" finished-at="2026-02-21T03:06:46 EST" duration-ms="268" status="PASS">
          <reporter-output>
          </reporter-output>
        </test-method> <!-- tearDown -->
        <test-method is-config="true" signature="tearDownSetup()[pri:0, instance:com.parabank.ui.tests.pos.POS_Login_Test@2a693f59]" started-at="2026-02-21T03:06:47 EST" name="tearDownSetup" finished-at="2026-02-21T03:06:49 EST" duration-ms="2006" status="PASS">
          <reporter-output>
          </reporter-output>
        </test-method> <!-- tearDownSetup -->
      </class> <!-- com.parabank.ui.tests.pos.POS_Login_Test -->
    </test> <!-- Default test -->
  </suite> <!-- Default suite -->
</testng-results>
