<?xml version="1.0" encoding="UTF-8"?>
<!-- Generated by org.testng.reporters.JUnitReportReporter -->
<testsuite hostname="LAPTOP-LT7RKUIB" failures="1" tests="3" name="com.parabank.ui.tests.neg.NEG_loanProcessingTest" time="70.889" errors="0" timestamp="2026-02-06T13:35:45 EST" skipped="2">
  <testcase classname="com.parabank.ui.tests.neg.NEG_loanProcessingTest" name="NEG_loanProcessing_request" time="30.716">
    <failure message="expected [02-06-2026] but found [02-6-2026]" type="java.lang.AssertionError">
      <![CDATA[java.lang.AssertionError: expected [02-06-2026] but found [02-6-2026]
at org.testng.Assert.fail(Assert.java:111)
at org.testng.Assert.failNotEquals(Assert.java:1590)
at org.testng.Assert.assertEqualsImpl(Assert.java:150)
at org.testng.Assert.assertEquals(Assert.java:132)
at org.testng.Assert.assertEquals(Assert.java:656)
at org.testng.Assert.assertEquals(Assert.java:666)
at com.parabank.ui.tests.neg.NEG_loanProcessingTest.NEG_loanProcessing_request(NEG_loanProcessingTest.java:40)
at java.base/jdk.internal.reflect.DirectMethodHandleAccessor.invoke(DirectMethodHandleAccessor.java:104)
at java.base/java.lang.reflect.Method.invoke(Method.java:577)
at org.testng.internal.invokers.MethodInvocationHelper.invokeMethod(MethodInvocationHelper.java:141)
at org.testng.internal.invokers.TestInvoker.invokeMethod(TestInvoker.java:687)
at org.testng.internal.invokers.TestInvoker.retryFailed(TestInvoker.java:269)
at org.testng.internal.invokers.MethodRunner.runInSequence(MethodRunner.java:76)
at org.testng.internal.invokers.TestInvoker$MethodInvocationAgent.invoke(TestInvoker.java:995)
at org.testng.internal.invokers.TestInvoker.invokeTestMethods(TestInvoker.java:203)
at org.testng.internal.invokers.TestMethodWorker.invokeTestMethods(TestMethodWorker.java:154)
at org.testng.internal.invokers.TestMethodWorker.run(TestMethodWorker.java:134)
at java.base/java.util.concurrent.Executors$RunnableAdapter.call(Executors.java:539)
at java.base/java.util.concurrent.FutureTask.run(FutureTask.java:264)
at org.testng.internal.thread.graph.TestNGFutureTask.run(TestNGFutureTask.java:22)
at java.base/java.util.concurrent.ThreadPoolExecutor.runWorker(ThreadPoolExecutor.java:1136)
at java.base/java.util.concurrent.ThreadPoolExecutor$Worker.run(ThreadPoolExecutor.java:635)
at java.base/java.lang.Thread.run(Thread.java:833)
]]>
    </failure>
  </testcase> <!-- NEG_loanProcessing_request -->
  <testcase classname="com.parabank.ui.tests.neg.NEG_loanProcessingTest" name="NEG_loanProcessing_request" time="25.937">
    <skipped/>
  </testcase> <!-- NEG_loanProcessing_request -->
  <testcase classname="com.parabank.ui.tests.neg.NEG_loanProcessingTest" name="NEG_loanProcessing_request" time="14.236">
    <skipped/>
  </testcase> <!-- NEG_loanProcessing_request -->
</testsuite> <!-- com.parabank.ui.tests.neg.NEG_loanProcessingTest -->
