<?xml version="1.0" encoding="UTF-8"?>
<!-- Generated by org.testng.reporters.JUnitReportReporter -->
<testsuite hostname="LAPTOP-LT7RKUIB" failures="0" tests="2" name="com.parabank.ui.tests.pos.POS_TransferFunds" time="92.218" errors="0" timestamp="2026-02-09T14:52:58 EST" skipped="1">
  <testcase classname="com.parabank.ui.tests.pos.POS_TransferFunds" name="verifyTransferFunds" time="55.561">
    <skipped/>
  </testcase> <!-- verifyTransferFunds -->
  <testcase classname="com.parabank.ui.tests.pos.POS_TransferFunds" name="verifyTransferFunds" time="36.657"/>
</testsuite> <!-- com.parabank.ui.tests.pos.POS_TransferFunds -->
